TRACE::2025-07-03.13:42:33::SCWPlatform::Trying to open the hw design at F:/SE/Vitis/cajaFuerteFinal/cajaParpadeo/hw/cajaParpadeo.xsa
TRACE::2025-07-03.13:42:33::SCWPlatform::DSA given F:/SE/Vitis/cajaFuerteFinal/cajaParpadeo/hw/cajaParpadeo.xsa
TRACE::2025-07-03.13:42:33::SCWPlatform::DSA absoulate path F:/SE/Vitis/cajaFuerteFinal/cajaParpadeo/hw/cajaParpadeo.xsa
TRACE::2025-07-03.13:42:33::SCWPlatform::DSA directory F:/SE/Vitis/cajaFuerteFinal/cajaParpadeo/hw
TRACE::2025-07-03.13:42:33::SCWPlatform:: Platform Path F:/SE/Vitis/cajaFuerteFinal/cajaParpadeo/hw/cajaParpadeo.xsa
TRACE::2025-07-03.13:42:33::SCWPlatform:: Unique name xilinx:basys3::0.0
TRACE::2025-07-03.13:42:33::SCWPlatform::Do not have an existing db opened. 
TRACE::2025-07-03.13:42:35::SCWPlatform::Opened new HwDB with name design_1_wrapper_0
TRACE::2025-07-03.13:42:35::SCWWriter::formatted JSON is {
	"platformName":	"cajaParpadeo",
	"sprVersion":	"2.0",
	"mode":	"gui",
	"dsaType":	"Fixed",
	"platformDesc":	"cajaParpadeo",
	"platHandOff":	"F:/SE/Vivado/proyecto/cajaParpadeo.xsa",
	"platIntHandOff":	"<platformDir>/hw/cajaParpadeo.xsa",
	"deviceType":	"FPGA",
	"platIsPrebuiltAutogen":	"false",
	"platIsNoBootBsp":	"false",
	"hasFsblMakeHasChanges":	"false",
	"hasPmufwMakeHasChanges":	"false",
	"platPreBuiltFlag":	false,
	"platformSamplesDir":	""
}
TRACE::2025-07-03.13:42:35::SCWWriter::formatted JSON is {
	"platformName":	"cajaParpadeo",
	"sprVersion":	"2.0",
	"mode":	"gui",
	"dsaType":	"Fixed",
	"platformDesc":	"cajaParpadeo",
	"platHandOff":	"F:/SE/Vivado/proyecto/cajaParpadeo.xsa",
	"platIntHandOff":	"<platformDir>/hw/cajaParpadeo.xsa",
	"deviceType":	"FPGA",
	"platIsPrebuiltAutogen":	"false",
	"platIsNoBootBsp":	"false",
	"hasFsblMakeHasChanges":	"false",
	"hasPmufwMakeHasChanges":	"false",
	"platPreBuiltFlag":	false,
	"platformSamplesDir":	"",
	"platActiveSys":	"cajaParpadeo",
	"systems":	[{
			"systemName":	"cajaParpadeo",
			"systemDesc":	"cajaParpadeo",
			"sysIsBootAutoGen":	"true",
			"systemDispName":	"cajaParpadeo"
		}]
}
TRACE::2025-07-03.13:42:35::SCWPlatform::Boot application domains not present, creating them
TRACE::2025-07-03.13:42:35::SCWPlatform::Pure FPGA device, no boot application will be created.
TRACE::2025-07-03.13:42:35::SCWWriter::formatted JSON is {
	"platformName":	"cajaParpadeo",
	"sprVersion":	"2.0",
	"mode":	"gui",
	"dsaType":	"Fixed",
	"platformDesc":	"cajaParpadeo",
	"platHandOff":	"F:/SE/Vivado/proyecto/cajaParpadeo.xsa",
	"platIntHandOff":	"<platformDir>/hw/cajaParpadeo.xsa",
	"deviceType":	"FPGA",
	"platIsPrebuiltAutogen":	"false",
	"platIsNoBootBsp":	"false",
	"hasFsblMakeHasChanges":	"false",
	"hasPmufwMakeHasChanges":	"false",
	"platPreBuiltFlag":	false,
	"platformSamplesDir":	"",
	"platActiveSys":	"cajaParpadeo",
	"systems":	[{
			"systemName":	"cajaParpadeo",
			"systemDesc":	"cajaParpadeo",
			"sysIsBootAutoGen":	"true",
			"systemDispName":	"cajaParpadeo"
		}]
}
TRACE::2025-07-03.13:42:35::SCWWriter::formatted JSON is {
	"platformName":	"cajaParpadeo",
	"sprVersion":	"2.0",
	"mode":	"gui",
	"dsaType":	"Fixed",
	"platformDesc":	"cajaParpadeo",
	"platHandOff":	"F:/SE/Vivado/proyecto/cajaParpadeo.xsa",
	"platIntHandOff":	"<platformDir>/hw/cajaParpadeo.xsa",
	"deviceType":	"FPGA",
	"platIsPrebuiltAutogen":	"false",
	"platIsNoBootBsp":	"false",
	"hasFsblMakeHasChanges":	"false",
	"hasPmufwMakeHasChanges":	"false",
	"platPreBuiltFlag":	false,
	"platformSamplesDir":	"",
	"platActiveSys":	"cajaParpadeo",
	"systems":	[{
			"systemName":	"cajaParpadeo",
			"systemDesc":	"cajaParpadeo",
			"sysIsBootAutoGen":	"true",
			"systemDispName":	"cajaParpadeo"
		}]
}
TRACE::2025-07-03.13:42:35::SCWPlatform::Trying to open the hw design at F:/SE/Vitis/cajaFuerteFinal/cajaParpadeo/hw/cajaParpadeo.xsa
TRACE::2025-07-03.13:42:35::SCWPlatform::DSA given F:/SE/Vitis/cajaFuerteFinal/cajaParpadeo/hw/cajaParpadeo.xsa
TRACE::2025-07-03.13:42:35::SCWPlatform::DSA absoulate path F:/SE/Vitis/cajaFuerteFinal/cajaParpadeo/hw/cajaParpadeo.xsa
TRACE::2025-07-03.13:42:35::SCWPlatform::DSA directory F:/SE/Vitis/cajaFuerteFinal/cajaParpadeo/hw
TRACE::2025-07-03.13:42:35::SCWPlatform:: Platform Path F:/SE/Vitis/cajaFuerteFinal/cajaParpadeo/hw/cajaParpadeo.xsa
TRACE::2025-07-03.13:42:35::SCWPlatform:: Unique name xilinx:basys3::0.0
TRACE::2025-07-03.13:42:35::SCWPlatform::Trying to set the existing hwdb with name design_1_wrapper_0
TRACE::2025-07-03.13:42:35::SCWPlatform::Opened existing hwdb design_1_wrapper_0
TRACE::2025-07-03.13:42:35::SCWPlatform::Found the Hw Db part of the input DSA
TRACE::2025-07-03.13:42:35::SCWPlatform::Trying to open the hw design at F:/SE/Vitis/cajaFuerteFinal/cajaParpadeo/hw/cajaParpadeo.xsa
TRACE::2025-07-03.13:42:36::SCWPlatform::DSA given F:/SE/Vitis/cajaFuerteFinal/cajaParpadeo/hw/cajaParpadeo.xsa
TRACE::2025-07-03.13:42:36::SCWPlatform::DSA absoulate path F:/SE/Vitis/cajaFuerteFinal/cajaParpadeo/hw/cajaParpadeo.xsa
TRACE::2025-07-03.13:42:36::SCWPlatform::DSA directory F:/SE/Vitis/cajaFuerteFinal/cajaParpadeo/hw
TRACE::2025-07-03.13:42:36::SCWPlatform:: Platform Path F:/SE/Vitis/cajaFuerteFinal/cajaParpadeo/hw/cajaParpadeo.xsa
TRACE::2025-07-03.13:42:36::SCWPlatform:: Unique name xilinx:basys3::0.0
TRACE::2025-07-03.13:42:36::SCWPlatform::Trying to set the existing hwdb with name design_1_wrapper_0
TRACE::2025-07-03.13:42:36::SCWPlatform::Opened existing hwdb design_1_wrapper_0
TRACE::2025-07-03.13:42:36::SCWPlatform::Found the Hw Db part of the input DSA
TRACE::2025-07-03.13:42:36::SCWDomain::checking for install qemu data   : 
TRACE::2025-07-03.13:42:36::SCWPlatform::Trying to open the hw design at F:/SE/Vitis/cajaFuerteFinal/cajaParpadeo/hw/cajaParpadeo.xsa
TRACE::2025-07-03.13:42:36::SCWPlatform::DSA given F:/SE/Vitis/cajaFuerteFinal/cajaParpadeo/hw/cajaParpadeo.xsa
TRACE::2025-07-03.13:42:36::SCWPlatform::DSA absoulate path F:/SE/Vitis/cajaFuerteFinal/cajaParpadeo/hw/cajaParpadeo.xsa
TRACE::2025-07-03.13:42:36::SCWPlatform::DSA directory F:/SE/Vitis/cajaFuerteFinal/cajaParpadeo/hw
TRACE::2025-07-03.13:42:36::SCWPlatform:: Platform Path F:/SE/Vitis/cajaFuerteFinal/cajaParpadeo/hw/cajaParpadeo.xsa
TRACE::2025-07-03.13:42:36::SCWPlatform:: Unique name xilinx:basys3::0.0
TRACE::2025-07-03.13:42:36::SCWPlatform::Trying to set the existing hwdb with name design_1_wrapper_0
TRACE::2025-07-03.13:42:36::SCWPlatform::Opened existing hwdb design_1_wrapper_0
TRACE::2025-07-03.13:42:36::SCWPlatform::Found the Hw Db part of the input DSA
TRACE::2025-07-03.13:42:36::SCWPlatform::Trying to open the hw design at F:/SE/Vitis/cajaFuerteFinal/cajaParpadeo/hw/cajaParpadeo.xsa
TRACE::2025-07-03.13:42:36::SCWPlatform::DSA given F:/SE/Vitis/cajaFuerteFinal/cajaParpadeo/hw/cajaParpadeo.xsa
TRACE::2025-07-03.13:42:36::SCWPlatform::DSA absoulate path F:/SE/Vitis/cajaFuerteFinal/cajaParpadeo/hw/cajaParpadeo.xsa
TRACE::2025-07-03.13:42:36::SCWPlatform::DSA directory F:/SE/Vitis/cajaFuerteFinal/cajaParpadeo/hw
TRACE::2025-07-03.13:42:36::SCWPlatform:: Platform Path F:/SE/Vitis/cajaFuerteFinal/cajaParpadeo/hw/cajaParpadeo.xsa
TRACE::2025-07-03.13:42:36::SCWPlatform:: Unique name xilinx:basys3::0.0
TRACE::2025-07-03.13:42:36::SCWPlatform::Trying to set the existing hwdb with name design_1_wrapper_0
TRACE::2025-07-03.13:42:36::SCWPlatform::Opened existing hwdb design_1_wrapper_0
TRACE::2025-07-03.13:42:36::SCWPlatform::Found the Hw Db part of the input DSA
TRACE::2025-07-03.13:42:36::SCWPlatform::Trying to open the hw design at F:/SE/Vitis/cajaFuerteFinal/cajaParpadeo/hw/cajaParpadeo.xsa
TRACE::2025-07-03.13:42:36::SCWPlatform::DSA given F:/SE/Vitis/cajaFuerteFinal/cajaParpadeo/hw/cajaParpadeo.xsa
TRACE::2025-07-03.13:42:36::SCWPlatform::DSA absoulate path F:/SE/Vitis/cajaFuerteFinal/cajaParpadeo/hw/cajaParpadeo.xsa
TRACE::2025-07-03.13:42:36::SCWPlatform::DSA directory F:/SE/Vitis/cajaFuerteFinal/cajaParpadeo/hw
TRACE::2025-07-03.13:42:36::SCWPlatform:: Platform Path F:/SE/Vitis/cajaFuerteFinal/cajaParpadeo/hw/cajaParpadeo.xsa
TRACE::2025-07-03.13:42:36::SCWPlatform:: Unique name xilinx:basys3::0.0
TRACE::2025-07-03.13:42:36::SCWPlatform::Trying to set the existing hwdb with name design_1_wrapper_0
TRACE::2025-07-03.13:42:36::SCWPlatform::Opened existing hwdb design_1_wrapper_0
TRACE::2025-07-03.13:42:36::SCWPlatform::Found the Hw Db part of the input DSA
TRACE::2025-07-03.13:42:36::SCWMssOS::Checking the sw design at  F:/SE/Vitis/cajaFuerteFinal/cajaParpadeo/microblaze_0/standalone_microblaze_0/bsp/system.mss
TRACE::2025-07-03.13:42:36::SCWMssOS::DEBUG:  swdes dump  
TRACE::2025-07-03.13:42:36::SCWMssOS::No sw design opened at  F:/SE/Vitis/cajaFuerteFinal/cajaParpadeo/microblaze_0/standalone_microblaze_0/bsp/system.mss
TRACE::2025-07-03.13:42:36::SCWMssOS::mss does not exists at F:/SE/Vitis/cajaFuerteFinal/cajaParpadeo/microblaze_0/standalone_microblaze_0/bsp/system.mss
TRACE::2025-07-03.13:42:36::SCWMssOS::Creating sw design at  F:/SE/Vitis/cajaFuerteFinal/cajaParpadeo/microblaze_0/standalone_microblaze_0/bsp/system.mss
TRACE::2025-07-03.13:42:36::SCWMssOS::Adding the swdes entry, created swdb F:/SE/Vitis/cajaFuerteFinal/cajaParpadeo/microblaze_0/standalone_microblaze_0/bsp/system.mss with des name F:/SE/Vitis/cajaFuerteFinal/cajaParpadeo/microblaze_0/standalone_microblaze_0/bsp/system.mss
TRACE::2025-07-03.13:42:36::SCWMssOS::updating the scw layer changes to swdes at   F:/SE/Vitis/cajaFuerteFinal/cajaParpadeo/microblaze_0/standalone_microblaze_0/bsp/system.mss
TRACE::2025-07-03.13:42:36::SCWMssOS::Writing mss at F:/SE/Vitis/cajaFuerteFinal/cajaParpadeo/microblaze_0/standalone_microblaze_0/bsp/system.mss
TRACE::2025-07-03.13:42:37::SCWMssOS::Completed writing the mss file at F:/SE/Vitis/cajaFuerteFinal/cajaParpadeo/microblaze_0/standalone_microblaze_0/bsp
TRACE::2025-07-03.13:42:37::SCWMssOS::Picking up changes from newly written mss file into SCW Layer. 
TRACE::2025-07-03.13:42:37::SCWMssOS::Updated the changes from newly written mss file into SCW Layer. 
TRACE::2025-07-03.13:42:37::SCWMssOS::Completed writing the mss file at F:/SE/Vitis/cajaFuerteFinal/cajaParpadeo/microblaze_0/standalone_microblaze_0/bsp
TRACE::2025-07-03.13:42:37::SCWMssOS::Forcing BSP Sources regeneration.
TRACE::2025-07-03.13:42:54::SCWMssOS::Saving the mss changes F:/SE/Vitis/cajaFuerteFinal/cajaParpadeo/microblaze_0/standalone_microblaze_0/bsp/system.mss
TRACE::2025-07-03.13:42:54::SCWMssOS::Adding the swdes entry, mss present, able to open swdb F:/SE/Vitis/cajaFuerteFinal/cajaParpadeo/microblaze_0/standalone_microblaze_0/bsp/system.mss with des name system
TRACE::2025-07-03.13:42:54::SCWMssOS::Writing the mss file completed F:/SE/Vitis/cajaFuerteFinal/cajaParpadeo/microblaze_0/standalone_microblaze_0/bsp/system.mss
TRACE::2025-07-03.13:42:54::SCWMssOS::Commit changes completed.
TRACE::2025-07-03.13:42:55::SCWPlatform::Trying to open the hw design at F:/SE/Vitis/cajaFuerteFinal/cajaParpadeo/hw/cajaParpadeo.xsa
TRACE::2025-07-03.13:42:55::SCWPlatform::DSA given F:/SE/Vitis/cajaFuerteFinal/cajaParpadeo/hw/cajaParpadeo.xsa
TRACE::2025-07-03.13:42:55::SCWPlatform::DSA absoulate path F:/SE/Vitis/cajaFuerteFinal/cajaParpadeo/hw/cajaParpadeo.xsa
TRACE::2025-07-03.13:42:55::SCWPlatform::DSA directory F:/SE/Vitis/cajaFuerteFinal/cajaParpadeo/hw
TRACE::2025-07-03.13:42:55::SCWPlatform:: Platform Path F:/SE/Vitis/cajaFuerteFinal/cajaParpadeo/hw/cajaParpadeo.xsa
TRACE::2025-07-03.13:42:55::SCWPlatform:: Unique name xilinx:basys3::0.0
TRACE::2025-07-03.13:42:55::SCWPlatform::Trying to set the existing hwdb with name design_1_wrapper_0
TRACE::2025-07-03.13:42:55::SCWPlatform::Opened existing hwdb design_1_wrapper_0
TRACE::2025-07-03.13:42:55::SCWPlatform::Found the Hw Db part of the input DSA
TRACE::2025-07-03.13:42:55::SCWMssOS::Checking the sw design at  F:/SE/Vitis/cajaFuerteFinal/cajaParpadeo/microblaze_0/standalone_microblaze_0/bsp/system.mss
TRACE::2025-07-03.13:42:55::SCWMssOS::DEBUG:  swdes dump  F:/SE/Vitis/cajaFuerteFinal/cajaParpadeo/microblaze_0/standalone_microblaze_0/bsp/system.mss|system||

TRACE::2025-07-03.13:42:55::SCWMssOS::Sw design exists and opened at  F:/SE/Vitis/cajaFuerteFinal/cajaParpadeo/microblaze_0/standalone_microblaze_0/bsp/system.mss
TRACE::2025-07-03.13:42:55::SCWPlatform::Trying to open the hw design at F:/SE/Vitis/cajaFuerteFinal/cajaParpadeo/hw/cajaParpadeo.xsa
TRACE::2025-07-03.13:42:55::SCWPlatform::DSA given F:/SE/Vitis/cajaFuerteFinal/cajaParpadeo/hw/cajaParpadeo.xsa
TRACE::2025-07-03.13:42:55::SCWPlatform::DSA absoulate path F:/SE/Vitis/cajaFuerteFinal/cajaParpadeo/hw/cajaParpadeo.xsa
TRACE::2025-07-03.13:42:55::SCWPlatform::DSA directory F:/SE/Vitis/cajaFuerteFinal/cajaParpadeo/hw
TRACE::2025-07-03.13:42:55::SCWPlatform:: Platform Path F:/SE/Vitis/cajaFuerteFinal/cajaParpadeo/hw/cajaParpadeo.xsa
TRACE::2025-07-03.13:42:55::SCWPlatform:: Unique name xilinx:basys3::0.0
TRACE::2025-07-03.13:42:55::SCWPlatform::Trying to set the existing hwdb with name design_1_wrapper_0
TRACE::2025-07-03.13:42:55::SCWPlatform::Opened existing hwdb design_1_wrapper_0
TRACE::2025-07-03.13:42:55::SCWPlatform::Found the Hw Db part of the input DSA
TRACE::2025-07-03.13:42:55::SCWMssOS::Checking the sw design at  F:/SE/Vitis/cajaFuerteFinal/cajaParpadeo/microblaze_0/standalone_microblaze_0/bsp/system.mss
TRACE::2025-07-03.13:42:55::SCWMssOS::DEBUG:  swdes dump  F:/SE/Vitis/cajaFuerteFinal/cajaParpadeo/microblaze_0/standalone_microblaze_0/bsp/system.mss|system||

TRACE::2025-07-03.13:42:55::SCWMssOS::Sw design exists and opened at  F:/SE/Vitis/cajaFuerteFinal/cajaParpadeo/microblaze_0/standalone_microblaze_0/bsp/system.mss
TRACE::2025-07-03.13:42:55::SCWPlatform::Trying to open the hw design at F:/SE/Vitis/cajaFuerteFinal/cajaParpadeo/hw/cajaParpadeo.xsa
TRACE::2025-07-03.13:42:55::SCWPlatform::DSA given F:/SE/Vitis/cajaFuerteFinal/cajaParpadeo/hw/cajaParpadeo.xsa
TRACE::2025-07-03.13:42:55::SCWPlatform::DSA absoulate path F:/SE/Vitis/cajaFuerteFinal/cajaParpadeo/hw/cajaParpadeo.xsa
TRACE::2025-07-03.13:42:55::SCWPlatform::DSA directory F:/SE/Vitis/cajaFuerteFinal/cajaParpadeo/hw
TRACE::2025-07-03.13:42:55::SCWPlatform:: Platform Path F:/SE/Vitis/cajaFuerteFinal/cajaParpadeo/hw/cajaParpadeo.xsa
TRACE::2025-07-03.13:42:55::SCWPlatform:: Unique name xilinx:basys3::0.0
TRACE::2025-07-03.13:42:55::SCWPlatform::Trying to set the existing hwdb with name design_1_wrapper_0
TRACE::2025-07-03.13:42:55::SCWPlatform::Opened existing hwdb design_1_wrapper_0
TRACE::2025-07-03.13:42:55::SCWPlatform::Found the Hw Db part of the input DSA
TRACE::2025-07-03.13:42:55::SCWMssOS::Checking the sw design at  F:/SE/Vitis/cajaFuerteFinal/cajaParpadeo/microblaze_0/standalone_microblaze_0/bsp/system.mss
TRACE::2025-07-03.13:42:55::SCWMssOS::DEBUG:  swdes dump  F:/SE/Vitis/cajaFuerteFinal/cajaParpadeo/microblaze_0/standalone_microblaze_0/bsp/system.mss|system||

TRACE::2025-07-03.13:42:55::SCWMssOS::Sw design exists and opened at  F:/SE/Vitis/cajaFuerteFinal/cajaParpadeo/microblaze_0/standalone_microblaze_0/bsp/system.mss
TRACE::2025-07-03.13:42:55::SCWWriter::formatted JSON is {
	"platformName":	"cajaParpadeo",
	"sprVersion":	"2.0",
	"mode":	"gui",
	"dsaType":	"Fixed",
	"platformDesc":	"cajaParpadeo",
	"platHandOff":	"F:/SE/Vivado/proyecto/cajaParpadeo.xsa",
	"platIntHandOff":	"<platformDir>/hw/cajaParpadeo.xsa",
	"deviceType":	"FPGA",
	"platIsPrebuiltAutogen":	"false",
	"platIsNoBootBsp":	"false",
	"hasFsblMakeHasChanges":	"false",
	"hasPmufwMakeHasChanges":	"false",
	"platPreBuiltFlag":	false,
	"platformSamplesDir":	"",
	"platActiveSys":	"cajaParpadeo",
	"systems":	[{
			"systemName":	"cajaParpadeo",
			"systemDesc":	"cajaParpadeo",
			"sysIsBootAutoGen":	"true",
			"systemDispName":	"cajaParpadeo",
			"sysActiveDom":	"standalone_microblaze_0",
			"sysDefaultDom":	"standalone_microblaze_0",
			"domains":	[{
					"domainName":	"standalone_microblaze_0",
					"domainDispName":	"standalone_microblaze_0",
					"domainDesc":	"standalone_microblaze_0",
					"processors":	"microblaze_0",
					"os":	"standalone",
					"sdxOs":	"standalone",
					"debugEnable":	"False",
					"domRuntimes":	["cpp"],
					"swRepo":	"",
					"mssOsVer":	"8.1",
					"mssFile":	"",
					"md5Digest":	"5827985e2c85bab7f783a1a963ba5937",
					"compatibleApp":	"peripheral_tests",
					"domType":	"mssDomain",
					"arch":	"32-bit",
					"appSettings":	{
						"appCompilerFlags":	"",
						"appLinkerFlags":	""
					},
					"addedLibs":	[],
					"libOptions":	{
						"libsContainingOptions":	[]
					},
					"prebuiltLibs":	{
						"prebuiltIncPath":	[],
						"prebuiltLibPath":	[]
					},
					"isolation":	{
					}
				}]
		}]
}
LOG::2025-07-03.13:42:55::SCWPlatform::Started generating the artifacts platform cajaParpadeo
TRACE::2025-07-03.13:42:55::SCWPlatform::Sanity checking of platform is completed
LOG::2025-07-03.13:42:55::SCWPlatform::Started generating the artifacts for system configuration cajaParpadeo
LOG::2025-07-03.13:42:55::SCWSystem::Checking the domain standalone_microblaze_0
LOG::2025-07-03.13:42:55::SCWSystem::Not a boot domain 
LOG::2025-07-03.13:42:55::SCWSystem::Started Processing the domain standalone_microblaze_0
TRACE::2025-07-03.13:42:55::SCWDomain::Generating domain artifcats
TRACE::2025-07-03.13:42:56::SCWMssOS::Generating standalone artifcats
TRACE::2025-07-03.13:42:56::SCWMssOS:: Copying the user libraries. 
TRACE::2025-07-03.13:42:56::SCWPlatform::Trying to open the hw design at F:/SE/Vitis/cajaFuerteFinal/cajaParpadeo/hw/cajaParpadeo.xsa
TRACE::2025-07-03.13:42:56::SCWPlatform::DSA given F:/SE/Vitis/cajaFuerteFinal/cajaParpadeo/hw/cajaParpadeo.xsa
TRACE::2025-07-03.13:42:56::SCWPlatform::DSA absoulate path F:/SE/Vitis/cajaFuerteFinal/cajaParpadeo/hw/cajaParpadeo.xsa
TRACE::2025-07-03.13:42:56::SCWPlatform::DSA directory F:/SE/Vitis/cajaFuerteFinal/cajaParpadeo/hw
TRACE::2025-07-03.13:42:56::SCWPlatform:: Platform Path F:/SE/Vitis/cajaFuerteFinal/cajaParpadeo/hw/cajaParpadeo.xsa
TRACE::2025-07-03.13:42:56::SCWPlatform:: Unique name xilinx:basys3::0.0
TRACE::2025-07-03.13:42:56::SCWPlatform::Trying to set the existing hwdb with name design_1_wrapper_0
TRACE::2025-07-03.13:42:56::SCWPlatform::Opened existing hwdb design_1_wrapper_0
TRACE::2025-07-03.13:42:56::SCWPlatform::Found the Hw Db part of the input DSA
TRACE::2025-07-03.13:42:56::SCWMssOS::Checking the sw design at  F:/SE/Vitis/cajaFuerteFinal/cajaParpadeo/microblaze_0/standalone_microblaze_0/bsp/system.mss
TRACE::2025-07-03.13:42:56::SCWMssOS::DEBUG:  swdes dump  F:/SE/Vitis/cajaFuerteFinal/cajaParpadeo/microblaze_0/standalone_microblaze_0/bsp/system.mss|system||

TRACE::2025-07-03.13:42:56::SCWMssOS::Sw design exists and opened at  F:/SE/Vitis/cajaFuerteFinal/cajaParpadeo/microblaze_0/standalone_microblaze_0/bsp/system.mss
TRACE::2025-07-03.13:42:56::SCWMssOS::Completed writing the mss file at F:/SE/Vitis/cajaFuerteFinal/cajaParpadeo/microblaze_0/standalone_microblaze_0/bsp
TRACE::2025-07-03.13:42:56::SCWMssOS::Mss edits present, copying mssfile into export location F:/SE/Vitis/cajaFuerteFinal/cajaParpadeo/microblaze_0/standalone_microblaze_0/bsp/system.mss
TRACE::2025-07-03.13:42:56::SCWMssOS::bsp generated is upto date with the mss file. Skipping bsp generation.
TRACE::2025-07-03.13:42:56::SCWMssOS::BSP is already built. skipping the bsp build ... 
TRACE::2025-07-03.13:42:56::SCWDomain::Skipping the build for domain :  standalone_microblaze_0
TRACE::2025-07-03.13:42:56::SCWMssOS::skipping the bsp build ... 
TRACE::2025-07-03.13:42:56::SCWMssOS::Copying to export directory.
TRACE::2025-07-03.13:42:56::SCWMssOS:: Checking if to create the Supporting Applications
TRACE::2025-07-03.13:42:56::SCWMssOS:: No Linux domain exists, trying to generate FSBL 
LOG::2025-07-03.13:42:56::SCWSystem::Completed Processing the domain standalone_microblaze_0
LOG::2025-07-03.13:42:56::SCWSystem::Completed Processing the sysconfig cajaParpadeo
LOG::2025-07-03.13:42:56::SCWPlatform::Completed generating the artifacts for system configuration cajaParpadeo
TRACE::2025-07-03.13:42:56::SCWPlatform::Started preparing the platform 
TRACE::2025-07-03.13:42:56::SCWSystem::Writing the bif file for system config cajaParpadeo
TRACE::2025-07-03.13:42:56::SCWSystem::dir created 
TRACE::2025-07-03.13:42:56::SCWSystem::Writing the bif 
TRACE::2025-07-03.13:42:56::SCWPlatform::Started writing the spfm file 
TRACE::2025-07-03.13:42:57::SCWPlatform::Started writing the xpfm file 
TRACE::2025-07-03.13:42:57::SCWPlatform::Completed generating the platform
TRACE::2025-07-03.13:42:57::SCWMssOS::Saving the mss changes F:/SE/Vitis/cajaFuerteFinal/cajaParpadeo/microblaze_0/standalone_microblaze_0/bsp/system.mss
TRACE::2025-07-03.13:42:57::SCWMssOS::Found a swdesign opened with the mssfile.
TRACE::2025-07-03.13:42:57::SCWMssOS::Completed writemss as part of save.
TRACE::2025-07-03.13:42:57::SCWMssOS::Commit changes completed.
TRACE::2025-07-03.13:42:57::SCWPlatform::Trying to open the hw design at F:/SE/Vitis/cajaFuerteFinal/cajaParpadeo/hw/cajaParpadeo.xsa
TRACE::2025-07-03.13:42:57::SCWPlatform::DSA given F:/SE/Vitis/cajaFuerteFinal/cajaParpadeo/hw/cajaParpadeo.xsa
TRACE::2025-07-03.13:42:57::SCWPlatform::DSA absoulate path F:/SE/Vitis/cajaFuerteFinal/cajaParpadeo/hw/cajaParpadeo.xsa
TRACE::2025-07-03.13:42:57::SCWPlatform::DSA directory F:/SE/Vitis/cajaFuerteFinal/cajaParpadeo/hw
TRACE::2025-07-03.13:42:57::SCWPlatform:: Platform Path F:/SE/Vitis/cajaFuerteFinal/cajaParpadeo/hw/cajaParpadeo.xsa
TRACE::2025-07-03.13:42:57::SCWPlatform:: Unique name xilinx:basys3::0.0
TRACE::2025-07-03.13:42:57::SCWPlatform::Trying to set the existing hwdb with name design_1_wrapper_0
TRACE::2025-07-03.13:42:57::SCWPlatform::Opened existing hwdb design_1_wrapper_0
TRACE::2025-07-03.13:42:57::SCWPlatform::Found the Hw Db part of the input DSA
TRACE::2025-07-03.13:42:57::SCWMssOS::Checking the sw design at  F:/SE/Vitis/cajaFuerteFinal/cajaParpadeo/microblaze_0/standalone_microblaze_0/bsp/system.mss
TRACE::2025-07-03.13:42:57::SCWMssOS::DEBUG:  swdes dump  F:/SE/Vitis/cajaFuerteFinal/cajaParpadeo/microblaze_0/standalone_microblaze_0/bsp/system.mss|system||

TRACE::2025-07-03.13:42:57::SCWMssOS::Sw design exists and opened at  F:/SE/Vitis/cajaFuerteFinal/cajaParpadeo/microblaze_0/standalone_microblaze_0/bsp/system.mss
TRACE::2025-07-03.13:42:57::SCWPlatform::Trying to open the hw design at F:/SE/Vitis/cajaFuerteFinal/cajaParpadeo/hw/cajaParpadeo.xsa
TRACE::2025-07-03.13:42:57::SCWPlatform::DSA given F:/SE/Vitis/cajaFuerteFinal/cajaParpadeo/hw/cajaParpadeo.xsa
TRACE::2025-07-03.13:42:57::SCWPlatform::DSA absoulate path F:/SE/Vitis/cajaFuerteFinal/cajaParpadeo/hw/cajaParpadeo.xsa
TRACE::2025-07-03.13:42:57::SCWPlatform::DSA directory F:/SE/Vitis/cajaFuerteFinal/cajaParpadeo/hw
TRACE::2025-07-03.13:42:57::SCWPlatform:: Platform Path F:/SE/Vitis/cajaFuerteFinal/cajaParpadeo/hw/cajaParpadeo.xsa
TRACE::2025-07-03.13:42:57::SCWPlatform:: Unique name xilinx:basys3::0.0
TRACE::2025-07-03.13:42:57::SCWPlatform::Trying to set the existing hwdb with name design_1_wrapper_0
TRACE::2025-07-03.13:42:57::SCWPlatform::Opened existing hwdb design_1_wrapper_0
TRACE::2025-07-03.13:42:57::SCWPlatform::Found the Hw Db part of the input DSA
TRACE::2025-07-03.13:42:57::SCWMssOS::Checking the sw design at  F:/SE/Vitis/cajaFuerteFinal/cajaParpadeo/microblaze_0/standalone_microblaze_0/bsp/system.mss
TRACE::2025-07-03.13:42:57::SCWMssOS::DEBUG:  swdes dump  F:/SE/Vitis/cajaFuerteFinal/cajaParpadeo/microblaze_0/standalone_microblaze_0/bsp/system.mss|system||

TRACE::2025-07-03.13:42:57::SCWMssOS::Sw design exists and opened at  F:/SE/Vitis/cajaFuerteFinal/cajaParpadeo/microblaze_0/standalone_microblaze_0/bsp/system.mss
TRACE::2025-07-03.13:42:57::SCWPlatform::Trying to open the hw design at F:/SE/Vitis/cajaFuerteFinal/cajaParpadeo/hw/cajaParpadeo.xsa
TRACE::2025-07-03.13:42:57::SCWPlatform::DSA given F:/SE/Vitis/cajaFuerteFinal/cajaParpadeo/hw/cajaParpadeo.xsa
TRACE::2025-07-03.13:42:57::SCWPlatform::DSA absoulate path F:/SE/Vitis/cajaFuerteFinal/cajaParpadeo/hw/cajaParpadeo.xsa
TRACE::2025-07-03.13:42:57::SCWPlatform::DSA directory F:/SE/Vitis/cajaFuerteFinal/cajaParpadeo/hw
TRACE::2025-07-03.13:42:57::SCWPlatform:: Platform Path F:/SE/Vitis/cajaFuerteFinal/cajaParpadeo/hw/cajaParpadeo.xsa
TRACE::2025-07-03.13:42:57::SCWPlatform:: Unique name xilinx:basys3::0.0
TRACE::2025-07-03.13:42:57::SCWPlatform::Trying to set the existing hwdb with name design_1_wrapper_0
TRACE::2025-07-03.13:42:57::SCWPlatform::Opened existing hwdb design_1_wrapper_0
TRACE::2025-07-03.13:42:57::SCWPlatform::Found the Hw Db part of the input DSA
TRACE::2025-07-03.13:42:57::SCWMssOS::Checking the sw design at  F:/SE/Vitis/cajaFuerteFinal/cajaParpadeo/microblaze_0/standalone_microblaze_0/bsp/system.mss
TRACE::2025-07-03.13:42:57::SCWMssOS::DEBUG:  swdes dump  F:/SE/Vitis/cajaFuerteFinal/cajaParpadeo/microblaze_0/standalone_microblaze_0/bsp/system.mss|system||

TRACE::2025-07-03.13:42:57::SCWMssOS::Sw design exists and opened at  F:/SE/Vitis/cajaFuerteFinal/cajaParpadeo/microblaze_0/standalone_microblaze_0/bsp/system.mss
TRACE::2025-07-03.13:42:57::SCWWriter::formatted JSON is {
	"platformName":	"cajaParpadeo",
	"sprVersion":	"2.0",
	"mode":	"gui",
	"dsaType":	"Fixed",
	"platformDesc":	"cajaParpadeo",
	"platHandOff":	"F:/SE/Vivado/proyecto/cajaParpadeo.xsa",
	"platIntHandOff":	"<platformDir>/hw/cajaParpadeo.xsa",
	"deviceType":	"FPGA",
	"platIsPrebuiltAutogen":	"false",
	"platIsNoBootBsp":	"false",
	"hasFsblMakeHasChanges":	"false",
	"hasPmufwMakeHasChanges":	"false",
	"platPreBuiltFlag":	false,
	"platformSamplesDir":	"",
	"platActiveSys":	"cajaParpadeo",
	"systems":	[{
			"systemName":	"cajaParpadeo",
			"systemDesc":	"cajaParpadeo",
			"sysIsBootAutoGen":	"true",
			"systemDispName":	"cajaParpadeo",
			"sysActiveDom":	"standalone_microblaze_0",
			"sysDefaultDom":	"standalone_microblaze_0",
			"domains":	[{
					"domainName":	"standalone_microblaze_0",
					"domainDispName":	"standalone_microblaze_0",
					"domainDesc":	"standalone_microblaze_0",
					"processors":	"microblaze_0",
					"os":	"standalone",
					"sdxOs":	"standalone",
					"debugEnable":	"False",
					"domRuntimes":	["cpp"],
					"swRepo":	"",
					"mssOsVer":	"8.1",
					"mssFile":	"",
					"md5Digest":	"5827985e2c85bab7f783a1a963ba5937",
					"compatibleApp":	"peripheral_tests",
					"domType":	"mssDomain",
					"arch":	"32-bit",
					"appSettings":	{
						"appCompilerFlags":	"",
						"appLinkerFlags":	""
					},
					"addedLibs":	[],
					"libOptions":	{
						"libsContainingOptions":	[]
					},
					"prebuiltLibs":	{
						"prebuiltIncPath":	[],
						"prebuiltLibPath":	[]
					},
					"isolation":	{
					}
				}]
		}]
}
KEYINFO::2025-07-03.13:42:57::SCWPlatform::updated the xpfm file.
TRACE::2025-07-03.13:42:58::SCWPlatform::Trying to open the hw design at F:/SE/Vitis/cajaFuerteFinal/cajaParpadeo/hw/cajaParpadeo.xsa
TRACE::2025-07-03.13:42:58::SCWPlatform::DSA given F:/SE/Vitis/cajaFuerteFinal/cajaParpadeo/hw/cajaParpadeo.xsa
TRACE::2025-07-03.13:42:58::SCWPlatform::DSA absoulate path F:/SE/Vitis/cajaFuerteFinal/cajaParpadeo/hw/cajaParpadeo.xsa
TRACE::2025-07-03.13:42:59::SCWPlatform::DSA directory F:/SE/Vitis/cajaFuerteFinal/cajaParpadeo/hw
TRACE::2025-07-03.13:42:59::SCWPlatform:: Platform Path F:/SE/Vitis/cajaFuerteFinal/cajaParpadeo/hw/cajaParpadeo.xsa
TRACE::2025-07-03.13:42:59::SCWPlatform:: Unique name xilinx:basys3::0.0
TRACE::2025-07-03.13:42:59::SCWPlatform::Trying to set the existing hwdb with name design_1_wrapper_0
TRACE::2025-07-03.13:42:59::SCWPlatform::Opened existing hwdb design_1_wrapper_0
TRACE::2025-07-03.13:42:59::SCWPlatform::Found the Hw Db part of the input DSA
TRACE::2025-07-03.13:42:59::SCWMssOS::Checking the sw design at  F:/SE/Vitis/cajaFuerteFinal/cajaParpadeo/microblaze_0/standalone_microblaze_0/bsp/system.mss
TRACE::2025-07-03.13:42:59::SCWMssOS::DEBUG:  swdes dump  F:/SE/Vitis/cajaFuerteFinal/cajaParpadeo/microblaze_0/standalone_microblaze_0/bsp/system.mss|system||

TRACE::2025-07-03.13:42:59::SCWMssOS::Sw design exists and opened at  F:/SE/Vitis/cajaFuerteFinal/cajaParpadeo/microblaze_0/standalone_microblaze_0/bsp/system.mss
TRACE::2025-07-03.13:42:59::SCWMssOS::Saving the mss changes F:/SE/Vitis/cajaFuerteFinal/cajaParpadeo/microblaze_0/standalone_microblaze_0/bsp/system.mss
TRACE::2025-07-03.13:42:59::SCWMssOS::Found a swdesign opened with the mssfile.
TRACE::2025-07-03.13:42:59::SCWMssOS::Completed writemss as part of save.
TRACE::2025-07-03.13:42:59::SCWMssOS::Commit changes completed.
TRACE::2025-07-03.13:42:59::SCWPlatform::Trying to open the hw design at F:/SE/Vitis/cajaFuerteFinal/cajaParpadeo/hw/cajaParpadeo.xsa
TRACE::2025-07-03.13:42:59::SCWPlatform::DSA given F:/SE/Vitis/cajaFuerteFinal/cajaParpadeo/hw/cajaParpadeo.xsa
TRACE::2025-07-03.13:42:59::SCWPlatform::DSA absoulate path F:/SE/Vitis/cajaFuerteFinal/cajaParpadeo/hw/cajaParpadeo.xsa
TRACE::2025-07-03.13:42:59::SCWPlatform::DSA directory F:/SE/Vitis/cajaFuerteFinal/cajaParpadeo/hw
TRACE::2025-07-03.13:42:59::SCWPlatform:: Platform Path F:/SE/Vitis/cajaFuerteFinal/cajaParpadeo/hw/cajaParpadeo.xsa
TRACE::2025-07-03.13:42:59::SCWPlatform:: Unique name xilinx:basys3::0.0
TRACE::2025-07-03.13:42:59::SCWPlatform::Trying to set the existing hwdb with name design_1_wrapper_0
TRACE::2025-07-03.13:42:59::SCWPlatform::Opened existing hwdb design_1_wrapper_0
TRACE::2025-07-03.13:42:59::SCWPlatform::Found the Hw Db part of the input DSA
TRACE::2025-07-03.13:42:59::SCWMssOS::Checking the sw design at  F:/SE/Vitis/cajaFuerteFinal/cajaParpadeo/microblaze_0/standalone_microblaze_0/bsp/system.mss
TRACE::2025-07-03.13:42:59::SCWMssOS::DEBUG:  swdes dump  F:/SE/Vitis/cajaFuerteFinal/cajaParpadeo/microblaze_0/standalone_microblaze_0/bsp/system.mss|system||

TRACE::2025-07-03.13:42:59::SCWMssOS::Sw design exists and opened at  F:/SE/Vitis/cajaFuerteFinal/cajaParpadeo/microblaze_0/standalone_microblaze_0/bsp/system.mss
TRACE::2025-07-03.13:42:59::SCWPlatform::Trying to open the hw design at F:/SE/Vitis/cajaFuerteFinal/cajaParpadeo/hw/cajaParpadeo.xsa
TRACE::2025-07-03.13:42:59::SCWPlatform::DSA given F:/SE/Vitis/cajaFuerteFinal/cajaParpadeo/hw/cajaParpadeo.xsa
TRACE::2025-07-03.13:42:59::SCWPlatform::DSA absoulate path F:/SE/Vitis/cajaFuerteFinal/cajaParpadeo/hw/cajaParpadeo.xsa
TRACE::2025-07-03.13:42:59::SCWPlatform::DSA directory F:/SE/Vitis/cajaFuerteFinal/cajaParpadeo/hw
TRACE::2025-07-03.13:42:59::SCWPlatform:: Platform Path F:/SE/Vitis/cajaFuerteFinal/cajaParpadeo/hw/cajaParpadeo.xsa
TRACE::2025-07-03.13:42:59::SCWPlatform:: Unique name xilinx:basys3::0.0
TRACE::2025-07-03.13:42:59::SCWPlatform::Trying to set the existing hwdb with name design_1_wrapper_0
TRACE::2025-07-03.13:42:59::SCWPlatform::Opened existing hwdb design_1_wrapper_0
TRACE::2025-07-03.13:42:59::SCWPlatform::Found the Hw Db part of the input DSA
TRACE::2025-07-03.13:42:59::SCWMssOS::Checking the sw design at  F:/SE/Vitis/cajaFuerteFinal/cajaParpadeo/microblaze_0/standalone_microblaze_0/bsp/system.mss
TRACE::2025-07-03.13:42:59::SCWMssOS::DEBUG:  swdes dump  F:/SE/Vitis/cajaFuerteFinal/cajaParpadeo/microblaze_0/standalone_microblaze_0/bsp/system.mss|system||

TRACE::2025-07-03.13:42:59::SCWMssOS::Sw design exists and opened at  F:/SE/Vitis/cajaFuerteFinal/cajaParpadeo/microblaze_0/standalone_microblaze_0/bsp/system.mss
TRACE::2025-07-03.13:42:59::SCWPlatform::Trying to open the hw design at F:/SE/Vitis/cajaFuerteFinal/cajaParpadeo/hw/cajaParpadeo.xsa
TRACE::2025-07-03.13:42:59::SCWPlatform::DSA given F:/SE/Vitis/cajaFuerteFinal/cajaParpadeo/hw/cajaParpadeo.xsa
TRACE::2025-07-03.13:42:59::SCWPlatform::DSA absoulate path F:/SE/Vitis/cajaFuerteFinal/cajaParpadeo/hw/cajaParpadeo.xsa
TRACE::2025-07-03.13:42:59::SCWPlatform::DSA directory F:/SE/Vitis/cajaFuerteFinal/cajaParpadeo/hw
TRACE::2025-07-03.13:43:00::SCWPlatform:: Platform Path F:/SE/Vitis/cajaFuerteFinal/cajaParpadeo/hw/cajaParpadeo.xsa
TRACE::2025-07-03.13:43:00::SCWPlatform:: Unique name xilinx:basys3::0.0
TRACE::2025-07-03.13:43:00::SCWPlatform::Trying to set the existing hwdb with name design_1_wrapper_0
TRACE::2025-07-03.13:43:00::SCWPlatform::Opened existing hwdb design_1_wrapper_0
TRACE::2025-07-03.13:43:00::SCWPlatform::Found the Hw Db part of the input DSA
TRACE::2025-07-03.13:43:00::SCWMssOS::Checking the sw design at  F:/SE/Vitis/cajaFuerteFinal/cajaParpadeo/microblaze_0/standalone_microblaze_0/bsp/system.mss
TRACE::2025-07-03.13:43:00::SCWMssOS::DEBUG:  swdes dump  F:/SE/Vitis/cajaFuerteFinal/cajaParpadeo/microblaze_0/standalone_microblaze_0/bsp/system.mss|system||

TRACE::2025-07-03.13:43:00::SCWMssOS::Sw design exists and opened at  F:/SE/Vitis/cajaFuerteFinal/cajaParpadeo/microblaze_0/standalone_microblaze_0/bsp/system.mss
TRACE::2025-07-03.13:43:00::SCWWriter::formatted JSON is {
	"platformName":	"cajaParpadeo",
	"sprVersion":	"2.0",
	"mode":	"gui",
	"dsaType":	"Fixed",
	"platformDesc":	"cajaParpadeo",
	"platHandOff":	"F:/SE/Vivado/proyecto/cajaParpadeo.xsa",
	"platIntHandOff":	"<platformDir>/hw/cajaParpadeo.xsa",
	"deviceType":	"FPGA",
	"platIsPrebuiltAutogen":	"false",
	"platIsNoBootBsp":	"false",
	"hasFsblMakeHasChanges":	"false",
	"hasPmufwMakeHasChanges":	"false",
	"platPreBuiltFlag":	false,
	"platformSamplesDir":	"",
	"platActiveSys":	"cajaParpadeo",
	"systems":	[{
			"systemName":	"cajaParpadeo",
			"systemDesc":	"cajaParpadeo",
			"sysIsBootAutoGen":	"true",
			"systemDispName":	"cajaParpadeo",
			"sysActiveDom":	"standalone_microblaze_0",
			"sysDefaultDom":	"standalone_microblaze_0",
			"domains":	[{
					"domainName":	"standalone_microblaze_0",
					"domainDispName":	"standalone_microblaze_0",
					"domainDesc":	"standalone_microblaze_0",
					"processors":	"microblaze_0",
					"os":	"standalone",
					"sdxOs":	"standalone",
					"debugEnable":	"False",
					"domRuntimes":	["cpp"],
					"swRepo":	"",
					"mssOsVer":	"8.1",
					"mssFile":	"",
					"md5Digest":	"5827985e2c85bab7f783a1a963ba5937",
					"compatibleApp":	"peripheral_tests",
					"domType":	"mssDomain",
					"arch":	"32-bit",
					"appSettings":	{
						"appCompilerFlags":	"",
						"appLinkerFlags":	""
					},
					"addedLibs":	[],
					"libOptions":	{
						"libsContainingOptions":	[]
					},
					"prebuiltLibs":	{
						"prebuiltIncPath":	[],
						"prebuiltLibPath":	[]
					},
					"isolation":	{
					}
				}]
		}]
}
TRACE::2025-07-03.13:43:00::SCWPlatform::Trying to open the hw design at F:/SE/Vitis/cajaFuerteFinal/cajaParpadeo/hw/cajaParpadeo.xsa
TRACE::2025-07-03.13:43:00::SCWPlatform::DSA given F:/SE/Vitis/cajaFuerteFinal/cajaParpadeo/hw/cajaParpadeo.xsa
TRACE::2025-07-03.13:43:00::SCWPlatform::DSA absoulate path F:/SE/Vitis/cajaFuerteFinal/cajaParpadeo/hw/cajaParpadeo.xsa
TRACE::2025-07-03.13:43:00::SCWPlatform::DSA directory F:/SE/Vitis/cajaFuerteFinal/cajaParpadeo/hw
TRACE::2025-07-03.13:43:00::SCWPlatform:: Platform Path F:/SE/Vitis/cajaFuerteFinal/cajaParpadeo/hw/cajaParpadeo.xsa
TRACE::2025-07-03.13:43:00::SCWPlatform:: Unique name xilinx:basys3::0.0
TRACE::2025-07-03.13:43:00::SCWPlatform::Trying to set the existing hwdb with name design_1_wrapper_0
TRACE::2025-07-03.13:43:00::SCWPlatform::Opened existing hwdb design_1_wrapper_0
TRACE::2025-07-03.13:43:00::SCWPlatform::Found the Hw Db part of the input DSA
TRACE::2025-07-03.13:43:00::SCWMssOS::Checking the sw design at  F:/SE/Vitis/cajaFuerteFinal/cajaParpadeo/microblaze_0/standalone_microblaze_0/bsp/system.mss
TRACE::2025-07-03.13:43:00::SCWMssOS::DEBUG:  swdes dump  F:/SE/Vitis/cajaFuerteFinal/cajaParpadeo/microblaze_0/standalone_microblaze_0/bsp/system.mss|system||

TRACE::2025-07-03.13:43:00::SCWMssOS::Sw design exists and opened at  F:/SE/Vitis/cajaFuerteFinal/cajaParpadeo/microblaze_0/standalone_microblaze_0/bsp/system.mss
TRACE::2025-07-03.13:43:00::SCWPlatform::Trying to open the hw design at F:/SE/Vitis/cajaFuerteFinal/cajaParpadeo/hw/cajaParpadeo.xsa
TRACE::2025-07-03.13:43:00::SCWPlatform::DSA given F:/SE/Vitis/cajaFuerteFinal/cajaParpadeo/hw/cajaParpadeo.xsa
TRACE::2025-07-03.13:43:00::SCWPlatform::DSA absoulate path F:/SE/Vitis/cajaFuerteFinal/cajaParpadeo/hw/cajaParpadeo.xsa
TRACE::2025-07-03.13:43:00::SCWPlatform::DSA directory F:/SE/Vitis/cajaFuerteFinal/cajaParpadeo/hw
TRACE::2025-07-03.13:43:00::SCWPlatform:: Platform Path F:/SE/Vitis/cajaFuerteFinal/cajaParpadeo/hw/cajaParpadeo.xsa
TRACE::2025-07-03.13:43:00::SCWPlatform:: Unique name xilinx:basys3::0.0
TRACE::2025-07-03.13:43:00::SCWPlatform::Trying to set the existing hwdb with name design_1_wrapper_0
TRACE::2025-07-03.13:43:00::SCWPlatform::Opened existing hwdb design_1_wrapper_0
TRACE::2025-07-03.13:43:00::SCWPlatform::Found the Hw Db part of the input DSA
TRACE::2025-07-03.13:43:00::SCWMssOS::Checking the sw design at  F:/SE/Vitis/cajaFuerteFinal/cajaParpadeo/microblaze_0/standalone_microblaze_0/bsp/system.mss
TRACE::2025-07-03.13:43:00::SCWMssOS::DEBUG:  swdes dump  F:/SE/Vitis/cajaFuerteFinal/cajaParpadeo/microblaze_0/standalone_microblaze_0/bsp/system.mss|system||

TRACE::2025-07-03.13:43:00::SCWMssOS::Sw design exists and opened at  F:/SE/Vitis/cajaFuerteFinal/cajaParpadeo/microblaze_0/standalone_microblaze_0/bsp/system.mss
TRACE::2025-07-03.13:43:00::SCWMssOS::Saving the mss changes F:/SE/Vitis/cajaFuerteFinal/cajaParpadeo/microblaze_0/standalone_microblaze_0/bsp/system.mss
TRACE::2025-07-03.13:43:00::SCWMssOS::Found a swdesign opened with the mssfile.
TRACE::2025-07-03.13:43:00::SCWMssOS::Completed writemss as part of save.
TRACE::2025-07-03.13:43:00::SCWMssOS::Commit changes completed.
TRACE::2025-07-03.13:43:00::SCWPlatform::Trying to open the hw design at F:/SE/Vitis/cajaFuerteFinal/cajaParpadeo/hw/cajaParpadeo.xsa
TRACE::2025-07-03.13:43:00::SCWPlatform::DSA given F:/SE/Vitis/cajaFuerteFinal/cajaParpadeo/hw/cajaParpadeo.xsa
TRACE::2025-07-03.13:43:00::SCWPlatform::DSA absoulate path F:/SE/Vitis/cajaFuerteFinal/cajaParpadeo/hw/cajaParpadeo.xsa
TRACE::2025-07-03.13:43:00::SCWPlatform::DSA directory F:/SE/Vitis/cajaFuerteFinal/cajaParpadeo/hw
TRACE::2025-07-03.13:43:00::SCWPlatform:: Platform Path F:/SE/Vitis/cajaFuerteFinal/cajaParpadeo/hw/cajaParpadeo.xsa
TRACE::2025-07-03.13:43:01::SCWPlatform:: Unique name xilinx:basys3::0.0
TRACE::2025-07-03.13:43:01::SCWPlatform::Trying to set the existing hwdb with name design_1_wrapper_0
TRACE::2025-07-03.13:43:01::SCWPlatform::Opened existing hwdb design_1_wrapper_0
TRACE::2025-07-03.13:43:01::SCWPlatform::Found the Hw Db part of the input DSA
TRACE::2025-07-03.13:43:01::SCWMssOS::Checking the sw design at  F:/SE/Vitis/cajaFuerteFinal/cajaParpadeo/microblaze_0/standalone_microblaze_0/bsp/system.mss
TRACE::2025-07-03.13:43:01::SCWMssOS::DEBUG:  swdes dump  F:/SE/Vitis/cajaFuerteFinal/cajaParpadeo/microblaze_0/standalone_microblaze_0/bsp/system.mss|system||

TRACE::2025-07-03.13:43:01::SCWMssOS::Sw design exists and opened at  F:/SE/Vitis/cajaFuerteFinal/cajaParpadeo/microblaze_0/standalone_microblaze_0/bsp/system.mss
TRACE::2025-07-03.13:43:01::SCWPlatform::Trying to open the hw design at F:/SE/Vitis/cajaFuerteFinal/cajaParpadeo/hw/cajaParpadeo.xsa
TRACE::2025-07-03.13:43:01::SCWPlatform::DSA given F:/SE/Vitis/cajaFuerteFinal/cajaParpadeo/hw/cajaParpadeo.xsa
TRACE::2025-07-03.13:43:01::SCWPlatform::DSA absoulate path F:/SE/Vitis/cajaFuerteFinal/cajaParpadeo/hw/cajaParpadeo.xsa
TRACE::2025-07-03.13:43:01::SCWPlatform::DSA directory F:/SE/Vitis/cajaFuerteFinal/cajaParpadeo/hw
TRACE::2025-07-03.13:43:01::SCWPlatform:: Platform Path F:/SE/Vitis/cajaFuerteFinal/cajaParpadeo/hw/cajaParpadeo.xsa
TRACE::2025-07-03.13:43:01::SCWPlatform:: Unique name xilinx:basys3::0.0
TRACE::2025-07-03.13:43:01::SCWPlatform::Trying to set the existing hwdb with name design_1_wrapper_0
TRACE::2025-07-03.13:43:01::SCWPlatform::Opened existing hwdb design_1_wrapper_0
TRACE::2025-07-03.13:43:01::SCWPlatform::Found the Hw Db part of the input DSA
TRACE::2025-07-03.13:43:01::SCWMssOS::Checking the sw design at  F:/SE/Vitis/cajaFuerteFinal/cajaParpadeo/microblaze_0/standalone_microblaze_0/bsp/system.mss
TRACE::2025-07-03.13:43:01::SCWMssOS::DEBUG:  swdes dump  F:/SE/Vitis/cajaFuerteFinal/cajaParpadeo/microblaze_0/standalone_microblaze_0/bsp/system.mss|system||

TRACE::2025-07-03.13:43:01::SCWMssOS::Sw design exists and opened at  F:/SE/Vitis/cajaFuerteFinal/cajaParpadeo/microblaze_0/standalone_microblaze_0/bsp/system.mss
TRACE::2025-07-03.13:43:01::SCWPlatform::Trying to open the hw design at F:/SE/Vitis/cajaFuerteFinal/cajaParpadeo/hw/cajaParpadeo.xsa
TRACE::2025-07-03.13:43:01::SCWPlatform::DSA given F:/SE/Vitis/cajaFuerteFinal/cajaParpadeo/hw/cajaParpadeo.xsa
TRACE::2025-07-03.13:43:01::SCWPlatform::DSA absoulate path F:/SE/Vitis/cajaFuerteFinal/cajaParpadeo/hw/cajaParpadeo.xsa
TRACE::2025-07-03.13:43:01::SCWPlatform::DSA directory F:/SE/Vitis/cajaFuerteFinal/cajaParpadeo/hw
TRACE::2025-07-03.13:43:01::SCWPlatform:: Platform Path F:/SE/Vitis/cajaFuerteFinal/cajaParpadeo/hw/cajaParpadeo.xsa
TRACE::2025-07-03.13:43:01::SCWPlatform:: Unique name xilinx:basys3::0.0
TRACE::2025-07-03.13:43:01::SCWPlatform::Trying to set the existing hwdb with name design_1_wrapper_0
TRACE::2025-07-03.13:43:01::SCWPlatform::Opened existing hwdb design_1_wrapper_0
TRACE::2025-07-03.13:43:01::SCWPlatform::Found the Hw Db part of the input DSA
TRACE::2025-07-03.13:43:01::SCWMssOS::Checking the sw design at  F:/SE/Vitis/cajaFuerteFinal/cajaParpadeo/microblaze_0/standalone_microblaze_0/bsp/system.mss
TRACE::2025-07-03.13:43:01::SCWMssOS::DEBUG:  swdes dump  F:/SE/Vitis/cajaFuerteFinal/cajaParpadeo/microblaze_0/standalone_microblaze_0/bsp/system.mss|system||

TRACE::2025-07-03.13:43:01::SCWMssOS::Sw design exists and opened at  F:/SE/Vitis/cajaFuerteFinal/cajaParpadeo/microblaze_0/standalone_microblaze_0/bsp/system.mss
TRACE::2025-07-03.13:43:01::SCWWriter::formatted JSON is {
	"platformName":	"cajaParpadeo",
	"sprVersion":	"2.0",
	"mode":	"gui",
	"dsaType":	"Fixed",
	"platformDesc":	"cajaParpadeo",
	"platHandOff":	"F:/SE/Vivado/proyecto/cajaParpadeo.xsa",
	"platIntHandOff":	"<platformDir>/hw/cajaParpadeo.xsa",
	"deviceType":	"FPGA",
	"platIsPrebuiltAutogen":	"false",
	"platIsNoBootBsp":	"false",
	"hasFsblMakeHasChanges":	"false",
	"hasPmufwMakeHasChanges":	"false",
	"platPreBuiltFlag":	false,
	"platformSamplesDir":	"",
	"platActiveSys":	"cajaParpadeo",
	"systems":	[{
			"systemName":	"cajaParpadeo",
			"systemDesc":	"cajaParpadeo",
			"sysIsBootAutoGen":	"true",
			"systemDispName":	"cajaParpadeo",
			"sysActiveDom":	"standalone_microblaze_0",
			"sysDefaultDom":	"standalone_microblaze_0",
			"domains":	[{
					"domainName":	"standalone_microblaze_0",
					"domainDispName":	"standalone_microblaze_0",
					"domainDesc":	"standalone_microblaze_0",
					"processors":	"microblaze_0",
					"os":	"standalone",
					"sdxOs":	"standalone",
					"debugEnable":	"False",
					"domRuntimes":	["cpp"],
					"swRepo":	"",
					"mssOsVer":	"8.1",
					"mssFile":	"",
					"md5Digest":	"5827985e2c85bab7f783a1a963ba5937",
					"compatibleApp":	"peripheral_tests",
					"domType":	"mssDomain",
					"arch":	"32-bit",
					"appSettings":	{
						"appCompilerFlags":	"",
						"appLinkerFlags":	""
					},
					"addedLibs":	[],
					"libOptions":	{
						"libsContainingOptions":	[]
					},
					"prebuiltLibs":	{
						"prebuiltIncPath":	[],
						"prebuiltLibPath":	[]
					},
					"isolation":	{
					}
				}]
		}]
}
LOG::2025-07-03.13:43:01::SCWPlatform::Started generating the artifacts platform cajaParpadeo
TRACE::2025-07-03.13:43:01::SCWPlatform::Sanity checking of platform is completed
LOG::2025-07-03.13:43:02::SCWPlatform::Started generating the artifacts for system configuration cajaParpadeo
LOG::2025-07-03.13:43:02::SCWSystem::Started Processing the domain standalone_microblaze_0
TRACE::2025-07-03.13:43:02::SCWDomain::Generating domain artifcats
TRACE::2025-07-03.13:43:02::SCWMssOS::Generating standalone artifcats
TRACE::2025-07-03.13:43:02::SCWMssOS:: Copying the user libraries. 
TRACE::2025-07-03.13:43:02::SCWPlatform::Trying to open the hw design at F:/SE/Vitis/cajaFuerteFinal/cajaParpadeo/hw/cajaParpadeo.xsa
TRACE::2025-07-03.13:43:02::SCWPlatform::DSA given F:/SE/Vitis/cajaFuerteFinal/cajaParpadeo/hw/cajaParpadeo.xsa
TRACE::2025-07-03.13:43:02::SCWPlatform::DSA absoulate path F:/SE/Vitis/cajaFuerteFinal/cajaParpadeo/hw/cajaParpadeo.xsa
TRACE::2025-07-03.13:43:02::SCWPlatform::DSA directory F:/SE/Vitis/cajaFuerteFinal/cajaParpadeo/hw
TRACE::2025-07-03.13:43:02::SCWPlatform:: Platform Path F:/SE/Vitis/cajaFuerteFinal/cajaParpadeo/hw/cajaParpadeo.xsa
TRACE::2025-07-03.13:43:02::SCWPlatform:: Unique name xilinx:basys3::0.0
TRACE::2025-07-03.13:43:02::SCWPlatform::Trying to set the existing hwdb with name design_1_wrapper_0
TRACE::2025-07-03.13:43:02::SCWPlatform::Opened existing hwdb design_1_wrapper_0
TRACE::2025-07-03.13:43:02::SCWPlatform::Found the Hw Db part of the input DSA
TRACE::2025-07-03.13:43:02::SCWMssOS::Checking the sw design at  F:/SE/Vitis/cajaFuerteFinal/cajaParpadeo/microblaze_0/standalone_microblaze_0/bsp/system.mss
TRACE::2025-07-03.13:43:02::SCWMssOS::DEBUG:  swdes dump  F:/SE/Vitis/cajaFuerteFinal/cajaParpadeo/microblaze_0/standalone_microblaze_0/bsp/system.mss|system||

TRACE::2025-07-03.13:43:02::SCWMssOS::Sw design exists and opened at  F:/SE/Vitis/cajaFuerteFinal/cajaParpadeo/microblaze_0/standalone_microblaze_0/bsp/system.mss
TRACE::2025-07-03.13:43:02::SCWMssOS::Completed writing the mss file at F:/SE/Vitis/cajaFuerteFinal/cajaParpadeo/microblaze_0/standalone_microblaze_0/bsp
TRACE::2025-07-03.13:43:02::SCWMssOS::Mss edits present, copying mssfile into export location F:/SE/Vitis/cajaFuerteFinal/cajaParpadeo/microblaze_0/standalone_microblaze_0/bsp/system.mss
TRACE::2025-07-03.13:43:02::SCWMssOS::bsp generated is upto date with the mss file. Skipping bsp generation.
TRACE::2025-07-03.13:43:02::SCWMssOS::BSP is already built. skipping the bsp build ... 
TRACE::2025-07-03.13:43:02::SCWDomain::Building the domain as part of full build :  standalone_microblaze_0
TRACE::2025-07-03.13:43:02::SCWMssOS::skipping the bsp build ... 
TRACE::2025-07-03.13:43:02::SCWMssOS::Copying to export directory.
TRACE::2025-07-03.13:43:02::SCWMssOS:: Checking if to create the Supporting Applications
TRACE::2025-07-03.13:43:02::SCWMssOS:: No Linux domain exists, trying to generate FSBL 
LOG::2025-07-03.13:43:02::SCWSystem::Completed Processing the domain standalone_microblaze_0
LOG::2025-07-03.13:43:02::SCWSystem::Completed Processing the sysconfig cajaParpadeo
LOG::2025-07-03.13:43:02::SCWPlatform::Completed generating the artifacts for system configuration cajaParpadeo
TRACE::2025-07-03.13:43:02::SCWPlatform::Started preparing the platform 
TRACE::2025-07-03.13:43:02::SCWSystem::Writing the bif file for system config cajaParpadeo
TRACE::2025-07-03.13:43:02::SCWSystem::dir created 
TRACE::2025-07-03.13:43:03::SCWSystem::Writing the bif 
TRACE::2025-07-03.13:43:03::SCWPlatform::Started writing the spfm file 
TRACE::2025-07-03.13:43:03::SCWPlatform::Started writing the xpfm file 
TRACE::2025-07-03.13:43:03::SCWPlatform::Completed generating the platform
TRACE::2025-07-03.13:43:03::SCWMssOS::Saving the mss changes F:/SE/Vitis/cajaFuerteFinal/cajaParpadeo/microblaze_0/standalone_microblaze_0/bsp/system.mss
TRACE::2025-07-03.13:43:03::SCWMssOS::Found a swdesign opened with the mssfile.
TRACE::2025-07-03.13:43:03::SCWMssOS::Completed writemss as part of save.
TRACE::2025-07-03.13:43:03::SCWMssOS::Commit changes completed.
TRACE::2025-07-03.13:43:03::SCWPlatform::Trying to open the hw design at F:/SE/Vitis/cajaFuerteFinal/cajaParpadeo/hw/cajaParpadeo.xsa
TRACE::2025-07-03.13:43:03::SCWPlatform::DSA given F:/SE/Vitis/cajaFuerteFinal/cajaParpadeo/hw/cajaParpadeo.xsa
TRACE::2025-07-03.13:43:03::SCWPlatform::DSA absoulate path F:/SE/Vitis/cajaFuerteFinal/cajaParpadeo/hw/cajaParpadeo.xsa
TRACE::2025-07-03.13:43:03::SCWPlatform::DSA directory F:/SE/Vitis/cajaFuerteFinal/cajaParpadeo/hw
TRACE::2025-07-03.13:43:03::SCWPlatform:: Platform Path F:/SE/Vitis/cajaFuerteFinal/cajaParpadeo/hw/cajaParpadeo.xsa
TRACE::2025-07-03.13:43:03::SCWPlatform:: Unique name xilinx:basys3::0.0
TRACE::2025-07-03.13:43:03::SCWPlatform::Trying to set the existing hwdb with name design_1_wrapper_0
TRACE::2025-07-03.13:43:03::SCWPlatform::Opened existing hwdb design_1_wrapper_0
TRACE::2025-07-03.13:43:03::SCWPlatform::Found the Hw Db part of the input DSA
TRACE::2025-07-03.13:43:03::SCWMssOS::Checking the sw design at  F:/SE/Vitis/cajaFuerteFinal/cajaParpadeo/microblaze_0/standalone_microblaze_0/bsp/system.mss
TRACE::2025-07-03.13:43:03::SCWMssOS::DEBUG:  swdes dump  F:/SE/Vitis/cajaFuerteFinal/cajaParpadeo/microblaze_0/standalone_microblaze_0/bsp/system.mss|system||

TRACE::2025-07-03.13:43:03::SCWMssOS::Sw design exists and opened at  F:/SE/Vitis/cajaFuerteFinal/cajaParpadeo/microblaze_0/standalone_microblaze_0/bsp/system.mss
TRACE::2025-07-03.13:43:03::SCWPlatform::Trying to open the hw design at F:/SE/Vitis/cajaFuerteFinal/cajaParpadeo/hw/cajaParpadeo.xsa
TRACE::2025-07-03.13:43:03::SCWPlatform::DSA given F:/SE/Vitis/cajaFuerteFinal/cajaParpadeo/hw/cajaParpadeo.xsa
TRACE::2025-07-03.13:43:03::SCWPlatform::DSA absoulate path F:/SE/Vitis/cajaFuerteFinal/cajaParpadeo/hw/cajaParpadeo.xsa
TRACE::2025-07-03.13:43:03::SCWPlatform::DSA directory F:/SE/Vitis/cajaFuerteFinal/cajaParpadeo/hw
TRACE::2025-07-03.13:43:03::SCWPlatform:: Platform Path F:/SE/Vitis/cajaFuerteFinal/cajaParpadeo/hw/cajaParpadeo.xsa
TRACE::2025-07-03.13:43:03::SCWPlatform:: Unique name xilinx:basys3::0.0
TRACE::2025-07-03.13:43:03::SCWPlatform::Trying to set the existing hwdb with name design_1_wrapper_0
TRACE::2025-07-03.13:43:03::SCWPlatform::Opened existing hwdb design_1_wrapper_0
TRACE::2025-07-03.13:43:03::SCWPlatform::Found the Hw Db part of the input DSA
TRACE::2025-07-03.13:43:03::SCWMssOS::Checking the sw design at  F:/SE/Vitis/cajaFuerteFinal/cajaParpadeo/microblaze_0/standalone_microblaze_0/bsp/system.mss
TRACE::2025-07-03.13:43:03::SCWMssOS::DEBUG:  swdes dump  F:/SE/Vitis/cajaFuerteFinal/cajaParpadeo/microblaze_0/standalone_microblaze_0/bsp/system.mss|system||

TRACE::2025-07-03.13:43:03::SCWMssOS::Sw design exists and opened at  F:/SE/Vitis/cajaFuerteFinal/cajaParpadeo/microblaze_0/standalone_microblaze_0/bsp/system.mss
TRACE::2025-07-03.13:43:03::SCWPlatform::Trying to open the hw design at F:/SE/Vitis/cajaFuerteFinal/cajaParpadeo/hw/cajaParpadeo.xsa
TRACE::2025-07-03.13:43:03::SCWPlatform::DSA given F:/SE/Vitis/cajaFuerteFinal/cajaParpadeo/hw/cajaParpadeo.xsa
TRACE::2025-07-03.13:43:03::SCWPlatform::DSA absoulate path F:/SE/Vitis/cajaFuerteFinal/cajaParpadeo/hw/cajaParpadeo.xsa
TRACE::2025-07-03.13:43:03::SCWPlatform::DSA directory F:/SE/Vitis/cajaFuerteFinal/cajaParpadeo/hw
TRACE::2025-07-03.13:43:03::SCWPlatform:: Platform Path F:/SE/Vitis/cajaFuerteFinal/cajaParpadeo/hw/cajaParpadeo.xsa
TRACE::2025-07-03.13:43:03::SCWPlatform:: Unique name xilinx:basys3::0.0
TRACE::2025-07-03.13:43:03::SCWPlatform::Trying to set the existing hwdb with name design_1_wrapper_0
TRACE::2025-07-03.13:43:03::SCWPlatform::Opened existing hwdb design_1_wrapper_0
TRACE::2025-07-03.13:43:03::SCWPlatform::Found the Hw Db part of the input DSA
TRACE::2025-07-03.13:43:03::SCWMssOS::Checking the sw design at  F:/SE/Vitis/cajaFuerteFinal/cajaParpadeo/microblaze_0/standalone_microblaze_0/bsp/system.mss
TRACE::2025-07-03.13:43:03::SCWMssOS::DEBUG:  swdes dump  F:/SE/Vitis/cajaFuerteFinal/cajaParpadeo/microblaze_0/standalone_microblaze_0/bsp/system.mss|system||

TRACE::2025-07-03.13:43:03::SCWMssOS::Sw design exists and opened at  F:/SE/Vitis/cajaFuerteFinal/cajaParpadeo/microblaze_0/standalone_microblaze_0/bsp/system.mss
TRACE::2025-07-03.13:43:04::SCWWriter::formatted JSON is {
	"platformName":	"cajaParpadeo",
	"sprVersion":	"2.0",
	"mode":	"gui",
	"dsaType":	"Fixed",
	"platformDesc":	"cajaParpadeo",
	"platHandOff":	"F:/SE/Vivado/proyecto/cajaParpadeo.xsa",
	"platIntHandOff":	"<platformDir>/hw/cajaParpadeo.xsa",
	"deviceType":	"FPGA",
	"platIsPrebuiltAutogen":	"false",
	"platIsNoBootBsp":	"false",
	"hasFsblMakeHasChanges":	"false",
	"hasPmufwMakeHasChanges":	"false",
	"platPreBuiltFlag":	false,
	"platformSamplesDir":	"",
	"platActiveSys":	"cajaParpadeo",
	"systems":	[{
			"systemName":	"cajaParpadeo",
			"systemDesc":	"cajaParpadeo",
			"sysIsBootAutoGen":	"true",
			"systemDispName":	"cajaParpadeo",
			"sysActiveDom":	"standalone_microblaze_0",
			"sysDefaultDom":	"standalone_microblaze_0",
			"domains":	[{
					"domainName":	"standalone_microblaze_0",
					"domainDispName":	"standalone_microblaze_0",
					"domainDesc":	"standalone_microblaze_0",
					"processors":	"microblaze_0",
					"os":	"standalone",
					"sdxOs":	"standalone",
					"debugEnable":	"False",
					"domRuntimes":	["cpp"],
					"swRepo":	"",
					"mssOsVer":	"8.1",
					"mssFile":	"",
					"md5Digest":	"5827985e2c85bab7f783a1a963ba5937",
					"compatibleApp":	"peripheral_tests",
					"domType":	"mssDomain",
					"arch":	"32-bit",
					"appSettings":	{
						"appCompilerFlags":	"",
						"appLinkerFlags":	""
					},
					"addedLibs":	[],
					"libOptions":	{
						"libsContainingOptions":	[]
					},
					"prebuiltLibs":	{
						"prebuiltIncPath":	[],
						"prebuiltLibPath":	[]
					},
					"isolation":	{
					}
				}]
		}]
}
KEYINFO::2025-07-03.13:43:04::SCWPlatform::updated the xpfm file.
LOG::2025-07-03.13:47:14::SCWPlatform::Started generating the artifacts platform cajaParpadeo
TRACE::2025-07-03.13:47:14::SCWPlatform::Sanity checking of platform is completed
LOG::2025-07-03.13:47:15::SCWPlatform::Started generating the artifacts for system configuration cajaParpadeo
LOG::2025-07-03.13:47:15::SCWSystem::Checking the domain standalone_microblaze_0
LOG::2025-07-03.13:47:15::SCWSystem::Not a boot domain 
LOG::2025-07-03.13:47:15::SCWSystem::Started Processing the domain standalone_microblaze_0
TRACE::2025-07-03.13:47:15::SCWDomain::Generating domain artifcats
TRACE::2025-07-03.13:47:15::SCWMssOS::Generating standalone artifcats
TRACE::2025-07-03.13:47:15::SCWMssOS:: Copying the user libraries. 
TRACE::2025-07-03.13:47:15::SCWPlatform::Trying to open the hw design at F:/SE/Vitis/cajaFuerteFinal/cajaParpadeo/hw/cajaParpadeo.xsa
TRACE::2025-07-03.13:47:15::SCWPlatform::DSA given F:/SE/Vitis/cajaFuerteFinal/cajaParpadeo/hw/cajaParpadeo.xsa
TRACE::2025-07-03.13:47:15::SCWPlatform::DSA absoulate path F:/SE/Vitis/cajaFuerteFinal/cajaParpadeo/hw/cajaParpadeo.xsa
TRACE::2025-07-03.13:47:15::SCWPlatform::DSA directory F:/SE/Vitis/cajaFuerteFinal/cajaParpadeo/hw
TRACE::2025-07-03.13:47:15::SCWPlatform:: Platform Path F:/SE/Vitis/cajaFuerteFinal/cajaParpadeo/hw/cajaParpadeo.xsa
TRACE::2025-07-03.13:47:15::SCWPlatform:: Unique name xilinx:basys3::0.0
TRACE::2025-07-03.13:47:16::SCWPlatform::Trying to set the existing hwdb with name design_1_wrapper_0
TRACE::2025-07-03.13:47:16::SCWPlatform::Opened existing hwdb design_1_wrapper_0
TRACE::2025-07-03.13:47:16::SCWPlatform::Found the Hw Db part of the input DSA
TRACE::2025-07-03.13:47:16::SCWMssOS::Checking the sw design at  F:/SE/Vitis/cajaFuerteFinal/cajaParpadeo/microblaze_0/standalone_microblaze_0/bsp/system.mss
TRACE::2025-07-03.13:47:16::SCWMssOS::DEBUG:  swdes dump  F:/SE/Vitis/cajaFuerteFinal/cajaParpadeo/microblaze_0/standalone_microblaze_0/bsp/system.mss|system||

TRACE::2025-07-03.13:47:16::SCWMssOS::Sw design exists and opened at  F:/SE/Vitis/cajaFuerteFinal/cajaParpadeo/microblaze_0/standalone_microblaze_0/bsp/system.mss
TRACE::2025-07-03.13:47:16::SCWMssOS::Completed writing the mss file at F:/SE/Vitis/cajaFuerteFinal/cajaParpadeo/microblaze_0/standalone_microblaze_0/bsp
TRACE::2025-07-03.13:47:16::SCWMssOS::Mss edits present, copying mssfile into export location F:/SE/Vitis/cajaFuerteFinal/cajaParpadeo/microblaze_0/standalone_microblaze_0/bsp/system.mss
TRACE::2025-07-03.13:47:16::SCWMssOS::bsp generated is upto date with the mss file. Skipping bsp generation.
TRACE::2025-07-03.13:47:16::SCWMssOS::BSP is already built. skipping the bsp build ... 
TRACE::2025-07-03.13:47:16::SCWDomain::Building the domain as part of full build :  standalone_microblaze_0
TRACE::2025-07-03.13:47:16::SCWMssOS::doing bsp build ... 
TRACE::2025-07-03.13:47:16::SCWMssOS::System Command Ran  F: & cd  F:/SE/Vitis/cajaFuerteFinal/cajaParpadeo/microblaze_0/standalone_microblaze_0/bsp & make 
TRACE::2025-07-03.13:47:16::SCWMssOS::make --no-print-directory seq_libs

TRACE::2025-07-03.13:47:16::SCWMssOS::"Running Make include in microblaze_0/libsrc/cpu_v2_17/src"

TRACE::2025-07-03.13:47:16::SCWMssOS::make -C microblaze_0/libsrc/cpu_v2_17/src -s include  "SHELL=CMD" "COMPILER=mb-gcc" "ASSEMBLER=mb-as" "ARCHIVER=mb-ar" "COMPILE
TRACE::2025-07-03.13:47:16::SCWMssOS::R_FLAGS=  -O2 -c -mcpu=v11.0 -mlittle-endian -mxl-soft-mul" "EXTRA_COMPILER_FLAGS=-g -ffunction-sections -fdata-sections -Wall 
TRACE::2025-07-03.13:47:16::SCWMssOS::-Wextra -fno-tree-loop-distribute-patterns"

TRACE::2025-07-03.13:47:17::SCWMssOS::"Running Make include in microblaze_0/libsrc/standalone_v8_1/src"

TRACE::2025-07-03.13:47:17::SCWMssOS::make -C microblaze_0/libsrc/standalone_v8_1/src -s include  "SHELL=CMD" "COMPILER=mb-gcc" "ASSEMBLER=mb-as" "ARCHIVER=mb-ar" "C
TRACE::2025-07-03.13:47:17::SCWMssOS::OMPILER_FLAGS=  -O2 -c -mcpu=v11.0 -mlittle-endian -mxl-soft-mul" "EXTRA_COMPILER_FLAGS=-g -ffunction-sections -fdata-sections 
TRACE::2025-07-03.13:47:17::SCWMssOS::-Wall -Wextra -fno-tree-loop-distribute-patterns"

TRACE::2025-07-03.13:47:19::SCWMssOS::"Running Make include in microblaze_0/libsrc/bram_v4_8/src"

TRACE::2025-07-03.13:47:19::SCWMssOS::make -C microblaze_0/libsrc/bram_v4_8/src -s include  "SHELL=CMD" "COMPILER=mb-gcc" "ASSEMBLER=mb-as" "ARCHIVER=mb-ar" "COMPILE
TRACE::2025-07-03.13:47:19::SCWMssOS::R_FLAGS=  -O2 -c -mcpu=v11.0 -mlittle-endian -mxl-soft-mul" "EXTRA_COMPILER_FLAGS=-g -ffunction-sections -fdata-sections -Wall 
TRACE::2025-07-03.13:47:19::SCWMssOS::-Wextra -fno-tree-loop-distribute-patterns"

TRACE::2025-07-03.13:47:19::SCWMssOS::"Running Make include in microblaze_0/libsrc/gpio_v4_9/src"

TRACE::2025-07-03.13:47:19::SCWMssOS::make -C microblaze_0/libsrc/gpio_v4_9/src -s include  "SHELL=CMD" "COMPILER=mb-gcc" "ASSEMBLER=mb-as" "ARCHIVER=mb-ar" "COMPILE
TRACE::2025-07-03.13:47:19::SCWMssOS::R_FLAGS=  -O2 -c -mcpu=v11.0 -mlittle-endian -mxl-soft-mul" "EXTRA_COMPILER_FLAGS=-g -ffunction-sections -fdata-sections -Wall 
TRACE::2025-07-03.13:47:19::SCWMssOS::-Wextra -fno-tree-loop-distribute-patterns"

TRACE::2025-07-03.13:47:19::SCWMssOS::"Running Make include in microblaze_0/libsrc/matrizpuntos_v1_0/src"

TRACE::2025-07-03.13:47:19::SCWMssOS::make -C microblaze_0/libsrc/matrizpuntos_v1_0/src -s include  "SHELL=CMD" "COMPILER=mb-gcc" "ASSEMBLER=mb-as" "ARCHIVER=mb-ar" 
TRACE::2025-07-03.13:47:19::SCWMssOS::"COMPILER_FLAGS=  -O2 -c -mcpu=v11.0 -mlittle-endian -mxl-soft-mul" "EXTRA_COMPILER_FLAGS=-g -ffunction-sections -fdata-section
TRACE::2025-07-03.13:47:19::SCWMssOS::s -Wall -Wextra -fno-tree-loop-distribute-patterns"

TRACE::2025-07-03.13:47:19::SCWMssOS::"Running Make include in microblaze_0/libsrc/motor_v1_0/src"

TRACE::2025-07-03.13:47:19::SCWMssOS::make -C microblaze_0/libsrc/motor_v1_0/src -s include  "SHELL=CMD" "COMPILER=mb-gcc" "ASSEMBLER=mb-as" "ARCHIVER=mb-ar" "COMPIL
TRACE::2025-07-03.13:47:19::SCWMssOS::ER_FLAGS=  -O2 -c -mcpu=v11.0 -mlittle-endian -mxl-soft-mul" "EXTRA_COMPILER_FLAGS=-g -ffunction-sections -fdata-sections -Wall
TRACE::2025-07-03.13:47:19::SCWMssOS:: -Wextra -fno-tree-loop-distribute-patterns"

TRACE::2025-07-03.13:47:19::SCWMssOS::"Running Make include in microblaze_0/libsrc/rgb_leds_v1_0/src"

TRACE::2025-07-03.13:47:19::SCWMssOS::make -C microblaze_0/libsrc/rgb_leds_v1_0/src -s include  "SHELL=CMD" "COMPILER=mb-gcc" "ASSEMBLER=mb-as" "ARCHIVER=mb-ar" "COM
TRACE::2025-07-03.13:47:19::SCWMssOS::PILER_FLAGS=  -O2 -c -mcpu=v11.0 -mlittle-endian -mxl-soft-mul" "EXTRA_COMPILER_FLAGS=-g -ffunction-sections -fdata-sections -W
TRACE::2025-07-03.13:47:19::SCWMssOS::all -Wextra -fno-tree-loop-distribute-patterns"

TRACE::2025-07-03.13:47:19::SCWMssOS::"Running Make include in microblaze_0/libsrc/teclado_v1_0/src"

TRACE::2025-07-03.13:47:19::SCWMssOS::make -C microblaze_0/libsrc/teclado_v1_0/src -s include  "SHELL=CMD" "COMPILER=mb-gcc" "ASSEMBLER=mb-as" "ARCHIVER=mb-ar" "COMP
TRACE::2025-07-03.13:47:19::SCWMssOS::ILER_FLAGS=  -O2 -c -mcpu=v11.0 -mlittle-endian -mxl-soft-mul" "EXTRA_COMPILER_FLAGS=-g -ffunction-sections -fdata-sections -Wa
TRACE::2025-07-03.13:47:19::SCWMssOS::ll -Wextra -fno-tree-loop-distribute-patterns"

TRACE::2025-07-03.13:47:19::SCWMssOS::"Running Make include in microblaze_0/libsrc/uartlite_v3_8/src"

TRACE::2025-07-03.13:47:19::SCWMssOS::make -C microblaze_0/libsrc/uartlite_v3_8/src -s include  "SHELL=CMD" "COMPILER=mb-gcc" "ASSEMBLER=mb-as" "ARCHIVER=mb-ar" "COM
TRACE::2025-07-03.13:47:20::SCWMssOS::PILER_FLAGS=  -O2 -c -mcpu=v11.0 -mlittle-endian -mxl-soft-mul" "EXTRA_COMPILER_FLAGS=-g -ffunction-sections -fdata-sections -W
TRACE::2025-07-03.13:47:20::SCWMssOS::all -Wextra -fno-tree-loop-distribute-patterns"

TRACE::2025-07-03.13:47:20::SCWMssOS::"Running Make libs in microblaze_0/libsrc/matrizpuntos_v1_0/src"

TRACE::2025-07-03.13:47:20::SCWMssOS::make -C microblaze_0/libsrc/matrizpuntos_v1_0/src -s libs  "SHELL=CMD" "COMPILER=mb-gcc" "ASSEMBLER=mb-as" "ARCHIVER=mb-ar" "CO
TRACE::2025-07-03.13:47:20::SCWMssOS::MPILER_FLAGS=  -O2 -c -mcpu=v11.0 -mlittle-endian -mxl-soft-mul" "EXTRA_COMPILER_FLAGS=-g -ffunction-sections -fdata-sections -
TRACE::2025-07-03.13:47:20::SCWMssOS::Wall -Wextra -fno-tree-loop-distribute-patterns"

TRACE::2025-07-03.13:47:20::SCWMssOS::"Compiling matrizpuntos..."

TRACE::2025-07-03.13:47:21::SCWMssOS::"Running Make libs in microblaze_0/libsrc/motor_v1_0/src"

TRACE::2025-07-03.13:47:21::SCWMssOS::make -C microblaze_0/libsrc/motor_v1_0/src -s libs  "SHELL=CMD" "COMPILER=mb-gcc" "ASSEMBLER=mb-as" "ARCHIVER=mb-ar" "COMPILER_
TRACE::2025-07-03.13:47:21::SCWMssOS::FLAGS=  -O2 -c -mcpu=v11.0 -mlittle-endian -mxl-soft-mul" "EXTRA_COMPILER_FLAGS=-g -ffunction-sections -fdata-sections -Wall -W
TRACE::2025-07-03.13:47:21::SCWMssOS::extra -fno-tree-loop-distribute-patterns"

TRACE::2025-07-03.13:47:21::SCWMssOS::"Compiling motor..."

TRACE::2025-07-03.13:47:21::SCWMssOS::"Running Make libs in microblaze_0/libsrc/rgb_leds_v1_0/src"

TRACE::2025-07-03.13:47:21::SCWMssOS::make -C microblaze_0/libsrc/rgb_leds_v1_0/src -s libs  "SHELL=CMD" "COMPILER=mb-gcc" "ASSEMBLER=mb-as" "ARCHIVER=mb-ar" "COMPIL
TRACE::2025-07-03.13:47:21::SCWMssOS::ER_FLAGS=  -O2 -c -mcpu=v11.0 -mlittle-endian -mxl-soft-mul" "EXTRA_COMPILER_FLAGS=-g -ffunction-sections -fdata-sections -Wall
TRACE::2025-07-03.13:47:21::SCWMssOS:: -Wextra -fno-tree-loop-distribute-patterns"

TRACE::2025-07-03.13:47:21::SCWMssOS::"Compiling rgb_leds..."

TRACE::2025-07-03.13:47:22::SCWMssOS::"Running Make libs in microblaze_0/libsrc/teclado_v1_0/src"

TRACE::2025-07-03.13:47:22::SCWMssOS::make -C microblaze_0/libsrc/teclado_v1_0/src -s libs  "SHELL=CMD" "COMPILER=mb-gcc" "ASSEMBLER=mb-as" "ARCHIVER=mb-ar" "COMPILE
TRACE::2025-07-03.13:47:22::SCWMssOS::R_FLAGS=  -O2 -c -mcpu=v11.0 -mlittle-endian -mxl-soft-mul" "EXTRA_COMPILER_FLAGS=-g -ffunction-sections -fdata-sections -Wall 
TRACE::2025-07-03.13:47:22::SCWMssOS::-Wextra -fno-tree-loop-distribute-patterns"

TRACE::2025-07-03.13:47:22::SCWMssOS::"Compiling teclado..."

TRACE::2025-07-03.13:47:22::SCWMssOS::'Finished building libraries sequentially.'

TRACE::2025-07-03.13:47:22::SCWMssOS::make -j 14 --no-print-directory par_libs

TRACE::2025-07-03.13:47:22::SCWMssOS::"Running Make include in microblaze_0/libsrc/cpu_v2_17/src"

TRACE::2025-07-03.13:47:22::SCWMssOS::make -C microblaze_0/libsrc/cpu_v2_17/src -s include  "SHELL=CMD" "COMPILER=mb-gcc" "ASSEMBLER=mb-as" "ARCHIVER=mb-ar" "COMPILE
TRACE::2025-07-03.13:47:22::SCWMssOS::R_FLAGS=  -O2 -c -mcpu=v11.0 -mlittle-endian -mxl-soft-mul" "EXTRA_COMPILER_FLAGS=-g -ffunction-sections -fdata-sections -Wall 
TRACE::2025-07-03.13:47:22::SCWMssOS::-Wextra -fno-tree-loop-distribute-patterns"

TRACE::2025-07-03.13:47:22::SCWMssOS::"Running Make include in microblaze_0/libsrc/standalone_v8_1/src"

TRACE::2025-07-03.13:47:22::SCWMssOS::make -C microblaze_0/libsrc/standalone_v8_1/src -s include  "SHELL=CMD" "COMPILER=mb-gcc" "ASSEMBLER=mb-as" "ARCHIVER=mb-ar" "C
TRACE::2025-07-03.13:47:22::SCWMssOS::OMPILER_FLAGS=  -O2 -c -mcpu=v11.0 -mlittle-endian -mxl-soft-mul" "EXTRA_COMPILER_FLAGS=-g -ffunction-sections -fdata-sections 
TRACE::2025-07-03.13:47:22::SCWMssOS::-Wall -Wextra -fno-tree-loop-distribute-patterns"

TRACE::2025-07-03.13:47:22::SCWMssOS::"Running Make include in microblaze_0/libsrc/bram_v4_8/src"

TRACE::2025-07-03.13:47:22::SCWMssOS::make -C microblaze_0/libsrc/bram_v4_8/src -s include  "SHELL=CMD" "COMPILER=mb-gcc" "ASSEMBLER=mb-as" "ARCHIVER=mb-ar" "COMPILE
TRACE::2025-07-03.13:47:22::SCWMssOS::R_FLAGS=  -O2 -c -mcpu=v11.0 -mlittle-endian -mxl-soft-mul" "EXTRA_COMPILER_FLAGS=-g -ffunction-sections -fdata-sections -Wall 
TRACE::2025-07-03.13:47:22::SCWMssOS::-Wextra -fno-tree-loop-distribute-patterns"

TRACE::2025-07-03.13:47:22::SCWMssOS::"Running Make include in microblaze_0/libsrc/gpio_v4_9/src"

TRACE::2025-07-03.13:47:22::SCWMssOS::make -C microblaze_0/libsrc/gpio_v4_9/src -s include  "SHELL=CMD" "COMPILER=mb-gcc" "ASSEMBLER=mb-as" "ARCHIVER=mb-ar" "COMPILE
TRACE::2025-07-03.13:47:22::SCWMssOS::R_FLAGS=  -O2 -c -mcpu=v11.0 -mlittle-endian -mxl-soft-mul" "EXTRA_COMPILER_FLAGS=-g -ffunction-sections -fdata-sections -Wall 
TRACE::2025-07-03.13:47:22::SCWMssOS::-Wextra -fno-tree-loop-distribute-patterns"

TRACE::2025-07-03.13:47:22::SCWMssOS::"Running Make include in microblaze_0/libsrc/matrizpuntos_v1_0/src"

TRACE::2025-07-03.13:47:22::SCWMssOS::make -C microblaze_0/libsrc/matrizpuntos_v1_0/src -s include  "SHELL=CMD" "COMPILER=mb-gcc" "ASSEMBLER=mb-as" "ARCHIVER=mb-ar" 
TRACE::2025-07-03.13:47:22::SCWMssOS::"COMPILER_FLAGS=  -O2 -c -mcpu=v11.0 -mlittle-endian -mxl-soft-mul" "EXTRA_COMPILER_FLAGS=-g -ffunction-sections -fdata-section
TRACE::2025-07-03.13:47:22::SCWMssOS::s -Wall -Wextra -fno-tree-loop-distribute-patterns"

TRACE::2025-07-03.13:47:23::SCWMssOS::"Running Make include in microblaze_0/libsrc/motor_v1_0/src"

TRACE::2025-07-03.13:47:23::SCWMssOS::make -C microblaze_0/libsrc/motor_v1_0/src -s include  "SHELL=CMD" "COMPILER=mb-gcc" "ASSEMBLER=mb-as" "ARCHIVER=mb-ar" "COMPIL
TRACE::2025-07-03.13:47:23::SCWMssOS::ER_FLAGS=  -O2 -c -mcpu=v11.0 -mlittle-endian -mxl-soft-mul" "EXTRA_COMPILER_FLAGS=-g -ffunction-sections -fdata-sections -Wall
TRACE::2025-07-03.13:47:23::SCWMssOS:: -Wextra -fno-tree-loop-distribute-patterns"

TRACE::2025-07-03.13:47:23::SCWMssOS::"Running Make include in microblaze_0/libsrc/rgb_leds_v1_0/src"

TRACE::2025-07-03.13:47:23::SCWMssOS::make -C microblaze_0/libsrc/rgb_leds_v1_0/src -s include  "SHELL=CMD" "COMPILER=mb-gcc" "ASSEMBLER=mb-as" "ARCHIVER=mb-ar" "COM
TRACE::2025-07-03.13:47:23::SCWMssOS::PILER_FLAGS=  -O2 -c -mcpu=v11.0 -mlittle-endian -mxl-soft-mul" "EXTRA_COMPILER_FLAGS=-g -ffunction-sections -fdata-sections -W
TRACE::2025-07-03.13:47:23::SCWMssOS::all -Wextra -fno-tree-loop-distribute-patterns"

TRACE::2025-07-03.13:47:23::SCWMssOS::"Running Make include in microblaze_0/libsrc/teclado_v1_0/src"

TRACE::2025-07-03.13:47:23::SCWMssOS::make -C microblaze_0/libsrc/teclado_v1_0/src -s include  "SHELL=CMD" "COMPILER=mb-gcc" "ASSEMBLER=mb-as" "ARCHIVER=mb-ar" "COMP
TRACE::2025-07-03.13:47:23::SCWMssOS::ILER_FLAGS=  -O2 -c -mcpu=v11.0 -mlittle-endian -mxl-soft-mul" "EXTRA_COMPILER_FLAGS=-g -ffunction-sections -fdata-sections -Wa
TRACE::2025-07-03.13:47:23::SCWMssOS::ll -Wextra -fno-tree-loop-distribute-patterns"

TRACE::2025-07-03.13:47:23::SCWMssOS::"Running Make include in microblaze_0/libsrc/uartlite_v3_8/src"

TRACE::2025-07-03.13:47:23::SCWMssOS::make -C microblaze_0/libsrc/uartlite_v3_8/src -s include  "SHELL=CMD" "COMPILER=mb-gcc" "ASSEMBLER=mb-as" "ARCHIVER=mb-ar" "COM
TRACE::2025-07-03.13:47:23::SCWMssOS::PILER_FLAGS=  -O2 -c -mcpu=v11.0 -mlittle-endian -mxl-soft-mul" "EXTRA_COMPILER_FLAGS=-g -ffunction-sections -fdata-sections -W
TRACE::2025-07-03.13:47:23::SCWMssOS::all -Wextra -fno-tree-loop-distribute-patterns"

TRACE::2025-07-03.13:47:23::SCWMssOS::"Running Make libs in microblaze_0/libsrc/cpu_v2_17/src"

TRACE::2025-07-03.13:47:23::SCWMssOS::make -C microblaze_0/libsrc/cpu_v2_17/src -s libs  "SHELL=CMD" "COMPILER=mb-gcc" "ASSEMBLER=mb-as" "ARCHIVER=mb-ar" "COMPILER_F
TRACE::2025-07-03.13:47:23::SCWMssOS::LAGS=  -O2 -c -mcpu=v11.0 -mlittle-endian -mxl-soft-mul" "EXTRA_COMPILER_FLAGS=-g -ffunction-sections -fdata-sections -Wall -We
TRACE::2025-07-03.13:47:23::SCWMssOS::xtra -fno-tree-loop-distribute-patterns"

TRACE::2025-07-03.13:47:23::SCWMssOS::"Running Make libs in microblaze_0/libsrc/standalone_v8_1/src"

TRACE::2025-07-03.13:47:23::SCWMssOS::make -C microblaze_0/libsrc/standalone_v8_1/src -s libs  "SHELL=CMD" "COMPILER=mb-gcc" "ASSEMBLER=mb-as" "ARCHIVER=mb-ar" "COMP
TRACE::2025-07-03.13:47:23::SCWMssOS::ILER_FLAGS=  -O2 -c -mcpu=v11.0 -mlittle-endian -mxl-soft-mul" "EXTRA_COMPILER_FLAGS=-g -ffunction-sections -fdata-sections -Wa
TRACE::2025-07-03.13:47:23::SCWMssOS::ll -Wextra -fno-tree-loop-distribute-patterns"

TRACE::2025-07-03.13:47:23::SCWMssOS::"Running Make libs in microblaze_0/libsrc/bram_v4_8/src"

TRACE::2025-07-03.13:47:24::SCWMssOS::make -C microblaze_0/libsrc/bram_v4_8/src -s libs  "SHELL=CMD" "COMPILER=mb-gcc" "ASSEMBLER=mb-as" "ARCHIVER=mb-ar" "COMPILER_F
TRACE::2025-07-03.13:47:24::SCWMssOS::LAGS=  -O2 -c -mcpu=v11.0 -mlittle-endian -mxl-soft-mul" "EXTRA_COMPILER_FLAGS=-g -ffunction-sections -fdata-sections -Wall -We
TRACE::2025-07-03.13:47:24::SCWMssOS::xtra -fno-tree-loop-distribute-patterns"

TRACE::2025-07-03.13:47:24::SCWMssOS::"Running Make libs in microblaze_0/libsrc/gpio_v4_9/src"

TRACE::2025-07-03.13:47:24::SCWMssOS::make -C microblaze_0/libsrc/gpio_v4_9/src -s libs  "SHELL=CMD" "COMPILER=mb-gcc" "ASSEMBLER=mb-as" "ARCHIVER=mb-ar" "COMPILER_F
TRACE::2025-07-03.13:47:24::SCWMssOS::LAGS=  -O2 -c -mcpu=v11.0 -mlittle-endian -mxl-soft-mul" "EXTRA_COMPILER_FLAGS=-g -ffunction-sections -fdata-sections -Wall -We
TRACE::2025-07-03.13:47:24::SCWMssOS::xtra -fno-tree-loop-distribute-patterns"

TRACE::2025-07-03.13:47:24::SCWMssOS::"Running Make libs in microblaze_0/libsrc/uartlite_v3_8/src"

TRACE::2025-07-03.13:47:24::SCWMssOS::make -C microblaze_0/libsrc/uartlite_v3_8/src -s libs  "SHELL=CMD" "COMPILER=mb-gcc" "ASSEMBLER=mb-as" "ARCHIVER=mb-ar" "COMPIL
TRACE::2025-07-03.13:47:24::SCWMssOS::ER_FLAGS=  -O2 -c -mcpu=v11.0 -mlittle-endian -mxl-soft-mul" "EXTRA_COMPILER_FLAGS=-g -ffunction-sections -fdata-sections -Wall
TRACE::2025-07-03.13:47:24::SCWMssOS:: -Wextra -fno-tree-loop-distribute-patterns"

TRACE::2025-07-03.13:47:25::SCWMssOS::"DEBUG NON_LTO_OBJECTS is ../../../lib/microblaze_interrupt_handler.o"

TRACE::2025-07-03.13:47:25::SCWMssOS::'Finished building libraries parallelly.'

TRACE::2025-07-03.13:47:25::SCWMssOS::make --no-print-directory archive

TRACE::2025-07-03.13:47:25::SCWMssOS::mb-ar -r  microblaze_0/lib/libxil.a microblaze_0/lib/_exit.o microblaze_0/lib/errno.o microblaze_0/lib/fcntl.o microblaze_0/lib
TRACE::2025-07-03.13:47:25::SCWMssOS::/hw_exception_handler.o microblaze_0/lib/inbyte.o microblaze_0/lib/microblaze_disable_dcache.o microblaze_0/lib/microblaze_disa
TRACE::2025-07-03.13:47:25::SCWMssOS::ble_exceptions.o microblaze_0/lib/microblaze_disable_icache.o microblaze_0/lib/microblaze_disable_interrupts.o microblaze_0/lib
TRACE::2025-07-03.13:47:25::SCWMssOS::/microblaze_enable_dcache.o microblaze_0/lib/microblaze_enable_exceptions.o microblaze_0/lib/microblaze_enable_icache.o microbl
TRACE::2025-07-03.13:47:25::SCWMssOS::aze_0/lib/microblaze_enable_interrupts.o microblaze_0/lib/microblaze_exception_handler.o microblaze_0/lib/microblaze_flush_cach
TRACE::2025-07-03.13:47:25::SCWMssOS::e_ext.o microblaze_0/lib/microblaze_flush_cache_ext_range.o microblaze_0/lib/microblaze_flush_dcache.o microblaze_0/lib/microbl
TRACE::2025-07-03.13:47:25::SCWMssOS::aze_flush_dcache_range.o microblaze_0/lib/microblaze_init_dcache_range.o microblaze_0/lib/microblaze_init_icache_range.o microb
TRACE::2025-07-03.13:47:25::SCWMssOS::laze_0/lib/microblaze_interrupt_handler.o microblaze_0/lib/microblaze_interrupts_g.o microblaze_0/lib/microblaze_invalidate_cac
TRACE::2025-07-03.13:47:25::SCWMssOS::he_ext.o microblaze_0/lib/microblaze_invalidate_cache_ext_range.o microblaze_0/lib/microblaze_invalidate_dcache.o microblaze_0/
TRACE::2025-07-03.13:47:26::SCWMssOS::lib/microblaze_invalidate_dcache_range.o microblaze_0/lib/microblaze_invalidate_icache.o microblaze_0/lib/microblaze_invalidate
TRACE::2025-07-03.13:47:26::SCWMssOS::_icache_range.o microblaze_0/lib/microblaze_scrub.o microblaze_0/lib/microblaze_selftest.o microblaze_0/lib/microblaze_sleep.o 
TRACE::2025-07-03.13:47:26::SCWMssOS::microblaze_0/lib/microblaze_update_dcache.o microblaze_0/lib/microblaze_update_icache.o microblaze_0/lib/outbyte.o microblaze_0
TRACE::2025-07-03.13:47:26::SCWMssOS::/lib/print.o microblaze_0/lib/pvr.o microblaze_0/lib/xbram.o microblaze_0/lib/xbram_g.o microblaze_0/lib/xbram_intr.o microblaz
TRACE::2025-07-03.13:47:26::SCWMssOS::e_0/lib/xbram_selftest.o microblaze_0/lib/xbram_sinit.o microblaze_0/lib/xgpio.o microblaze_0/lib/xgpio_extra.o microblaze_0/li
TRACE::2025-07-03.13:47:26::SCWMssOS::b/xgpio_g.o microblaze_0/lib/xgpio_intr.o microblaze_0/lib/xgpio_selftest.o microblaze_0/lib/xgpio_sinit.o microblaze_0/lib/xil
TRACE::2025-07-03.13:47:26::SCWMssOS::_assert.o microblaze_0/lib/xil_cache.o microblaze_0/lib/xil_clocking.o microblaze_0/lib/xil_exception.o microblaze_0/lib/xil_me
TRACE::2025-07-03.13:47:26::SCWMssOS::m.o microblaze_0/lib/xil_misc_psreset_api.o microblaze_0/lib/xil_printf.o microblaze_0/lib/xil_sleepcommon.o microblaze_0/lib/x
TRACE::2025-07-03.13:47:26::SCWMssOS::il_testcache.o microblaze_0/lib/xil_testio.o microblaze_0/lib/xil_testmem.o microblaze_0/lib/xil_util.o microblaze_0/lib/xinter
TRACE::2025-07-03.13:47:26::SCWMssOS::rupt_wrap.o microblaze_0/lib/xio.o microblaze_0/lib/xplatform_info.o microblaze_0/lib/xuartlite.o microblaze_0/lib/xuartlite_g.
TRACE::2025-07-03.13:47:26::SCWMssOS::o microblaze_0/lib/xuartlite_intr.o microblaze_0/lib/xuartlite_l.o microblaze_0/lib/xuartlite_selftest.o microblaze_0/lib/xuart
TRACE::2025-07-03.13:47:26::SCWMssOS::lite_sinit.o microblaze_0/lib/xuartlite_stats.o

TRACE::2025-07-03.13:47:26::SCWMssOS::'Finished building libraries'

TRACE::2025-07-03.13:47:30::SCWMssOS::Copying to export directory.
TRACE::2025-07-03.13:47:36::SCWMssOS:: Checking if to create the Supporting Applications
TRACE::2025-07-03.13:47:36::SCWMssOS:: No Linux domain exists, trying to generate FSBL 
LOG::2025-07-03.13:47:36::SCWSystem::Completed Processing the domain standalone_microblaze_0
LOG::2025-07-03.13:47:36::SCWSystem::Completed Processing the sysconfig cajaParpadeo
LOG::2025-07-03.13:47:36::SCWPlatform::Completed generating the artifacts for system configuration cajaParpadeo
TRACE::2025-07-03.13:47:36::SCWPlatform::Started preparing the platform 
TRACE::2025-07-03.13:47:36::SCWSystem::Writing the bif file for system config cajaParpadeo
TRACE::2025-07-03.13:47:36::SCWSystem::dir created 
TRACE::2025-07-03.13:47:36::SCWSystem::Writing the bif 
TRACE::2025-07-03.13:47:36::SCWPlatform::Started writing the spfm file 
TRACE::2025-07-03.13:47:36::SCWPlatform::Started writing the xpfm file 
TRACE::2025-07-03.13:47:36::SCWPlatform::Completed generating the platform
TRACE::2025-07-03.13:47:36::SCWMssOS::Saving the mss changes F:/SE/Vitis/cajaFuerteFinal/cajaParpadeo/microblaze_0/standalone_microblaze_0/bsp/system.mss
TRACE::2025-07-03.13:47:36::SCWMssOS::Found a swdesign opened with the mssfile.
TRACE::2025-07-03.13:47:36::SCWMssOS::Completed writemss as part of save.
TRACE::2025-07-03.13:47:36::SCWMssOS::Commit changes completed.
TRACE::2025-07-03.13:47:36::SCWPlatform::Trying to open the hw design at F:/SE/Vitis/cajaFuerteFinal/cajaParpadeo/hw/cajaParpadeo.xsa
TRACE::2025-07-03.13:47:36::SCWPlatform::DSA given F:/SE/Vitis/cajaFuerteFinal/cajaParpadeo/hw/cajaParpadeo.xsa
TRACE::2025-07-03.13:47:36::SCWPlatform::DSA absoulate path F:/SE/Vitis/cajaFuerteFinal/cajaParpadeo/hw/cajaParpadeo.xsa
TRACE::2025-07-03.13:47:36::SCWPlatform::DSA directory F:/SE/Vitis/cajaFuerteFinal/cajaParpadeo/hw
TRACE::2025-07-03.13:47:36::SCWPlatform:: Platform Path F:/SE/Vitis/cajaFuerteFinal/cajaParpadeo/hw/cajaParpadeo.xsa
TRACE::2025-07-03.13:47:36::SCWPlatform:: Unique name xilinx:basys3::0.0
TRACE::2025-07-03.13:47:36::SCWPlatform::Trying to set the existing hwdb with name design_1_wrapper_0
TRACE::2025-07-03.13:47:36::SCWPlatform::Opened existing hwdb design_1_wrapper_0
TRACE::2025-07-03.13:47:36::SCWPlatform::Found the Hw Db part of the input DSA
TRACE::2025-07-03.13:47:37::SCWMssOS::Checking the sw design at  F:/SE/Vitis/cajaFuerteFinal/cajaParpadeo/microblaze_0/standalone_microblaze_0/bsp/system.mss
TRACE::2025-07-03.13:47:37::SCWMssOS::DEBUG:  swdes dump  F:/SE/Vitis/cajaFuerteFinal/cajaParpadeo/microblaze_0/standalone_microblaze_0/bsp/system.mss|system||

TRACE::2025-07-03.13:47:37::SCWMssOS::Sw design exists and opened at  F:/SE/Vitis/cajaFuerteFinal/cajaParpadeo/microblaze_0/standalone_microblaze_0/bsp/system.mss
TRACE::2025-07-03.13:47:37::SCWPlatform::Trying to open the hw design at F:/SE/Vitis/cajaFuerteFinal/cajaParpadeo/hw/cajaParpadeo.xsa
TRACE::2025-07-03.13:47:37::SCWPlatform::DSA given F:/SE/Vitis/cajaFuerteFinal/cajaParpadeo/hw/cajaParpadeo.xsa
TRACE::2025-07-03.13:47:37::SCWPlatform::DSA absoulate path F:/SE/Vitis/cajaFuerteFinal/cajaParpadeo/hw/cajaParpadeo.xsa
TRACE::2025-07-03.13:47:37::SCWPlatform::DSA directory F:/SE/Vitis/cajaFuerteFinal/cajaParpadeo/hw
TRACE::2025-07-03.13:47:37::SCWPlatform:: Platform Path F:/SE/Vitis/cajaFuerteFinal/cajaParpadeo/hw/cajaParpadeo.xsa
TRACE::2025-07-03.13:47:37::SCWPlatform:: Unique name xilinx:basys3::0.0
TRACE::2025-07-03.13:47:37::SCWPlatform::Trying to set the existing hwdb with name design_1_wrapper_0
TRACE::2025-07-03.13:47:37::SCWPlatform::Opened existing hwdb design_1_wrapper_0
TRACE::2025-07-03.13:47:37::SCWPlatform::Found the Hw Db part of the input DSA
TRACE::2025-07-03.13:47:37::SCWMssOS::Checking the sw design at  F:/SE/Vitis/cajaFuerteFinal/cajaParpadeo/microblaze_0/standalone_microblaze_0/bsp/system.mss
TRACE::2025-07-03.13:47:37::SCWMssOS::DEBUG:  swdes dump  F:/SE/Vitis/cajaFuerteFinal/cajaParpadeo/microblaze_0/standalone_microblaze_0/bsp/system.mss|system||

TRACE::2025-07-03.13:47:37::SCWMssOS::Sw design exists and opened at  F:/SE/Vitis/cajaFuerteFinal/cajaParpadeo/microblaze_0/standalone_microblaze_0/bsp/system.mss
TRACE::2025-07-03.13:47:37::SCWPlatform::Trying to open the hw design at F:/SE/Vitis/cajaFuerteFinal/cajaParpadeo/hw/cajaParpadeo.xsa
TRACE::2025-07-03.13:47:37::SCWPlatform::DSA given F:/SE/Vitis/cajaFuerteFinal/cajaParpadeo/hw/cajaParpadeo.xsa
TRACE::2025-07-03.13:47:37::SCWPlatform::DSA absoulate path F:/SE/Vitis/cajaFuerteFinal/cajaParpadeo/hw/cajaParpadeo.xsa
TRACE::2025-07-03.13:47:37::SCWPlatform::DSA directory F:/SE/Vitis/cajaFuerteFinal/cajaParpadeo/hw
TRACE::2025-07-03.13:47:37::SCWPlatform:: Platform Path F:/SE/Vitis/cajaFuerteFinal/cajaParpadeo/hw/cajaParpadeo.xsa
TRACE::2025-07-03.13:47:37::SCWPlatform:: Unique name xilinx:basys3::0.0
TRACE::2025-07-03.13:47:37::SCWPlatform::Trying to set the existing hwdb with name design_1_wrapper_0
TRACE::2025-07-03.13:47:37::SCWPlatform::Opened existing hwdb design_1_wrapper_0
TRACE::2025-07-03.13:47:37::SCWPlatform::Found the Hw Db part of the input DSA
TRACE::2025-07-03.13:47:37::SCWMssOS::Checking the sw design at  F:/SE/Vitis/cajaFuerteFinal/cajaParpadeo/microblaze_0/standalone_microblaze_0/bsp/system.mss
TRACE::2025-07-03.13:47:37::SCWMssOS::DEBUG:  swdes dump  F:/SE/Vitis/cajaFuerteFinal/cajaParpadeo/microblaze_0/standalone_microblaze_0/bsp/system.mss|system||

TRACE::2025-07-03.13:47:37::SCWMssOS::Sw design exists and opened at  F:/SE/Vitis/cajaFuerteFinal/cajaParpadeo/microblaze_0/standalone_microblaze_0/bsp/system.mss
TRACE::2025-07-03.13:47:37::SCWWriter::formatted JSON is {
	"platformName":	"cajaParpadeo",
	"sprVersion":	"2.0",
	"mode":	"gui",
	"dsaType":	"Fixed",
	"platformDesc":	"cajaParpadeo",
	"platHandOff":	"F:/SE/Vivado/proyecto/cajaParpadeo.xsa",
	"platIntHandOff":	"<platformDir>/hw/cajaParpadeo.xsa",
	"deviceType":	"FPGA",
	"platIsPrebuiltAutogen":	"false",
	"platIsNoBootBsp":	"false",
	"hasFsblMakeHasChanges":	"false",
	"hasPmufwMakeHasChanges":	"false",
	"platPreBuiltFlag":	false,
	"platformSamplesDir":	"",
	"platActiveSys":	"cajaParpadeo",
	"systems":	[{
			"systemName":	"cajaParpadeo",
			"systemDesc":	"cajaParpadeo",
			"sysIsBootAutoGen":	"true",
			"systemDispName":	"cajaParpadeo",
			"sysActiveDom":	"standalone_microblaze_0",
			"sysDefaultDom":	"standalone_microblaze_0",
			"domains":	[{
					"domainName":	"standalone_microblaze_0",
					"domainDispName":	"standalone_microblaze_0",
					"domainDesc":	"standalone_microblaze_0",
					"processors":	"microblaze_0",
					"os":	"standalone",
					"sdxOs":	"standalone",
					"debugEnable":	"False",
					"domRuntimes":	["cpp"],
					"swRepo":	"",
					"mssOsVer":	"8.1",
					"mssFile":	"",
					"md5Digest":	"5827985e2c85bab7f783a1a963ba5937",
					"compatibleApp":	"peripheral_tests",
					"domType":	"mssDomain",
					"arch":	"32-bit",
					"appSettings":	{
						"appCompilerFlags":	"",
						"appLinkerFlags":	""
					},
					"addedLibs":	[],
					"libOptions":	{
						"libsContainingOptions":	[]
					},
					"prebuiltLibs":	{
						"prebuiltIncPath":	[],
						"prebuiltLibPath":	[]
					},
					"isolation":	{
					}
				}]
		}]
}
KEYINFO::2025-07-03.13:47:37::SCWPlatform::updated the xpfm file.
TRACE::2025-07-03.13:47:37::SCWPlatform::Trying to open the hw design at F:/SE/Vitis/cajaFuerteFinal/cajaParpadeo/hw/cajaParpadeo.xsa
TRACE::2025-07-03.13:47:37::SCWPlatform::DSA given F:/SE/Vitis/cajaFuerteFinal/cajaParpadeo/hw/cajaParpadeo.xsa
TRACE::2025-07-03.13:47:37::SCWPlatform::DSA absoulate path F:/SE/Vitis/cajaFuerteFinal/cajaParpadeo/hw/cajaParpadeo.xsa
TRACE::2025-07-03.13:47:37::SCWPlatform::DSA directory F:/SE/Vitis/cajaFuerteFinal/cajaParpadeo/hw
TRACE::2025-07-03.13:47:37::SCWPlatform:: Platform Path F:/SE/Vitis/cajaFuerteFinal/cajaParpadeo/hw/cajaParpadeo.xsa
TRACE::2025-07-03.13:47:37::SCWPlatform:: Unique name xilinx:basys3::0.0
TRACE::2025-07-03.13:47:37::SCWPlatform::Trying to set the existing hwdb with name design_1_wrapper_0
TRACE::2025-07-03.13:47:37::SCWPlatform::Opened existing hwdb design_1_wrapper_0
TRACE::2025-07-03.13:47:37::SCWPlatform::Found the Hw Db part of the input DSA
TRACE::2025-07-03.13:47:37::SCWMssOS::Checking the sw design at  F:/SE/Vitis/cajaFuerteFinal/cajaParpadeo/microblaze_0/standalone_microblaze_0/bsp/system.mss
TRACE::2025-07-03.13:47:37::SCWMssOS::DEBUG:  swdes dump  F:/SE/Vitis/cajaFuerteFinal/cajaParpadeo/microblaze_0/standalone_microblaze_0/bsp/system.mss|system||

TRACE::2025-07-03.13:47:37::SCWMssOS::Sw design exists and opened at  F:/SE/Vitis/cajaFuerteFinal/cajaParpadeo/microblaze_0/standalone_microblaze_0/bsp/system.mss
