TRACE::2025-06-21.19:46:28::SCWPlatform::Trying to open the hw design at D:/SE/Vitis/prueba_motor/motor_prueba/hw/motor_prueba.xsa
TRACE::2025-06-21.19:46:28::SCWPlatform::DSA given D:/SE/Vitis/prueba_motor/motor_prueba/hw/motor_prueba.xsa
TRACE::2025-06-21.19:46:28::SCWPlatform::DSA absoulate path D:/SE/Vitis/prueba_motor/motor_prueba/hw/motor_prueba.xsa
TRACE::2025-06-21.19:46:28::SCWPlatform::DSA directory D:/SE/Vitis/prueba_motor/motor_prueba/hw
TRACE::2025-06-21.19:46:28::SCWPlatform:: Platform Path D:/SE/Vitis/prueba_motor/motor_prueba/hw/motor_prueba.xsa
TRACE::2025-06-21.19:46:28::SCWPlatform:: Unique name xilinx:basys3::0.0
TRACE::2025-06-21.19:46:28::SCWPlatform::Do not have an existing db opened. 
TRACE::2025-06-21.19:46:30::SCWPlatform::Opened new HwDB with name design_1_wrapper_0
TRACE::2025-06-21.19:46:30::SCWWriter::formatted JSON is {
	"platformName":	"motor_prueba",
	"sprVersion":	"2.0",
	"mode":	"gui",
	"dsaType":	"Fixed",
	"platformDesc":	"motor_prueba",
	"platHandOff":	"D:/SE/Vivado/proyecto/motor_prueba.xsa",
	"platIntHandOff":	"<platformDir>/hw/motor_prueba.xsa",
	"deviceType":	"FPGA",
	"platIsPrebuiltAutogen":	"false",
	"platIsNoBootBsp":	"false",
	"hasFsblMakeHasChanges":	"false",
	"hasPmufwMakeHasChanges":	"false",
	"platPreBuiltFlag":	false,
	"platformSamplesDir":	""
}
TRACE::2025-06-21.19:46:30::SCWWriter::formatted JSON is {
	"platformName":	"motor_prueba",
	"sprVersion":	"2.0",
	"mode":	"gui",
	"dsaType":	"Fixed",
	"platformDesc":	"motor_prueba",
	"platHandOff":	"D:/SE/Vivado/proyecto/motor_prueba.xsa",
	"platIntHandOff":	"<platformDir>/hw/motor_prueba.xsa",
	"deviceType":	"FPGA",
	"platIsPrebuiltAutogen":	"false",
	"platIsNoBootBsp":	"false",
	"hasFsblMakeHasChanges":	"false",
	"hasPmufwMakeHasChanges":	"false",
	"platPreBuiltFlag":	false,
	"platformSamplesDir":	"",
	"platActiveSys":	"motor_prueba",
	"systems":	[{
			"systemName":	"motor_prueba",
			"systemDesc":	"motor_prueba",
			"sysIsBootAutoGen":	"true",
			"systemDispName":	"motor_prueba"
		}]
}
TRACE::2025-06-21.19:46:30::SCWPlatform::Boot application domains not present, creating them
TRACE::2025-06-21.19:46:30::SCWPlatform::Pure FPGA device, no boot application will be created.
TRACE::2025-06-21.19:46:30::SCWWriter::formatted JSON is {
	"platformName":	"motor_prueba",
	"sprVersion":	"2.0",
	"mode":	"gui",
	"dsaType":	"Fixed",
	"platformDesc":	"motor_prueba",
	"platHandOff":	"D:/SE/Vivado/proyecto/motor_prueba.xsa",
	"platIntHandOff":	"<platformDir>/hw/motor_prueba.xsa",
	"deviceType":	"FPGA",
	"platIsPrebuiltAutogen":	"false",
	"platIsNoBootBsp":	"false",
	"hasFsblMakeHasChanges":	"false",
	"hasPmufwMakeHasChanges":	"false",
	"platPreBuiltFlag":	false,
	"platformSamplesDir":	"",
	"platActiveSys":	"motor_prueba",
	"systems":	[{
			"systemName":	"motor_prueba",
			"systemDesc":	"motor_prueba",
			"sysIsBootAutoGen":	"true",
			"systemDispName":	"motor_prueba"
		}]
}
TRACE::2025-06-21.19:46:30::SCWWriter::formatted JSON is {
	"platformName":	"motor_prueba",
	"sprVersion":	"2.0",
	"mode":	"gui",
	"dsaType":	"Fixed",
	"platformDesc":	"motor_prueba",
	"platHandOff":	"D:/SE/Vivado/proyecto/motor_prueba.xsa",
	"platIntHandOff":	"<platformDir>/hw/motor_prueba.xsa",
	"deviceType":	"FPGA",
	"platIsPrebuiltAutogen":	"false",
	"platIsNoBootBsp":	"false",
	"hasFsblMakeHasChanges":	"false",
	"hasPmufwMakeHasChanges":	"false",
	"platPreBuiltFlag":	false,
	"platformSamplesDir":	"",
	"platActiveSys":	"motor_prueba",
	"systems":	[{
			"systemName":	"motor_prueba",
			"systemDesc":	"motor_prueba",
			"sysIsBootAutoGen":	"true",
			"systemDispName":	"motor_prueba"
		}]
}
TRACE::2025-06-21.19:46:30::SCWPlatform::Trying to open the hw design at D:/SE/Vitis/prueba_motor/motor_prueba/hw/motor_prueba.xsa
TRACE::2025-06-21.19:46:30::SCWPlatform::DSA given D:/SE/Vitis/prueba_motor/motor_prueba/hw/motor_prueba.xsa
TRACE::2025-06-21.19:46:30::SCWPlatform::DSA absoulate path D:/SE/Vitis/prueba_motor/motor_prueba/hw/motor_prueba.xsa
TRACE::2025-06-21.19:46:30::SCWPlatform::DSA directory D:/SE/Vitis/prueba_motor/motor_prueba/hw
TRACE::2025-06-21.19:46:30::SCWPlatform:: Platform Path D:/SE/Vitis/prueba_motor/motor_prueba/hw/motor_prueba.xsa
TRACE::2025-06-21.19:46:30::SCWPlatform:: Unique name xilinx:basys3::0.0
TRACE::2025-06-21.19:46:30::SCWPlatform::Trying to set the existing hwdb with name design_1_wrapper_0
TRACE::2025-06-21.19:46:30::SCWPlatform::Opened existing hwdb design_1_wrapper_0
TRACE::2025-06-21.19:46:30::SCWPlatform::Found the Hw Db part of the input DSA
TRACE::2025-06-21.19:46:30::SCWPlatform::Trying to open the hw design at D:/SE/Vitis/prueba_motor/motor_prueba/hw/motor_prueba.xsa
TRACE::2025-06-21.19:46:30::SCWPlatform::DSA given D:/SE/Vitis/prueba_motor/motor_prueba/hw/motor_prueba.xsa
TRACE::2025-06-21.19:46:30::SCWPlatform::DSA absoulate path D:/SE/Vitis/prueba_motor/motor_prueba/hw/motor_prueba.xsa
TRACE::2025-06-21.19:46:30::SCWPlatform::DSA directory D:/SE/Vitis/prueba_motor/motor_prueba/hw
TRACE::2025-06-21.19:46:30::SCWPlatform:: Platform Path D:/SE/Vitis/prueba_motor/motor_prueba/hw/motor_prueba.xsa
TRACE::2025-06-21.19:46:30::SCWPlatform:: Unique name xilinx:basys3::0.0
TRACE::2025-06-21.19:46:30::SCWPlatform::Trying to set the existing hwdb with name design_1_wrapper_0
TRACE::2025-06-21.19:46:30::SCWPlatform::Opened existing hwdb design_1_wrapper_0
TRACE::2025-06-21.19:46:30::SCWPlatform::Found the Hw Db part of the input DSA
TRACE::2025-06-21.19:46:30::SCWDomain::checking for install qemu data   : 
TRACE::2025-06-21.19:46:30::SCWPlatform::Trying to open the hw design at D:/SE/Vitis/prueba_motor/motor_prueba/hw/motor_prueba.xsa
TRACE::2025-06-21.19:46:30::SCWPlatform::DSA given D:/SE/Vitis/prueba_motor/motor_prueba/hw/motor_prueba.xsa
TRACE::2025-06-21.19:46:31::SCWPlatform::DSA absoulate path D:/SE/Vitis/prueba_motor/motor_prueba/hw/motor_prueba.xsa
TRACE::2025-06-21.19:46:31::SCWPlatform::DSA directory D:/SE/Vitis/prueba_motor/motor_prueba/hw
TRACE::2025-06-21.19:46:31::SCWPlatform:: Platform Path D:/SE/Vitis/prueba_motor/motor_prueba/hw/motor_prueba.xsa
TRACE::2025-06-21.19:46:31::SCWPlatform:: Unique name xilinx:basys3::0.0
TRACE::2025-06-21.19:46:31::SCWPlatform::Trying to set the existing hwdb with name design_1_wrapper_0
TRACE::2025-06-21.19:46:31::SCWPlatform::Opened existing hwdb design_1_wrapper_0
TRACE::2025-06-21.19:46:31::SCWPlatform::Found the Hw Db part of the input DSA
TRACE::2025-06-21.19:46:31::SCWPlatform::Trying to open the hw design at D:/SE/Vitis/prueba_motor/motor_prueba/hw/motor_prueba.xsa
TRACE::2025-06-21.19:46:31::SCWPlatform::DSA given D:/SE/Vitis/prueba_motor/motor_prueba/hw/motor_prueba.xsa
TRACE::2025-06-21.19:46:31::SCWPlatform::DSA absoulate path D:/SE/Vitis/prueba_motor/motor_prueba/hw/motor_prueba.xsa
TRACE::2025-06-21.19:46:31::SCWPlatform::DSA directory D:/SE/Vitis/prueba_motor/motor_prueba/hw
TRACE::2025-06-21.19:46:31::SCWPlatform:: Platform Path D:/SE/Vitis/prueba_motor/motor_prueba/hw/motor_prueba.xsa
TRACE::2025-06-21.19:46:31::SCWPlatform:: Unique name xilinx:basys3::0.0
TRACE::2025-06-21.19:46:31::SCWPlatform::Trying to set the existing hwdb with name design_1_wrapper_0
TRACE::2025-06-21.19:46:31::SCWPlatform::Opened existing hwdb design_1_wrapper_0
TRACE::2025-06-21.19:46:31::SCWPlatform::Found the Hw Db part of the input DSA
TRACE::2025-06-21.19:46:31::SCWPlatform::Trying to open the hw design at D:/SE/Vitis/prueba_motor/motor_prueba/hw/motor_prueba.xsa
TRACE::2025-06-21.19:46:31::SCWPlatform::DSA given D:/SE/Vitis/prueba_motor/motor_prueba/hw/motor_prueba.xsa
TRACE::2025-06-21.19:46:31::SCWPlatform::DSA absoulate path D:/SE/Vitis/prueba_motor/motor_prueba/hw/motor_prueba.xsa
TRACE::2025-06-21.19:46:31::SCWPlatform::DSA directory D:/SE/Vitis/prueba_motor/motor_prueba/hw
TRACE::2025-06-21.19:46:31::SCWPlatform:: Platform Path D:/SE/Vitis/prueba_motor/motor_prueba/hw/motor_prueba.xsa
TRACE::2025-06-21.19:46:31::SCWPlatform:: Unique name xilinx:basys3::0.0
TRACE::2025-06-21.19:46:31::SCWPlatform::Trying to set the existing hwdb with name design_1_wrapper_0
TRACE::2025-06-21.19:46:31::SCWPlatform::Opened existing hwdb design_1_wrapper_0
TRACE::2025-06-21.19:46:31::SCWPlatform::Found the Hw Db part of the input DSA
TRACE::2025-06-21.19:46:31::SCWMssOS::Checking the sw design at  D:/SE/Vitis/prueba_motor/motor_prueba/microblaze_0/standalone_microblaze_0/bsp/system.mss
TRACE::2025-06-21.19:46:31::SCWMssOS::DEBUG:  swdes dump  
TRACE::2025-06-21.19:46:31::SCWMssOS::No sw design opened at  D:/SE/Vitis/prueba_motor/motor_prueba/microblaze_0/standalone_microblaze_0/bsp/system.mss
TRACE::2025-06-21.19:46:31::SCWMssOS::mss does not exists at D:/SE/Vitis/prueba_motor/motor_prueba/microblaze_0/standalone_microblaze_0/bsp/system.mss
TRACE::2025-06-21.19:46:31::SCWMssOS::Creating sw design at  D:/SE/Vitis/prueba_motor/motor_prueba/microblaze_0/standalone_microblaze_0/bsp/system.mss
TRACE::2025-06-21.19:46:31::SCWMssOS::Adding the swdes entry, created swdb D:/SE/Vitis/prueba_motor/motor_prueba/microblaze_0/standalone_microblaze_0/bsp/system.mss with des name D:/SE/Vitis/prueba_motor/motor_prueba/microblaze_0/standalone_microblaze_0/bsp/system.mss
TRACE::2025-06-21.19:46:31::SCWMssOS::updating the scw layer changes to swdes at   D:/SE/Vitis/prueba_motor/motor_prueba/microblaze_0/standalone_microblaze_0/bsp/system.mss
TRACE::2025-06-21.19:46:31::SCWMssOS::Writing mss at D:/SE/Vitis/prueba_motor/motor_prueba/microblaze_0/standalone_microblaze_0/bsp/system.mss
TRACE::2025-06-21.19:46:31::SCWMssOS::Completed writing the mss file at D:/SE/Vitis/prueba_motor/motor_prueba/microblaze_0/standalone_microblaze_0/bsp
TRACE::2025-06-21.19:46:31::SCWMssOS::Picking up changes from newly written mss file into SCW Layer. 
TRACE::2025-06-21.19:46:31::SCWMssOS::Updated the changes from newly written mss file into SCW Layer. 
TRACE::2025-06-21.19:46:31::SCWMssOS::Completed writing the mss file at D:/SE/Vitis/prueba_motor/motor_prueba/microblaze_0/standalone_microblaze_0/bsp
TRACE::2025-06-21.19:46:31::SCWMssOS::Forcing BSP Sources regeneration.
TRACE::2025-06-21.19:46:45::SCWMssOS::Saving the mss changes D:/SE/Vitis/prueba_motor/motor_prueba/microblaze_0/standalone_microblaze_0/bsp/system.mss
TRACE::2025-06-21.19:46:45::SCWMssOS::Adding the swdes entry, mss present, able to open swdb D:/SE/Vitis/prueba_motor/motor_prueba/microblaze_0/standalone_microblaze_0/bsp/system.mss with des name system
TRACE::2025-06-21.19:46:45::SCWMssOS::Writing the mss file completed D:/SE/Vitis/prueba_motor/motor_prueba/microblaze_0/standalone_microblaze_0/bsp/system.mss
TRACE::2025-06-21.19:46:45::SCWMssOS::Commit changes completed.
TRACE::2025-06-21.19:46:45::SCWPlatform::Trying to open the hw design at D:/SE/Vitis/prueba_motor/motor_prueba/hw/motor_prueba.xsa
TRACE::2025-06-21.19:46:45::SCWPlatform::DSA given D:/SE/Vitis/prueba_motor/motor_prueba/hw/motor_prueba.xsa
TRACE::2025-06-21.19:46:45::SCWPlatform::DSA absoulate path D:/SE/Vitis/prueba_motor/motor_prueba/hw/motor_prueba.xsa
TRACE::2025-06-21.19:46:45::SCWPlatform::DSA directory D:/SE/Vitis/prueba_motor/motor_prueba/hw
TRACE::2025-06-21.19:46:45::SCWPlatform:: Platform Path D:/SE/Vitis/prueba_motor/motor_prueba/hw/motor_prueba.xsa
TRACE::2025-06-21.19:46:45::SCWPlatform:: Unique name xilinx:basys3::0.0
TRACE::2025-06-21.19:46:45::SCWPlatform::Trying to set the existing hwdb with name design_1_wrapper_0
TRACE::2025-06-21.19:46:45::SCWPlatform::Opened existing hwdb design_1_wrapper_0
TRACE::2025-06-21.19:46:45::SCWPlatform::Found the Hw Db part of the input DSA
TRACE::2025-06-21.19:46:45::SCWMssOS::Checking the sw design at  D:/SE/Vitis/prueba_motor/motor_prueba/microblaze_0/standalone_microblaze_0/bsp/system.mss
TRACE::2025-06-21.19:46:45::SCWMssOS::DEBUG:  swdes dump  D:/SE/Vitis/prueba_motor/motor_prueba/microblaze_0/standalone_microblaze_0/bsp/system.mss|system||

TRACE::2025-06-21.19:46:45::SCWMssOS::Sw design exists and opened at  D:/SE/Vitis/prueba_motor/motor_prueba/microblaze_0/standalone_microblaze_0/bsp/system.mss
TRACE::2025-06-21.19:46:45::SCWPlatform::Trying to open the hw design at D:/SE/Vitis/prueba_motor/motor_prueba/hw/motor_prueba.xsa
TRACE::2025-06-21.19:46:46::SCWPlatform::DSA given D:/SE/Vitis/prueba_motor/motor_prueba/hw/motor_prueba.xsa
TRACE::2025-06-21.19:46:46::SCWPlatform::DSA absoulate path D:/SE/Vitis/prueba_motor/motor_prueba/hw/motor_prueba.xsa
TRACE::2025-06-21.19:46:46::SCWPlatform::DSA directory D:/SE/Vitis/prueba_motor/motor_prueba/hw
TRACE::2025-06-21.19:46:46::SCWPlatform:: Platform Path D:/SE/Vitis/prueba_motor/motor_prueba/hw/motor_prueba.xsa
TRACE::2025-06-21.19:46:46::SCWPlatform:: Unique name xilinx:basys3::0.0
TRACE::2025-06-21.19:46:46::SCWPlatform::Trying to set the existing hwdb with name design_1_wrapper_0
TRACE::2025-06-21.19:46:46::SCWPlatform::Opened existing hwdb design_1_wrapper_0
TRACE::2025-06-21.19:46:46::SCWPlatform::Found the Hw Db part of the input DSA
TRACE::2025-06-21.19:46:46::SCWMssOS::Checking the sw design at  D:/SE/Vitis/prueba_motor/motor_prueba/microblaze_0/standalone_microblaze_0/bsp/system.mss
TRACE::2025-06-21.19:46:46::SCWMssOS::DEBUG:  swdes dump  D:/SE/Vitis/prueba_motor/motor_prueba/microblaze_0/standalone_microblaze_0/bsp/system.mss|system||

TRACE::2025-06-21.19:46:46::SCWMssOS::Sw design exists and opened at  D:/SE/Vitis/prueba_motor/motor_prueba/microblaze_0/standalone_microblaze_0/bsp/system.mss
TRACE::2025-06-21.19:46:46::SCWPlatform::Trying to open the hw design at D:/SE/Vitis/prueba_motor/motor_prueba/hw/motor_prueba.xsa
TRACE::2025-06-21.19:46:46::SCWPlatform::DSA given D:/SE/Vitis/prueba_motor/motor_prueba/hw/motor_prueba.xsa
TRACE::2025-06-21.19:46:46::SCWPlatform::DSA absoulate path D:/SE/Vitis/prueba_motor/motor_prueba/hw/motor_prueba.xsa
TRACE::2025-06-21.19:46:46::SCWPlatform::DSA directory D:/SE/Vitis/prueba_motor/motor_prueba/hw
TRACE::2025-06-21.19:46:46::SCWPlatform:: Platform Path D:/SE/Vitis/prueba_motor/motor_prueba/hw/motor_prueba.xsa
TRACE::2025-06-21.19:46:46::SCWPlatform:: Unique name xilinx:basys3::0.0
TRACE::2025-06-21.19:46:46::SCWPlatform::Trying to set the existing hwdb with name design_1_wrapper_0
TRACE::2025-06-21.19:46:46::SCWPlatform::Opened existing hwdb design_1_wrapper_0
TRACE::2025-06-21.19:46:46::SCWPlatform::Found the Hw Db part of the input DSA
TRACE::2025-06-21.19:46:46::SCWMssOS::Checking the sw design at  D:/SE/Vitis/prueba_motor/motor_prueba/microblaze_0/standalone_microblaze_0/bsp/system.mss
TRACE::2025-06-21.19:46:46::SCWMssOS::DEBUG:  swdes dump  D:/SE/Vitis/prueba_motor/motor_prueba/microblaze_0/standalone_microblaze_0/bsp/system.mss|system||

TRACE::2025-06-21.19:46:46::SCWMssOS::Sw design exists and opened at  D:/SE/Vitis/prueba_motor/motor_prueba/microblaze_0/standalone_microblaze_0/bsp/system.mss
TRACE::2025-06-21.19:46:46::SCWWriter::formatted JSON is {
	"platformName":	"motor_prueba",
	"sprVersion":	"2.0",
	"mode":	"gui",
	"dsaType":	"Fixed",
	"platformDesc":	"motor_prueba",
	"platHandOff":	"D:/SE/Vivado/proyecto/motor_prueba.xsa",
	"platIntHandOff":	"<platformDir>/hw/motor_prueba.xsa",
	"deviceType":	"FPGA",
	"platIsPrebuiltAutogen":	"false",
	"platIsNoBootBsp":	"false",
	"hasFsblMakeHasChanges":	"false",
	"hasPmufwMakeHasChanges":	"false",
	"platPreBuiltFlag":	false,
	"platformSamplesDir":	"",
	"platActiveSys":	"motor_prueba",
	"systems":	[{
			"systemName":	"motor_prueba",
			"systemDesc":	"motor_prueba",
			"sysIsBootAutoGen":	"true",
			"systemDispName":	"motor_prueba",
			"sysActiveDom":	"standalone_microblaze_0",
			"sysDefaultDom":	"standalone_microblaze_0",
			"domains":	[{
					"domainName":	"standalone_microblaze_0",
					"domainDispName":	"standalone_microblaze_0",
					"domainDesc":	"standalone_microblaze_0",
					"processors":	"microblaze_0",
					"os":	"standalone",
					"sdxOs":	"standalone",
					"debugEnable":	"False",
					"domRuntimes":	["cpp"],
					"swRepo":	"",
					"mssOsVer":	"8.1",
					"mssFile":	"",
					"md5Digest":	"1d82526cbae982d7c1b656523115b226",
					"compatibleApp":	"peripheral_tests",
					"domType":	"mssDomain",
					"arch":	"32-bit",
					"appSettings":	{
						"appCompilerFlags":	"",
						"appLinkerFlags":	""
					},
					"addedLibs":	[],
					"libOptions":	{
						"libsContainingOptions":	[]
					},
					"prebuiltLibs":	{
						"prebuiltIncPath":	[],
						"prebuiltLibPath":	[]
					},
					"isolation":	{
					}
				}]
		}]
}
LOG::2025-06-21.19:46:46::SCWPlatform::Started generating the artifacts platform motor_prueba
TRACE::2025-06-21.19:46:46::SCWPlatform::Sanity checking of platform is completed
LOG::2025-06-21.19:46:46::SCWPlatform::Started generating the artifacts for system configuration motor_prueba
LOG::2025-06-21.19:46:46::SCWSystem::Checking the domain standalone_microblaze_0
LOG::2025-06-21.19:46:46::SCWSystem::Not a boot domain 
LOG::2025-06-21.19:46:46::SCWSystem::Started Processing the domain standalone_microblaze_0
TRACE::2025-06-21.19:46:46::SCWDomain::Generating domain artifcats
TRACE::2025-06-21.19:46:46::SCWMssOS::Generating standalone artifcats
TRACE::2025-06-21.19:46:46::SCWMssOS:: Copying the user libraries. 
TRACE::2025-06-21.19:46:46::SCWPlatform::Trying to open the hw design at D:/SE/Vitis/prueba_motor/motor_prueba/hw/motor_prueba.xsa
TRACE::2025-06-21.19:46:46::SCWPlatform::DSA given D:/SE/Vitis/prueba_motor/motor_prueba/hw/motor_prueba.xsa
TRACE::2025-06-21.19:46:46::SCWPlatform::DSA absoulate path D:/SE/Vitis/prueba_motor/motor_prueba/hw/motor_prueba.xsa
TRACE::2025-06-21.19:46:46::SCWPlatform::DSA directory D:/SE/Vitis/prueba_motor/motor_prueba/hw
TRACE::2025-06-21.19:46:46::SCWPlatform:: Platform Path D:/SE/Vitis/prueba_motor/motor_prueba/hw/motor_prueba.xsa
TRACE::2025-06-21.19:46:46::SCWPlatform:: Unique name xilinx:basys3::0.0
TRACE::2025-06-21.19:46:46::SCWPlatform::Trying to set the existing hwdb with name design_1_wrapper_0
TRACE::2025-06-21.19:46:46::SCWPlatform::Opened existing hwdb design_1_wrapper_0
TRACE::2025-06-21.19:46:46::SCWPlatform::Found the Hw Db part of the input DSA
TRACE::2025-06-21.19:46:46::SCWMssOS::Checking the sw design at  D:/SE/Vitis/prueba_motor/motor_prueba/microblaze_0/standalone_microblaze_0/bsp/system.mss
TRACE::2025-06-21.19:46:46::SCWMssOS::DEBUG:  swdes dump  D:/SE/Vitis/prueba_motor/motor_prueba/microblaze_0/standalone_microblaze_0/bsp/system.mss|system||

TRACE::2025-06-21.19:46:46::SCWMssOS::Sw design exists and opened at  D:/SE/Vitis/prueba_motor/motor_prueba/microblaze_0/standalone_microblaze_0/bsp/system.mss
TRACE::2025-06-21.19:46:46::SCWMssOS::Completed writing the mss file at D:/SE/Vitis/prueba_motor/motor_prueba/microblaze_0/standalone_microblaze_0/bsp
TRACE::2025-06-21.19:46:46::SCWMssOS::Mss edits present, copying mssfile into export location D:/SE/Vitis/prueba_motor/motor_prueba/microblaze_0/standalone_microblaze_0/bsp/system.mss
TRACE::2025-06-21.19:46:46::SCWMssOS::bsp generated is upto date with the mss file. Skipping bsp generation.
TRACE::2025-06-21.19:46:46::SCWMssOS::BSP is already built. skipping the bsp build ... 
TRACE::2025-06-21.19:46:46::SCWDomain::Skipping the build for domain :  standalone_microblaze_0
TRACE::2025-06-21.19:46:46::SCWMssOS::skipping the bsp build ... 
TRACE::2025-06-21.19:46:46::SCWMssOS::Copying to export directory.
TRACE::2025-06-21.19:46:47::SCWMssOS:: Checking if to create the Supporting Applications
TRACE::2025-06-21.19:46:47::SCWMssOS:: No Linux domain exists, trying to generate FSBL 
LOG::2025-06-21.19:46:47::SCWSystem::Completed Processing the domain standalone_microblaze_0
LOG::2025-06-21.19:46:47::SCWSystem::Completed Processing the sysconfig motor_prueba
LOG::2025-06-21.19:46:47::SCWPlatform::Completed generating the artifacts for system configuration motor_prueba
TRACE::2025-06-21.19:46:47::SCWPlatform::Started preparing the platform 
TRACE::2025-06-21.19:46:47::SCWSystem::Writing the bif file for system config motor_prueba
TRACE::2025-06-21.19:46:47::SCWSystem::dir created 
TRACE::2025-06-21.19:46:47::SCWSystem::Writing the bif 
TRACE::2025-06-21.19:46:47::SCWPlatform::Started writing the spfm file 
TRACE::2025-06-21.19:46:47::SCWPlatform::Started writing the xpfm file 
TRACE::2025-06-21.19:46:47::SCWPlatform::Completed generating the platform
TRACE::2025-06-21.19:46:47::SCWMssOS::Saving the mss changes D:/SE/Vitis/prueba_motor/motor_prueba/microblaze_0/standalone_microblaze_0/bsp/system.mss
TRACE::2025-06-21.19:46:47::SCWMssOS::Found a swdesign opened with the mssfile.
TRACE::2025-06-21.19:46:47::SCWMssOS::Completed writemss as part of save.
TRACE::2025-06-21.19:46:47::SCWMssOS::Commit changes completed.
TRACE::2025-06-21.19:46:47::SCWPlatform::Trying to open the hw design at D:/SE/Vitis/prueba_motor/motor_prueba/hw/motor_prueba.xsa
TRACE::2025-06-21.19:46:47::SCWPlatform::DSA given D:/SE/Vitis/prueba_motor/motor_prueba/hw/motor_prueba.xsa
TRACE::2025-06-21.19:46:47::SCWPlatform::DSA absoulate path D:/SE/Vitis/prueba_motor/motor_prueba/hw/motor_prueba.xsa
TRACE::2025-06-21.19:46:47::SCWPlatform::DSA directory D:/SE/Vitis/prueba_motor/motor_prueba/hw
TRACE::2025-06-21.19:46:47::SCWPlatform:: Platform Path D:/SE/Vitis/prueba_motor/motor_prueba/hw/motor_prueba.xsa
TRACE::2025-06-21.19:46:47::SCWPlatform:: Unique name xilinx:basys3::0.0
TRACE::2025-06-21.19:46:47::SCWPlatform::Trying to set the existing hwdb with name design_1_wrapper_0
TRACE::2025-06-21.19:46:47::SCWPlatform::Opened existing hwdb design_1_wrapper_0
TRACE::2025-06-21.19:46:47::SCWPlatform::Found the Hw Db part of the input DSA
TRACE::2025-06-21.19:46:48::SCWMssOS::Checking the sw design at  D:/SE/Vitis/prueba_motor/motor_prueba/microblaze_0/standalone_microblaze_0/bsp/system.mss
TRACE::2025-06-21.19:46:48::SCWMssOS::DEBUG:  swdes dump  D:/SE/Vitis/prueba_motor/motor_prueba/microblaze_0/standalone_microblaze_0/bsp/system.mss|system||

TRACE::2025-06-21.19:46:48::SCWMssOS::Sw design exists and opened at  D:/SE/Vitis/prueba_motor/motor_prueba/microblaze_0/standalone_microblaze_0/bsp/system.mss
TRACE::2025-06-21.19:46:48::SCWPlatform::Trying to open the hw design at D:/SE/Vitis/prueba_motor/motor_prueba/hw/motor_prueba.xsa
TRACE::2025-06-21.19:46:48::SCWPlatform::DSA given D:/SE/Vitis/prueba_motor/motor_prueba/hw/motor_prueba.xsa
TRACE::2025-06-21.19:46:48::SCWPlatform::DSA absoulate path D:/SE/Vitis/prueba_motor/motor_prueba/hw/motor_prueba.xsa
TRACE::2025-06-21.19:46:48::SCWPlatform::DSA directory D:/SE/Vitis/prueba_motor/motor_prueba/hw
TRACE::2025-06-21.19:46:48::SCWPlatform:: Platform Path D:/SE/Vitis/prueba_motor/motor_prueba/hw/motor_prueba.xsa
TRACE::2025-06-21.19:46:48::SCWPlatform:: Unique name xilinx:basys3::0.0
TRACE::2025-06-21.19:46:48::SCWPlatform::Trying to set the existing hwdb with name design_1_wrapper_0
TRACE::2025-06-21.19:46:48::SCWPlatform::Opened existing hwdb design_1_wrapper_0
TRACE::2025-06-21.19:46:48::SCWPlatform::Found the Hw Db part of the input DSA
TRACE::2025-06-21.19:46:48::SCWMssOS::Checking the sw design at  D:/SE/Vitis/prueba_motor/motor_prueba/microblaze_0/standalone_microblaze_0/bsp/system.mss
TRACE::2025-06-21.19:46:48::SCWMssOS::DEBUG:  swdes dump  D:/SE/Vitis/prueba_motor/motor_prueba/microblaze_0/standalone_microblaze_0/bsp/system.mss|system||

TRACE::2025-06-21.19:46:48::SCWMssOS::Sw design exists and opened at  D:/SE/Vitis/prueba_motor/motor_prueba/microblaze_0/standalone_microblaze_0/bsp/system.mss
TRACE::2025-06-21.19:46:48::SCWPlatform::Trying to open the hw design at D:/SE/Vitis/prueba_motor/motor_prueba/hw/motor_prueba.xsa
TRACE::2025-06-21.19:46:48::SCWPlatform::DSA given D:/SE/Vitis/prueba_motor/motor_prueba/hw/motor_prueba.xsa
TRACE::2025-06-21.19:46:48::SCWPlatform::DSA absoulate path D:/SE/Vitis/prueba_motor/motor_prueba/hw/motor_prueba.xsa
TRACE::2025-06-21.19:46:48::SCWPlatform::DSA directory D:/SE/Vitis/prueba_motor/motor_prueba/hw
TRACE::2025-06-21.19:46:48::SCWPlatform:: Platform Path D:/SE/Vitis/prueba_motor/motor_prueba/hw/motor_prueba.xsa
TRACE::2025-06-21.19:46:48::SCWPlatform:: Unique name xilinx:basys3::0.0
TRACE::2025-06-21.19:46:48::SCWPlatform::Trying to set the existing hwdb with name design_1_wrapper_0
TRACE::2025-06-21.19:46:48::SCWPlatform::Opened existing hwdb design_1_wrapper_0
TRACE::2025-06-21.19:46:48::SCWPlatform::Found the Hw Db part of the input DSA
TRACE::2025-06-21.19:46:48::SCWMssOS::Checking the sw design at  D:/SE/Vitis/prueba_motor/motor_prueba/microblaze_0/standalone_microblaze_0/bsp/system.mss
TRACE::2025-06-21.19:46:48::SCWMssOS::DEBUG:  swdes dump  D:/SE/Vitis/prueba_motor/motor_prueba/microblaze_0/standalone_microblaze_0/bsp/system.mss|system||

TRACE::2025-06-21.19:46:48::SCWMssOS::Sw design exists and opened at  D:/SE/Vitis/prueba_motor/motor_prueba/microblaze_0/standalone_microblaze_0/bsp/system.mss
TRACE::2025-06-21.19:46:48::SCWWriter::formatted JSON is {
	"platformName":	"motor_prueba",
	"sprVersion":	"2.0",
	"mode":	"gui",
	"dsaType":	"Fixed",
	"platformDesc":	"motor_prueba",
	"platHandOff":	"D:/SE/Vivado/proyecto/motor_prueba.xsa",
	"platIntHandOff":	"<platformDir>/hw/motor_prueba.xsa",
	"deviceType":	"FPGA",
	"platIsPrebuiltAutogen":	"false",
	"platIsNoBootBsp":	"false",
	"hasFsblMakeHasChanges":	"false",
	"hasPmufwMakeHasChanges":	"false",
	"platPreBuiltFlag":	false,
	"platformSamplesDir":	"",
	"platActiveSys":	"motor_prueba",
	"systems":	[{
			"systemName":	"motor_prueba",
			"systemDesc":	"motor_prueba",
			"sysIsBootAutoGen":	"true",
			"systemDispName":	"motor_prueba",
			"sysActiveDom":	"standalone_microblaze_0",
			"sysDefaultDom":	"standalone_microblaze_0",
			"domains":	[{
					"domainName":	"standalone_microblaze_0",
					"domainDispName":	"standalone_microblaze_0",
					"domainDesc":	"standalone_microblaze_0",
					"processors":	"microblaze_0",
					"os":	"standalone",
					"sdxOs":	"standalone",
					"debugEnable":	"False",
					"domRuntimes":	["cpp"],
					"swRepo":	"",
					"mssOsVer":	"8.1",
					"mssFile":	"",
					"md5Digest":	"1d82526cbae982d7c1b656523115b226",
					"compatibleApp":	"peripheral_tests",
					"domType":	"mssDomain",
					"arch":	"32-bit",
					"appSettings":	{
						"appCompilerFlags":	"",
						"appLinkerFlags":	""
					},
					"addedLibs":	[],
					"libOptions":	{
						"libsContainingOptions":	[]
					},
					"prebuiltLibs":	{
						"prebuiltIncPath":	[],
						"prebuiltLibPath":	[]
					},
					"isolation":	{
					}
				}]
		}]
}
KEYINFO::2025-06-21.19:46:48::SCWPlatform::updated the xpfm file.
TRACE::2025-06-21.19:46:48::SCWPlatform::Trying to open the hw design at D:/SE/Vitis/prueba_motor/motor_prueba/hw/motor_prueba.xsa
TRACE::2025-06-21.19:46:48::SCWPlatform::DSA given D:/SE/Vitis/prueba_motor/motor_prueba/hw/motor_prueba.xsa
TRACE::2025-06-21.19:46:48::SCWPlatform::DSA absoulate path D:/SE/Vitis/prueba_motor/motor_prueba/hw/motor_prueba.xsa
TRACE::2025-06-21.19:46:48::SCWPlatform::DSA directory D:/SE/Vitis/prueba_motor/motor_prueba/hw
TRACE::2025-06-21.19:46:48::SCWPlatform:: Platform Path D:/SE/Vitis/prueba_motor/motor_prueba/hw/motor_prueba.xsa
TRACE::2025-06-21.19:46:48::SCWPlatform:: Unique name xilinx:basys3::0.0
TRACE::2025-06-21.19:46:48::SCWPlatform::Trying to set the existing hwdb with name design_1_wrapper_0
TRACE::2025-06-21.19:46:48::SCWPlatform::Opened existing hwdb design_1_wrapper_0
TRACE::2025-06-21.19:46:48::SCWPlatform::Found the Hw Db part of the input DSA
TRACE::2025-06-21.19:46:48::SCWMssOS::Checking the sw design at  D:/SE/Vitis/prueba_motor/motor_prueba/microblaze_0/standalone_microblaze_0/bsp/system.mss
TRACE::2025-06-21.19:46:48::SCWMssOS::DEBUG:  swdes dump  D:/SE/Vitis/prueba_motor/motor_prueba/microblaze_0/standalone_microblaze_0/bsp/system.mss|system||

TRACE::2025-06-21.19:46:48::SCWMssOS::Sw design exists and opened at  D:/SE/Vitis/prueba_motor/motor_prueba/microblaze_0/standalone_microblaze_0/bsp/system.mss
TRACE::2025-06-21.19:46:48::SCWMssOS::Saving the mss changes D:/SE/Vitis/prueba_motor/motor_prueba/microblaze_0/standalone_microblaze_0/bsp/system.mss
TRACE::2025-06-21.19:46:48::SCWMssOS::Found a swdesign opened with the mssfile.
TRACE::2025-06-21.19:46:48::SCWMssOS::Completed writemss as part of save.
TRACE::2025-06-21.19:46:49::SCWMssOS::Commit changes completed.
TRACE::2025-06-21.19:46:49::SCWPlatform::Trying to open the hw design at D:/SE/Vitis/prueba_motor/motor_prueba/hw/motor_prueba.xsa
TRACE::2025-06-21.19:46:49::SCWPlatform::DSA given D:/SE/Vitis/prueba_motor/motor_prueba/hw/motor_prueba.xsa
TRACE::2025-06-21.19:46:49::SCWPlatform::DSA absoulate path D:/SE/Vitis/prueba_motor/motor_prueba/hw/motor_prueba.xsa
TRACE::2025-06-21.19:46:49::SCWPlatform::DSA directory D:/SE/Vitis/prueba_motor/motor_prueba/hw
TRACE::2025-06-21.19:46:49::SCWPlatform:: Platform Path D:/SE/Vitis/prueba_motor/motor_prueba/hw/motor_prueba.xsa
TRACE::2025-06-21.19:46:49::SCWPlatform:: Unique name xilinx:basys3::0.0
TRACE::2025-06-21.19:46:49::SCWPlatform::Trying to set the existing hwdb with name design_1_wrapper_0
TRACE::2025-06-21.19:46:49::SCWPlatform::Opened existing hwdb design_1_wrapper_0
TRACE::2025-06-21.19:46:49::SCWPlatform::Found the Hw Db part of the input DSA
TRACE::2025-06-21.19:46:49::SCWMssOS::Checking the sw design at  D:/SE/Vitis/prueba_motor/motor_prueba/microblaze_0/standalone_microblaze_0/bsp/system.mss
TRACE::2025-06-21.19:46:49::SCWMssOS::DEBUG:  swdes dump  D:/SE/Vitis/prueba_motor/motor_prueba/microblaze_0/standalone_microblaze_0/bsp/system.mss|system||

TRACE::2025-06-21.19:46:49::SCWMssOS::Sw design exists and opened at  D:/SE/Vitis/prueba_motor/motor_prueba/microblaze_0/standalone_microblaze_0/bsp/system.mss
TRACE::2025-06-21.19:46:49::SCWPlatform::Trying to open the hw design at D:/SE/Vitis/prueba_motor/motor_prueba/hw/motor_prueba.xsa
TRACE::2025-06-21.19:46:49::SCWPlatform::DSA given D:/SE/Vitis/prueba_motor/motor_prueba/hw/motor_prueba.xsa
TRACE::2025-06-21.19:46:49::SCWPlatform::DSA absoulate path D:/SE/Vitis/prueba_motor/motor_prueba/hw/motor_prueba.xsa
TRACE::2025-06-21.19:46:49::SCWPlatform::DSA directory D:/SE/Vitis/prueba_motor/motor_prueba/hw
TRACE::2025-06-21.19:46:49::SCWPlatform:: Platform Path D:/SE/Vitis/prueba_motor/motor_prueba/hw/motor_prueba.xsa
TRACE::2025-06-21.19:46:49::SCWPlatform:: Unique name xilinx:basys3::0.0
TRACE::2025-06-21.19:46:49::SCWPlatform::Trying to set the existing hwdb with name design_1_wrapper_0
TRACE::2025-06-21.19:46:49::SCWPlatform::Opened existing hwdb design_1_wrapper_0
TRACE::2025-06-21.19:46:49::SCWPlatform::Found the Hw Db part of the input DSA
TRACE::2025-06-21.19:46:49::SCWMssOS::Checking the sw design at  D:/SE/Vitis/prueba_motor/motor_prueba/microblaze_0/standalone_microblaze_0/bsp/system.mss
TRACE::2025-06-21.19:46:49::SCWMssOS::DEBUG:  swdes dump  D:/SE/Vitis/prueba_motor/motor_prueba/microblaze_0/standalone_microblaze_0/bsp/system.mss|system||

TRACE::2025-06-21.19:46:49::SCWMssOS::Sw design exists and opened at  D:/SE/Vitis/prueba_motor/motor_prueba/microblaze_0/standalone_microblaze_0/bsp/system.mss
TRACE::2025-06-21.19:46:49::SCWPlatform::Trying to open the hw design at D:/SE/Vitis/prueba_motor/motor_prueba/hw/motor_prueba.xsa
TRACE::2025-06-21.19:46:49::SCWPlatform::DSA given D:/SE/Vitis/prueba_motor/motor_prueba/hw/motor_prueba.xsa
TRACE::2025-06-21.19:46:49::SCWPlatform::DSA absoulate path D:/SE/Vitis/prueba_motor/motor_prueba/hw/motor_prueba.xsa
TRACE::2025-06-21.19:46:49::SCWPlatform::DSA directory D:/SE/Vitis/prueba_motor/motor_prueba/hw
TRACE::2025-06-21.19:46:49::SCWPlatform:: Platform Path D:/SE/Vitis/prueba_motor/motor_prueba/hw/motor_prueba.xsa
TRACE::2025-06-21.19:46:49::SCWPlatform:: Unique name xilinx:basys3::0.0
TRACE::2025-06-21.19:46:49::SCWPlatform::Trying to set the existing hwdb with name design_1_wrapper_0
TRACE::2025-06-21.19:46:49::SCWPlatform::Opened existing hwdb design_1_wrapper_0
TRACE::2025-06-21.19:46:49::SCWPlatform::Found the Hw Db part of the input DSA
TRACE::2025-06-21.19:46:49::SCWMssOS::Checking the sw design at  D:/SE/Vitis/prueba_motor/motor_prueba/microblaze_0/standalone_microblaze_0/bsp/system.mss
TRACE::2025-06-21.19:46:49::SCWMssOS::DEBUG:  swdes dump  D:/SE/Vitis/prueba_motor/motor_prueba/microblaze_0/standalone_microblaze_0/bsp/system.mss|system||

TRACE::2025-06-21.19:46:49::SCWMssOS::Sw design exists and opened at  D:/SE/Vitis/prueba_motor/motor_prueba/microblaze_0/standalone_microblaze_0/bsp/system.mss
TRACE::2025-06-21.19:46:49::SCWWriter::formatted JSON is {
	"platformName":	"motor_prueba",
	"sprVersion":	"2.0",
	"mode":	"gui",
	"dsaType":	"Fixed",
	"platformDesc":	"motor_prueba",
	"platHandOff":	"D:/SE/Vivado/proyecto/motor_prueba.xsa",
	"platIntHandOff":	"<platformDir>/hw/motor_prueba.xsa",
	"deviceType":	"FPGA",
	"platIsPrebuiltAutogen":	"false",
	"platIsNoBootBsp":	"false",
	"hasFsblMakeHasChanges":	"false",
	"hasPmufwMakeHasChanges":	"false",
	"platPreBuiltFlag":	false,
	"platformSamplesDir":	"",
	"platActiveSys":	"motor_prueba",
	"systems":	[{
			"systemName":	"motor_prueba",
			"systemDesc":	"motor_prueba",
			"sysIsBootAutoGen":	"true",
			"systemDispName":	"motor_prueba",
			"sysActiveDom":	"standalone_microblaze_0",
			"sysDefaultDom":	"standalone_microblaze_0",
			"domains":	[{
					"domainName":	"standalone_microblaze_0",
					"domainDispName":	"standalone_microblaze_0",
					"domainDesc":	"standalone_microblaze_0",
					"processors":	"microblaze_0",
					"os":	"standalone",
					"sdxOs":	"standalone",
					"debugEnable":	"False",
					"domRuntimes":	["cpp"],
					"swRepo":	"",
					"mssOsVer":	"8.1",
					"mssFile":	"",
					"md5Digest":	"1d82526cbae982d7c1b656523115b226",
					"compatibleApp":	"peripheral_tests",
					"domType":	"mssDomain",
					"arch":	"32-bit",
					"appSettings":	{
						"appCompilerFlags":	"",
						"appLinkerFlags":	""
					},
					"addedLibs":	[],
					"libOptions":	{
						"libsContainingOptions":	[]
					},
					"prebuiltLibs":	{
						"prebuiltIncPath":	[],
						"prebuiltLibPath":	[]
					},
					"isolation":	{
					}
				}]
		}]
}
TRACE::2025-06-21.19:46:49::SCWPlatform::Trying to open the hw design at D:/SE/Vitis/prueba_motor/motor_prueba/hw/motor_prueba.xsa
TRACE::2025-06-21.19:46:49::SCWPlatform::DSA given D:/SE/Vitis/prueba_motor/motor_prueba/hw/motor_prueba.xsa
TRACE::2025-06-21.19:46:49::SCWPlatform::DSA absoulate path D:/SE/Vitis/prueba_motor/motor_prueba/hw/motor_prueba.xsa
TRACE::2025-06-21.19:46:49::SCWPlatform::DSA directory D:/SE/Vitis/prueba_motor/motor_prueba/hw
TRACE::2025-06-21.19:46:49::SCWPlatform:: Platform Path D:/SE/Vitis/prueba_motor/motor_prueba/hw/motor_prueba.xsa
TRACE::2025-06-21.19:46:49::SCWPlatform:: Unique name xilinx:basys3::0.0
TRACE::2025-06-21.19:46:49::SCWPlatform::Trying to set the existing hwdb with name design_1_wrapper_0
TRACE::2025-06-21.19:46:49::SCWPlatform::Opened existing hwdb design_1_wrapper_0
TRACE::2025-06-21.19:46:49::SCWPlatform::Found the Hw Db part of the input DSA
TRACE::2025-06-21.19:46:49::SCWMssOS::Checking the sw design at  D:/SE/Vitis/prueba_motor/motor_prueba/microblaze_0/standalone_microblaze_0/bsp/system.mss
TRACE::2025-06-21.19:46:49::SCWMssOS::DEBUG:  swdes dump  D:/SE/Vitis/prueba_motor/motor_prueba/microblaze_0/standalone_microblaze_0/bsp/system.mss|system||

TRACE::2025-06-21.19:46:49::SCWMssOS::Sw design exists and opened at  D:/SE/Vitis/prueba_motor/motor_prueba/microblaze_0/standalone_microblaze_0/bsp/system.mss
TRACE::2025-06-21.19:46:49::SCWPlatform::Trying to open the hw design at D:/SE/Vitis/prueba_motor/motor_prueba/hw/motor_prueba.xsa
TRACE::2025-06-21.19:46:49::SCWPlatform::DSA given D:/SE/Vitis/prueba_motor/motor_prueba/hw/motor_prueba.xsa
TRACE::2025-06-21.19:46:49::SCWPlatform::DSA absoulate path D:/SE/Vitis/prueba_motor/motor_prueba/hw/motor_prueba.xsa
TRACE::2025-06-21.19:46:49::SCWPlatform::DSA directory D:/SE/Vitis/prueba_motor/motor_prueba/hw
TRACE::2025-06-21.19:46:49::SCWPlatform:: Platform Path D:/SE/Vitis/prueba_motor/motor_prueba/hw/motor_prueba.xsa
TRACE::2025-06-21.19:46:49::SCWPlatform:: Unique name xilinx:basys3::0.0
TRACE::2025-06-21.19:46:49::SCWPlatform::Trying to set the existing hwdb with name design_1_wrapper_0
TRACE::2025-06-21.19:46:49::SCWPlatform::Opened existing hwdb design_1_wrapper_0
TRACE::2025-06-21.19:46:49::SCWPlatform::Found the Hw Db part of the input DSA
TRACE::2025-06-21.19:46:49::SCWMssOS::Checking the sw design at  D:/SE/Vitis/prueba_motor/motor_prueba/microblaze_0/standalone_microblaze_0/bsp/system.mss
TRACE::2025-06-21.19:46:49::SCWMssOS::DEBUG:  swdes dump  D:/SE/Vitis/prueba_motor/motor_prueba/microblaze_0/standalone_microblaze_0/bsp/system.mss|system||

TRACE::2025-06-21.19:46:49::SCWMssOS::Sw design exists and opened at  D:/SE/Vitis/prueba_motor/motor_prueba/microblaze_0/standalone_microblaze_0/bsp/system.mss
TRACE::2025-06-21.19:46:49::SCWMssOS::Saving the mss changes D:/SE/Vitis/prueba_motor/motor_prueba/microblaze_0/standalone_microblaze_0/bsp/system.mss
TRACE::2025-06-21.19:46:49::SCWMssOS::Found a swdesign opened with the mssfile.
TRACE::2025-06-21.19:46:49::SCWMssOS::Completed writemss as part of save.
TRACE::2025-06-21.19:46:49::SCWMssOS::Commit changes completed.
TRACE::2025-06-21.19:46:49::SCWPlatform::Trying to open the hw design at D:/SE/Vitis/prueba_motor/motor_prueba/hw/motor_prueba.xsa
TRACE::2025-06-21.19:46:49::SCWPlatform::DSA given D:/SE/Vitis/prueba_motor/motor_prueba/hw/motor_prueba.xsa
TRACE::2025-06-21.19:46:50::SCWPlatform::DSA absoulate path D:/SE/Vitis/prueba_motor/motor_prueba/hw/motor_prueba.xsa
TRACE::2025-06-21.19:46:50::SCWPlatform::DSA directory D:/SE/Vitis/prueba_motor/motor_prueba/hw
TRACE::2025-06-21.19:46:50::SCWPlatform:: Platform Path D:/SE/Vitis/prueba_motor/motor_prueba/hw/motor_prueba.xsa
TRACE::2025-06-21.19:46:50::SCWPlatform:: Unique name xilinx:basys3::0.0
TRACE::2025-06-21.19:46:50::SCWPlatform::Trying to set the existing hwdb with name design_1_wrapper_0
TRACE::2025-06-21.19:46:50::SCWPlatform::Opened existing hwdb design_1_wrapper_0
TRACE::2025-06-21.19:46:50::SCWPlatform::Found the Hw Db part of the input DSA
TRACE::2025-06-21.19:46:50::SCWMssOS::Checking the sw design at  D:/SE/Vitis/prueba_motor/motor_prueba/microblaze_0/standalone_microblaze_0/bsp/system.mss
TRACE::2025-06-21.19:46:50::SCWMssOS::DEBUG:  swdes dump  D:/SE/Vitis/prueba_motor/motor_prueba/microblaze_0/standalone_microblaze_0/bsp/system.mss|system||

TRACE::2025-06-21.19:46:50::SCWMssOS::Sw design exists and opened at  D:/SE/Vitis/prueba_motor/motor_prueba/microblaze_0/standalone_microblaze_0/bsp/system.mss
TRACE::2025-06-21.19:46:50::SCWPlatform::Trying to open the hw design at D:/SE/Vitis/prueba_motor/motor_prueba/hw/motor_prueba.xsa
TRACE::2025-06-21.19:46:50::SCWPlatform::DSA given D:/SE/Vitis/prueba_motor/motor_prueba/hw/motor_prueba.xsa
TRACE::2025-06-21.19:46:50::SCWPlatform::DSA absoulate path D:/SE/Vitis/prueba_motor/motor_prueba/hw/motor_prueba.xsa
TRACE::2025-06-21.19:46:50::SCWPlatform::DSA directory D:/SE/Vitis/prueba_motor/motor_prueba/hw
TRACE::2025-06-21.19:46:50::SCWPlatform:: Platform Path D:/SE/Vitis/prueba_motor/motor_prueba/hw/motor_prueba.xsa
TRACE::2025-06-21.19:46:50::SCWPlatform:: Unique name xilinx:basys3::0.0
TRACE::2025-06-21.19:46:50::SCWPlatform::Trying to set the existing hwdb with name design_1_wrapper_0
TRACE::2025-06-21.19:46:50::SCWPlatform::Opened existing hwdb design_1_wrapper_0
TRACE::2025-06-21.19:46:50::SCWPlatform::Found the Hw Db part of the input DSA
TRACE::2025-06-21.19:46:50::SCWMssOS::Checking the sw design at  D:/SE/Vitis/prueba_motor/motor_prueba/microblaze_0/standalone_microblaze_0/bsp/system.mss
TRACE::2025-06-21.19:46:50::SCWMssOS::DEBUG:  swdes dump  D:/SE/Vitis/prueba_motor/motor_prueba/microblaze_0/standalone_microblaze_0/bsp/system.mss|system||

TRACE::2025-06-21.19:46:50::SCWMssOS::Sw design exists and opened at  D:/SE/Vitis/prueba_motor/motor_prueba/microblaze_0/standalone_microblaze_0/bsp/system.mss
TRACE::2025-06-21.19:46:50::SCWPlatform::Trying to open the hw design at D:/SE/Vitis/prueba_motor/motor_prueba/hw/motor_prueba.xsa
TRACE::2025-06-21.19:46:50::SCWPlatform::DSA given D:/SE/Vitis/prueba_motor/motor_prueba/hw/motor_prueba.xsa
TRACE::2025-06-21.19:46:50::SCWPlatform::DSA absoulate path D:/SE/Vitis/prueba_motor/motor_prueba/hw/motor_prueba.xsa
TRACE::2025-06-21.19:46:50::SCWPlatform::DSA directory D:/SE/Vitis/prueba_motor/motor_prueba/hw
TRACE::2025-06-21.19:46:50::SCWPlatform:: Platform Path D:/SE/Vitis/prueba_motor/motor_prueba/hw/motor_prueba.xsa
TRACE::2025-06-21.19:46:50::SCWPlatform:: Unique name xilinx:basys3::0.0
TRACE::2025-06-21.19:46:50::SCWPlatform::Trying to set the existing hwdb with name design_1_wrapper_0
TRACE::2025-06-21.19:46:50::SCWPlatform::Opened existing hwdb design_1_wrapper_0
TRACE::2025-06-21.19:46:50::SCWPlatform::Found the Hw Db part of the input DSA
TRACE::2025-06-21.19:46:50::SCWMssOS::Checking the sw design at  D:/SE/Vitis/prueba_motor/motor_prueba/microblaze_0/standalone_microblaze_0/bsp/system.mss
TRACE::2025-06-21.19:46:50::SCWMssOS::DEBUG:  swdes dump  D:/SE/Vitis/prueba_motor/motor_prueba/microblaze_0/standalone_microblaze_0/bsp/system.mss|system||

TRACE::2025-06-21.19:46:50::SCWMssOS::Sw design exists and opened at  D:/SE/Vitis/prueba_motor/motor_prueba/microblaze_0/standalone_microblaze_0/bsp/system.mss
TRACE::2025-06-21.19:46:50::SCWWriter::formatted JSON is {
	"platformName":	"motor_prueba",
	"sprVersion":	"2.0",
	"mode":	"gui",
	"dsaType":	"Fixed",
	"platformDesc":	"motor_prueba",
	"platHandOff":	"D:/SE/Vivado/proyecto/motor_prueba.xsa",
	"platIntHandOff":	"<platformDir>/hw/motor_prueba.xsa",
	"deviceType":	"FPGA",
	"platIsPrebuiltAutogen":	"false",
	"platIsNoBootBsp":	"false",
	"hasFsblMakeHasChanges":	"false",
	"hasPmufwMakeHasChanges":	"false",
	"platPreBuiltFlag":	false,
	"platformSamplesDir":	"",
	"platActiveSys":	"motor_prueba",
	"systems":	[{
			"systemName":	"motor_prueba",
			"systemDesc":	"motor_prueba",
			"sysIsBootAutoGen":	"true",
			"systemDispName":	"motor_prueba",
			"sysActiveDom":	"standalone_microblaze_0",
			"sysDefaultDom":	"standalone_microblaze_0",
			"domains":	[{
					"domainName":	"standalone_microblaze_0",
					"domainDispName":	"standalone_microblaze_0",
					"domainDesc":	"standalone_microblaze_0",
					"processors":	"microblaze_0",
					"os":	"standalone",
					"sdxOs":	"standalone",
					"debugEnable":	"False",
					"domRuntimes":	["cpp"],
					"swRepo":	"",
					"mssOsVer":	"8.1",
					"mssFile":	"",
					"md5Digest":	"1d82526cbae982d7c1b656523115b226",
					"compatibleApp":	"peripheral_tests",
					"domType":	"mssDomain",
					"arch":	"32-bit",
					"appSettings":	{
						"appCompilerFlags":	"",
						"appLinkerFlags":	""
					},
					"addedLibs":	[],
					"libOptions":	{
						"libsContainingOptions":	[]
					},
					"prebuiltLibs":	{
						"prebuiltIncPath":	[],
						"prebuiltLibPath":	[]
					},
					"isolation":	{
					}
				}]
		}]
}
LOG::2025-06-21.19:46:50::SCWPlatform::Started generating the artifacts platform motor_prueba
TRACE::2025-06-21.19:46:50::SCWPlatform::Sanity checking of platform is completed
LOG::2025-06-21.19:46:50::SCWPlatform::Started generating the artifacts for system configuration motor_prueba
LOG::2025-06-21.19:46:50::SCWSystem::Started Processing the domain standalone_microblaze_0
TRACE::2025-06-21.19:46:50::SCWDomain::Generating domain artifcats
TRACE::2025-06-21.19:46:50::SCWMssOS::Generating standalone artifcats
TRACE::2025-06-21.19:46:50::SCWMssOS:: Copying the user libraries. 
TRACE::2025-06-21.19:46:50::SCWPlatform::Trying to open the hw design at D:/SE/Vitis/prueba_motor/motor_prueba/hw/motor_prueba.xsa
TRACE::2025-06-21.19:46:50::SCWPlatform::DSA given D:/SE/Vitis/prueba_motor/motor_prueba/hw/motor_prueba.xsa
TRACE::2025-06-21.19:46:50::SCWPlatform::DSA absoulate path D:/SE/Vitis/prueba_motor/motor_prueba/hw/motor_prueba.xsa
TRACE::2025-06-21.19:46:50::SCWPlatform::DSA directory D:/SE/Vitis/prueba_motor/motor_prueba/hw
TRACE::2025-06-21.19:46:50::SCWPlatform:: Platform Path D:/SE/Vitis/prueba_motor/motor_prueba/hw/motor_prueba.xsa
TRACE::2025-06-21.19:46:50::SCWPlatform:: Unique name xilinx:basys3::0.0
TRACE::2025-06-21.19:46:50::SCWPlatform::Trying to set the existing hwdb with name design_1_wrapper_0
TRACE::2025-06-21.19:46:51::SCWPlatform::Opened existing hwdb design_1_wrapper_0
TRACE::2025-06-21.19:46:51::SCWPlatform::Found the Hw Db part of the input DSA
TRACE::2025-06-21.19:46:51::SCWMssOS::Checking the sw design at  D:/SE/Vitis/prueba_motor/motor_prueba/microblaze_0/standalone_microblaze_0/bsp/system.mss
TRACE::2025-06-21.19:46:51::SCWMssOS::DEBUG:  swdes dump  D:/SE/Vitis/prueba_motor/motor_prueba/microblaze_0/standalone_microblaze_0/bsp/system.mss|system||

TRACE::2025-06-21.19:46:51::SCWMssOS::Sw design exists and opened at  D:/SE/Vitis/prueba_motor/motor_prueba/microblaze_0/standalone_microblaze_0/bsp/system.mss
TRACE::2025-06-21.19:46:51::SCWMssOS::Completed writing the mss file at D:/SE/Vitis/prueba_motor/motor_prueba/microblaze_0/standalone_microblaze_0/bsp
TRACE::2025-06-21.19:46:51::SCWMssOS::Mss edits present, copying mssfile into export location D:/SE/Vitis/prueba_motor/motor_prueba/microblaze_0/standalone_microblaze_0/bsp/system.mss
TRACE::2025-06-21.19:46:51::SCWMssOS::bsp generated is upto date with the mss file. Skipping bsp generation.
TRACE::2025-06-21.19:46:51::SCWMssOS::BSP is already built. skipping the bsp build ... 
TRACE::2025-06-21.19:46:51::SCWDomain::Building the domain as part of full build :  standalone_microblaze_0
TRACE::2025-06-21.19:46:51::SCWMssOS::skipping the bsp build ... 
TRACE::2025-06-21.19:46:51::SCWMssOS::Copying to export directory.
TRACE::2025-06-21.19:46:51::SCWMssOS:: Checking if to create the Supporting Applications
TRACE::2025-06-21.19:46:51::SCWMssOS:: No Linux domain exists, trying to generate FSBL 
LOG::2025-06-21.19:46:51::SCWSystem::Completed Processing the domain standalone_microblaze_0
LOG::2025-06-21.19:46:51::SCWSystem::Completed Processing the sysconfig motor_prueba
LOG::2025-06-21.19:46:51::SCWPlatform::Completed generating the artifacts for system configuration motor_prueba
TRACE::2025-06-21.19:46:51::SCWPlatform::Started preparing the platform 
TRACE::2025-06-21.19:46:51::SCWSystem::Writing the bif file for system config motor_prueba
TRACE::2025-06-21.19:46:51::SCWSystem::dir created 
TRACE::2025-06-21.19:46:51::SCWSystem::Writing the bif 
TRACE::2025-06-21.19:46:51::SCWPlatform::Started writing the spfm file 
TRACE::2025-06-21.19:46:51::SCWPlatform::Started writing the xpfm file 
TRACE::2025-06-21.19:46:51::SCWPlatform::Completed generating the platform
TRACE::2025-06-21.19:46:51::SCWMssOS::Saving the mss changes D:/SE/Vitis/prueba_motor/motor_prueba/microblaze_0/standalone_microblaze_0/bsp/system.mss
TRACE::2025-06-21.19:46:51::SCWMssOS::Found a swdesign opened with the mssfile.
TRACE::2025-06-21.19:46:51::SCWMssOS::Completed writemss as part of save.
TRACE::2025-06-21.19:46:51::SCWMssOS::Commit changes completed.
TRACE::2025-06-21.19:46:51::SCWPlatform::Trying to open the hw design at D:/SE/Vitis/prueba_motor/motor_prueba/hw/motor_prueba.xsa
TRACE::2025-06-21.19:46:51::SCWPlatform::DSA given D:/SE/Vitis/prueba_motor/motor_prueba/hw/motor_prueba.xsa
TRACE::2025-06-21.19:46:51::SCWPlatform::DSA absoulate path D:/SE/Vitis/prueba_motor/motor_prueba/hw/motor_prueba.xsa
TRACE::2025-06-21.19:46:51::SCWPlatform::DSA directory D:/SE/Vitis/prueba_motor/motor_prueba/hw
TRACE::2025-06-21.19:46:51::SCWPlatform:: Platform Path D:/SE/Vitis/prueba_motor/motor_prueba/hw/motor_prueba.xsa
TRACE::2025-06-21.19:46:51::SCWPlatform:: Unique name xilinx:basys3::0.0
TRACE::2025-06-21.19:46:51::SCWPlatform::Trying to set the existing hwdb with name design_1_wrapper_0
TRACE::2025-06-21.19:46:51::SCWPlatform::Opened existing hwdb design_1_wrapper_0
TRACE::2025-06-21.19:46:51::SCWPlatform::Found the Hw Db part of the input DSA
TRACE::2025-06-21.19:46:51::SCWMssOS::Checking the sw design at  D:/SE/Vitis/prueba_motor/motor_prueba/microblaze_0/standalone_microblaze_0/bsp/system.mss
TRACE::2025-06-21.19:46:51::SCWMssOS::DEBUG:  swdes dump  D:/SE/Vitis/prueba_motor/motor_prueba/microblaze_0/standalone_microblaze_0/bsp/system.mss|system||

TRACE::2025-06-21.19:46:51::SCWMssOS::Sw design exists and opened at  D:/SE/Vitis/prueba_motor/motor_prueba/microblaze_0/standalone_microblaze_0/bsp/system.mss
TRACE::2025-06-21.19:46:51::SCWPlatform::Trying to open the hw design at D:/SE/Vitis/prueba_motor/motor_prueba/hw/motor_prueba.xsa
TRACE::2025-06-21.19:46:51::SCWPlatform::DSA given D:/SE/Vitis/prueba_motor/motor_prueba/hw/motor_prueba.xsa
TRACE::2025-06-21.19:46:51::SCWPlatform::DSA absoulate path D:/SE/Vitis/prueba_motor/motor_prueba/hw/motor_prueba.xsa
TRACE::2025-06-21.19:46:51::SCWPlatform::DSA directory D:/SE/Vitis/prueba_motor/motor_prueba/hw
TRACE::2025-06-21.19:46:51::SCWPlatform:: Platform Path D:/SE/Vitis/prueba_motor/motor_prueba/hw/motor_prueba.xsa
TRACE::2025-06-21.19:46:51::SCWPlatform:: Unique name xilinx:basys3::0.0
TRACE::2025-06-21.19:46:51::SCWPlatform::Trying to set the existing hwdb with name design_1_wrapper_0
TRACE::2025-06-21.19:46:51::SCWPlatform::Opened existing hwdb design_1_wrapper_0
TRACE::2025-06-21.19:46:51::SCWPlatform::Found the Hw Db part of the input DSA
TRACE::2025-06-21.19:46:51::SCWMssOS::Checking the sw design at  D:/SE/Vitis/prueba_motor/motor_prueba/microblaze_0/standalone_microblaze_0/bsp/system.mss
TRACE::2025-06-21.19:46:51::SCWMssOS::DEBUG:  swdes dump  D:/SE/Vitis/prueba_motor/motor_prueba/microblaze_0/standalone_microblaze_0/bsp/system.mss|system||

TRACE::2025-06-21.19:46:51::SCWMssOS::Sw design exists and opened at  D:/SE/Vitis/prueba_motor/motor_prueba/microblaze_0/standalone_microblaze_0/bsp/system.mss
TRACE::2025-06-21.19:46:52::SCWPlatform::Trying to open the hw design at D:/SE/Vitis/prueba_motor/motor_prueba/hw/motor_prueba.xsa
TRACE::2025-06-21.19:46:52::SCWPlatform::DSA given D:/SE/Vitis/prueba_motor/motor_prueba/hw/motor_prueba.xsa
TRACE::2025-06-21.19:46:52::SCWPlatform::DSA absoulate path D:/SE/Vitis/prueba_motor/motor_prueba/hw/motor_prueba.xsa
TRACE::2025-06-21.19:46:52::SCWPlatform::DSA directory D:/SE/Vitis/prueba_motor/motor_prueba/hw
TRACE::2025-06-21.19:46:52::SCWPlatform:: Platform Path D:/SE/Vitis/prueba_motor/motor_prueba/hw/motor_prueba.xsa
TRACE::2025-06-21.19:46:52::SCWPlatform:: Unique name xilinx:basys3::0.0
TRACE::2025-06-21.19:46:52::SCWPlatform::Trying to set the existing hwdb with name design_1_wrapper_0
TRACE::2025-06-21.19:46:52::SCWPlatform::Opened existing hwdb design_1_wrapper_0
TRACE::2025-06-21.19:46:52::SCWPlatform::Found the Hw Db part of the input DSA
TRACE::2025-06-21.19:46:52::SCWMssOS::Checking the sw design at  D:/SE/Vitis/prueba_motor/motor_prueba/microblaze_0/standalone_microblaze_0/bsp/system.mss
TRACE::2025-06-21.19:46:52::SCWMssOS::DEBUG:  swdes dump  D:/SE/Vitis/prueba_motor/motor_prueba/microblaze_0/standalone_microblaze_0/bsp/system.mss|system||

TRACE::2025-06-21.19:46:52::SCWMssOS::Sw design exists and opened at  D:/SE/Vitis/prueba_motor/motor_prueba/microblaze_0/standalone_microblaze_0/bsp/system.mss
TRACE::2025-06-21.19:46:52::SCWWriter::formatted JSON is {
	"platformName":	"motor_prueba",
	"sprVersion":	"2.0",
	"mode":	"gui",
	"dsaType":	"Fixed",
	"platformDesc":	"motor_prueba",
	"platHandOff":	"D:/SE/Vivado/proyecto/motor_prueba.xsa",
	"platIntHandOff":	"<platformDir>/hw/motor_prueba.xsa",
	"deviceType":	"FPGA",
	"platIsPrebuiltAutogen":	"false",
	"platIsNoBootBsp":	"false",
	"hasFsblMakeHasChanges":	"false",
	"hasPmufwMakeHasChanges":	"false",
	"platPreBuiltFlag":	false,
	"platformSamplesDir":	"",
	"platActiveSys":	"motor_prueba",
	"systems":	[{
			"systemName":	"motor_prueba",
			"systemDesc":	"motor_prueba",
			"sysIsBootAutoGen":	"true",
			"systemDispName":	"motor_prueba",
			"sysActiveDom":	"standalone_microblaze_0",
			"sysDefaultDom":	"standalone_microblaze_0",
			"domains":	[{
					"domainName":	"standalone_microblaze_0",
					"domainDispName":	"standalone_microblaze_0",
					"domainDesc":	"standalone_microblaze_0",
					"processors":	"microblaze_0",
					"os":	"standalone",
					"sdxOs":	"standalone",
					"debugEnable":	"False",
					"domRuntimes":	["cpp"],
					"swRepo":	"",
					"mssOsVer":	"8.1",
					"mssFile":	"",
					"md5Digest":	"1d82526cbae982d7c1b656523115b226",
					"compatibleApp":	"peripheral_tests",
					"domType":	"mssDomain",
					"arch":	"32-bit",
					"appSettings":	{
						"appCompilerFlags":	"",
						"appLinkerFlags":	""
					},
					"addedLibs":	[],
					"libOptions":	{
						"libsContainingOptions":	[]
					},
					"prebuiltLibs":	{
						"prebuiltIncPath":	[],
						"prebuiltLibPath":	[]
					},
					"isolation":	{
					}
				}]
		}]
}
KEYINFO::2025-06-21.19:46:52::SCWPlatform::updated the xpfm file.
LOG::2025-06-21.19:47:18::SCWPlatform::Started generating the artifacts platform motor_prueba
TRACE::2025-06-21.19:47:18::SCWPlatform::Sanity checking of platform is completed
LOG::2025-06-21.19:47:18::SCWPlatform::Started generating the artifacts for system configuration motor_prueba
LOG::2025-06-21.19:47:18::SCWSystem::Checking the domain standalone_microblaze_0
LOG::2025-06-21.19:47:18::SCWSystem::Not a boot domain 
LOG::2025-06-21.19:47:18::SCWSystem::Started Processing the domain standalone_microblaze_0
TRACE::2025-06-21.19:47:18::SCWDomain::Generating domain artifcats
TRACE::2025-06-21.19:47:18::SCWMssOS::Generating standalone artifcats
TRACE::2025-06-21.19:47:18::SCWMssOS:: Copying the user libraries. 
TRACE::2025-06-21.19:47:18::SCWPlatform::Trying to open the hw design at D:/SE/Vitis/prueba_motor/motor_prueba/hw/motor_prueba.xsa
TRACE::2025-06-21.19:47:18::SCWPlatform::DSA given D:/SE/Vitis/prueba_motor/motor_prueba/hw/motor_prueba.xsa
TRACE::2025-06-21.19:47:18::SCWPlatform::DSA absoulate path D:/SE/Vitis/prueba_motor/motor_prueba/hw/motor_prueba.xsa
TRACE::2025-06-21.19:47:18::SCWPlatform::DSA directory D:/SE/Vitis/prueba_motor/motor_prueba/hw
TRACE::2025-06-21.19:47:18::SCWPlatform:: Platform Path D:/SE/Vitis/prueba_motor/motor_prueba/hw/motor_prueba.xsa
TRACE::2025-06-21.19:47:18::SCWPlatform:: Unique name xilinx:basys3::0.0
TRACE::2025-06-21.19:47:18::SCWPlatform::Trying to set the existing hwdb with name design_1_wrapper_0
TRACE::2025-06-21.19:47:18::SCWPlatform::Opened existing hwdb design_1_wrapper_0
TRACE::2025-06-21.19:47:18::SCWPlatform::Found the Hw Db part of the input DSA
TRACE::2025-06-21.19:47:18::SCWMssOS::Checking the sw design at  D:/SE/Vitis/prueba_motor/motor_prueba/microblaze_0/standalone_microblaze_0/bsp/system.mss
TRACE::2025-06-21.19:47:18::SCWMssOS::DEBUG:  swdes dump  D:/SE/Vitis/prueba_motor/motor_prueba/microblaze_0/standalone_microblaze_0/bsp/system.mss|system||

TRACE::2025-06-21.19:47:18::SCWMssOS::Sw design exists and opened at  D:/SE/Vitis/prueba_motor/motor_prueba/microblaze_0/standalone_microblaze_0/bsp/system.mss
TRACE::2025-06-21.19:47:18::SCWMssOS::Completed writing the mss file at D:/SE/Vitis/prueba_motor/motor_prueba/microblaze_0/standalone_microblaze_0/bsp
TRACE::2025-06-21.19:47:18::SCWMssOS::Mss edits present, copying mssfile into export location D:/SE/Vitis/prueba_motor/motor_prueba/microblaze_0/standalone_microblaze_0/bsp/system.mss
TRACE::2025-06-21.19:47:19::SCWMssOS::bsp generated is upto date with the mss file. Skipping bsp generation.
TRACE::2025-06-21.19:47:19::SCWMssOS::BSP is already built. skipping the bsp build ... 
TRACE::2025-06-21.19:47:19::SCWDomain::Building the domain as part of full build :  standalone_microblaze_0
TRACE::2025-06-21.19:47:19::SCWMssOS::doing bsp build ... 
TRACE::2025-06-21.19:47:19::SCWMssOS::System Command Ran  D: & cd  D:/SE/Vitis/prueba_motor/motor_prueba/microblaze_0/standalone_microblaze_0/bsp & make 
TRACE::2025-06-21.19:47:19::SCWMssOS::make --no-print-directory seq_libs

TRACE::2025-06-21.19:47:19::SCWMssOS::"Running Make include in microblaze_0/libsrc/cpu_v2_17/src"

TRACE::2025-06-21.19:47:19::SCWMssOS::make -C microblaze_0/libsrc/cpu_v2_17/src -s include  "SHELL=CMD" "COMPILER=mb-gcc" "ASSEMBLER=mb-as" "ARCHIVER=mb-ar" "COMPILE
TRACE::2025-06-21.19:47:19::SCWMssOS::R_FLAGS=  -O2 -c -mcpu=v11.0 -mlittle-endian -mxl-soft-mul" "EXTRA_COMPILER_FLAGS=-g -ffunction-sections -fdata-sections -Wall 
TRACE::2025-06-21.19:47:19::SCWMssOS::-Wextra -fno-tree-loop-distribute-patterns"

TRACE::2025-06-21.19:47:19::SCWMssOS::"Running Make include in microblaze_0/libsrc/standalone_v8_1/src"

TRACE::2025-06-21.19:47:19::SCWMssOS::make -C microblaze_0/libsrc/standalone_v8_1/src -s include  "SHELL=CMD" "COMPILER=mb-gcc" "ASSEMBLER=mb-as" "ARCHIVER=mb-ar" "C
TRACE::2025-06-21.19:47:19::SCWMssOS::OMPILER_FLAGS=  -O2 -c -mcpu=v11.0 -mlittle-endian -mxl-soft-mul" "EXTRA_COMPILER_FLAGS=-g -ffunction-sections -fdata-sections 
TRACE::2025-06-21.19:47:19::SCWMssOS::-Wall -Wextra -fno-tree-loop-distribute-patterns"

TRACE::2025-06-21.19:47:21::SCWMssOS::"Running Make include in microblaze_0/libsrc/bram_v4_8/src"

TRACE::2025-06-21.19:47:21::SCWMssOS::make -C microblaze_0/libsrc/bram_v4_8/src -s include  "SHELL=CMD" "COMPILER=mb-gcc" "ASSEMBLER=mb-as" "ARCHIVER=mb-ar" "COMPILE
TRACE::2025-06-21.19:47:21::SCWMssOS::R_FLAGS=  -O2 -c -mcpu=v11.0 -mlittle-endian -mxl-soft-mul" "EXTRA_COMPILER_FLAGS=-g -ffunction-sections -fdata-sections -Wall 
TRACE::2025-06-21.19:47:21::SCWMssOS::-Wextra -fno-tree-loop-distribute-patterns"

TRACE::2025-06-21.19:47:21::SCWMssOS::"Running Make include in microblaze_0/libsrc/gpio_v4_9/src"

TRACE::2025-06-21.19:47:21::SCWMssOS::make -C microblaze_0/libsrc/gpio_v4_9/src -s include  "SHELL=CMD" "COMPILER=mb-gcc" "ASSEMBLER=mb-as" "ARCHIVER=mb-ar" "COMPILE
TRACE::2025-06-21.19:47:21::SCWMssOS::R_FLAGS=  -O2 -c -mcpu=v11.0 -mlittle-endian -mxl-soft-mul" "EXTRA_COMPILER_FLAGS=-g -ffunction-sections -fdata-sections -Wall 
TRACE::2025-06-21.19:47:21::SCWMssOS::-Wextra -fno-tree-loop-distribute-patterns"

TRACE::2025-06-21.19:47:21::SCWMssOS::"Running Make include in microblaze_0/libsrc/motor_v1_0/src"

TRACE::2025-06-21.19:47:21::SCWMssOS::make -C microblaze_0/libsrc/motor_v1_0/src -s include  "SHELL=CMD" "COMPILER=mb-gcc" "ASSEMBLER=mb-as" "ARCHIVER=mb-ar" "COMPIL
TRACE::2025-06-21.19:47:21::SCWMssOS::ER_FLAGS=  -O2 -c -mcpu=v11.0 -mlittle-endian -mxl-soft-mul" "EXTRA_COMPILER_FLAGS=-g -ffunction-sections -fdata-sections -Wall
TRACE::2025-06-21.19:47:21::SCWMssOS:: -Wextra -fno-tree-loop-distribute-patterns"

TRACE::2025-06-21.19:47:21::SCWMssOS::"Running Make include in microblaze_0/libsrc/uartlite_v3_8/src"

TRACE::2025-06-21.19:47:21::SCWMssOS::make -C microblaze_0/libsrc/uartlite_v3_8/src -s include  "SHELL=CMD" "COMPILER=mb-gcc" "ASSEMBLER=mb-as" "ARCHIVER=mb-ar" "COM
TRACE::2025-06-21.19:47:21::SCWMssOS::PILER_FLAGS=  -O2 -c -mcpu=v11.0 -mlittle-endian -mxl-soft-mul" "EXTRA_COMPILER_FLAGS=-g -ffunction-sections -fdata-sections -W
TRACE::2025-06-21.19:47:21::SCWMssOS::all -Wextra -fno-tree-loop-distribute-patterns"

TRACE::2025-06-21.19:47:22::SCWMssOS::"Running Make libs in microblaze_0/libsrc/motor_v1_0/src"

TRACE::2025-06-21.19:47:22::SCWMssOS::make -C microblaze_0/libsrc/motor_v1_0/src -s libs  "SHELL=CMD" "COMPILER=mb-gcc" "ASSEMBLER=mb-as" "ARCHIVER=mb-ar" "COMPILER_
TRACE::2025-06-21.19:47:22::SCWMssOS::FLAGS=  -O2 -c -mcpu=v11.0 -mlittle-endian -mxl-soft-mul" "EXTRA_COMPILER_FLAGS=-g -ffunction-sections -fdata-sections -Wall -W
TRACE::2025-06-21.19:47:22::SCWMssOS::extra -fno-tree-loop-distribute-patterns"

TRACE::2025-06-21.19:47:22::SCWMssOS::"Compiling motor..."

TRACE::2025-06-21.19:47:22::SCWMssOS::'Finished building libraries sequentially.'

TRACE::2025-06-21.19:47:22::SCWMssOS::make -j 6 --no-print-directory par_libs

TRACE::2025-06-21.19:47:22::SCWMssOS::"Running Make include in microblaze_0/libsrc/cpu_v2_17/src"

TRACE::2025-06-21.19:47:22::SCWMssOS::make -C microblaze_0/libsrc/cpu_v2_17/src -s include  "SHELL=CMD" "COMPILER=mb-gcc" "ASSEMBLER=mb-as" "ARCHIVER=mb-ar" "COMPILE
TRACE::2025-06-21.19:47:22::SCWMssOS::R_FLAGS=  -O2 -c -mcpu=v11.0 -mlittle-endian -mxl-soft-mul" "EXTRA_COMPILER_FLAGS=-g -ffunction-sections -fdata-sections -Wall 
TRACE::2025-06-21.19:47:22::SCWMssOS::-Wextra -fno-tree-loop-distribute-patterns"

TRACE::2025-06-21.19:47:22::SCWMssOS::"Running Make include in microblaze_0/libsrc/standalone_v8_1/src"

TRACE::2025-06-21.19:47:22::SCWMssOS::make -C microblaze_0/libsrc/standalone_v8_1/src -s include  "SHELL=CMD" "COMPILER=mb-gcc" "ASSEMBLER=mb-as" "ARCHIVER=mb-ar" "C
TRACE::2025-06-21.19:47:22::SCWMssOS::OMPILER_FLAGS=  -O2 -c -mcpu=v11.0 -mlittle-endian -mxl-soft-mul" "EXTRA_COMPILER_FLAGS=-g -ffunction-sections -fdata-sections 
TRACE::2025-06-21.19:47:22::SCWMssOS::-Wall -Wextra -fno-tree-loop-distribute-patterns"

TRACE::2025-06-21.19:47:22::SCWMssOS::"Running Make include in microblaze_0/libsrc/bram_v4_8/src"

TRACE::2025-06-21.19:47:22::SCWMssOS::make -C microblaze_0/libsrc/bram_v4_8/src -s include  "SHELL=CMD" "COMPILER=mb-gcc" "ASSEMBLER=mb-as" "ARCHIVER=mb-ar" "COMPILE
TRACE::2025-06-21.19:47:23::SCWMssOS::R_FLAGS=  -O2 -c -mcpu=v11.0 -mlittle-endian -mxl-soft-mul" "EXTRA_COMPILER_FLAGS=-g -ffunction-sections -fdata-sections -Wall 
TRACE::2025-06-21.19:47:23::SCWMssOS::-Wextra -fno-tree-loop-distribute-patterns"

TRACE::2025-06-21.19:47:23::SCWMssOS::"Running Make include in microblaze_0/libsrc/gpio_v4_9/src"

TRACE::2025-06-21.19:47:23::SCWMssOS::make -C microblaze_0/libsrc/gpio_v4_9/src -s include  "SHELL=CMD" "COMPILER=mb-gcc" "ASSEMBLER=mb-as" "ARCHIVER=mb-ar" "COMPILE
TRACE::2025-06-21.19:47:23::SCWMssOS::R_FLAGS=  -O2 -c -mcpu=v11.0 -mlittle-endian -mxl-soft-mul" "EXTRA_COMPILER_FLAGS=-g -ffunction-sections -fdata-sections -Wall 
TRACE::2025-06-21.19:47:23::SCWMssOS::-Wextra -fno-tree-loop-distribute-patterns"

TRACE::2025-06-21.19:47:23::SCWMssOS::"Running Make include in microblaze_0/libsrc/motor_v1_0/src"

TRACE::2025-06-21.19:47:23::SCWMssOS::make -C microblaze_0/libsrc/motor_v1_0/src -s include  "SHELL=CMD" "COMPILER=mb-gcc" "ASSEMBLER=mb-as" "ARCHIVER=mb-ar" "COMPIL
TRACE::2025-06-21.19:47:23::SCWMssOS::ER_FLAGS=  -O2 -c -mcpu=v11.0 -mlittle-endian -mxl-soft-mul" "EXTRA_COMPILER_FLAGS=-g -ffunction-sections -fdata-sections -Wall
TRACE::2025-06-21.19:47:23::SCWMssOS:: -Wextra -fno-tree-loop-distribute-patterns"

TRACE::2025-06-21.19:47:23::SCWMssOS::"Running Make include in microblaze_0/libsrc/uartlite_v3_8/src"

TRACE::2025-06-21.19:47:23::SCWMssOS::make -C microblaze_0/libsrc/uartlite_v3_8/src -s include  "SHELL=CMD" "COMPILER=mb-gcc" "ASSEMBLER=mb-as" "ARCHIVER=mb-ar" "COM
TRACE::2025-06-21.19:47:23::SCWMssOS::PILER_FLAGS=  -O2 -c -mcpu=v11.0 -mlittle-endian -mxl-soft-mul" "EXTRA_COMPILER_FLAGS=-g -ffunction-sections -fdata-sections -W
TRACE::2025-06-21.19:47:23::SCWMssOS::all -Wextra -fno-tree-loop-distribute-patterns"

TRACE::2025-06-21.19:47:23::SCWMssOS::"Running Make libs in microblaze_0/libsrc/cpu_v2_17/src"

TRACE::2025-06-21.19:47:23::SCWMssOS::make -C microblaze_0/libsrc/cpu_v2_17/src -s libs  "SHELL=CMD" "COMPILER=mb-gcc" "ASSEMBLER=mb-as" "ARCHIVER=mb-ar" "COMPILER_F
TRACE::2025-06-21.19:47:23::SCWMssOS::LAGS=  -O2 -c -mcpu=v11.0 -mlittle-endian -mxl-soft-mul" "EXTRA_COMPILER_FLAGS=-g -ffunction-sections -fdata-sections -Wall -We
TRACE::2025-06-21.19:47:23::SCWMssOS::xtra -fno-tree-loop-distribute-patterns"

TRACE::2025-06-21.19:47:23::SCWMssOS::"Running Make libs in microblaze_0/libsrc/standalone_v8_1/src"

TRACE::2025-06-21.19:47:23::SCWMssOS::make -C microblaze_0/libsrc/standalone_v8_1/src -s libs  "SHELL=CMD" "COMPILER=mb-gcc" "ASSEMBLER=mb-as" "ARCHIVER=mb-ar" "COMP
TRACE::2025-06-21.19:47:23::SCWMssOS::ILER_FLAGS=  -O2 -c -mcpu=v11.0 -mlittle-endian -mxl-soft-mul" "EXTRA_COMPILER_FLAGS=-g -ffunction-sections -fdata-sections -Wa
TRACE::2025-06-21.19:47:23::SCWMssOS::ll -Wextra -fno-tree-loop-distribute-patterns"

TRACE::2025-06-21.19:47:23::SCWMssOS::"Running Make libs in microblaze_0/libsrc/bram_v4_8/src"

TRACE::2025-06-21.19:47:23::SCWMssOS::make -C microblaze_0/libsrc/bram_v4_8/src -s libs  "SHELL=CMD" "COMPILER=mb-gcc" "ASSEMBLER=mb-as" "ARCHIVER=mb-ar" "COMPILER_F
TRACE::2025-06-21.19:47:23::SCWMssOS::LAGS=  -O2 -c -mcpu=v11.0 -mlittle-endian -mxl-soft-mul" "EXTRA_COMPILER_FLAGS=-g -ffunction-sections -fdata-sections -Wall -We
TRACE::2025-06-21.19:47:23::SCWMssOS::xtra -fno-tree-loop-distribute-patterns"

TRACE::2025-06-21.19:47:23::SCWMssOS::"Running Make libs in microblaze_0/libsrc/gpio_v4_9/src"

TRACE::2025-06-21.19:47:23::SCWMssOS::make -C microblaze_0/libsrc/gpio_v4_9/src -s libs  "SHELL=CMD" "COMPILER=mb-gcc" "ASSEMBLER=mb-as" "ARCHIVER=mb-ar" "COMPILER_F
TRACE::2025-06-21.19:47:23::SCWMssOS::LAGS=  -O2 -c -mcpu=v11.0 -mlittle-endian -mxl-soft-mul" "EXTRA_COMPILER_FLAGS=-g -ffunction-sections -fdata-sections -Wall -We
TRACE::2025-06-21.19:47:23::SCWMssOS::xtra -fno-tree-loop-distribute-patterns"

TRACE::2025-06-21.19:47:23::SCWMssOS::"Running Make libs in microblaze_0/libsrc/uartlite_v3_8/src"

TRACE::2025-06-21.19:47:23::SCWMssOS::make -C microblaze_0/libsrc/uartlite_v3_8/src -s libs  "SHELL=CMD" "COMPILER=mb-gcc" "ASSEMBLER=mb-as" "ARCHIVER=mb-ar" "COMPIL
TRACE::2025-06-21.19:47:23::SCWMssOS::ER_FLAGS=  -O2 -c -mcpu=v11.0 -mlittle-endian -mxl-soft-mul" "EXTRA_COMPILER_FLAGS=-g -ffunction-sections -fdata-sections -Wall
TRACE::2025-06-21.19:47:23::SCWMssOS:: -Wextra -fno-tree-loop-distribute-patterns"

TRACE::2025-06-21.19:47:26::SCWMssOS::"DEBUG NON_LTO_OBJECTS is ../../../lib/microblaze_interrupt_handler.o"

TRACE::2025-06-21.19:47:26::SCWMssOS::'Finished building libraries parallelly.'

TRACE::2025-06-21.19:47:26::SCWMssOS::make --no-print-directory archive

TRACE::2025-06-21.19:47:26::SCWMssOS::mb-ar -r  microblaze_0/lib/libxil.a microblaze_0/lib/_exit.o microblaze_0/lib/errno.o microblaze_0/lib/fcntl.o microblaze_0/lib
TRACE::2025-06-21.19:47:26::SCWMssOS::/hw_exception_handler.o microblaze_0/lib/inbyte.o microblaze_0/lib/microblaze_disable_dcache.o microblaze_0/lib/microblaze_disa
TRACE::2025-06-21.19:47:26::SCWMssOS::ble_exceptions.o microblaze_0/lib/microblaze_disable_icache.o microblaze_0/lib/microblaze_disable_interrupts.o microblaze_0/lib
TRACE::2025-06-21.19:47:26::SCWMssOS::/microblaze_enable_dcache.o microblaze_0/lib/microblaze_enable_exceptions.o microblaze_0/lib/microblaze_enable_icache.o microbl
TRACE::2025-06-21.19:47:26::SCWMssOS::aze_0/lib/microblaze_enable_interrupts.o microblaze_0/lib/microblaze_exception_handler.o microblaze_0/lib/microblaze_flush_cach
TRACE::2025-06-21.19:47:26::SCWMssOS::e_ext.o microblaze_0/lib/microblaze_flush_cache_ext_range.o microblaze_0/lib/microblaze_flush_dcache.o microblaze_0/lib/microbl
TRACE::2025-06-21.19:47:26::SCWMssOS::aze_flush_dcache_range.o microblaze_0/lib/microblaze_init_dcache_range.o microblaze_0/lib/microblaze_init_icache_range.o microb
TRACE::2025-06-21.19:47:26::SCWMssOS::laze_0/lib/microblaze_interrupt_handler.o microblaze_0/lib/microblaze_interrupts_g.o microblaze_0/lib/microblaze_invalidate_cac
TRACE::2025-06-21.19:47:26::SCWMssOS::he_ext.o microblaze_0/lib/microblaze_invalidate_cache_ext_range.o microblaze_0/lib/microblaze_invalidate_dcache.o microblaze_0/
TRACE::2025-06-21.19:47:26::SCWMssOS::lib/microblaze_invalidate_dcache_range.o microblaze_0/lib/microblaze_invalidate_icache.o microblaze_0/lib/microblaze_invalidate
TRACE::2025-06-21.19:47:26::SCWMssOS::_icache_range.o microblaze_0/lib/microblaze_scrub.o microblaze_0/lib/microblaze_selftest.o microblaze_0/lib/microblaze_sleep.o 
TRACE::2025-06-21.19:47:27::SCWMssOS::microblaze_0/lib/microblaze_update_dcache.o microblaze_0/lib/microblaze_update_icache.o microblaze_0/lib/outbyte.o microblaze_0
TRACE::2025-06-21.19:47:27::SCWMssOS::/lib/print.o microblaze_0/lib/pvr.o microblaze_0/lib/xbram.o microblaze_0/lib/xbram_g.o microblaze_0/lib/xbram_intr.o microblaz
TRACE::2025-06-21.19:47:27::SCWMssOS::e_0/lib/xbram_selftest.o microblaze_0/lib/xbram_sinit.o microblaze_0/lib/xgpio.o microblaze_0/lib/xgpio_extra.o microblaze_0/li
TRACE::2025-06-21.19:47:27::SCWMssOS::b/xgpio_g.o microblaze_0/lib/xgpio_intr.o microblaze_0/lib/xgpio_selftest.o microblaze_0/lib/xgpio_sinit.o microblaze_0/lib/xil
TRACE::2025-06-21.19:47:27::SCWMssOS::_assert.o microblaze_0/lib/xil_cache.o microblaze_0/lib/xil_clocking.o microblaze_0/lib/xil_exception.o microblaze_0/lib/xil_me
TRACE::2025-06-21.19:47:27::SCWMssOS::m.o microblaze_0/lib/xil_misc_psreset_api.o microblaze_0/lib/xil_printf.o microblaze_0/lib/xil_sleepcommon.o microblaze_0/lib/x
TRACE::2025-06-21.19:47:27::SCWMssOS::il_testcache.o microblaze_0/lib/xil_testio.o microblaze_0/lib/xil_testmem.o microblaze_0/lib/xil_util.o microblaze_0/lib/xinter
TRACE::2025-06-21.19:47:27::SCWMssOS::rupt_wrap.o microblaze_0/lib/xio.o microblaze_0/lib/xplatform_info.o microblaze_0/lib/xuartlite.o microblaze_0/lib/xuartlite_g.
TRACE::2025-06-21.19:47:27::SCWMssOS::o microblaze_0/lib/xuartlite_intr.o microblaze_0/lib/xuartlite_l.o microblaze_0/lib/xuartlite_selftest.o microblaze_0/lib/xuart
TRACE::2025-06-21.19:47:27::SCWMssOS::lite_sinit.o microblaze_0/lib/xuartlite_stats.o

TRACE::2025-06-21.19:47:27::SCWMssOS::'Finished building libraries'

TRACE::2025-06-21.19:47:30::SCWMssOS::Copying to export directory.
TRACE::2025-06-21.19:47:37::SCWMssOS:: Checking if to create the Supporting Applications
TRACE::2025-06-21.19:47:37::SCWMssOS:: No Linux domain exists, trying to generate FSBL 
LOG::2025-06-21.19:47:37::SCWSystem::Completed Processing the domain standalone_microblaze_0
LOG::2025-06-21.19:47:37::SCWSystem::Completed Processing the sysconfig motor_prueba
LOG::2025-06-21.19:47:37::SCWPlatform::Completed generating the artifacts for system configuration motor_prueba
TRACE::2025-06-21.19:47:37::SCWPlatform::Started preparing the platform 
TRACE::2025-06-21.19:47:37::SCWSystem::Writing the bif file for system config motor_prueba
TRACE::2025-06-21.19:47:37::SCWSystem::dir created 
TRACE::2025-06-21.19:47:37::SCWSystem::Writing the bif 
TRACE::2025-06-21.19:47:37::SCWPlatform::Started writing the spfm file 
TRACE::2025-06-21.19:47:37::SCWPlatform::Started writing the xpfm file 
TRACE::2025-06-21.19:47:37::SCWPlatform::Completed generating the platform
TRACE::2025-06-21.19:47:37::SCWMssOS::Saving the mss changes D:/SE/Vitis/prueba_motor/motor_prueba/microblaze_0/standalone_microblaze_0/bsp/system.mss
TRACE::2025-06-21.19:47:37::SCWMssOS::Found a swdesign opened with the mssfile.
TRACE::2025-06-21.19:47:37::SCWMssOS::Completed writemss as part of save.
TRACE::2025-06-21.19:47:37::SCWMssOS::Commit changes completed.
TRACE::2025-06-21.19:47:37::SCWPlatform::Trying to open the hw design at D:/SE/Vitis/prueba_motor/motor_prueba/hw/motor_prueba.xsa
TRACE::2025-06-21.19:47:37::SCWPlatform::DSA given D:/SE/Vitis/prueba_motor/motor_prueba/hw/motor_prueba.xsa
TRACE::2025-06-21.19:47:37::SCWPlatform::DSA absoulate path D:/SE/Vitis/prueba_motor/motor_prueba/hw/motor_prueba.xsa
TRACE::2025-06-21.19:47:37::SCWPlatform::DSA directory D:/SE/Vitis/prueba_motor/motor_prueba/hw
TRACE::2025-06-21.19:47:37::SCWPlatform:: Platform Path D:/SE/Vitis/prueba_motor/motor_prueba/hw/motor_prueba.xsa
TRACE::2025-06-21.19:47:37::SCWPlatform:: Unique name xilinx:basys3::0.0
TRACE::2025-06-21.19:47:37::SCWPlatform::Trying to set the existing hwdb with name design_1_wrapper_0
TRACE::2025-06-21.19:47:37::SCWPlatform::Opened existing hwdb design_1_wrapper_0
TRACE::2025-06-21.19:47:37::SCWPlatform::Found the Hw Db part of the input DSA
TRACE::2025-06-21.19:47:37::SCWMssOS::Checking the sw design at  D:/SE/Vitis/prueba_motor/motor_prueba/microblaze_0/standalone_microblaze_0/bsp/system.mss
TRACE::2025-06-21.19:47:37::SCWMssOS::DEBUG:  swdes dump  D:/SE/Vitis/prueba_motor/motor_prueba/microblaze_0/standalone_microblaze_0/bsp/system.mss|system||

TRACE::2025-06-21.19:47:37::SCWMssOS::Sw design exists and opened at  D:/SE/Vitis/prueba_motor/motor_prueba/microblaze_0/standalone_microblaze_0/bsp/system.mss
TRACE::2025-06-21.19:47:37::SCWPlatform::Trying to open the hw design at D:/SE/Vitis/prueba_motor/motor_prueba/hw/motor_prueba.xsa
TRACE::2025-06-21.19:47:37::SCWPlatform::DSA given D:/SE/Vitis/prueba_motor/motor_prueba/hw/motor_prueba.xsa
TRACE::2025-06-21.19:47:37::SCWPlatform::DSA absoulate path D:/SE/Vitis/prueba_motor/motor_prueba/hw/motor_prueba.xsa
TRACE::2025-06-21.19:47:37::SCWPlatform::DSA directory D:/SE/Vitis/prueba_motor/motor_prueba/hw
TRACE::2025-06-21.19:47:37::SCWPlatform:: Platform Path D:/SE/Vitis/prueba_motor/motor_prueba/hw/motor_prueba.xsa
TRACE::2025-06-21.19:47:37::SCWPlatform:: Unique name xilinx:basys3::0.0
TRACE::2025-06-21.19:47:37::SCWPlatform::Trying to set the existing hwdb with name design_1_wrapper_0
TRACE::2025-06-21.19:47:37::SCWPlatform::Opened existing hwdb design_1_wrapper_0
TRACE::2025-06-21.19:47:37::SCWPlatform::Found the Hw Db part of the input DSA
TRACE::2025-06-21.19:47:37::SCWMssOS::Checking the sw design at  D:/SE/Vitis/prueba_motor/motor_prueba/microblaze_0/standalone_microblaze_0/bsp/system.mss
TRACE::2025-06-21.19:47:37::SCWMssOS::DEBUG:  swdes dump  D:/SE/Vitis/prueba_motor/motor_prueba/microblaze_0/standalone_microblaze_0/bsp/system.mss|system||

TRACE::2025-06-21.19:47:37::SCWMssOS::Sw design exists and opened at  D:/SE/Vitis/prueba_motor/motor_prueba/microblaze_0/standalone_microblaze_0/bsp/system.mss
TRACE::2025-06-21.19:47:37::SCWPlatform::Trying to open the hw design at D:/SE/Vitis/prueba_motor/motor_prueba/hw/motor_prueba.xsa
TRACE::2025-06-21.19:47:37::SCWPlatform::DSA given D:/SE/Vitis/prueba_motor/motor_prueba/hw/motor_prueba.xsa
TRACE::2025-06-21.19:47:37::SCWPlatform::DSA absoulate path D:/SE/Vitis/prueba_motor/motor_prueba/hw/motor_prueba.xsa
TRACE::2025-06-21.19:47:37::SCWPlatform::DSA directory D:/SE/Vitis/prueba_motor/motor_prueba/hw
TRACE::2025-06-21.19:47:37::SCWPlatform:: Platform Path D:/SE/Vitis/prueba_motor/motor_prueba/hw/motor_prueba.xsa
TRACE::2025-06-21.19:47:37::SCWPlatform:: Unique name xilinx:basys3::0.0
TRACE::2025-06-21.19:47:37::SCWPlatform::Trying to set the existing hwdb with name design_1_wrapper_0
TRACE::2025-06-21.19:47:37::SCWPlatform::Opened existing hwdb design_1_wrapper_0
TRACE::2025-06-21.19:47:37::SCWPlatform::Found the Hw Db part of the input DSA
TRACE::2025-06-21.19:47:38::SCWMssOS::Checking the sw design at  D:/SE/Vitis/prueba_motor/motor_prueba/microblaze_0/standalone_microblaze_0/bsp/system.mss
TRACE::2025-06-21.19:47:38::SCWMssOS::DEBUG:  swdes dump  D:/SE/Vitis/prueba_motor/motor_prueba/microblaze_0/standalone_microblaze_0/bsp/system.mss|system||

TRACE::2025-06-21.19:47:38::SCWMssOS::Sw design exists and opened at  D:/SE/Vitis/prueba_motor/motor_prueba/microblaze_0/standalone_microblaze_0/bsp/system.mss
TRACE::2025-06-21.19:47:38::SCWWriter::formatted JSON is {
	"platformName":	"motor_prueba",
	"sprVersion":	"2.0",
	"mode":	"gui",
	"dsaType":	"Fixed",
	"platformDesc":	"motor_prueba",
	"platHandOff":	"D:/SE/Vivado/proyecto/motor_prueba.xsa",
	"platIntHandOff":	"<platformDir>/hw/motor_prueba.xsa",
	"deviceType":	"FPGA",
	"platIsPrebuiltAutogen":	"false",
	"platIsNoBootBsp":	"false",
	"hasFsblMakeHasChanges":	"false",
	"hasPmufwMakeHasChanges":	"false",
	"platPreBuiltFlag":	false,
	"platformSamplesDir":	"",
	"platActiveSys":	"motor_prueba",
	"systems":	[{
			"systemName":	"motor_prueba",
			"systemDesc":	"motor_prueba",
			"sysIsBootAutoGen":	"true",
			"systemDispName":	"motor_prueba",
			"sysActiveDom":	"standalone_microblaze_0",
			"sysDefaultDom":	"standalone_microblaze_0",
			"domains":	[{
					"domainName":	"standalone_microblaze_0",
					"domainDispName":	"standalone_microblaze_0",
					"domainDesc":	"standalone_microblaze_0",
					"processors":	"microblaze_0",
					"os":	"standalone",
					"sdxOs":	"standalone",
					"debugEnable":	"False",
					"domRuntimes":	["cpp"],
					"swRepo":	"",
					"mssOsVer":	"8.1",
					"mssFile":	"",
					"md5Digest":	"1d82526cbae982d7c1b656523115b226",
					"compatibleApp":	"peripheral_tests",
					"domType":	"mssDomain",
					"arch":	"32-bit",
					"appSettings":	{
						"appCompilerFlags":	"",
						"appLinkerFlags":	""
					},
					"addedLibs":	[],
					"libOptions":	{
						"libsContainingOptions":	[]
					},
					"prebuiltLibs":	{
						"prebuiltIncPath":	[],
						"prebuiltLibPath":	[]
					},
					"isolation":	{
					}
				}]
		}]
}
KEYINFO::2025-06-21.19:47:38::SCWPlatform::updated the xpfm file.
TRACE::2025-06-21.19:47:38::SCWPlatform::Trying to open the hw design at D:/SE/Vitis/prueba_motor/motor_prueba/hw/motor_prueba.xsa
TRACE::2025-06-21.19:47:38::SCWPlatform::DSA given D:/SE/Vitis/prueba_motor/motor_prueba/hw/motor_prueba.xsa
TRACE::2025-06-21.19:47:38::SCWPlatform::DSA absoulate path D:/SE/Vitis/prueba_motor/motor_prueba/hw/motor_prueba.xsa
TRACE::2025-06-21.19:47:38::SCWPlatform::DSA directory D:/SE/Vitis/prueba_motor/motor_prueba/hw
TRACE::2025-06-21.19:47:38::SCWPlatform:: Platform Path D:/SE/Vitis/prueba_motor/motor_prueba/hw/motor_prueba.xsa
TRACE::2025-06-21.19:47:38::SCWPlatform:: Unique name xilinx:basys3::0.0
TRACE::2025-06-21.19:47:38::SCWPlatform::Trying to set the existing hwdb with name design_1_wrapper_0
TRACE::2025-06-21.19:47:38::SCWPlatform::Opened existing hwdb design_1_wrapper_0
TRACE::2025-06-21.19:47:38::SCWPlatform::Found the Hw Db part of the input DSA
TRACE::2025-06-21.19:47:38::SCWMssOS::Checking the sw design at  D:/SE/Vitis/prueba_motor/motor_prueba/microblaze_0/standalone_microblaze_0/bsp/system.mss
TRACE::2025-06-21.19:47:38::SCWMssOS::DEBUG:  swdes dump  D:/SE/Vitis/prueba_motor/motor_prueba/microblaze_0/standalone_microblaze_0/bsp/system.mss|system||

TRACE::2025-06-21.19:47:38::SCWMssOS::Sw design exists and opened at  D:/SE/Vitis/prueba_motor/motor_prueba/microblaze_0/standalone_microblaze_0/bsp/system.mss
