TRACE::2024-11-20.17:13:37::SCWPlatform::Trying to open the hw design at D:/SE/Vitis/practicadoscd/puedeser/hw/puedeser.xsa
TRACE::2024-11-20.17:13:37::SCWPlatform::DSA given D:/SE/Vitis/practicadoscd/puedeser/hw/puedeser.xsa
TRACE::2024-11-20.17:13:37::SCWPlatform::DSA absoulate path D:/SE/Vitis/practicadoscd/puedeser/hw/puedeser.xsa
TRACE::2024-11-20.17:13:37::SCWPlatform::DSA directory D:/SE/Vitis/practicadoscd/puedeser/hw
TRACE::2024-11-20.17:13:37::SCWPlatform:: Platform Path D:/SE/Vitis/practicadoscd/puedeser/hw/puedeser.xsa
TRACE::2024-11-20.17:13:37::SCWPlatform:: Unique name xilinx:basys3::0.0
TRACE::2024-11-20.17:13:37::SCWPlatform::Do not have an existing db opened. 
TRACE::2024-11-20.17:13:38::SCWPlatform::Opened new HwDB with name design_1_wrapper_0
TRACE::2024-11-20.17:13:38::SCWWriter::formatted JSON is {
	"platformName":	"puedeser",
	"sprVersion":	"2.0",
	"mode":	"gui",
	"dsaType":	"Fixed",
	"platformDesc":	"puedeser",
	"platHandOff":	"D:/SE/Vivado/practica2/puedeser.xsa",
	"platIntHandOff":	"<platformDir>/hw/puedeser.xsa",
	"deviceType":	"FPGA",
	"platIsPrebuiltAutogen":	"false",
	"platIsNoBootBsp":	"false",
	"hasFsblMakeHasChanges":	"false",
	"hasPmufwMakeHasChanges":	"false",
	"platPreBuiltFlag":	false,
	"platformSamplesDir":	""
}
TRACE::2024-11-20.17:13:38::SCWWriter::formatted JSON is {
	"platformName":	"puedeser",
	"sprVersion":	"2.0",
	"mode":	"gui",
	"dsaType":	"Fixed",
	"platformDesc":	"puedeser",
	"platHandOff":	"D:/SE/Vivado/practica2/puedeser.xsa",
	"platIntHandOff":	"<platformDir>/hw/puedeser.xsa",
	"deviceType":	"FPGA",
	"platIsPrebuiltAutogen":	"false",
	"platIsNoBootBsp":	"false",
	"hasFsblMakeHasChanges":	"false",
	"hasPmufwMakeHasChanges":	"false",
	"platPreBuiltFlag":	false,
	"platformSamplesDir":	"",
	"platActiveSys":	"puedeser",
	"systems":	[{
			"systemName":	"puedeser",
			"systemDesc":	"puedeser",
			"sysIsBootAutoGen":	"true",
			"systemDispName":	"puedeser"
		}]
}
TRACE::2024-11-20.17:13:38::SCWPlatform::Boot application domains not present, creating them
TRACE::2024-11-20.17:13:38::SCWPlatform::Pure FPGA device, no boot application will be created.
TRACE::2024-11-20.17:13:38::SCWWriter::formatted JSON is {
	"platformName":	"puedeser",
	"sprVersion":	"2.0",
	"mode":	"gui",
	"dsaType":	"Fixed",
	"platformDesc":	"puedeser",
	"platHandOff":	"D:/SE/Vivado/practica2/puedeser.xsa",
	"platIntHandOff":	"<platformDir>/hw/puedeser.xsa",
	"deviceType":	"FPGA",
	"platIsPrebuiltAutogen":	"false",
	"platIsNoBootBsp":	"false",
	"hasFsblMakeHasChanges":	"false",
	"hasPmufwMakeHasChanges":	"false",
	"platPreBuiltFlag":	false,
	"platformSamplesDir":	"",
	"platActiveSys":	"puedeser",
	"systems":	[{
			"systemName":	"puedeser",
			"systemDesc":	"puedeser",
			"sysIsBootAutoGen":	"true",
			"systemDispName":	"puedeser"
		}]
}
TRACE::2024-11-20.17:13:38::SCWWriter::formatted JSON is {
	"platformName":	"puedeser",
	"sprVersion":	"2.0",
	"mode":	"gui",
	"dsaType":	"Fixed",
	"platformDesc":	"puedeser",
	"platHandOff":	"D:/SE/Vivado/practica2/puedeser.xsa",
	"platIntHandOff":	"<platformDir>/hw/puedeser.xsa",
	"deviceType":	"FPGA",
	"platIsPrebuiltAutogen":	"false",
	"platIsNoBootBsp":	"false",
	"hasFsblMakeHasChanges":	"false",
	"hasPmufwMakeHasChanges":	"false",
	"platPreBuiltFlag":	false,
	"platformSamplesDir":	"",
	"platActiveSys":	"puedeser",
	"systems":	[{
			"systemName":	"puedeser",
			"systemDesc":	"puedeser",
			"sysIsBootAutoGen":	"true",
			"systemDispName":	"puedeser"
		}]
}
TRACE::2024-11-20.17:13:39::SCWPlatform::Trying to open the hw design at D:/SE/Vitis/practicadoscd/puedeser/hw/puedeser.xsa
TRACE::2024-11-20.17:13:39::SCWPlatform::DSA given D:/SE/Vitis/practicadoscd/puedeser/hw/puedeser.xsa
TRACE::2024-11-20.17:13:39::SCWPlatform::DSA absoulate path D:/SE/Vitis/practicadoscd/puedeser/hw/puedeser.xsa
TRACE::2024-11-20.17:13:39::SCWPlatform::DSA directory D:/SE/Vitis/practicadoscd/puedeser/hw
TRACE::2024-11-20.17:13:39::SCWPlatform:: Platform Path D:/SE/Vitis/practicadoscd/puedeser/hw/puedeser.xsa
TRACE::2024-11-20.17:13:39::SCWPlatform:: Unique name xilinx:basys3::0.0
TRACE::2024-11-20.17:13:39::SCWPlatform::Trying to set the existing hwdb with name design_1_wrapper_0
TRACE::2024-11-20.17:13:39::SCWPlatform::Opened existing hwdb design_1_wrapper_0
TRACE::2024-11-20.17:13:39::SCWPlatform::Found the Hw Db part of the input DSA
TRACE::2024-11-20.17:13:39::SCWPlatform::Trying to open the hw design at D:/SE/Vitis/practicadoscd/puedeser/hw/puedeser.xsa
TRACE::2024-11-20.17:13:39::SCWPlatform::DSA given D:/SE/Vitis/practicadoscd/puedeser/hw/puedeser.xsa
TRACE::2024-11-20.17:13:39::SCWPlatform::DSA absoulate path D:/SE/Vitis/practicadoscd/puedeser/hw/puedeser.xsa
TRACE::2024-11-20.17:13:39::SCWPlatform::DSA directory D:/SE/Vitis/practicadoscd/puedeser/hw
TRACE::2024-11-20.17:13:39::SCWPlatform:: Platform Path D:/SE/Vitis/practicadoscd/puedeser/hw/puedeser.xsa
TRACE::2024-11-20.17:13:39::SCWPlatform:: Unique name xilinx:basys3::0.0
TRACE::2024-11-20.17:13:39::SCWPlatform::Trying to set the existing hwdb with name design_1_wrapper_0
TRACE::2024-11-20.17:13:39::SCWPlatform::Opened existing hwdb design_1_wrapper_0
TRACE::2024-11-20.17:13:39::SCWPlatform::Found the Hw Db part of the input DSA
TRACE::2024-11-20.17:13:39::SCWDomain::checking for install qemu data   : 
TRACE::2024-11-20.17:13:39::SCWPlatform::Trying to open the hw design at D:/SE/Vitis/practicadoscd/puedeser/hw/puedeser.xsa
TRACE::2024-11-20.17:13:39::SCWPlatform::DSA given D:/SE/Vitis/practicadoscd/puedeser/hw/puedeser.xsa
TRACE::2024-11-20.17:13:39::SCWPlatform::DSA absoulate path D:/SE/Vitis/practicadoscd/puedeser/hw/puedeser.xsa
TRACE::2024-11-20.17:13:39::SCWPlatform::DSA directory D:/SE/Vitis/practicadoscd/puedeser/hw
TRACE::2024-11-20.17:13:39::SCWPlatform:: Platform Path D:/SE/Vitis/practicadoscd/puedeser/hw/puedeser.xsa
TRACE::2024-11-20.17:13:39::SCWPlatform:: Unique name xilinx:basys3::0.0
TRACE::2024-11-20.17:13:39::SCWPlatform::Trying to set the existing hwdb with name design_1_wrapper_0
TRACE::2024-11-20.17:13:39::SCWPlatform::Opened existing hwdb design_1_wrapper_0
TRACE::2024-11-20.17:13:39::SCWPlatform::Found the Hw Db part of the input DSA
TRACE::2024-11-20.17:13:39::SCWPlatform::Trying to open the hw design at D:/SE/Vitis/practicadoscd/puedeser/hw/puedeser.xsa
TRACE::2024-11-20.17:13:39::SCWPlatform::DSA given D:/SE/Vitis/practicadoscd/puedeser/hw/puedeser.xsa
TRACE::2024-11-20.17:13:39::SCWPlatform::DSA absoulate path D:/SE/Vitis/practicadoscd/puedeser/hw/puedeser.xsa
TRACE::2024-11-20.17:13:39::SCWPlatform::DSA directory D:/SE/Vitis/practicadoscd/puedeser/hw
TRACE::2024-11-20.17:13:39::SCWPlatform:: Platform Path D:/SE/Vitis/practicadoscd/puedeser/hw/puedeser.xsa
TRACE::2024-11-20.17:13:39::SCWPlatform:: Unique name xilinx:basys3::0.0
TRACE::2024-11-20.17:13:39::SCWPlatform::Trying to set the existing hwdb with name design_1_wrapper_0
TRACE::2024-11-20.17:13:39::SCWPlatform::Opened existing hwdb design_1_wrapper_0
TRACE::2024-11-20.17:13:39::SCWPlatform::Found the Hw Db part of the input DSA
TRACE::2024-11-20.17:13:39::SCWPlatform::Trying to open the hw design at D:/SE/Vitis/practicadoscd/puedeser/hw/puedeser.xsa
TRACE::2024-11-20.17:13:39::SCWPlatform::DSA given D:/SE/Vitis/practicadoscd/puedeser/hw/puedeser.xsa
TRACE::2024-11-20.17:13:39::SCWPlatform::DSA absoulate path D:/SE/Vitis/practicadoscd/puedeser/hw/puedeser.xsa
TRACE::2024-11-20.17:13:39::SCWPlatform::DSA directory D:/SE/Vitis/practicadoscd/puedeser/hw
TRACE::2024-11-20.17:13:39::SCWPlatform:: Platform Path D:/SE/Vitis/practicadoscd/puedeser/hw/puedeser.xsa
TRACE::2024-11-20.17:13:39::SCWPlatform:: Unique name xilinx:basys3::0.0
TRACE::2024-11-20.17:13:39::SCWPlatform::Trying to set the existing hwdb with name design_1_wrapper_0
TRACE::2024-11-20.17:13:39::SCWPlatform::Opened existing hwdb design_1_wrapper_0
TRACE::2024-11-20.17:13:39::SCWPlatform::Found the Hw Db part of the input DSA
TRACE::2024-11-20.17:13:39::SCWMssOS::Checking the sw design at  D:/SE/Vitis/practicadoscd/puedeser/microblaze_0/standalone_microblaze_0/bsp/system.mss
TRACE::2024-11-20.17:13:39::SCWMssOS::DEBUG:  swdes dump  
TRACE::2024-11-20.17:13:39::SCWMssOS::No sw design opened at  D:/SE/Vitis/practicadoscd/puedeser/microblaze_0/standalone_microblaze_0/bsp/system.mss
TRACE::2024-11-20.17:13:39::SCWMssOS::mss does not exists at D:/SE/Vitis/practicadoscd/puedeser/microblaze_0/standalone_microblaze_0/bsp/system.mss
TRACE::2024-11-20.17:13:39::SCWMssOS::Creating sw design at  D:/SE/Vitis/practicadoscd/puedeser/microblaze_0/standalone_microblaze_0/bsp/system.mss
TRACE::2024-11-20.17:13:39::SCWMssOS::Adding the swdes entry, created swdb D:/SE/Vitis/practicadoscd/puedeser/microblaze_0/standalone_microblaze_0/bsp/system.mss with des name D:/SE/Vitis/practicadoscd/puedeser/microblaze_0/standalone_microblaze_0/bsp/system.mss
TRACE::2024-11-20.17:13:39::SCWMssOS::updating the scw layer changes to swdes at   D:/SE/Vitis/practicadoscd/puedeser/microblaze_0/standalone_microblaze_0/bsp/system.mss
TRACE::2024-11-20.17:13:39::SCWMssOS::Writing mss at D:/SE/Vitis/practicadoscd/puedeser/microblaze_0/standalone_microblaze_0/bsp/system.mss
TRACE::2024-11-20.17:13:39::SCWMssOS::Completed writing the mss file at D:/SE/Vitis/practicadoscd/puedeser/microblaze_0/standalone_microblaze_0/bsp
TRACE::2024-11-20.17:13:39::SCWMssOS::Picking up changes from newly written mss file into SCW Layer. 
TRACE::2024-11-20.17:13:40::SCWMssOS::Updated the changes from newly written mss file into SCW Layer. 
TRACE::2024-11-20.17:13:40::SCWMssOS::Completed writing the mss file at D:/SE/Vitis/practicadoscd/puedeser/microblaze_0/standalone_microblaze_0/bsp
TRACE::2024-11-20.17:13:40::SCWMssOS::Forcing BSP Sources regeneration.
TRACE::2024-11-20.17:13:57::SCWMssOS::Saving the mss changes D:/SE/Vitis/practicadoscd/puedeser/microblaze_0/standalone_microblaze_0/bsp/system.mss
TRACE::2024-11-20.17:13:57::SCWMssOS::Adding the swdes entry, mss present, able to open swdb D:/SE/Vitis/practicadoscd/puedeser/microblaze_0/standalone_microblaze_0/bsp/system.mss with des name system
TRACE::2024-11-20.17:13:57::SCWMssOS::Writing the mss file completed D:/SE/Vitis/practicadoscd/puedeser/microblaze_0/standalone_microblaze_0/bsp/system.mss
TRACE::2024-11-20.17:13:57::SCWMssOS::Commit changes completed.
TRACE::2024-11-20.17:13:57::SCWPlatform::Trying to open the hw design at D:/SE/Vitis/practicadoscd/puedeser/hw/puedeser.xsa
TRACE::2024-11-20.17:13:57::SCWPlatform::DSA given D:/SE/Vitis/practicadoscd/puedeser/hw/puedeser.xsa
TRACE::2024-11-20.17:13:57::SCWPlatform::DSA absoulate path D:/SE/Vitis/practicadoscd/puedeser/hw/puedeser.xsa
TRACE::2024-11-20.17:13:57::SCWPlatform::DSA directory D:/SE/Vitis/practicadoscd/puedeser/hw
TRACE::2024-11-20.17:13:57::SCWPlatform:: Platform Path D:/SE/Vitis/practicadoscd/puedeser/hw/puedeser.xsa
TRACE::2024-11-20.17:13:57::SCWPlatform:: Unique name xilinx:basys3::0.0
TRACE::2024-11-20.17:13:57::SCWPlatform::Trying to set the existing hwdb with name design_1_wrapper_0
TRACE::2024-11-20.17:13:57::SCWPlatform::Opened existing hwdb design_1_wrapper_0
TRACE::2024-11-20.17:13:57::SCWPlatform::Found the Hw Db part of the input DSA
TRACE::2024-11-20.17:13:57::SCWMssOS::Checking the sw design at  D:/SE/Vitis/practicadoscd/puedeser/microblaze_0/standalone_microblaze_0/bsp/system.mss
TRACE::2024-11-20.17:13:57::SCWMssOS::DEBUG:  swdes dump  D:/SE/Vitis/practicadoscd/puedeser/microblaze_0/standalone_microblaze_0/bsp/system.mss|system||

TRACE::2024-11-20.17:13:57::SCWMssOS::Sw design exists and opened at  D:/SE/Vitis/practicadoscd/puedeser/microblaze_0/standalone_microblaze_0/bsp/system.mss
TRACE::2024-11-20.17:13:57::SCWPlatform::Trying to open the hw design at D:/SE/Vitis/practicadoscd/puedeser/hw/puedeser.xsa
TRACE::2024-11-20.17:13:57::SCWPlatform::DSA given D:/SE/Vitis/practicadoscd/puedeser/hw/puedeser.xsa
TRACE::2024-11-20.17:13:57::SCWPlatform::DSA absoulate path D:/SE/Vitis/practicadoscd/puedeser/hw/puedeser.xsa
TRACE::2024-11-20.17:13:57::SCWPlatform::DSA directory D:/SE/Vitis/practicadoscd/puedeser/hw
TRACE::2024-11-20.17:13:57::SCWPlatform:: Platform Path D:/SE/Vitis/practicadoscd/puedeser/hw/puedeser.xsa
TRACE::2024-11-20.17:13:57::SCWPlatform:: Unique name xilinx:basys3::0.0
TRACE::2024-11-20.17:13:57::SCWPlatform::Trying to set the existing hwdb with name design_1_wrapper_0
TRACE::2024-11-20.17:13:57::SCWPlatform::Opened existing hwdb design_1_wrapper_0
TRACE::2024-11-20.17:13:57::SCWPlatform::Found the Hw Db part of the input DSA
TRACE::2024-11-20.17:13:57::SCWMssOS::Checking the sw design at  D:/SE/Vitis/practicadoscd/puedeser/microblaze_0/standalone_microblaze_0/bsp/system.mss
TRACE::2024-11-20.17:13:57::SCWMssOS::DEBUG:  swdes dump  D:/SE/Vitis/practicadoscd/puedeser/microblaze_0/standalone_microblaze_0/bsp/system.mss|system||

TRACE::2024-11-20.17:13:57::SCWMssOS::Sw design exists and opened at  D:/SE/Vitis/practicadoscd/puedeser/microblaze_0/standalone_microblaze_0/bsp/system.mss
TRACE::2024-11-20.17:13:57::SCWPlatform::Trying to open the hw design at D:/SE/Vitis/practicadoscd/puedeser/hw/puedeser.xsa
TRACE::2024-11-20.17:13:57::SCWPlatform::DSA given D:/SE/Vitis/practicadoscd/puedeser/hw/puedeser.xsa
TRACE::2024-11-20.17:13:57::SCWPlatform::DSA absoulate path D:/SE/Vitis/practicadoscd/puedeser/hw/puedeser.xsa
TRACE::2024-11-20.17:13:57::SCWPlatform::DSA directory D:/SE/Vitis/practicadoscd/puedeser/hw
TRACE::2024-11-20.17:13:57::SCWPlatform:: Platform Path D:/SE/Vitis/practicadoscd/puedeser/hw/puedeser.xsa
TRACE::2024-11-20.17:13:57::SCWPlatform:: Unique name xilinx:basys3::0.0
TRACE::2024-11-20.17:13:57::SCWPlatform::Trying to set the existing hwdb with name design_1_wrapper_0
TRACE::2024-11-20.17:13:57::SCWPlatform::Opened existing hwdb design_1_wrapper_0
TRACE::2024-11-20.17:13:57::SCWPlatform::Found the Hw Db part of the input DSA
TRACE::2024-11-20.17:13:57::SCWMssOS::Checking the sw design at  D:/SE/Vitis/practicadoscd/puedeser/microblaze_0/standalone_microblaze_0/bsp/system.mss
TRACE::2024-11-20.17:13:57::SCWMssOS::DEBUG:  swdes dump  D:/SE/Vitis/practicadoscd/puedeser/microblaze_0/standalone_microblaze_0/bsp/system.mss|system||

TRACE::2024-11-20.17:13:57::SCWMssOS::Sw design exists and opened at  D:/SE/Vitis/practicadoscd/puedeser/microblaze_0/standalone_microblaze_0/bsp/system.mss
TRACE::2024-11-20.17:13:57::SCWWriter::formatted JSON is {
	"platformName":	"puedeser",
	"sprVersion":	"2.0",
	"mode":	"gui",
	"dsaType":	"Fixed",
	"platformDesc":	"puedeser",
	"platHandOff":	"D:/SE/Vivado/practica2/puedeser.xsa",
	"platIntHandOff":	"<platformDir>/hw/puedeser.xsa",
	"deviceType":	"FPGA",
	"platIsPrebuiltAutogen":	"false",
	"platIsNoBootBsp":	"false",
	"hasFsblMakeHasChanges":	"false",
	"hasPmufwMakeHasChanges":	"false",
	"platPreBuiltFlag":	false,
	"platformSamplesDir":	"",
	"platActiveSys":	"puedeser",
	"systems":	[{
			"systemName":	"puedeser",
			"systemDesc":	"puedeser",
			"sysIsBootAutoGen":	"true",
			"systemDispName":	"puedeser",
			"sysActiveDom":	"standalone_microblaze_0",
			"sysDefaultDom":	"standalone_microblaze_0",
			"domains":	[{
					"domainName":	"standalone_microblaze_0",
					"domainDispName":	"standalone_microblaze_0",
					"domainDesc":	"standalone_microblaze_0",
					"processors":	"microblaze_0",
					"os":	"standalone",
					"sdxOs":	"standalone",
					"debugEnable":	"False",
					"domRuntimes":	["cpp"],
					"swRepo":	"",
					"mssOsVer":	"8.1",
					"mssFile":	"",
					"md5Digest":	"25c07a82bf59ba87c8ca238ad5b8ea01",
					"compatibleApp":	"peripheral_tests",
					"domType":	"mssDomain",
					"arch":	"32-bit",
					"appSettings":	{
						"appCompilerFlags":	"",
						"appLinkerFlags":	""
					},
					"addedLibs":	[],
					"libOptions":	{
						"libsContainingOptions":	[]
					},
					"prebuiltLibs":	{
						"prebuiltIncPath":	[],
						"prebuiltLibPath":	[]
					},
					"isolation":	{
					}
				}]
		}]
}
LOG::2024-11-20.17:13:57::SCWPlatform::Started generating the artifacts platform puedeser
TRACE::2024-11-20.17:13:57::SCWPlatform::Sanity checking of platform is completed
LOG::2024-11-20.17:13:57::SCWPlatform::Started generating the artifacts for system configuration puedeser
LOG::2024-11-20.17:13:57::SCWSystem::Checking the domain standalone_microblaze_0
LOG::2024-11-20.17:13:57::SCWSystem::Not a boot domain 
LOG::2024-11-20.17:13:58::SCWSystem::Started Processing the domain standalone_microblaze_0
TRACE::2024-11-20.17:13:58::SCWDomain::Generating domain artifcats
TRACE::2024-11-20.17:13:58::SCWMssOS::Generating standalone artifcats
TRACE::2024-11-20.17:13:58::SCWMssOS:: Copying the user libraries. 
TRACE::2024-11-20.17:13:58::SCWPlatform::Trying to open the hw design at D:/SE/Vitis/practicadoscd/puedeser/hw/puedeser.xsa
TRACE::2024-11-20.17:13:58::SCWPlatform::DSA given D:/SE/Vitis/practicadoscd/puedeser/hw/puedeser.xsa
TRACE::2024-11-20.17:13:58::SCWPlatform::DSA absoulate path D:/SE/Vitis/practicadoscd/puedeser/hw/puedeser.xsa
TRACE::2024-11-20.17:13:58::SCWPlatform::DSA directory D:/SE/Vitis/practicadoscd/puedeser/hw
TRACE::2024-11-20.17:13:58::SCWPlatform:: Platform Path D:/SE/Vitis/practicadoscd/puedeser/hw/puedeser.xsa
TRACE::2024-11-20.17:13:58::SCWPlatform:: Unique name xilinx:basys3::0.0
TRACE::2024-11-20.17:13:58::SCWPlatform::Trying to set the existing hwdb with name design_1_wrapper_0
TRACE::2024-11-20.17:13:58::SCWPlatform::Opened existing hwdb design_1_wrapper_0
TRACE::2024-11-20.17:13:58::SCWPlatform::Found the Hw Db part of the input DSA
TRACE::2024-11-20.17:13:58::SCWMssOS::Checking the sw design at  D:/SE/Vitis/practicadoscd/puedeser/microblaze_0/standalone_microblaze_0/bsp/system.mss
TRACE::2024-11-20.17:13:58::SCWMssOS::DEBUG:  swdes dump  D:/SE/Vitis/practicadoscd/puedeser/microblaze_0/standalone_microblaze_0/bsp/system.mss|system||

TRACE::2024-11-20.17:13:58::SCWMssOS::Sw design exists and opened at  D:/SE/Vitis/practicadoscd/puedeser/microblaze_0/standalone_microblaze_0/bsp/system.mss
TRACE::2024-11-20.17:13:58::SCWMssOS::Completed writing the mss file at D:/SE/Vitis/practicadoscd/puedeser/microblaze_0/standalone_microblaze_0/bsp
TRACE::2024-11-20.17:13:58::SCWMssOS::Mss edits present, copying mssfile into export location D:/SE/Vitis/practicadoscd/puedeser/microblaze_0/standalone_microblaze_0/bsp/system.mss
TRACE::2024-11-20.17:13:58::SCWMssOS::bsp generated is upto date with the mss file. Skipping bsp generation.
TRACE::2024-11-20.17:13:58::SCWMssOS::BSP is already built. skipping the bsp build ... 
TRACE::2024-11-20.17:13:58::SCWDomain::Skipping the build for domain :  standalone_microblaze_0
TRACE::2024-11-20.17:13:58::SCWMssOS::skipping the bsp build ... 
TRACE::2024-11-20.17:13:58::SCWMssOS::Copying to export directory.
TRACE::2024-11-20.17:13:59::SCWMssOS:: Checking if to create the Supporting Applications
TRACE::2024-11-20.17:13:59::SCWMssOS:: No Linux domain exists, trying to generate FSBL 
LOG::2024-11-20.17:13:59::SCWSystem::Completed Processing the domain standalone_microblaze_0
LOG::2024-11-20.17:13:59::SCWSystem::Completed Processing the sysconfig puedeser
LOG::2024-11-20.17:13:59::SCWPlatform::Completed generating the artifacts for system configuration puedeser
TRACE::2024-11-20.17:13:59::SCWPlatform::Started preparing the platform 
TRACE::2024-11-20.17:13:59::SCWSystem::Writing the bif file for system config puedeser
TRACE::2024-11-20.17:13:59::SCWSystem::dir created 
TRACE::2024-11-20.17:13:59::SCWSystem::Writing the bif 
TRACE::2024-11-20.17:13:59::SCWPlatform::Started writing the spfm file 
TRACE::2024-11-20.17:13:59::SCWPlatform::Started writing the xpfm file 
TRACE::2024-11-20.17:13:59::SCWPlatform::Completed generating the platform
TRACE::2024-11-20.17:13:59::SCWMssOS::Saving the mss changes D:/SE/Vitis/practicadoscd/puedeser/microblaze_0/standalone_microblaze_0/bsp/system.mss
TRACE::2024-11-20.17:13:59::SCWMssOS::Found a swdesign opened with the mssfile.
TRACE::2024-11-20.17:13:59::SCWMssOS::Completed writemss as part of save.
TRACE::2024-11-20.17:13:59::SCWMssOS::Commit changes completed.
TRACE::2024-11-20.17:13:59::SCWPlatform::Trying to open the hw design at D:/SE/Vitis/practicadoscd/puedeser/hw/puedeser.xsa
TRACE::2024-11-20.17:13:59::SCWPlatform::DSA given D:/SE/Vitis/practicadoscd/puedeser/hw/puedeser.xsa
TRACE::2024-11-20.17:13:59::SCWPlatform::DSA absoulate path D:/SE/Vitis/practicadoscd/puedeser/hw/puedeser.xsa
TRACE::2024-11-20.17:13:59::SCWPlatform::DSA directory D:/SE/Vitis/practicadoscd/puedeser/hw
TRACE::2024-11-20.17:13:59::SCWPlatform:: Platform Path D:/SE/Vitis/practicadoscd/puedeser/hw/puedeser.xsa
TRACE::2024-11-20.17:13:59::SCWPlatform:: Unique name xilinx:basys3::0.0
TRACE::2024-11-20.17:13:59::SCWPlatform::Trying to set the existing hwdb with name design_1_wrapper_0
TRACE::2024-11-20.17:13:59::SCWPlatform::Opened existing hwdb design_1_wrapper_0
TRACE::2024-11-20.17:13:59::SCWPlatform::Found the Hw Db part of the input DSA
TRACE::2024-11-20.17:13:59::SCWMssOS::Checking the sw design at  D:/SE/Vitis/practicadoscd/puedeser/microblaze_0/standalone_microblaze_0/bsp/system.mss
TRACE::2024-11-20.17:13:59::SCWMssOS::DEBUG:  swdes dump  D:/SE/Vitis/practicadoscd/puedeser/microblaze_0/standalone_microblaze_0/bsp/system.mss|system||

TRACE::2024-11-20.17:13:59::SCWMssOS::Sw design exists and opened at  D:/SE/Vitis/practicadoscd/puedeser/microblaze_0/standalone_microblaze_0/bsp/system.mss
TRACE::2024-11-20.17:13:59::SCWPlatform::Trying to open the hw design at D:/SE/Vitis/practicadoscd/puedeser/hw/puedeser.xsa
TRACE::2024-11-20.17:14:00::SCWPlatform::DSA given D:/SE/Vitis/practicadoscd/puedeser/hw/puedeser.xsa
TRACE::2024-11-20.17:14:00::SCWPlatform::DSA absoulate path D:/SE/Vitis/practicadoscd/puedeser/hw/puedeser.xsa
TRACE::2024-11-20.17:14:00::SCWPlatform::DSA directory D:/SE/Vitis/practicadoscd/puedeser/hw
TRACE::2024-11-20.17:14:00::SCWPlatform:: Platform Path D:/SE/Vitis/practicadoscd/puedeser/hw/puedeser.xsa
TRACE::2024-11-20.17:14:00::SCWPlatform:: Unique name xilinx:basys3::0.0
TRACE::2024-11-20.17:14:00::SCWPlatform::Trying to set the existing hwdb with name design_1_wrapper_0
TRACE::2024-11-20.17:14:00::SCWPlatform::Opened existing hwdb design_1_wrapper_0
TRACE::2024-11-20.17:14:00::SCWPlatform::Found the Hw Db part of the input DSA
TRACE::2024-11-20.17:14:00::SCWMssOS::Checking the sw design at  D:/SE/Vitis/practicadoscd/puedeser/microblaze_0/standalone_microblaze_0/bsp/system.mss
TRACE::2024-11-20.17:14:00::SCWMssOS::DEBUG:  swdes dump  D:/SE/Vitis/practicadoscd/puedeser/microblaze_0/standalone_microblaze_0/bsp/system.mss|system||

TRACE::2024-11-20.17:14:00::SCWMssOS::Sw design exists and opened at  D:/SE/Vitis/practicadoscd/puedeser/microblaze_0/standalone_microblaze_0/bsp/system.mss
TRACE::2024-11-20.17:14:00::SCWPlatform::Trying to open the hw design at D:/SE/Vitis/practicadoscd/puedeser/hw/puedeser.xsa
TRACE::2024-11-20.17:14:00::SCWPlatform::DSA given D:/SE/Vitis/practicadoscd/puedeser/hw/puedeser.xsa
TRACE::2024-11-20.17:14:00::SCWPlatform::DSA absoulate path D:/SE/Vitis/practicadoscd/puedeser/hw/puedeser.xsa
TRACE::2024-11-20.17:14:00::SCWPlatform::DSA directory D:/SE/Vitis/practicadoscd/puedeser/hw
TRACE::2024-11-20.17:14:00::SCWPlatform:: Platform Path D:/SE/Vitis/practicadoscd/puedeser/hw/puedeser.xsa
TRACE::2024-11-20.17:14:00::SCWPlatform:: Unique name xilinx:basys3::0.0
TRACE::2024-11-20.17:14:00::SCWPlatform::Trying to set the existing hwdb with name design_1_wrapper_0
TRACE::2024-11-20.17:14:00::SCWPlatform::Opened existing hwdb design_1_wrapper_0
TRACE::2024-11-20.17:14:00::SCWPlatform::Found the Hw Db part of the input DSA
TRACE::2024-11-20.17:14:00::SCWMssOS::Checking the sw design at  D:/SE/Vitis/practicadoscd/puedeser/microblaze_0/standalone_microblaze_0/bsp/system.mss
TRACE::2024-11-20.17:14:00::SCWMssOS::DEBUG:  swdes dump  D:/SE/Vitis/practicadoscd/puedeser/microblaze_0/standalone_microblaze_0/bsp/system.mss|system||

TRACE::2024-11-20.17:14:00::SCWMssOS::Sw design exists and opened at  D:/SE/Vitis/practicadoscd/puedeser/microblaze_0/standalone_microblaze_0/bsp/system.mss
TRACE::2024-11-20.17:14:00::SCWWriter::formatted JSON is {
	"platformName":	"puedeser",
	"sprVersion":	"2.0",
	"mode":	"gui",
	"dsaType":	"Fixed",
	"platformDesc":	"puedeser",
	"platHandOff":	"D:/SE/Vivado/practica2/puedeser.xsa",
	"platIntHandOff":	"<platformDir>/hw/puedeser.xsa",
	"deviceType":	"FPGA",
	"platIsPrebuiltAutogen":	"false",
	"platIsNoBootBsp":	"false",
	"hasFsblMakeHasChanges":	"false",
	"hasPmufwMakeHasChanges":	"false",
	"platPreBuiltFlag":	false,
	"platformSamplesDir":	"",
	"platActiveSys":	"puedeser",
	"systems":	[{
			"systemName":	"puedeser",
			"systemDesc":	"puedeser",
			"sysIsBootAutoGen":	"true",
			"systemDispName":	"puedeser",
			"sysActiveDom":	"standalone_microblaze_0",
			"sysDefaultDom":	"standalone_microblaze_0",
			"domains":	[{
					"domainName":	"standalone_microblaze_0",
					"domainDispName":	"standalone_microblaze_0",
					"domainDesc":	"standalone_microblaze_0",
					"processors":	"microblaze_0",
					"os":	"standalone",
					"sdxOs":	"standalone",
					"debugEnable":	"False",
					"domRuntimes":	["cpp"],
					"swRepo":	"",
					"mssOsVer":	"8.1",
					"mssFile":	"",
					"md5Digest":	"25c07a82bf59ba87c8ca238ad5b8ea01",
					"compatibleApp":	"peripheral_tests",
					"domType":	"mssDomain",
					"arch":	"32-bit",
					"appSettings":	{
						"appCompilerFlags":	"",
						"appLinkerFlags":	""
					},
					"addedLibs":	[],
					"libOptions":	{
						"libsContainingOptions":	[]
					},
					"prebuiltLibs":	{
						"prebuiltIncPath":	[],
						"prebuiltLibPath":	[]
					},
					"isolation":	{
					}
				}]
		}]
}
KEYINFO::2024-11-20.17:14:00::SCWPlatform::updated the xpfm file.
TRACE::2024-11-20.17:14:00::SCWPlatform::Trying to open the hw design at D:/SE/Vitis/practicadoscd/puedeser/hw/puedeser.xsa
TRACE::2024-11-20.17:14:00::SCWPlatform::DSA given D:/SE/Vitis/practicadoscd/puedeser/hw/puedeser.xsa
TRACE::2024-11-20.17:14:00::SCWPlatform::DSA absoulate path D:/SE/Vitis/practicadoscd/puedeser/hw/puedeser.xsa
TRACE::2024-11-20.17:14:00::SCWPlatform::DSA directory D:/SE/Vitis/practicadoscd/puedeser/hw
TRACE::2024-11-20.17:14:00::SCWPlatform:: Platform Path D:/SE/Vitis/practicadoscd/puedeser/hw/puedeser.xsa
TRACE::2024-11-20.17:14:00::SCWPlatform:: Unique name xilinx:basys3::0.0
TRACE::2024-11-20.17:14:00::SCWPlatform::Trying to set the existing hwdb with name design_1_wrapper_0
TRACE::2024-11-20.17:14:00::SCWPlatform::Opened existing hwdb design_1_wrapper_0
TRACE::2024-11-20.17:14:00::SCWPlatform::Found the Hw Db part of the input DSA
TRACE::2024-11-20.17:14:00::SCWMssOS::Checking the sw design at  D:/SE/Vitis/practicadoscd/puedeser/microblaze_0/standalone_microblaze_0/bsp/system.mss
TRACE::2024-11-20.17:14:00::SCWMssOS::DEBUG:  swdes dump  D:/SE/Vitis/practicadoscd/puedeser/microblaze_0/standalone_microblaze_0/bsp/system.mss|system||

TRACE::2024-11-20.17:14:00::SCWMssOS::Sw design exists and opened at  D:/SE/Vitis/practicadoscd/puedeser/microblaze_0/standalone_microblaze_0/bsp/system.mss
TRACE::2024-11-20.17:14:00::SCWMssOS::Saving the mss changes D:/SE/Vitis/practicadoscd/puedeser/microblaze_0/standalone_microblaze_0/bsp/system.mss
TRACE::2024-11-20.17:14:00::SCWMssOS::Found a swdesign opened with the mssfile.
TRACE::2024-11-20.17:14:00::SCWMssOS::Completed writemss as part of save.
TRACE::2024-11-20.17:14:00::SCWMssOS::Commit changes completed.
TRACE::2024-11-20.17:14:00::SCWPlatform::Trying to open the hw design at D:/SE/Vitis/practicadoscd/puedeser/hw/puedeser.xsa
TRACE::2024-11-20.17:14:00::SCWPlatform::DSA given D:/SE/Vitis/practicadoscd/puedeser/hw/puedeser.xsa
TRACE::2024-11-20.17:14:00::SCWPlatform::DSA absoulate path D:/SE/Vitis/practicadoscd/puedeser/hw/puedeser.xsa
TRACE::2024-11-20.17:14:00::SCWPlatform::DSA directory D:/SE/Vitis/practicadoscd/puedeser/hw
TRACE::2024-11-20.17:14:00::SCWPlatform:: Platform Path D:/SE/Vitis/practicadoscd/puedeser/hw/puedeser.xsa
TRACE::2024-11-20.17:14:00::SCWPlatform:: Unique name xilinx:basys3::0.0
TRACE::2024-11-20.17:14:00::SCWPlatform::Trying to set the existing hwdb with name design_1_wrapper_0
TRACE::2024-11-20.17:14:00::SCWPlatform::Opened existing hwdb design_1_wrapper_0
TRACE::2024-11-20.17:14:00::SCWPlatform::Found the Hw Db part of the input DSA
TRACE::2024-11-20.17:14:00::SCWMssOS::Checking the sw design at  D:/SE/Vitis/practicadoscd/puedeser/microblaze_0/standalone_microblaze_0/bsp/system.mss
TRACE::2024-11-20.17:14:00::SCWMssOS::DEBUG:  swdes dump  D:/SE/Vitis/practicadoscd/puedeser/microblaze_0/standalone_microblaze_0/bsp/system.mss|system||

TRACE::2024-11-20.17:14:00::SCWMssOS::Sw design exists and opened at  D:/SE/Vitis/practicadoscd/puedeser/microblaze_0/standalone_microblaze_0/bsp/system.mss
TRACE::2024-11-20.17:14:00::SCWPlatform::Trying to open the hw design at D:/SE/Vitis/practicadoscd/puedeser/hw/puedeser.xsa
TRACE::2024-11-20.17:14:00::SCWPlatform::DSA given D:/SE/Vitis/practicadoscd/puedeser/hw/puedeser.xsa
TRACE::2024-11-20.17:14:00::SCWPlatform::DSA absoulate path D:/SE/Vitis/practicadoscd/puedeser/hw/puedeser.xsa
TRACE::2024-11-20.17:14:00::SCWPlatform::DSA directory D:/SE/Vitis/practicadoscd/puedeser/hw
TRACE::2024-11-20.17:14:01::SCWPlatform:: Platform Path D:/SE/Vitis/practicadoscd/puedeser/hw/puedeser.xsa
TRACE::2024-11-20.17:14:01::SCWPlatform:: Unique name xilinx:basys3::0.0
TRACE::2024-11-20.17:14:01::SCWPlatform::Trying to set the existing hwdb with name design_1_wrapper_0
TRACE::2024-11-20.17:14:01::SCWPlatform::Opened existing hwdb design_1_wrapper_0
TRACE::2024-11-20.17:14:01::SCWPlatform::Found the Hw Db part of the input DSA
TRACE::2024-11-20.17:14:01::SCWMssOS::Checking the sw design at  D:/SE/Vitis/practicadoscd/puedeser/microblaze_0/standalone_microblaze_0/bsp/system.mss
TRACE::2024-11-20.17:14:01::SCWMssOS::DEBUG:  swdes dump  D:/SE/Vitis/practicadoscd/puedeser/microblaze_0/standalone_microblaze_0/bsp/system.mss|system||

TRACE::2024-11-20.17:14:01::SCWMssOS::Sw design exists and opened at  D:/SE/Vitis/practicadoscd/puedeser/microblaze_0/standalone_microblaze_0/bsp/system.mss
TRACE::2024-11-20.17:14:01::SCWPlatform::Trying to open the hw design at D:/SE/Vitis/practicadoscd/puedeser/hw/puedeser.xsa
TRACE::2024-11-20.17:14:01::SCWPlatform::DSA given D:/SE/Vitis/practicadoscd/puedeser/hw/puedeser.xsa
TRACE::2024-11-20.17:14:01::SCWPlatform::DSA absoulate path D:/SE/Vitis/practicadoscd/puedeser/hw/puedeser.xsa
TRACE::2024-11-20.17:14:01::SCWPlatform::DSA directory D:/SE/Vitis/practicadoscd/puedeser/hw
TRACE::2024-11-20.17:14:01::SCWPlatform:: Platform Path D:/SE/Vitis/practicadoscd/puedeser/hw/puedeser.xsa
TRACE::2024-11-20.17:14:01::SCWPlatform:: Unique name xilinx:basys3::0.0
TRACE::2024-11-20.17:14:01::SCWPlatform::Trying to set the existing hwdb with name design_1_wrapper_0
TRACE::2024-11-20.17:14:01::SCWPlatform::Opened existing hwdb design_1_wrapper_0
TRACE::2024-11-20.17:14:01::SCWPlatform::Found the Hw Db part of the input DSA
TRACE::2024-11-20.17:14:01::SCWMssOS::Checking the sw design at  D:/SE/Vitis/practicadoscd/puedeser/microblaze_0/standalone_microblaze_0/bsp/system.mss
TRACE::2024-11-20.17:14:01::SCWMssOS::DEBUG:  swdes dump  D:/SE/Vitis/practicadoscd/puedeser/microblaze_0/standalone_microblaze_0/bsp/system.mss|system||

TRACE::2024-11-20.17:14:01::SCWMssOS::Sw design exists and opened at  D:/SE/Vitis/practicadoscd/puedeser/microblaze_0/standalone_microblaze_0/bsp/system.mss
TRACE::2024-11-20.17:14:01::SCWWriter::formatted JSON is {
	"platformName":	"puedeser",
	"sprVersion":	"2.0",
	"mode":	"gui",
	"dsaType":	"Fixed",
	"platformDesc":	"puedeser",
	"platHandOff":	"D:/SE/Vivado/practica2/puedeser.xsa",
	"platIntHandOff":	"<platformDir>/hw/puedeser.xsa",
	"deviceType":	"FPGA",
	"platIsPrebuiltAutogen":	"false",
	"platIsNoBootBsp":	"false",
	"hasFsblMakeHasChanges":	"false",
	"hasPmufwMakeHasChanges":	"false",
	"platPreBuiltFlag":	false,
	"platformSamplesDir":	"",
	"platActiveSys":	"puedeser",
	"systems":	[{
			"systemName":	"puedeser",
			"systemDesc":	"puedeser",
			"sysIsBootAutoGen":	"true",
			"systemDispName":	"puedeser",
			"sysActiveDom":	"standalone_microblaze_0",
			"sysDefaultDom":	"standalone_microblaze_0",
			"domains":	[{
					"domainName":	"standalone_microblaze_0",
					"domainDispName":	"standalone_microblaze_0",
					"domainDesc":	"standalone_microblaze_0",
					"processors":	"microblaze_0",
					"os":	"standalone",
					"sdxOs":	"standalone",
					"debugEnable":	"False",
					"domRuntimes":	["cpp"],
					"swRepo":	"",
					"mssOsVer":	"8.1",
					"mssFile":	"",
					"md5Digest":	"25c07a82bf59ba87c8ca238ad5b8ea01",
					"compatibleApp":	"peripheral_tests",
					"domType":	"mssDomain",
					"arch":	"32-bit",
					"appSettings":	{
						"appCompilerFlags":	"",
						"appLinkerFlags":	""
					},
					"addedLibs":	[],
					"libOptions":	{
						"libsContainingOptions":	[]
					},
					"prebuiltLibs":	{
						"prebuiltIncPath":	[],
						"prebuiltLibPath":	[]
					},
					"isolation":	{
					}
				}]
		}]
}
TRACE::2024-11-20.17:14:01::SCWPlatform::Trying to open the hw design at D:/SE/Vitis/practicadoscd/puedeser/hw/puedeser.xsa
TRACE::2024-11-20.17:14:01::SCWPlatform::DSA given D:/SE/Vitis/practicadoscd/puedeser/hw/puedeser.xsa
TRACE::2024-11-20.17:14:01::SCWPlatform::DSA absoulate path D:/SE/Vitis/practicadoscd/puedeser/hw/puedeser.xsa
TRACE::2024-11-20.17:14:01::SCWPlatform::DSA directory D:/SE/Vitis/practicadoscd/puedeser/hw
TRACE::2024-11-20.17:14:01::SCWPlatform:: Platform Path D:/SE/Vitis/practicadoscd/puedeser/hw/puedeser.xsa
TRACE::2024-11-20.17:14:01::SCWPlatform:: Unique name xilinx:basys3::0.0
TRACE::2024-11-20.17:14:01::SCWPlatform::Trying to set the existing hwdb with name design_1_wrapper_0
TRACE::2024-11-20.17:14:01::SCWPlatform::Opened existing hwdb design_1_wrapper_0
TRACE::2024-11-20.17:14:01::SCWPlatform::Found the Hw Db part of the input DSA
TRACE::2024-11-20.17:14:01::SCWMssOS::Checking the sw design at  D:/SE/Vitis/practicadoscd/puedeser/microblaze_0/standalone_microblaze_0/bsp/system.mss
TRACE::2024-11-20.17:14:01::SCWMssOS::DEBUG:  swdes dump  D:/SE/Vitis/practicadoscd/puedeser/microblaze_0/standalone_microblaze_0/bsp/system.mss|system||

TRACE::2024-11-20.17:14:01::SCWMssOS::Sw design exists and opened at  D:/SE/Vitis/practicadoscd/puedeser/microblaze_0/standalone_microblaze_0/bsp/system.mss
TRACE::2024-11-20.17:14:01::SCWPlatform::Trying to open the hw design at D:/SE/Vitis/practicadoscd/puedeser/hw/puedeser.xsa
TRACE::2024-11-20.17:14:01::SCWPlatform::DSA given D:/SE/Vitis/practicadoscd/puedeser/hw/puedeser.xsa
TRACE::2024-11-20.17:14:01::SCWPlatform::DSA absoulate path D:/SE/Vitis/practicadoscd/puedeser/hw/puedeser.xsa
TRACE::2024-11-20.17:14:01::SCWPlatform::DSA directory D:/SE/Vitis/practicadoscd/puedeser/hw
TRACE::2024-11-20.17:14:01::SCWPlatform:: Platform Path D:/SE/Vitis/practicadoscd/puedeser/hw/puedeser.xsa
TRACE::2024-11-20.17:14:01::SCWPlatform:: Unique name xilinx:basys3::0.0
TRACE::2024-11-20.17:14:01::SCWPlatform::Trying to set the existing hwdb with name design_1_wrapper_0
TRACE::2024-11-20.17:14:01::SCWPlatform::Opened existing hwdb design_1_wrapper_0
TRACE::2024-11-20.17:14:01::SCWPlatform::Found the Hw Db part of the input DSA
TRACE::2024-11-20.17:14:01::SCWMssOS::Checking the sw design at  D:/SE/Vitis/practicadoscd/puedeser/microblaze_0/standalone_microblaze_0/bsp/system.mss
TRACE::2024-11-20.17:14:01::SCWMssOS::DEBUG:  swdes dump  D:/SE/Vitis/practicadoscd/puedeser/microblaze_0/standalone_microblaze_0/bsp/system.mss|system||

TRACE::2024-11-20.17:14:01::SCWMssOS::Sw design exists and opened at  D:/SE/Vitis/practicadoscd/puedeser/microblaze_0/standalone_microblaze_0/bsp/system.mss
TRACE::2024-11-20.17:14:01::SCWMssOS::Saving the mss changes D:/SE/Vitis/practicadoscd/puedeser/microblaze_0/standalone_microblaze_0/bsp/system.mss
TRACE::2024-11-20.17:14:01::SCWMssOS::Found a swdesign opened with the mssfile.
TRACE::2024-11-20.17:14:01::SCWMssOS::Completed writemss as part of save.
TRACE::2024-11-20.17:14:01::SCWMssOS::Commit changes completed.
TRACE::2024-11-20.17:14:01::SCWPlatform::Trying to open the hw design at D:/SE/Vitis/practicadoscd/puedeser/hw/puedeser.xsa
TRACE::2024-11-20.17:14:01::SCWPlatform::DSA given D:/SE/Vitis/practicadoscd/puedeser/hw/puedeser.xsa
TRACE::2024-11-20.17:14:01::SCWPlatform::DSA absoulate path D:/SE/Vitis/practicadoscd/puedeser/hw/puedeser.xsa
TRACE::2024-11-20.17:14:01::SCWPlatform::DSA directory D:/SE/Vitis/practicadoscd/puedeser/hw
TRACE::2024-11-20.17:14:01::SCWPlatform:: Platform Path D:/SE/Vitis/practicadoscd/puedeser/hw/puedeser.xsa
TRACE::2024-11-20.17:14:01::SCWPlatform:: Unique name xilinx:basys3::0.0
TRACE::2024-11-20.17:14:01::SCWPlatform::Trying to set the existing hwdb with name design_1_wrapper_0
TRACE::2024-11-20.17:14:01::SCWPlatform::Opened existing hwdb design_1_wrapper_0
TRACE::2024-11-20.17:14:01::SCWPlatform::Found the Hw Db part of the input DSA
TRACE::2024-11-20.17:14:01::SCWMssOS::Checking the sw design at  D:/SE/Vitis/practicadoscd/puedeser/microblaze_0/standalone_microblaze_0/bsp/system.mss
TRACE::2024-11-20.17:14:01::SCWMssOS::DEBUG:  swdes dump  D:/SE/Vitis/practicadoscd/puedeser/microblaze_0/standalone_microblaze_0/bsp/system.mss|system||

TRACE::2024-11-20.17:14:01::SCWMssOS::Sw design exists and opened at  D:/SE/Vitis/practicadoscd/puedeser/microblaze_0/standalone_microblaze_0/bsp/system.mss
TRACE::2024-11-20.17:14:01::SCWPlatform::Trying to open the hw design at D:/SE/Vitis/practicadoscd/puedeser/hw/puedeser.xsa
TRACE::2024-11-20.17:14:01::SCWPlatform::DSA given D:/SE/Vitis/practicadoscd/puedeser/hw/puedeser.xsa
TRACE::2024-11-20.17:14:01::SCWPlatform::DSA absoulate path D:/SE/Vitis/practicadoscd/puedeser/hw/puedeser.xsa
TRACE::2024-11-20.17:14:01::SCWPlatform::DSA directory D:/SE/Vitis/practicadoscd/puedeser/hw
TRACE::2024-11-20.17:14:01::SCWPlatform:: Platform Path D:/SE/Vitis/practicadoscd/puedeser/hw/puedeser.xsa
TRACE::2024-11-20.17:14:01::SCWPlatform:: Unique name xilinx:basys3::0.0
TRACE::2024-11-20.17:14:01::SCWPlatform::Trying to set the existing hwdb with name design_1_wrapper_0
TRACE::2024-11-20.17:14:01::SCWPlatform::Opened existing hwdb design_1_wrapper_0
TRACE::2024-11-20.17:14:02::SCWPlatform::Found the Hw Db part of the input DSA
TRACE::2024-11-20.17:14:02::SCWMssOS::Checking the sw design at  D:/SE/Vitis/practicadoscd/puedeser/microblaze_0/standalone_microblaze_0/bsp/system.mss
TRACE::2024-11-20.17:14:02::SCWMssOS::DEBUG:  swdes dump  D:/SE/Vitis/practicadoscd/puedeser/microblaze_0/standalone_microblaze_0/bsp/system.mss|system||

TRACE::2024-11-20.17:14:02::SCWMssOS::Sw design exists and opened at  D:/SE/Vitis/practicadoscd/puedeser/microblaze_0/standalone_microblaze_0/bsp/system.mss
TRACE::2024-11-20.17:14:02::SCWPlatform::Trying to open the hw design at D:/SE/Vitis/practicadoscd/puedeser/hw/puedeser.xsa
TRACE::2024-11-20.17:14:02::SCWPlatform::DSA given D:/SE/Vitis/practicadoscd/puedeser/hw/puedeser.xsa
TRACE::2024-11-20.17:14:02::SCWPlatform::DSA absoulate path D:/SE/Vitis/practicadoscd/puedeser/hw/puedeser.xsa
TRACE::2024-11-20.17:14:02::SCWPlatform::DSA directory D:/SE/Vitis/practicadoscd/puedeser/hw
TRACE::2024-11-20.17:14:02::SCWPlatform:: Platform Path D:/SE/Vitis/practicadoscd/puedeser/hw/puedeser.xsa
TRACE::2024-11-20.17:14:02::SCWPlatform:: Unique name xilinx:basys3::0.0
TRACE::2024-11-20.17:14:02::SCWPlatform::Trying to set the existing hwdb with name design_1_wrapper_0
TRACE::2024-11-20.17:14:02::SCWPlatform::Opened existing hwdb design_1_wrapper_0
TRACE::2024-11-20.17:14:02::SCWPlatform::Found the Hw Db part of the input DSA
TRACE::2024-11-20.17:14:02::SCWMssOS::Checking the sw design at  D:/SE/Vitis/practicadoscd/puedeser/microblaze_0/standalone_microblaze_0/bsp/system.mss
TRACE::2024-11-20.17:14:02::SCWMssOS::DEBUG:  swdes dump  D:/SE/Vitis/practicadoscd/puedeser/microblaze_0/standalone_microblaze_0/bsp/system.mss|system||

TRACE::2024-11-20.17:14:02::SCWMssOS::Sw design exists and opened at  D:/SE/Vitis/practicadoscd/puedeser/microblaze_0/standalone_microblaze_0/bsp/system.mss
TRACE::2024-11-20.17:14:02::SCWWriter::formatted JSON is {
	"platformName":	"puedeser",
	"sprVersion":	"2.0",
	"mode":	"gui",
	"dsaType":	"Fixed",
	"platformDesc":	"puedeser",
	"platHandOff":	"D:/SE/Vivado/practica2/puedeser.xsa",
	"platIntHandOff":	"<platformDir>/hw/puedeser.xsa",
	"deviceType":	"FPGA",
	"platIsPrebuiltAutogen":	"false",
	"platIsNoBootBsp":	"false",
	"hasFsblMakeHasChanges":	"false",
	"hasPmufwMakeHasChanges":	"false",
	"platPreBuiltFlag":	false,
	"platformSamplesDir":	"",
	"platActiveSys":	"puedeser",
	"systems":	[{
			"systemName":	"puedeser",
			"systemDesc":	"puedeser",
			"sysIsBootAutoGen":	"true",
			"systemDispName":	"puedeser",
			"sysActiveDom":	"standalone_microblaze_0",
			"sysDefaultDom":	"standalone_microblaze_0",
			"domains":	[{
					"domainName":	"standalone_microblaze_0",
					"domainDispName":	"standalone_microblaze_0",
					"domainDesc":	"standalone_microblaze_0",
					"processors":	"microblaze_0",
					"os":	"standalone",
					"sdxOs":	"standalone",
					"debugEnable":	"False",
					"domRuntimes":	["cpp"],
					"swRepo":	"",
					"mssOsVer":	"8.1",
					"mssFile":	"",
					"md5Digest":	"25c07a82bf59ba87c8ca238ad5b8ea01",
					"compatibleApp":	"peripheral_tests",
					"domType":	"mssDomain",
					"arch":	"32-bit",
					"appSettings":	{
						"appCompilerFlags":	"",
						"appLinkerFlags":	""
					},
					"addedLibs":	[],
					"libOptions":	{
						"libsContainingOptions":	[]
					},
					"prebuiltLibs":	{
						"prebuiltIncPath":	[],
						"prebuiltLibPath":	[]
					},
					"isolation":	{
					}
				}]
		}]
}
LOG::2024-11-20.17:14:02::SCWPlatform::Started generating the artifacts platform puedeser
TRACE::2024-11-20.17:14:02::SCWPlatform::Sanity checking of platform is completed
LOG::2024-11-20.17:14:02::SCWPlatform::Started generating the artifacts for system configuration puedeser
LOG::2024-11-20.17:14:02::SCWSystem::Started Processing the domain standalone_microblaze_0
TRACE::2024-11-20.17:14:02::SCWDomain::Generating domain artifcats
TRACE::2024-11-20.17:14:02::SCWMssOS::Generating standalone artifcats
TRACE::2024-11-20.17:14:02::SCWMssOS:: Copying the user libraries. 
TRACE::2024-11-20.17:14:02::SCWPlatform::Trying to open the hw design at D:/SE/Vitis/practicadoscd/puedeser/hw/puedeser.xsa
TRACE::2024-11-20.17:14:02::SCWPlatform::DSA given D:/SE/Vitis/practicadoscd/puedeser/hw/puedeser.xsa
TRACE::2024-11-20.17:14:02::SCWPlatform::DSA absoulate path D:/SE/Vitis/practicadoscd/puedeser/hw/puedeser.xsa
TRACE::2024-11-20.17:14:02::SCWPlatform::DSA directory D:/SE/Vitis/practicadoscd/puedeser/hw
TRACE::2024-11-20.17:14:02::SCWPlatform:: Platform Path D:/SE/Vitis/practicadoscd/puedeser/hw/puedeser.xsa
TRACE::2024-11-20.17:14:02::SCWPlatform:: Unique name xilinx:basys3::0.0
TRACE::2024-11-20.17:14:02::SCWPlatform::Trying to set the existing hwdb with name design_1_wrapper_0
TRACE::2024-11-20.17:14:02::SCWPlatform::Opened existing hwdb design_1_wrapper_0
TRACE::2024-11-20.17:14:02::SCWPlatform::Found the Hw Db part of the input DSA
TRACE::2024-11-20.17:14:02::SCWMssOS::Checking the sw design at  D:/SE/Vitis/practicadoscd/puedeser/microblaze_0/standalone_microblaze_0/bsp/system.mss
TRACE::2024-11-20.17:14:02::SCWMssOS::DEBUG:  swdes dump  D:/SE/Vitis/practicadoscd/puedeser/microblaze_0/standalone_microblaze_0/bsp/system.mss|system||

TRACE::2024-11-20.17:14:02::SCWMssOS::Sw design exists and opened at  D:/SE/Vitis/practicadoscd/puedeser/microblaze_0/standalone_microblaze_0/bsp/system.mss
TRACE::2024-11-20.17:14:02::SCWMssOS::Completed writing the mss file at D:/SE/Vitis/practicadoscd/puedeser/microblaze_0/standalone_microblaze_0/bsp
TRACE::2024-11-20.17:14:03::SCWMssOS::Mss edits present, copying mssfile into export location D:/SE/Vitis/practicadoscd/puedeser/microblaze_0/standalone_microblaze_0/bsp/system.mss
TRACE::2024-11-20.17:14:03::SCWMssOS::bsp generated is upto date with the mss file. Skipping bsp generation.
TRACE::2024-11-20.17:14:03::SCWMssOS::BSP is already built. skipping the bsp build ... 
TRACE::2024-11-20.17:14:03::SCWDomain::Building the domain as part of full build :  standalone_microblaze_0
TRACE::2024-11-20.17:14:03::SCWMssOS::skipping the bsp build ... 
TRACE::2024-11-20.17:14:03::SCWMssOS::Copying to export directory.
TRACE::2024-11-20.17:14:03::SCWMssOS:: Checking if to create the Supporting Applications
TRACE::2024-11-20.17:14:03::SCWMssOS:: No Linux domain exists, trying to generate FSBL 
LOG::2024-11-20.17:14:03::SCWSystem::Completed Processing the domain standalone_microblaze_0
LOG::2024-11-20.17:14:03::SCWSystem::Completed Processing the sysconfig puedeser
LOG::2024-11-20.17:14:03::SCWPlatform::Completed generating the artifacts for system configuration puedeser
TRACE::2024-11-20.17:14:03::SCWPlatform::Started preparing the platform 
TRACE::2024-11-20.17:14:03::SCWSystem::Writing the bif file for system config puedeser
TRACE::2024-11-20.17:14:03::SCWSystem::dir created 
TRACE::2024-11-20.17:14:03::SCWSystem::Writing the bif 
TRACE::2024-11-20.17:14:03::SCWPlatform::Started writing the spfm file 
TRACE::2024-11-20.17:14:03::SCWPlatform::Started writing the xpfm file 
TRACE::2024-11-20.17:14:03::SCWPlatform::Completed generating the platform
TRACE::2024-11-20.17:14:03::SCWMssOS::Saving the mss changes D:/SE/Vitis/practicadoscd/puedeser/microblaze_0/standalone_microblaze_0/bsp/system.mss
TRACE::2024-11-20.17:14:03::SCWMssOS::Found a swdesign opened with the mssfile.
TRACE::2024-11-20.17:14:03::SCWMssOS::Completed writemss as part of save.
TRACE::2024-11-20.17:14:03::SCWMssOS::Commit changes completed.
TRACE::2024-11-20.17:14:03::SCWPlatform::Trying to open the hw design at D:/SE/Vitis/practicadoscd/puedeser/hw/puedeser.xsa
TRACE::2024-11-20.17:14:03::SCWPlatform::DSA given D:/SE/Vitis/practicadoscd/puedeser/hw/puedeser.xsa
TRACE::2024-11-20.17:14:03::SCWPlatform::DSA absoulate path D:/SE/Vitis/practicadoscd/puedeser/hw/puedeser.xsa
TRACE::2024-11-20.17:14:03::SCWPlatform::DSA directory D:/SE/Vitis/practicadoscd/puedeser/hw
TRACE::2024-11-20.17:14:03::SCWPlatform:: Platform Path D:/SE/Vitis/practicadoscd/puedeser/hw/puedeser.xsa
TRACE::2024-11-20.17:14:03::SCWPlatform:: Unique name xilinx:basys3::0.0
TRACE::2024-11-20.17:14:03::SCWPlatform::Trying to set the existing hwdb with name design_1_wrapper_0
TRACE::2024-11-20.17:14:03::SCWPlatform::Opened existing hwdb design_1_wrapper_0
TRACE::2024-11-20.17:14:03::SCWPlatform::Found the Hw Db part of the input DSA
TRACE::2024-11-20.17:14:03::SCWMssOS::Checking the sw design at  D:/SE/Vitis/practicadoscd/puedeser/microblaze_0/standalone_microblaze_0/bsp/system.mss
TRACE::2024-11-20.17:14:03::SCWMssOS::DEBUG:  swdes dump  D:/SE/Vitis/practicadoscd/puedeser/microblaze_0/standalone_microblaze_0/bsp/system.mss|system||

TRACE::2024-11-20.17:14:03::SCWMssOS::Sw design exists and opened at  D:/SE/Vitis/practicadoscd/puedeser/microblaze_0/standalone_microblaze_0/bsp/system.mss
TRACE::2024-11-20.17:14:04::SCWPlatform::Trying to open the hw design at D:/SE/Vitis/practicadoscd/puedeser/hw/puedeser.xsa
TRACE::2024-11-20.17:14:04::SCWPlatform::DSA given D:/SE/Vitis/practicadoscd/puedeser/hw/puedeser.xsa
TRACE::2024-11-20.17:14:04::SCWPlatform::DSA absoulate path D:/SE/Vitis/practicadoscd/puedeser/hw/puedeser.xsa
TRACE::2024-11-20.17:14:04::SCWPlatform::DSA directory D:/SE/Vitis/practicadoscd/puedeser/hw
TRACE::2024-11-20.17:14:04::SCWPlatform:: Platform Path D:/SE/Vitis/practicadoscd/puedeser/hw/puedeser.xsa
TRACE::2024-11-20.17:14:04::SCWPlatform:: Unique name xilinx:basys3::0.0
TRACE::2024-11-20.17:14:04::SCWPlatform::Trying to set the existing hwdb with name design_1_wrapper_0
TRACE::2024-11-20.17:14:04::SCWPlatform::Opened existing hwdb design_1_wrapper_0
TRACE::2024-11-20.17:14:04::SCWPlatform::Found the Hw Db part of the input DSA
TRACE::2024-11-20.17:14:04::SCWMssOS::Checking the sw design at  D:/SE/Vitis/practicadoscd/puedeser/microblaze_0/standalone_microblaze_0/bsp/system.mss
TRACE::2024-11-20.17:14:04::SCWMssOS::DEBUG:  swdes dump  D:/SE/Vitis/practicadoscd/puedeser/microblaze_0/standalone_microblaze_0/bsp/system.mss|system||

TRACE::2024-11-20.17:14:04::SCWMssOS::Sw design exists and opened at  D:/SE/Vitis/practicadoscd/puedeser/microblaze_0/standalone_microblaze_0/bsp/system.mss
TRACE::2024-11-20.17:14:04::SCWPlatform::Trying to open the hw design at D:/SE/Vitis/practicadoscd/puedeser/hw/puedeser.xsa
TRACE::2024-11-20.17:14:04::SCWPlatform::DSA given D:/SE/Vitis/practicadoscd/puedeser/hw/puedeser.xsa
TRACE::2024-11-20.17:14:04::SCWPlatform::DSA absoulate path D:/SE/Vitis/practicadoscd/puedeser/hw/puedeser.xsa
TRACE::2024-11-20.17:14:04::SCWPlatform::DSA directory D:/SE/Vitis/practicadoscd/puedeser/hw
TRACE::2024-11-20.17:14:04::SCWPlatform:: Platform Path D:/SE/Vitis/practicadoscd/puedeser/hw/puedeser.xsa
TRACE::2024-11-20.17:14:04::SCWPlatform:: Unique name xilinx:basys3::0.0
TRACE::2024-11-20.17:14:04::SCWPlatform::Trying to set the existing hwdb with name design_1_wrapper_0
TRACE::2024-11-20.17:14:04::SCWPlatform::Opened existing hwdb design_1_wrapper_0
TRACE::2024-11-20.17:14:04::SCWPlatform::Found the Hw Db part of the input DSA
TRACE::2024-11-20.17:14:04::SCWMssOS::Checking the sw design at  D:/SE/Vitis/practicadoscd/puedeser/microblaze_0/standalone_microblaze_0/bsp/system.mss
TRACE::2024-11-20.17:14:04::SCWMssOS::DEBUG:  swdes dump  D:/SE/Vitis/practicadoscd/puedeser/microblaze_0/standalone_microblaze_0/bsp/system.mss|system||

TRACE::2024-11-20.17:14:04::SCWMssOS::Sw design exists and opened at  D:/SE/Vitis/practicadoscd/puedeser/microblaze_0/standalone_microblaze_0/bsp/system.mss
TRACE::2024-11-20.17:14:04::SCWWriter::formatted JSON is {
	"platformName":	"puedeser",
	"sprVersion":	"2.0",
	"mode":	"gui",
	"dsaType":	"Fixed",
	"platformDesc":	"puedeser",
	"platHandOff":	"D:/SE/Vivado/practica2/puedeser.xsa",
	"platIntHandOff":	"<platformDir>/hw/puedeser.xsa",
	"deviceType":	"FPGA",
	"platIsPrebuiltAutogen":	"false",
	"platIsNoBootBsp":	"false",
	"hasFsblMakeHasChanges":	"false",
	"hasPmufwMakeHasChanges":	"false",
	"platPreBuiltFlag":	false,
	"platformSamplesDir":	"",
	"platActiveSys":	"puedeser",
	"systems":	[{
			"systemName":	"puedeser",
			"systemDesc":	"puedeser",
			"sysIsBootAutoGen":	"true",
			"systemDispName":	"puedeser",
			"sysActiveDom":	"standalone_microblaze_0",
			"sysDefaultDom":	"standalone_microblaze_0",
			"domains":	[{
					"domainName":	"standalone_microblaze_0",
					"domainDispName":	"standalone_microblaze_0",
					"domainDesc":	"standalone_microblaze_0",
					"processors":	"microblaze_0",
					"os":	"standalone",
					"sdxOs":	"standalone",
					"debugEnable":	"False",
					"domRuntimes":	["cpp"],
					"swRepo":	"",
					"mssOsVer":	"8.1",
					"mssFile":	"",
					"md5Digest":	"25c07a82bf59ba87c8ca238ad5b8ea01",
					"compatibleApp":	"peripheral_tests",
					"domType":	"mssDomain",
					"arch":	"32-bit",
					"appSettings":	{
						"appCompilerFlags":	"",
						"appLinkerFlags":	""
					},
					"addedLibs":	[],
					"libOptions":	{
						"libsContainingOptions":	[]
					},
					"prebuiltLibs":	{
						"prebuiltIncPath":	[],
						"prebuiltLibPath":	[]
					},
					"isolation":	{
					}
				}]
		}]
}
KEYINFO::2024-11-20.17:14:04::SCWPlatform::updated the xpfm file.
LOG::2024-11-20.17:15:35::SCWPlatform::Started generating the artifacts platform puedeser
TRACE::2024-11-20.17:15:35::SCWPlatform::Sanity checking of platform is completed
LOG::2024-11-20.17:15:35::SCWPlatform::Started generating the artifacts for system configuration puedeser
LOG::2024-11-20.17:15:35::SCWSystem::Checking the domain standalone_microblaze_0
LOG::2024-11-20.17:15:35::SCWSystem::Not a boot domain 
LOG::2024-11-20.17:15:35::SCWSystem::Started Processing the domain standalone_microblaze_0
TRACE::2024-11-20.17:15:36::SCWDomain::Generating domain artifcats
TRACE::2024-11-20.17:15:36::SCWMssOS::Generating standalone artifcats
TRACE::2024-11-20.17:15:36::SCWMssOS:: Copying the user libraries. 
TRACE::2024-11-20.17:15:36::SCWPlatform::Trying to open the hw design at D:/SE/Vitis/practicadoscd/puedeser/hw/puedeser.xsa
TRACE::2024-11-20.17:15:36::SCWPlatform::DSA given D:/SE/Vitis/practicadoscd/puedeser/hw/puedeser.xsa
TRACE::2024-11-20.17:15:36::SCWPlatform::DSA absoulate path D:/SE/Vitis/practicadoscd/puedeser/hw/puedeser.xsa
TRACE::2024-11-20.17:15:36::SCWPlatform::DSA directory D:/SE/Vitis/practicadoscd/puedeser/hw
TRACE::2024-11-20.17:15:36::SCWPlatform:: Platform Path D:/SE/Vitis/practicadoscd/puedeser/hw/puedeser.xsa
TRACE::2024-11-20.17:15:36::SCWPlatform:: Unique name xilinx:basys3::0.0
TRACE::2024-11-20.17:15:36::SCWPlatform::Trying to set the existing hwdb with name design_1_wrapper_0
TRACE::2024-11-20.17:15:36::SCWPlatform::Opened existing hwdb design_1_wrapper_0
TRACE::2024-11-20.17:15:36::SCWPlatform::Found the Hw Db part of the input DSA
TRACE::2024-11-20.17:15:36::SCWMssOS::Checking the sw design at  D:/SE/Vitis/practicadoscd/puedeser/microblaze_0/standalone_microblaze_0/bsp/system.mss
TRACE::2024-11-20.17:15:36::SCWMssOS::DEBUG:  swdes dump  D:/SE/Vitis/practicadoscd/puedeser/microblaze_0/standalone_microblaze_0/bsp/system.mss|system||

TRACE::2024-11-20.17:15:36::SCWMssOS::Sw design exists and opened at  D:/SE/Vitis/practicadoscd/puedeser/microblaze_0/standalone_microblaze_0/bsp/system.mss
TRACE::2024-11-20.17:15:36::SCWMssOS::Completed writing the mss file at D:/SE/Vitis/practicadoscd/puedeser/microblaze_0/standalone_microblaze_0/bsp
TRACE::2024-11-20.17:15:36::SCWMssOS::Mss edits present, copying mssfile into export location D:/SE/Vitis/practicadoscd/puedeser/microblaze_0/standalone_microblaze_0/bsp/system.mss
TRACE::2024-11-20.17:15:36::SCWMssOS::bsp generated is upto date with the mss file. Skipping bsp generation.
TRACE::2024-11-20.17:15:36::SCWMssOS::BSP is already built. skipping the bsp build ... 
TRACE::2024-11-20.17:15:36::SCWDomain::Building the domain as part of full build :  standalone_microblaze_0
TRACE::2024-11-20.17:15:36::SCWMssOS::doing bsp build ... 
TRACE::2024-11-20.17:15:36::SCWMssOS::System Command Ran  D: & cd  D:/SE/Vitis/practicadoscd/puedeser/microblaze_0/standalone_microblaze_0/bsp & make 
TRACE::2024-11-20.17:15:36::SCWMssOS::make --no-print-directory seq_libs

TRACE::2024-11-20.17:15:36::SCWMssOS::"Running Make include in microblaze_0/libsrc/cpu_v2_17/src"

TRACE::2024-11-20.17:15:36::SCWMssOS::make -C microblaze_0/libsrc/cpu_v2_17/src -s include  "SHELL=CMD" "COMPILER=mb-gcc" "ASSEMBLER=mb-as" "ARCHIVER=mb-ar" "COMPILE
TRACE::2024-11-20.17:15:36::SCWMssOS::R_FLAGS=  -O2 -c -mcpu=v11.0 -mlittle-endian -mxl-soft-mul" "EXTRA_COMPILER_FLAGS=-g -ffunction-sections -fdata-sections -Wall 
TRACE::2024-11-20.17:15:36::SCWMssOS::-Wextra -fno-tree-loop-distribute-patterns"

TRACE::2024-11-20.17:15:36::SCWMssOS::"Running Make include in microblaze_0/libsrc/standalone_v8_1/src"

TRACE::2024-11-20.17:15:36::SCWMssOS::make -C microblaze_0/libsrc/standalone_v8_1/src -s include  "SHELL=CMD" "COMPILER=mb-gcc" "ASSEMBLER=mb-as" "ARCHIVER=mb-ar" "C
TRACE::2024-11-20.17:15:36::SCWMssOS::OMPILER_FLAGS=  -O2 -c -mcpu=v11.0 -mlittle-endian -mxl-soft-mul" "EXTRA_COMPILER_FLAGS=-g -ffunction-sections -fdata-sections 
TRACE::2024-11-20.17:15:36::SCWMssOS::-Wall -Wextra -fno-tree-loop-distribute-patterns"

TRACE::2024-11-20.17:15:38::SCWMssOS::"Running Make include in microblaze_0/libsrc/bram_v4_8/src"

TRACE::2024-11-20.17:15:38::SCWMssOS::make -C microblaze_0/libsrc/bram_v4_8/src -s include  "SHELL=CMD" "COMPILER=mb-gcc" "ASSEMBLER=mb-as" "ARCHIVER=mb-ar" "COMPILE
TRACE::2024-11-20.17:15:38::SCWMssOS::R_FLAGS=  -O2 -c -mcpu=v11.0 -mlittle-endian -mxl-soft-mul" "EXTRA_COMPILER_FLAGS=-g -ffunction-sections -fdata-sections -Wall 
TRACE::2024-11-20.17:15:38::SCWMssOS::-Wextra -fno-tree-loop-distribute-patterns"

TRACE::2024-11-20.17:15:38::SCWMssOS::"Running Make include in microblaze_0/libsrc/copro_v1_0/src"

TRACE::2024-11-20.17:15:38::SCWMssOS::make -C microblaze_0/libsrc/copro_v1_0/src -s include  "SHELL=CMD" "COMPILER=mb-gcc" "ASSEMBLER=mb-as" "ARCHIVER=mb-ar" "COMPIL
TRACE::2024-11-20.17:15:38::SCWMssOS::ER_FLAGS=  -O2 -c -mcpu=v11.0 -mlittle-endian -mxl-soft-mul" "EXTRA_COMPILER_FLAGS=-g -ffunction-sections -fdata-sections -Wall
TRACE::2024-11-20.17:15:38::SCWMssOS:: -Wextra -fno-tree-loop-distribute-patterns"

TRACE::2024-11-20.17:15:38::SCWMssOS::"Running Make include in microblaze_0/libsrc/uartlite_v3_8/src"

TRACE::2024-11-20.17:15:38::SCWMssOS::make -C microblaze_0/libsrc/uartlite_v3_8/src -s include  "SHELL=CMD" "COMPILER=mb-gcc" "ASSEMBLER=mb-as" "ARCHIVER=mb-ar" "COM
TRACE::2024-11-20.17:15:38::SCWMssOS::PILER_FLAGS=  -O2 -c -mcpu=v11.0 -mlittle-endian -mxl-soft-mul" "EXTRA_COMPILER_FLAGS=-g -ffunction-sections -fdata-sections -W
TRACE::2024-11-20.17:15:38::SCWMssOS::all -Wextra -fno-tree-loop-distribute-patterns"

TRACE::2024-11-20.17:15:39::SCWMssOS::"Running Make libs in microblaze_0/libsrc/copro_v1_0/src"

TRACE::2024-11-20.17:15:39::SCWMssOS::make -C microblaze_0/libsrc/copro_v1_0/src -s libs  "SHELL=CMD" "COMPILER=mb-gcc" "ASSEMBLER=mb-as" "ARCHIVER=mb-ar" "COMPILER_
TRACE::2024-11-20.17:15:39::SCWMssOS::FLAGS=  -O2 -c -mcpu=v11.0 -mlittle-endian -mxl-soft-mul" "EXTRA_COMPILER_FLAGS=-g -ffunction-sections -fdata-sections -Wall -W
TRACE::2024-11-20.17:15:39::SCWMssOS::extra -fno-tree-loop-distribute-patterns"

TRACE::2024-11-20.17:15:39::SCWMssOS::"Compiling copro..."

TRACE::2024-11-20.17:15:39::SCWMssOS::'Finished building libraries sequentially.'

TRACE::2024-11-20.17:15:39::SCWMssOS::make -j 6 --no-print-directory par_libs

TRACE::2024-11-20.17:15:39::SCWMssOS::"Running Make include in microblaze_0/libsrc/cpu_v2_17/src"

TRACE::2024-11-20.17:15:39::SCWMssOS::make -C microblaze_0/libsrc/cpu_v2_17/src -s include  "SHELL=CMD" "COMPILER=mb-gcc" "ASSEMBLER=mb-as" "ARCHIVER=mb-ar" "COMPILE
TRACE::2024-11-20.17:15:39::SCWMssOS::R_FLAGS=  -O2 -c -mcpu=v11.0 -mlittle-endian -mxl-soft-mul" "EXTRA_COMPILER_FLAGS=-g -ffunction-sections -fdata-sections -Wall 
TRACE::2024-11-20.17:15:39::SCWMssOS::-Wextra -fno-tree-loop-distribute-patterns"

TRACE::2024-11-20.17:15:39::SCWMssOS::"Running Make include in microblaze_0/libsrc/standalone_v8_1/src"

TRACE::2024-11-20.17:15:39::SCWMssOS::make -C microblaze_0/libsrc/standalone_v8_1/src -s include  "SHELL=CMD" "COMPILER=mb-gcc" "ASSEMBLER=mb-as" "ARCHIVER=mb-ar" "C
TRACE::2024-11-20.17:15:39::SCWMssOS::OMPILER_FLAGS=  -O2 -c -mcpu=v11.0 -mlittle-endian -mxl-soft-mul" "EXTRA_COMPILER_FLAGS=-g -ffunction-sections -fdata-sections 
TRACE::2024-11-20.17:15:39::SCWMssOS::-Wall -Wextra -fno-tree-loop-distribute-patterns"

TRACE::2024-11-20.17:15:39::SCWMssOS::"Running Make include in microblaze_0/libsrc/bram_v4_8/src"

TRACE::2024-11-20.17:15:39::SCWMssOS::make -C microblaze_0/libsrc/bram_v4_8/src -s include  "SHELL=CMD" "COMPILER=mb-gcc" "ASSEMBLER=mb-as" "ARCHIVER=mb-ar" "COMPILE
TRACE::2024-11-20.17:15:39::SCWMssOS::R_FLAGS=  -O2 -c -mcpu=v11.0 -mlittle-endian -mxl-soft-mul" "EXTRA_COMPILER_FLAGS=-g -ffunction-sections -fdata-sections -Wall 
TRACE::2024-11-20.17:15:39::SCWMssOS::-Wextra -fno-tree-loop-distribute-patterns"

TRACE::2024-11-20.17:15:39::SCWMssOS::"Running Make include in microblaze_0/libsrc/copro_v1_0/src"

TRACE::2024-11-20.17:15:39::SCWMssOS::make -C microblaze_0/libsrc/copro_v1_0/src -s include  "SHELL=CMD" "COMPILER=mb-gcc" "ASSEMBLER=mb-as" "ARCHIVER=mb-ar" "COMPIL
TRACE::2024-11-20.17:15:39::SCWMssOS::ER_FLAGS=  -O2 -c -mcpu=v11.0 -mlittle-endian -mxl-soft-mul" "EXTRA_COMPILER_FLAGS=-g -ffunction-sections -fdata-sections -Wall
TRACE::2024-11-20.17:15:39::SCWMssOS:: -Wextra -fno-tree-loop-distribute-patterns"

TRACE::2024-11-20.17:15:39::SCWMssOS::"Running Make include in microblaze_0/libsrc/uartlite_v3_8/src"

TRACE::2024-11-20.17:15:39::SCWMssOS::make -C microblaze_0/libsrc/uartlite_v3_8/src -s include  "SHELL=CMD" "COMPILER=mb-gcc" "ASSEMBLER=mb-as" "ARCHIVER=mb-ar" "COM
TRACE::2024-11-20.17:15:39::SCWMssOS::PILER_FLAGS=  -O2 -c -mcpu=v11.0 -mlittle-endian -mxl-soft-mul" "EXTRA_COMPILER_FLAGS=-g -ffunction-sections -fdata-sections -W
TRACE::2024-11-20.17:15:39::SCWMssOS::all -Wextra -fno-tree-loop-distribute-patterns"

TRACE::2024-11-20.17:15:39::SCWMssOS::"Running Make libs in microblaze_0/libsrc/cpu_v2_17/src"

TRACE::2024-11-20.17:15:39::SCWMssOS::make -C microblaze_0/libsrc/cpu_v2_17/src -s libs  "SHELL=CMD" "COMPILER=mb-gcc" "ASSEMBLER=mb-as" "ARCHIVER=mb-ar" "COMPILER_F
TRACE::2024-11-20.17:15:40::SCWMssOS::LAGS=  -O2 -c -mcpu=v11.0 -mlittle-endian -mxl-soft-mul" "EXTRA_COMPILER_FLAGS=-g -ffunction-sections -fdata-sections -Wall -We
TRACE::2024-11-20.17:15:40::SCWMssOS::xtra -fno-tree-loop-distribute-patterns"

TRACE::2024-11-20.17:15:40::SCWMssOS::"Running Make libs in microblaze_0/libsrc/standalone_v8_1/src"

TRACE::2024-11-20.17:15:40::SCWMssOS::make -C microblaze_0/libsrc/standalone_v8_1/src -s libs  "SHELL=CMD" "COMPILER=mb-gcc" "ASSEMBLER=mb-as" "ARCHIVER=mb-ar" "COMP
TRACE::2024-11-20.17:15:40::SCWMssOS::ILER_FLAGS=  -O2 -c -mcpu=v11.0 -mlittle-endian -mxl-soft-mul" "EXTRA_COMPILER_FLAGS=-g -ffunction-sections -fdata-sections -Wa
TRACE::2024-11-20.17:15:40::SCWMssOS::ll -Wextra -fno-tree-loop-distribute-patterns"

TRACE::2024-11-20.17:15:40::SCWMssOS::"Running Make libs in microblaze_0/libsrc/bram_v4_8/src"

TRACE::2024-11-20.17:15:40::SCWMssOS::make -C microblaze_0/libsrc/bram_v4_8/src -s libs  "SHELL=CMD" "COMPILER=mb-gcc" "ASSEMBLER=mb-as" "ARCHIVER=mb-ar" "COMPILER_F
TRACE::2024-11-20.17:15:40::SCWMssOS::LAGS=  -O2 -c -mcpu=v11.0 -mlittle-endian -mxl-soft-mul" "EXTRA_COMPILER_FLAGS=-g -ffunction-sections -fdata-sections -Wall -We
TRACE::2024-11-20.17:15:40::SCWMssOS::xtra -fno-tree-loop-distribute-patterns"

TRACE::2024-11-20.17:15:40::SCWMssOS::"Running Make libs in microblaze_0/libsrc/uartlite_v3_8/src"

TRACE::2024-11-20.17:15:40::SCWMssOS::make -C microblaze_0/libsrc/uartlite_v3_8/src -s libs  "SHELL=CMD" "COMPILER=mb-gcc" "ASSEMBLER=mb-as" "ARCHIVER=mb-ar" "COMPIL
TRACE::2024-11-20.17:15:40::SCWMssOS::ER_FLAGS=  -O2 -c -mcpu=v11.0 -mlittle-endian -mxl-soft-mul" "EXTRA_COMPILER_FLAGS=-g -ffunction-sections -fdata-sections -Wall
TRACE::2024-11-20.17:15:40::SCWMssOS:: -Wextra -fno-tree-loop-distribute-patterns"

TRACE::2024-11-20.17:15:42::SCWMssOS::"DEBUG NON_LTO_OBJECTS is ../../../lib/microblaze_interrupt_handler.o"

TRACE::2024-11-20.17:15:42::SCWMssOS::'Finished building libraries parallelly.'

TRACE::2024-11-20.17:15:42::SCWMssOS::make --no-print-directory archive

TRACE::2024-11-20.17:15:42::SCWMssOS::mb-ar -r  microblaze_0/lib/libxil.a microblaze_0/lib/_exit.o microblaze_0/lib/errno.o microblaze_0/lib/fcntl.o microblaze_0/lib
TRACE::2024-11-20.17:15:42::SCWMssOS::/hw_exception_handler.o microblaze_0/lib/inbyte.o microblaze_0/lib/microblaze_disable_dcache.o microblaze_0/lib/microblaze_disa
TRACE::2024-11-20.17:15:42::SCWMssOS::ble_exceptions.o microblaze_0/lib/microblaze_disable_icache.o microblaze_0/lib/microblaze_disable_interrupts.o microblaze_0/lib
TRACE::2024-11-20.17:15:42::SCWMssOS::/microblaze_enable_dcache.o microblaze_0/lib/microblaze_enable_exceptions.o microblaze_0/lib/microblaze_enable_icache.o microbl
TRACE::2024-11-20.17:15:43::SCWMssOS::aze_0/lib/microblaze_enable_interrupts.o microblaze_0/lib/microblaze_exception_handler.o microblaze_0/lib/microblaze_flush_cach
TRACE::2024-11-20.17:15:43::SCWMssOS::e_ext.o microblaze_0/lib/microblaze_flush_cache_ext_range.o microblaze_0/lib/microblaze_flush_dcache.o microblaze_0/lib/microbl
TRACE::2024-11-20.17:15:43::SCWMssOS::aze_flush_dcache_range.o microblaze_0/lib/microblaze_init_dcache_range.o microblaze_0/lib/microblaze_init_icache_range.o microb
TRACE::2024-11-20.17:15:43::SCWMssOS::laze_0/lib/microblaze_interrupt_handler.o microblaze_0/lib/microblaze_interrupts_g.o microblaze_0/lib/microblaze_invalidate_cac
TRACE::2024-11-20.17:15:43::SCWMssOS::he_ext.o microblaze_0/lib/microblaze_invalidate_cache_ext_range.o microblaze_0/lib/microblaze_invalidate_dcache.o microblaze_0/
TRACE::2024-11-20.17:15:43::SCWMssOS::lib/microblaze_invalidate_dcache_range.o microblaze_0/lib/microblaze_invalidate_icache.o microblaze_0/lib/microblaze_invalidate
TRACE::2024-11-20.17:15:43::SCWMssOS::_icache_range.o microblaze_0/lib/microblaze_scrub.o microblaze_0/lib/microblaze_selftest.o microblaze_0/lib/microblaze_sleep.o 
TRACE::2024-11-20.17:15:43::SCWMssOS::microblaze_0/lib/microblaze_update_dcache.o microblaze_0/lib/microblaze_update_icache.o microblaze_0/lib/outbyte.o microblaze_0
TRACE::2024-11-20.17:15:43::SCWMssOS::/lib/print.o microblaze_0/lib/pvr.o microblaze_0/lib/xbram.o microblaze_0/lib/xbram_g.o microblaze_0/lib/xbram_intr.o microblaz
TRACE::2024-11-20.17:15:43::SCWMssOS::e_0/lib/xbram_selftest.o microblaze_0/lib/xbram_sinit.o microblaze_0/lib/xil_assert.o microblaze_0/lib/xil_cache.o microblaze_0
TRACE::2024-11-20.17:15:43::SCWMssOS::/lib/xil_clocking.o microblaze_0/lib/xil_exception.o microblaze_0/lib/xil_mem.o microblaze_0/lib/xil_misc_psreset_api.o microbl
TRACE::2024-11-20.17:15:43::SCWMssOS::aze_0/lib/xil_printf.o microblaze_0/lib/xil_sleepcommon.o microblaze_0/lib/xil_testcache.o microblaze_0/lib/xil_testio.o microb
TRACE::2024-11-20.17:15:43::SCWMssOS::laze_0/lib/xil_testmem.o microblaze_0/lib/xil_util.o microblaze_0/lib/xinterrupt_wrap.o microblaze_0/lib/xio.o microblaze_0/lib
TRACE::2024-11-20.17:15:43::SCWMssOS::/xplatform_info.o microblaze_0/lib/xuartlite.o microblaze_0/lib/xuartlite_g.o microblaze_0/lib/xuartlite_intr.o microblaze_0/li
TRACE::2024-11-20.17:15:43::SCWMssOS::b/xuartlite_l.o microblaze_0/lib/xuartlite_selftest.o microblaze_0/lib/xuartlite_sinit.o microblaze_0/lib/xuartlite_stats.o

TRACE::2024-11-20.17:15:43::SCWMssOS::'Finished building libraries'

TRACE::2024-11-20.17:15:48::SCWMssOS::Copying to export directory.
TRACE::2024-11-20.17:15:55::SCWMssOS:: Checking if to create the Supporting Applications
TRACE::2024-11-20.17:15:55::SCWMssOS:: No Linux domain exists, trying to generate FSBL 
LOG::2024-11-20.17:15:55::SCWSystem::Completed Processing the domain standalone_microblaze_0
LOG::2024-11-20.17:15:55::SCWSystem::Completed Processing the sysconfig puedeser
LOG::2024-11-20.17:15:55::SCWPlatform::Completed generating the artifacts for system configuration puedeser
TRACE::2024-11-20.17:15:55::SCWPlatform::Started preparing the platform 
TRACE::2024-11-20.17:15:55::SCWSystem::Writing the bif file for system config puedeser
TRACE::2024-11-20.17:15:55::SCWSystem::dir created 
TRACE::2024-11-20.17:15:55::SCWSystem::Writing the bif 
TRACE::2024-11-20.17:15:55::SCWPlatform::Started writing the spfm file 
TRACE::2024-11-20.17:15:55::SCWPlatform::Started writing the xpfm file 
TRACE::2024-11-20.17:15:55::SCWPlatform::Completed generating the platform
TRACE::2024-11-20.17:15:55::SCWMssOS::Saving the mss changes D:/SE/Vitis/practicadoscd/puedeser/microblaze_0/standalone_microblaze_0/bsp/system.mss
TRACE::2024-11-20.17:15:55::SCWMssOS::Found a swdesign opened with the mssfile.
TRACE::2024-11-20.17:15:55::SCWMssOS::Completed writemss as part of save.
TRACE::2024-11-20.17:15:55::SCWMssOS::Commit changes completed.
TRACE::2024-11-20.17:15:55::SCWPlatform::Trying to open the hw design at D:/SE/Vitis/practicadoscd/puedeser/hw/puedeser.xsa
TRACE::2024-11-20.17:15:55::SCWPlatform::DSA given D:/SE/Vitis/practicadoscd/puedeser/hw/puedeser.xsa
TRACE::2024-11-20.17:15:55::SCWPlatform::DSA absoulate path D:/SE/Vitis/practicadoscd/puedeser/hw/puedeser.xsa
TRACE::2024-11-20.17:15:55::SCWPlatform::DSA directory D:/SE/Vitis/practicadoscd/puedeser/hw
TRACE::2024-11-20.17:15:55::SCWPlatform:: Platform Path D:/SE/Vitis/practicadoscd/puedeser/hw/puedeser.xsa
TRACE::2024-11-20.17:15:55::SCWPlatform:: Unique name xilinx:basys3::0.0
TRACE::2024-11-20.17:15:55::SCWPlatform::Trying to set the existing hwdb with name design_1_wrapper_0
TRACE::2024-11-20.17:15:55::SCWPlatform::Opened existing hwdb design_1_wrapper_0
TRACE::2024-11-20.17:15:55::SCWPlatform::Found the Hw Db part of the input DSA
TRACE::2024-11-20.17:15:55::SCWMssOS::Checking the sw design at  D:/SE/Vitis/practicadoscd/puedeser/microblaze_0/standalone_microblaze_0/bsp/system.mss
TRACE::2024-11-20.17:15:55::SCWMssOS::DEBUG:  swdes dump  D:/SE/Vitis/practicadoscd/puedeser/microblaze_0/standalone_microblaze_0/bsp/system.mss|system||

TRACE::2024-11-20.17:15:55::SCWMssOS::Sw design exists and opened at  D:/SE/Vitis/practicadoscd/puedeser/microblaze_0/standalone_microblaze_0/bsp/system.mss
TRACE::2024-11-20.17:15:55::SCWPlatform::Trying to open the hw design at D:/SE/Vitis/practicadoscd/puedeser/hw/puedeser.xsa
TRACE::2024-11-20.17:15:55::SCWPlatform::DSA given D:/SE/Vitis/practicadoscd/puedeser/hw/puedeser.xsa
TRACE::2024-11-20.17:15:55::SCWPlatform::DSA absoulate path D:/SE/Vitis/practicadoscd/puedeser/hw/puedeser.xsa
TRACE::2024-11-20.17:15:55::SCWPlatform::DSA directory D:/SE/Vitis/practicadoscd/puedeser/hw
TRACE::2024-11-20.17:15:55::SCWPlatform:: Platform Path D:/SE/Vitis/practicadoscd/puedeser/hw/puedeser.xsa
TRACE::2024-11-20.17:15:55::SCWPlatform:: Unique name xilinx:basys3::0.0
TRACE::2024-11-20.17:15:55::SCWPlatform::Trying to set the existing hwdb with name design_1_wrapper_0
TRACE::2024-11-20.17:15:55::SCWPlatform::Opened existing hwdb design_1_wrapper_0
TRACE::2024-11-20.17:15:55::SCWPlatform::Found the Hw Db part of the input DSA
TRACE::2024-11-20.17:15:55::SCWMssOS::Checking the sw design at  D:/SE/Vitis/practicadoscd/puedeser/microblaze_0/standalone_microblaze_0/bsp/system.mss
TRACE::2024-11-20.17:15:56::SCWMssOS::DEBUG:  swdes dump  D:/SE/Vitis/practicadoscd/puedeser/microblaze_0/standalone_microblaze_0/bsp/system.mss|system||

TRACE::2024-11-20.17:15:56::SCWMssOS::Sw design exists and opened at  D:/SE/Vitis/practicadoscd/puedeser/microblaze_0/standalone_microblaze_0/bsp/system.mss
TRACE::2024-11-20.17:15:56::SCWPlatform::Trying to open the hw design at D:/SE/Vitis/practicadoscd/puedeser/hw/puedeser.xsa
TRACE::2024-11-20.17:15:56::SCWPlatform::DSA given D:/SE/Vitis/practicadoscd/puedeser/hw/puedeser.xsa
TRACE::2024-11-20.17:15:56::SCWPlatform::DSA absoulate path D:/SE/Vitis/practicadoscd/puedeser/hw/puedeser.xsa
TRACE::2024-11-20.17:15:56::SCWPlatform::DSA directory D:/SE/Vitis/practicadoscd/puedeser/hw
TRACE::2024-11-20.17:15:56::SCWPlatform:: Platform Path D:/SE/Vitis/practicadoscd/puedeser/hw/puedeser.xsa
TRACE::2024-11-20.17:15:56::SCWPlatform:: Unique name xilinx:basys3::0.0
TRACE::2024-11-20.17:15:56::SCWPlatform::Trying to set the existing hwdb with name design_1_wrapper_0
TRACE::2024-11-20.17:15:56::SCWPlatform::Opened existing hwdb design_1_wrapper_0
TRACE::2024-11-20.17:15:56::SCWPlatform::Found the Hw Db part of the input DSA
TRACE::2024-11-20.17:15:56::SCWMssOS::Checking the sw design at  D:/SE/Vitis/practicadoscd/puedeser/microblaze_0/standalone_microblaze_0/bsp/system.mss
TRACE::2024-11-20.17:15:56::SCWMssOS::DEBUG:  swdes dump  D:/SE/Vitis/practicadoscd/puedeser/microblaze_0/standalone_microblaze_0/bsp/system.mss|system||

TRACE::2024-11-20.17:15:56::SCWMssOS::Sw design exists and opened at  D:/SE/Vitis/practicadoscd/puedeser/microblaze_0/standalone_microblaze_0/bsp/system.mss
TRACE::2024-11-20.17:15:56::SCWWriter::formatted JSON is {
	"platformName":	"puedeser",
	"sprVersion":	"2.0",
	"mode":	"gui",
	"dsaType":	"Fixed",
	"platformDesc":	"puedeser",
	"platHandOff":	"D:/SE/Vivado/practica2/puedeser.xsa",
	"platIntHandOff":	"<platformDir>/hw/puedeser.xsa",
	"deviceType":	"FPGA",
	"platIsPrebuiltAutogen":	"false",
	"platIsNoBootBsp":	"false",
	"hasFsblMakeHasChanges":	"false",
	"hasPmufwMakeHasChanges":	"false",
	"platPreBuiltFlag":	false,
	"platformSamplesDir":	"",
	"platActiveSys":	"puedeser",
	"systems":	[{
			"systemName":	"puedeser",
			"systemDesc":	"puedeser",
			"sysIsBootAutoGen":	"true",
			"systemDispName":	"puedeser",
			"sysActiveDom":	"standalone_microblaze_0",
			"sysDefaultDom":	"standalone_microblaze_0",
			"domains":	[{
					"domainName":	"standalone_microblaze_0",
					"domainDispName":	"standalone_microblaze_0",
					"domainDesc":	"standalone_microblaze_0",
					"processors":	"microblaze_0",
					"os":	"standalone",
					"sdxOs":	"standalone",
					"debugEnable":	"False",
					"domRuntimes":	["cpp"],
					"swRepo":	"",
					"mssOsVer":	"8.1",
					"mssFile":	"",
					"md5Digest":	"25c07a82bf59ba87c8ca238ad5b8ea01",
					"compatibleApp":	"peripheral_tests",
					"domType":	"mssDomain",
					"arch":	"32-bit",
					"appSettings":	{
						"appCompilerFlags":	"",
						"appLinkerFlags":	""
					},
					"addedLibs":	[],
					"libOptions":	{
						"libsContainingOptions":	[]
					},
					"prebuiltLibs":	{
						"prebuiltIncPath":	[],
						"prebuiltLibPath":	[]
					},
					"isolation":	{
					}
				}]
		}]
}
KEYINFO::2024-11-20.17:15:56::SCWPlatform::updated the xpfm file.
TRACE::2024-11-20.17:15:56::SCWPlatform::Trying to open the hw design at D:/SE/Vitis/practicadoscd/puedeser/hw/puedeser.xsa
TRACE::2024-11-20.17:15:56::SCWPlatform::DSA given D:/SE/Vitis/practicadoscd/puedeser/hw/puedeser.xsa
TRACE::2024-11-20.17:15:56::SCWPlatform::DSA absoulate path D:/SE/Vitis/practicadoscd/puedeser/hw/puedeser.xsa
TRACE::2024-11-20.17:15:56::SCWPlatform::DSA directory D:/SE/Vitis/practicadoscd/puedeser/hw
TRACE::2024-11-20.17:15:56::SCWPlatform:: Platform Path D:/SE/Vitis/practicadoscd/puedeser/hw/puedeser.xsa
TRACE::2024-11-20.17:15:56::SCWPlatform:: Unique name xilinx:basys3::0.0
TRACE::2024-11-20.17:15:56::SCWPlatform::Trying to set the existing hwdb with name design_1_wrapper_0
TRACE::2024-11-20.17:15:56::SCWPlatform::Opened existing hwdb design_1_wrapper_0
TRACE::2024-11-20.17:15:56::SCWPlatform::Found the Hw Db part of the input DSA
TRACE::2024-11-20.17:15:56::SCWMssOS::Checking the sw design at  D:/SE/Vitis/practicadoscd/puedeser/microblaze_0/standalone_microblaze_0/bsp/system.mss
TRACE::2024-11-20.17:15:56::SCWMssOS::DEBUG:  swdes dump  D:/SE/Vitis/practicadoscd/puedeser/microblaze_0/standalone_microblaze_0/bsp/system.mss|system||

TRACE::2024-11-20.17:15:56::SCWMssOS::Sw design exists and opened at  D:/SE/Vitis/practicadoscd/puedeser/microblaze_0/standalone_microblaze_0/bsp/system.mss
