
*** Running vivado
    with args -log design_1_wrapper.vdi -applog -m64 -product Vivado -messageDb vivado.pb -mode batch -source design_1_wrapper.tcl -notrace


ECHO is off.
ECHO is off.

****** Vivado v2023.1 (64-bit)
  **** SW Build 3865809 on Sun May  7 15:05:29 MDT 2023
  **** IP Build 3864474 on Sun May  7 20:36:21 MDT 2023
  **** SharedData Build 3865790 on Sun May 07 13:33:03 MDT 2023
    ** Copyright 1986-2022 Xilinx, Inc. All Rights Reserved.
    ** Copyright 2022-2023 Advanced Micro Devices, Inc. All Rights Reserved.

source design_1_wrapper.tcl -notrace
INFO: [IP_Flow 19-234] Refreshing IP repositories
INFO: [IP_Flow 19-1700] Loaded user IP repository 'f:/SE/Vivado/ip_repo/altavoz_2_0'.
INFO: [IP_Flow 19-1700] Loaded user IP repository 'f:/SE/Vivado/ip_repo/zumbador_2_0'.
INFO: [IP_Flow 19-1700] Loaded user IP repository 'f:/SE/Vivado/ip_repo/lcd_4_0'.
INFO: [IP_Flow 19-1700] Loaded user IP repository 'f:/SE/Vivado/ip_repo/lcd_3_0'.
INFO: [IP_Flow 19-1700] Loaded user IP repository 'f:/SE/Vivado/ip_repo/lcd_2_0'.
INFO: [IP_Flow 19-1700] Loaded user IP repository 'f:/SE/Vivado/ip_repo/motor_2_0'.
INFO: [IP_Flow 19-1700] Loaded user IP repository 'c:/Users/azmal/Desktop/USB_Backup/SE/Vivado/ip_repo'.
INFO: [IP_Flow 19-2313] Loaded Vivado IP repository 'C:/Xilinx/Vivado/2023.1/data/ip'.
Command: link_design -top design_1_wrapper -part xc7a35tcpg236-1
Design is defaulting to srcset: sources_1
Design is defaulting to constrset: constrs_1
INFO: [Device 21-403] Loading part xc7a35tcpg236-1
Netlist sorting complete. Time (s): cpu = 00:00:00 ; elapsed = 00:00:00.134 . Memory (MB): peak = 907.242 ; gain = 0.000
INFO: [Netlist 29-17] Analyzing 326 Unisim elements for replacement
INFO: [Netlist 29-28] Unisim Transformation completed in 0 CPU seconds
INFO: [Project 1-479] Netlist was created with Vivado 2023.1
INFO: [Project 1-570] Preparing netlist for logic optimization
Parsing XDC File [f:/SE/Vivado/proyecto/proyecto.gen/sources_1/bd/design_1/ip/design_1_microblaze_0_0/design_1_microblaze_0_0.xdc] for cell 'design_1_i/microblaze_0/U0'
Finished Parsing XDC File [f:/SE/Vivado/proyecto/proyecto.gen/sources_1/bd/design_1/ip/design_1_microblaze_0_0/design_1_microblaze_0_0.xdc] for cell 'design_1_i/microblaze_0/U0'
Parsing XDC File [f:/SE/Vivado/proyecto/proyecto.gen/sources_1/bd/design_1/ip/design_1_clk_wiz_1_0/design_1_clk_wiz_1_0_board.xdc] for cell 'design_1_i/clk_wiz_1/inst'
Finished Parsing XDC File [f:/SE/Vivado/proyecto/proyecto.gen/sources_1/bd/design_1/ip/design_1_clk_wiz_1_0/design_1_clk_wiz_1_0_board.xdc] for cell 'design_1_i/clk_wiz_1/inst'
Parsing XDC File [f:/SE/Vivado/proyecto/proyecto.gen/sources_1/bd/design_1/ip/design_1_clk_wiz_1_0/design_1_clk_wiz_1_0.xdc] for cell 'design_1_i/clk_wiz_1/inst'
INFO: [Timing 38-35] Done setting XDC timing constraints. [f:/SE/Vivado/proyecto/proyecto.gen/sources_1/bd/design_1/ip/design_1_clk_wiz_1_0/design_1_clk_wiz_1_0.xdc:57]
INFO: [Timing 38-2] Deriving generated clocks [f:/SE/Vivado/proyecto/proyecto.gen/sources_1/bd/design_1/ip/design_1_clk_wiz_1_0/design_1_clk_wiz_1_0.xdc:57]
Finished Parsing XDC File [f:/SE/Vivado/proyecto/proyecto.gen/sources_1/bd/design_1/ip/design_1_clk_wiz_1_0/design_1_clk_wiz_1_0.xdc] for cell 'design_1_i/clk_wiz_1/inst'
Parsing XDC File [f:/SE/Vivado/proyecto/proyecto.gen/sources_1/bd/design_1/ip/design_1_rst_clk_wiz_1_100M_0/design_1_rst_clk_wiz_1_100M_0_board.xdc] for cell 'design_1_i/rst_clk_wiz_1_100M/U0'
Finished Parsing XDC File [f:/SE/Vivado/proyecto/proyecto.gen/sources_1/bd/design_1/ip/design_1_rst_clk_wiz_1_100M_0/design_1_rst_clk_wiz_1_100M_0_board.xdc] for cell 'design_1_i/rst_clk_wiz_1_100M/U0'
Parsing XDC File [f:/SE/Vivado/proyecto/proyecto.gen/sources_1/bd/design_1/ip/design_1_rst_clk_wiz_1_100M_0/design_1_rst_clk_wiz_1_100M_0.xdc] for cell 'design_1_i/rst_clk_wiz_1_100M/U0'
Finished Parsing XDC File [f:/SE/Vivado/proyecto/proyecto.gen/sources_1/bd/design_1/ip/design_1_rst_clk_wiz_1_100M_0/design_1_rst_clk_wiz_1_100M_0.xdc] for cell 'design_1_i/rst_clk_wiz_1_100M/U0'
Parsing XDC File [f:/SE/Vivado/proyecto/proyecto.gen/sources_1/bd/design_1/ip/design_1_axi_uartlite_0_0/design_1_axi_uartlite_0_0_board.xdc] for cell 'design_1_i/axi_uartlite_0/U0'
Finished Parsing XDC File [f:/SE/Vivado/proyecto/proyecto.gen/sources_1/bd/design_1/ip/design_1_axi_uartlite_0_0/design_1_axi_uartlite_0_0_board.xdc] for cell 'design_1_i/axi_uartlite_0/U0'
Parsing XDC File [f:/SE/Vivado/proyecto/proyecto.gen/sources_1/bd/design_1/ip/design_1_axi_uartlite_0_0/design_1_axi_uartlite_0_0.xdc] for cell 'design_1_i/axi_uartlite_0/U0'
Finished Parsing XDC File [f:/SE/Vivado/proyecto/proyecto.gen/sources_1/bd/design_1/ip/design_1_axi_uartlite_0_0/design_1_axi_uartlite_0_0.xdc] for cell 'design_1_i/axi_uartlite_0/U0'
Parsing XDC File [f:/SE/Vivado/proyecto/proyecto.gen/sources_1/bd/design_1/ip/design_1_axi_gpio_0_0/design_1_axi_gpio_0_0_board.xdc] for cell 'design_1_i/axi_gpio_0/U0'
Finished Parsing XDC File [f:/SE/Vivado/proyecto/proyecto.gen/sources_1/bd/design_1/ip/design_1_axi_gpio_0_0/design_1_axi_gpio_0_0_board.xdc] for cell 'design_1_i/axi_gpio_0/U0'
Parsing XDC File [f:/SE/Vivado/proyecto/proyecto.gen/sources_1/bd/design_1/ip/design_1_axi_gpio_0_0/design_1_axi_gpio_0_0.xdc] for cell 'design_1_i/axi_gpio_0/U0'
Finished Parsing XDC File [f:/SE/Vivado/proyecto/proyecto.gen/sources_1/bd/design_1/ip/design_1_axi_gpio_0_0/design_1_axi_gpio_0_0.xdc] for cell 'design_1_i/axi_gpio_0/U0'
Parsing XDC File [F:/SE/Vivado/proyecto/proyecto.srcs/constrs_1/new/restricciones.xdc]
WARNING: [Vivado 12-584] No ports matched 'sw[0]'. [F:/SE/Vivado/proyecto/proyecto.srcs/constrs_1/new/restricciones.xdc:3]
CRITICAL WARNING: [Common 17-55] 'set_property' expects at least one object. [F:/SE/Vivado/proyecto/proyecto.srcs/constrs_1/new/restricciones.xdc:3]
Resolution: If [get_<value>] was used to populate the object, check to make sure this command returns at least one valid object.
WARNING: [Vivado 12-584] No ports matched 'sw[0]'. [F:/SE/Vivado/proyecto/proyecto.srcs/constrs_1/new/restricciones.xdc:4]
CRITICAL WARNING: [Common 17-55] 'set_property' expects at least one object. [F:/SE/Vivado/proyecto/proyecto.srcs/constrs_1/new/restricciones.xdc:4]
Resolution: If [get_<value>] was used to populate the object, check to make sure this command returns at least one valid object.
WARNING: [Vivado 12-584] No ports matched 'sw[1]'. [F:/SE/Vivado/proyecto/proyecto.srcs/constrs_1/new/restricciones.xdc:5]
CRITICAL WARNING: [Common 17-55] 'set_property' expects at least one object. [F:/SE/Vivado/proyecto/proyecto.srcs/constrs_1/new/restricciones.xdc:5]
Resolution: If [get_<value>] was used to populate the object, check to make sure this command returns at least one valid object.
WARNING: [Vivado 12-584] No ports matched 'sw[1]'. [F:/SE/Vivado/proyecto/proyecto.srcs/constrs_1/new/restricciones.xdc:6]
CRITICAL WARNING: [Common 17-55] 'set_property' expects at least one object. [F:/SE/Vivado/proyecto/proyecto.srcs/constrs_1/new/restricciones.xdc:6]
Resolution: If [get_<value>] was used to populate the object, check to make sure this command returns at least one valid object.
WARNING: [Vivado 12-584] No ports matched 'sw[2]'. [F:/SE/Vivado/proyecto/proyecto.srcs/constrs_1/new/restricciones.xdc:7]
CRITICAL WARNING: [Common 17-55] 'set_property' expects at least one object. [F:/SE/Vivado/proyecto/proyecto.srcs/constrs_1/new/restricciones.xdc:7]
Resolution: If [get_<value>] was used to populate the object, check to make sure this command returns at least one valid object.
WARNING: [Vivado 12-584] No ports matched 'sw[2]'. [F:/SE/Vivado/proyecto/proyecto.srcs/constrs_1/new/restricciones.xdc:8]
CRITICAL WARNING: [Common 17-55] 'set_property' expects at least one object. [F:/SE/Vivado/proyecto/proyecto.srcs/constrs_1/new/restricciones.xdc:8]
Resolution: If [get_<value>] was used to populate the object, check to make sure this command returns at least one valid object.
WARNING: [Vivado 12-584] No ports matched 'sw[3]'. [F:/SE/Vivado/proyecto/proyecto.srcs/constrs_1/new/restricciones.xdc:9]
CRITICAL WARNING: [Common 17-55] 'set_property' expects at least one object. [F:/SE/Vivado/proyecto/proyecto.srcs/constrs_1/new/restricciones.xdc:9]
Resolution: If [get_<value>] was used to populate the object, check to make sure this command returns at least one valid object.
WARNING: [Vivado 12-584] No ports matched 'sw[3]'. [F:/SE/Vivado/proyecto/proyecto.srcs/constrs_1/new/restricciones.xdc:10]
CRITICAL WARNING: [Common 17-55] 'set_property' expects at least one object. [F:/SE/Vivado/proyecto/proyecto.srcs/constrs_1/new/restricciones.xdc:10]
Resolution: If [get_<value>] was used to populate the object, check to make sure this command returns at least one valid object.
WARNING: [Vivado 12-584] No ports matched 'sw[4]'. [F:/SE/Vivado/proyecto/proyecto.srcs/constrs_1/new/restricciones.xdc:11]
CRITICAL WARNING: [Common 17-55] 'set_property' expects at least one object. [F:/SE/Vivado/proyecto/proyecto.srcs/constrs_1/new/restricciones.xdc:11]
Resolution: If [get_<value>] was used to populate the object, check to make sure this command returns at least one valid object.
WARNING: [Vivado 12-584] No ports matched 'sw[4]'. [F:/SE/Vivado/proyecto/proyecto.srcs/constrs_1/new/restricciones.xdc:12]
CRITICAL WARNING: [Common 17-55] 'set_property' expects at least one object. [F:/SE/Vivado/proyecto/proyecto.srcs/constrs_1/new/restricciones.xdc:12]
Resolution: If [get_<value>] was used to populate the object, check to make sure this command returns at least one valid object.
WARNING: [Vivado 12-584] No ports matched 'sw[5]'. [F:/SE/Vivado/proyecto/proyecto.srcs/constrs_1/new/restricciones.xdc:13]
CRITICAL WARNING: [Common 17-55] 'set_property' expects at least one object. [F:/SE/Vivado/proyecto/proyecto.srcs/constrs_1/new/restricciones.xdc:13]
Resolution: If [get_<value>] was used to populate the object, check to make sure this command returns at least one valid object.
WARNING: [Vivado 12-584] No ports matched 'sw[5]'. [F:/SE/Vivado/proyecto/proyecto.srcs/constrs_1/new/restricciones.xdc:14]
CRITICAL WARNING: [Common 17-55] 'set_property' expects at least one object. [F:/SE/Vivado/proyecto/proyecto.srcs/constrs_1/new/restricciones.xdc:14]
Resolution: If [get_<value>] was used to populate the object, check to make sure this command returns at least one valid object.
WARNING: [Vivado 12-584] No ports matched 'sw[6]'. [F:/SE/Vivado/proyecto/proyecto.srcs/constrs_1/new/restricciones.xdc:15]
CRITICAL WARNING: [Common 17-55] 'set_property' expects at least one object. [F:/SE/Vivado/proyecto/proyecto.srcs/constrs_1/new/restricciones.xdc:15]
Resolution: If [get_<value>] was used to populate the object, check to make sure this command returns at least one valid object.
WARNING: [Vivado 12-584] No ports matched 'sw[6]'. [F:/SE/Vivado/proyecto/proyecto.srcs/constrs_1/new/restricciones.xdc:16]
CRITICAL WARNING: [Common 17-55] 'set_property' expects at least one object. [F:/SE/Vivado/proyecto/proyecto.srcs/constrs_1/new/restricciones.xdc:16]
Resolution: If [get_<value>] was used to populate the object, check to make sure this command returns at least one valid object.
WARNING: [Vivado 12-584] No ports matched 'sw[7]'. [F:/SE/Vivado/proyecto/proyecto.srcs/constrs_1/new/restricciones.xdc:17]
CRITICAL WARNING: [Common 17-55] 'set_property' expects at least one object. [F:/SE/Vivado/proyecto/proyecto.srcs/constrs_1/new/restricciones.xdc:17]
Resolution: If [get_<value>] was used to populate the object, check to make sure this command returns at least one valid object.
WARNING: [Vivado 12-584] No ports matched 'sw[7]'. [F:/SE/Vivado/proyecto/proyecto.srcs/constrs_1/new/restricciones.xdc:18]
CRITICAL WARNING: [Common 17-55] 'set_property' expects at least one object. [F:/SE/Vivado/proyecto/proyecto.srcs/constrs_1/new/restricciones.xdc:18]
Resolution: If [get_<value>] was used to populate the object, check to make sure this command returns at least one valid object.
WARNING: [Vivado 12-584] No ports matched 'sw[8]'. [F:/SE/Vivado/proyecto/proyecto.srcs/constrs_1/new/restricciones.xdc:19]
CRITICAL WARNING: [Common 17-55] 'set_property' expects at least one object. [F:/SE/Vivado/proyecto/proyecto.srcs/constrs_1/new/restricciones.xdc:19]
Resolution: If [get_<value>] was used to populate the object, check to make sure this command returns at least one valid object.
WARNING: [Vivado 12-584] No ports matched 'sw[8]'. [F:/SE/Vivado/proyecto/proyecto.srcs/constrs_1/new/restricciones.xdc:20]
CRITICAL WARNING: [Common 17-55] 'set_property' expects at least one object. [F:/SE/Vivado/proyecto/proyecto.srcs/constrs_1/new/restricciones.xdc:20]
Resolution: If [get_<value>] was used to populate the object, check to make sure this command returns at least one valid object.
WARNING: [Vivado 12-584] No ports matched 'sw[9]'. [F:/SE/Vivado/proyecto/proyecto.srcs/constrs_1/new/restricciones.xdc:21]
CRITICAL WARNING: [Common 17-55] 'set_property' expects at least one object. [F:/SE/Vivado/proyecto/proyecto.srcs/constrs_1/new/restricciones.xdc:21]
Resolution: If [get_<value>] was used to populate the object, check to make sure this command returns at least one valid object.
WARNING: [Vivado 12-584] No ports matched 'sw[9]'. [F:/SE/Vivado/proyecto/proyecto.srcs/constrs_1/new/restricciones.xdc:22]
CRITICAL WARNING: [Common 17-55] 'set_property' expects at least one object. [F:/SE/Vivado/proyecto/proyecto.srcs/constrs_1/new/restricciones.xdc:22]
Resolution: If [get_<value>] was used to populate the object, check to make sure this command returns at least one valid object.
WARNING: [Vivado 12-584] No ports matched 'sw[10]'. [F:/SE/Vivado/proyecto/proyecto.srcs/constrs_1/new/restricciones.xdc:23]
CRITICAL WARNING: [Common 17-55] 'set_property' expects at least one object. [F:/SE/Vivado/proyecto/proyecto.srcs/constrs_1/new/restricciones.xdc:23]
Resolution: If [get_<value>] was used to populate the object, check to make sure this command returns at least one valid object.
WARNING: [Vivado 12-584] No ports matched 'sw[10]'. [F:/SE/Vivado/proyecto/proyecto.srcs/constrs_1/new/restricciones.xdc:24]
CRITICAL WARNING: [Common 17-55] 'set_property' expects at least one object. [F:/SE/Vivado/proyecto/proyecto.srcs/constrs_1/new/restricciones.xdc:24]
Resolution: If [get_<value>] was used to populate the object, check to make sure this command returns at least one valid object.
WARNING: [Vivado 12-584] No ports matched 'sw[11]'. [F:/SE/Vivado/proyecto/proyecto.srcs/constrs_1/new/restricciones.xdc:25]
CRITICAL WARNING: [Common 17-55] 'set_property' expects at least one object. [F:/SE/Vivado/proyecto/proyecto.srcs/constrs_1/new/restricciones.xdc:25]
Resolution: If [get_<value>] was used to populate the object, check to make sure this command returns at least one valid object.
WARNING: [Vivado 12-584] No ports matched 'sw[11]'. [F:/SE/Vivado/proyecto/proyecto.srcs/constrs_1/new/restricciones.xdc:26]
CRITICAL WARNING: [Common 17-55] 'set_property' expects at least one object. [F:/SE/Vivado/proyecto/proyecto.srcs/constrs_1/new/restricciones.xdc:26]
Resolution: If [get_<value>] was used to populate the object, check to make sure this command returns at least one valid object.
WARNING: [Vivado 12-584] No ports matched 'sw[12]'. [F:/SE/Vivado/proyecto/proyecto.srcs/constrs_1/new/restricciones.xdc:27]
CRITICAL WARNING: [Common 17-55] 'set_property' expects at least one object. [F:/SE/Vivado/proyecto/proyecto.srcs/constrs_1/new/restricciones.xdc:27]
Resolution: If [get_<value>] was used to populate the object, check to make sure this command returns at least one valid object.
WARNING: [Vivado 12-584] No ports matched 'sw[12]'. [F:/SE/Vivado/proyecto/proyecto.srcs/constrs_1/new/restricciones.xdc:28]
CRITICAL WARNING: [Common 17-55] 'set_property' expects at least one object. [F:/SE/Vivado/proyecto/proyecto.srcs/constrs_1/new/restricciones.xdc:28]
Resolution: If [get_<value>] was used to populate the object, check to make sure this command returns at least one valid object.
WARNING: [Vivado 12-584] No ports matched 'sw[13]'. [F:/SE/Vivado/proyecto/proyecto.srcs/constrs_1/new/restricciones.xdc:29]
CRITICAL WARNING: [Common 17-55] 'set_property' expects at least one object. [F:/SE/Vivado/proyecto/proyecto.srcs/constrs_1/new/restricciones.xdc:29]
Resolution: If [get_<value>] was used to populate the object, check to make sure this command returns at least one valid object.
WARNING: [Vivado 12-584] No ports matched 'sw[13]'. [F:/SE/Vivado/proyecto/proyecto.srcs/constrs_1/new/restricciones.xdc:30]
CRITICAL WARNING: [Common 17-55] 'set_property' expects at least one object. [F:/SE/Vivado/proyecto/proyecto.srcs/constrs_1/new/restricciones.xdc:30]
Resolution: If [get_<value>] was used to populate the object, check to make sure this command returns at least one valid object.
WARNING: [Vivado 12-584] No ports matched 'sw[14]'. [F:/SE/Vivado/proyecto/proyecto.srcs/constrs_1/new/restricciones.xdc:31]
CRITICAL WARNING: [Common 17-55] 'set_property' expects at least one object. [F:/SE/Vivado/proyecto/proyecto.srcs/constrs_1/new/restricciones.xdc:31]
Resolution: If [get_<value>] was used to populate the object, check to make sure this command returns at least one valid object.
WARNING: [Vivado 12-584] No ports matched 'sw[14]'. [F:/SE/Vivado/proyecto/proyecto.srcs/constrs_1/new/restricciones.xdc:32]
CRITICAL WARNING: [Common 17-55] 'set_property' expects at least one object. [F:/SE/Vivado/proyecto/proyecto.srcs/constrs_1/new/restricciones.xdc:32]
Resolution: If [get_<value>] was used to populate the object, check to make sure this command returns at least one valid object.
WARNING: [Vivado 12-584] No ports matched 'sw[15]'. [F:/SE/Vivado/proyecto/proyecto.srcs/constrs_1/new/restricciones.xdc:33]
CRITICAL WARNING: [Common 17-55] 'set_property' expects at least one object. [F:/SE/Vivado/proyecto/proyecto.srcs/constrs_1/new/restricciones.xdc:33]
Resolution: If [get_<value>] was used to populate the object, check to make sure this command returns at least one valid object.
WARNING: [Vivado 12-584] No ports matched 'sw[15]'. [F:/SE/Vivado/proyecto/proyecto.srcs/constrs_1/new/restricciones.xdc:34]
CRITICAL WARNING: [Common 17-55] 'set_property' expects at least one object. [F:/SE/Vivado/proyecto/proyecto.srcs/constrs_1/new/restricciones.xdc:34]
Resolution: If [get_<value>] was used to populate the object, check to make sure this command returns at least one valid object.
WARNING: [Vivado 12-584] No ports matched 'led_16bits[0]'. [F:/SE/Vivado/proyecto/proyecto.srcs/constrs_1/new/restricciones.xdc:38]
CRITICAL WARNING: [Common 17-55] 'set_property' expects at least one object. [F:/SE/Vivado/proyecto/proyecto.srcs/constrs_1/new/restricciones.xdc:38]
Resolution: If [get_<value>] was used to populate the object, check to make sure this command returns at least one valid object.
WARNING: [Vivado 12-584] No ports matched 'led_16bits[0]'. [F:/SE/Vivado/proyecto/proyecto.srcs/constrs_1/new/restricciones.xdc:39]
CRITICAL WARNING: [Common 17-55] 'set_property' expects at least one object. [F:/SE/Vivado/proyecto/proyecto.srcs/constrs_1/new/restricciones.xdc:39]
Resolution: If [get_<value>] was used to populate the object, check to make sure this command returns at least one valid object.
WARNING: [Vivado 12-584] No ports matched 'led_16bits[1]'. [F:/SE/Vivado/proyecto/proyecto.srcs/constrs_1/new/restricciones.xdc:40]
CRITICAL WARNING: [Common 17-55] 'set_property' expects at least one object. [F:/SE/Vivado/proyecto/proyecto.srcs/constrs_1/new/restricciones.xdc:40]
Resolution: If [get_<value>] was used to populate the object, check to make sure this command returns at least one valid object.
WARNING: [Vivado 12-584] No ports matched 'led_16bits[1]'. [F:/SE/Vivado/proyecto/proyecto.srcs/constrs_1/new/restricciones.xdc:41]
CRITICAL WARNING: [Common 17-55] 'set_property' expects at least one object. [F:/SE/Vivado/proyecto/proyecto.srcs/constrs_1/new/restricciones.xdc:41]
Resolution: If [get_<value>] was used to populate the object, check to make sure this command returns at least one valid object.
WARNING: [Vivado 12-584] No ports matched 'led_16bits[2]'. [F:/SE/Vivado/proyecto/proyecto.srcs/constrs_1/new/restricciones.xdc:42]
CRITICAL WARNING: [Common 17-55] 'set_property' expects at least one object. [F:/SE/Vivado/proyecto/proyecto.srcs/constrs_1/new/restricciones.xdc:42]
Resolution: If [get_<value>] was used to populate the object, check to make sure this command returns at least one valid object.
WARNING: [Vivado 12-584] No ports matched 'led_16bits[2]'. [F:/SE/Vivado/proyecto/proyecto.srcs/constrs_1/new/restricciones.xdc:43]
CRITICAL WARNING: [Common 17-55] 'set_property' expects at least one object. [F:/SE/Vivado/proyecto/proyecto.srcs/constrs_1/new/restricciones.xdc:43]
Resolution: If [get_<value>] was used to populate the object, check to make sure this command returns at least one valid object.
WARNING: [Vivado 12-584] No ports matched 'led_16bits[3]'. [F:/SE/Vivado/proyecto/proyecto.srcs/constrs_1/new/restricciones.xdc:44]
CRITICAL WARNING: [Common 17-55] 'set_property' expects at least one object. [F:/SE/Vivado/proyecto/proyecto.srcs/constrs_1/new/restricciones.xdc:44]
Resolution: If [get_<value>] was used to populate the object, check to make sure this command returns at least one valid object.
WARNING: [Vivado 12-584] No ports matched 'led_16bits[3]'. [F:/SE/Vivado/proyecto/proyecto.srcs/constrs_1/new/restricciones.xdc:45]
CRITICAL WARNING: [Common 17-55] 'set_property' expects at least one object. [F:/SE/Vivado/proyecto/proyecto.srcs/constrs_1/new/restricciones.xdc:45]
Resolution: If [get_<value>] was used to populate the object, check to make sure this command returns at least one valid object.
WARNING: [Vivado 12-584] No ports matched 'led_16bits[4]'. [F:/SE/Vivado/proyecto/proyecto.srcs/constrs_1/new/restricciones.xdc:46]
CRITICAL WARNING: [Common 17-55] 'set_property' expects at least one object. [F:/SE/Vivado/proyecto/proyecto.srcs/constrs_1/new/restricciones.xdc:46]
Resolution: If [get_<value>] was used to populate the object, check to make sure this command returns at least one valid object.
WARNING: [Vivado 12-584] No ports matched 'led_16bits[4]'. [F:/SE/Vivado/proyecto/proyecto.srcs/constrs_1/new/restricciones.xdc:47]
CRITICAL WARNING: [Common 17-55] 'set_property' expects at least one object. [F:/SE/Vivado/proyecto/proyecto.srcs/constrs_1/new/restricciones.xdc:47]
Resolution: If [get_<value>] was used to populate the object, check to make sure this command returns at least one valid object.
WARNING: [Vivado 12-584] No ports matched 'led_16bits[5]'. [F:/SE/Vivado/proyecto/proyecto.srcs/constrs_1/new/restricciones.xdc:48]
CRITICAL WARNING: [Common 17-55] 'set_property' expects at least one object. [F:/SE/Vivado/proyecto/proyecto.srcs/constrs_1/new/restricciones.xdc:48]
Resolution: If [get_<value>] was used to populate the object, check to make sure this command returns at least one valid object.
WARNING: [Vivado 12-584] No ports matched 'led_16bits[5]'. [F:/SE/Vivado/proyecto/proyecto.srcs/constrs_1/new/restricciones.xdc:49]
CRITICAL WARNING: [Common 17-55] 'set_property' expects at least one object. [F:/SE/Vivado/proyecto/proyecto.srcs/constrs_1/new/restricciones.xdc:49]
Resolution: If [get_<value>] was used to populate the object, check to make sure this command returns at least one valid object.
WARNING: [Vivado 12-584] No ports matched 'led_16bits[6]'. [F:/SE/Vivado/proyecto/proyecto.srcs/constrs_1/new/restricciones.xdc:50]
CRITICAL WARNING: [Common 17-55] 'set_property' expects at least one object. [F:/SE/Vivado/proyecto/proyecto.srcs/constrs_1/new/restricciones.xdc:50]
Resolution: If [get_<value>] was used to populate the object, check to make sure this command returns at least one valid object.
WARNING: [Vivado 12-584] No ports matched 'led_16bits[6]'. [F:/SE/Vivado/proyecto/proyecto.srcs/constrs_1/new/restricciones.xdc:51]
CRITICAL WARNING: [Common 17-55] 'set_property' expects at least one object. [F:/SE/Vivado/proyecto/proyecto.srcs/constrs_1/new/restricciones.xdc:51]
Resolution: If [get_<value>] was used to populate the object, check to make sure this command returns at least one valid object.
WARNING: [Vivado 12-584] No ports matched 'led_16bits[7]'. [F:/SE/Vivado/proyecto/proyecto.srcs/constrs_1/new/restricciones.xdc:52]
CRITICAL WARNING: [Common 17-55] 'set_property' expects at least one object. [F:/SE/Vivado/proyecto/proyecto.srcs/constrs_1/new/restricciones.xdc:52]
Resolution: If [get_<value>] was used to populate the object, check to make sure this command returns at least one valid object.
WARNING: [Vivado 12-584] No ports matched 'led_16bits[7]'. [F:/SE/Vivado/proyecto/proyecto.srcs/constrs_1/new/restricciones.xdc:53]
CRITICAL WARNING: [Common 17-55] 'set_property' expects at least one object. [F:/SE/Vivado/proyecto/proyecto.srcs/constrs_1/new/restricciones.xdc:53]
Resolution: If [get_<value>] was used to populate the object, check to make sure this command returns at least one valid object.
WARNING: [Vivado 12-584] No ports matched 'led_16bits[8]'. [F:/SE/Vivado/proyecto/proyecto.srcs/constrs_1/new/restricciones.xdc:54]
CRITICAL WARNING: [Common 17-55] 'set_property' expects at least one object. [F:/SE/Vivado/proyecto/proyecto.srcs/constrs_1/new/restricciones.xdc:54]
Resolution: If [get_<value>] was used to populate the object, check to make sure this command returns at least one valid object.
WARNING: [Vivado 12-584] No ports matched 'led_16bits[8]'. [F:/SE/Vivado/proyecto/proyecto.srcs/constrs_1/new/restricciones.xdc:55]
CRITICAL WARNING: [Common 17-55] 'set_property' expects at least one object. [F:/SE/Vivado/proyecto/proyecto.srcs/constrs_1/new/restricciones.xdc:55]
Resolution: If [get_<value>] was used to populate the object, check to make sure this command returns at least one valid object.
WARNING: [Vivado 12-584] No ports matched 'led_16bits[9]'. [F:/SE/Vivado/proyecto/proyecto.srcs/constrs_1/new/restricciones.xdc:56]
CRITICAL WARNING: [Common 17-55] 'set_property' expects at least one object. [F:/SE/Vivado/proyecto/proyecto.srcs/constrs_1/new/restricciones.xdc:56]
Resolution: If [get_<value>] was used to populate the object, check to make sure this command returns at least one valid object.
WARNING: [Vivado 12-584] No ports matched 'led_16bits[9]'. [F:/SE/Vivado/proyecto/proyecto.srcs/constrs_1/new/restricciones.xdc:57]
CRITICAL WARNING: [Common 17-55] 'set_property' expects at least one object. [F:/SE/Vivado/proyecto/proyecto.srcs/constrs_1/new/restricciones.xdc:57]
Resolution: If [get_<value>] was used to populate the object, check to make sure this command returns at least one valid object.
WARNING: [Vivado 12-584] No ports matched 'led_16bits[10]'. [F:/SE/Vivado/proyecto/proyecto.srcs/constrs_1/new/restricciones.xdc:58]
CRITICAL WARNING: [Common 17-55] 'set_property' expects at least one object. [F:/SE/Vivado/proyecto/proyecto.srcs/constrs_1/new/restricciones.xdc:58]
Resolution: If [get_<value>] was used to populate the object, check to make sure this command returns at least one valid object.
WARNING: [Vivado 12-584] No ports matched 'led_16bits[10]'. [F:/SE/Vivado/proyecto/proyecto.srcs/constrs_1/new/restricciones.xdc:59]
CRITICAL WARNING: [Common 17-55] 'set_property' expects at least one object. [F:/SE/Vivado/proyecto/proyecto.srcs/constrs_1/new/restricciones.xdc:59]
Resolution: If [get_<value>] was used to populate the object, check to make sure this command returns at least one valid object.
WARNING: [Vivado 12-584] No ports matched 'led_16bits[11]'. [F:/SE/Vivado/proyecto/proyecto.srcs/constrs_1/new/restricciones.xdc:60]
CRITICAL WARNING: [Common 17-55] 'set_property' expects at least one object. [F:/SE/Vivado/proyecto/proyecto.srcs/constrs_1/new/restricciones.xdc:60]
Resolution: If [get_<value>] was used to populate the object, check to make sure this command returns at least one valid object.
WARNING: [Vivado 12-584] No ports matched 'led_16bits[11]'. [F:/SE/Vivado/proyecto/proyecto.srcs/constrs_1/new/restricciones.xdc:61]
CRITICAL WARNING: [Common 17-55] 'set_property' expects at least one object. [F:/SE/Vivado/proyecto/proyecto.srcs/constrs_1/new/restricciones.xdc:61]
Resolution: If [get_<value>] was used to populate the object, check to make sure this command returns at least one valid object.
WARNING: [Vivado 12-584] No ports matched 'led_16bits[12]'. [F:/SE/Vivado/proyecto/proyecto.srcs/constrs_1/new/restricciones.xdc:62]
CRITICAL WARNING: [Common 17-55] 'set_property' expects at least one object. [F:/SE/Vivado/proyecto/proyecto.srcs/constrs_1/new/restricciones.xdc:62]
Resolution: If [get_<value>] was used to populate the object, check to make sure this command returns at least one valid object.
WARNING: [Vivado 12-584] No ports matched 'led_16bits[12]'. [F:/SE/Vivado/proyecto/proyecto.srcs/constrs_1/new/restricciones.xdc:63]
CRITICAL WARNING: [Common 17-55] 'set_property' expects at least one object. [F:/SE/Vivado/proyecto/proyecto.srcs/constrs_1/new/restricciones.xdc:63]
Resolution: If [get_<value>] was used to populate the object, check to make sure this command returns at least one valid object.
WARNING: [Vivado 12-584] No ports matched 'led_16bits[13]'. [F:/SE/Vivado/proyecto/proyecto.srcs/constrs_1/new/restricciones.xdc:64]
CRITICAL WARNING: [Common 17-55] 'set_property' expects at least one object. [F:/SE/Vivado/proyecto/proyecto.srcs/constrs_1/new/restricciones.xdc:64]
Resolution: If [get_<value>] was used to populate the object, check to make sure this command returns at least one valid object.
WARNING: [Vivado 12-584] No ports matched 'led_16bits[13]'. [F:/SE/Vivado/proyecto/proyecto.srcs/constrs_1/new/restricciones.xdc:65]
CRITICAL WARNING: [Common 17-55] 'set_property' expects at least one object. [F:/SE/Vivado/proyecto/proyecto.srcs/constrs_1/new/restricciones.xdc:65]
Resolution: If [get_<value>] was used to populate the object, check to make sure this command returns at least one valid object.
WARNING: [Vivado 12-584] No ports matched 'led_16bits[14]'. [F:/SE/Vivado/proyecto/proyecto.srcs/constrs_1/new/restricciones.xdc:66]
CRITICAL WARNING: [Common 17-55] 'set_property' expects at least one object. [F:/SE/Vivado/proyecto/proyecto.srcs/constrs_1/new/restricciones.xdc:66]
Resolution: If [get_<value>] was used to populate the object, check to make sure this command returns at least one valid object.
WARNING: [Vivado 12-584] No ports matched 'led_16bits[14]'. [F:/SE/Vivado/proyecto/proyecto.srcs/constrs_1/new/restricciones.xdc:67]
CRITICAL WARNING: [Common 17-55] 'set_property' expects at least one object. [F:/SE/Vivado/proyecto/proyecto.srcs/constrs_1/new/restricciones.xdc:67]
Resolution: If [get_<value>] was used to populate the object, check to make sure this command returns at least one valid object.
WARNING: [Vivado 12-584] No ports matched 'led_16bits[15]'. [F:/SE/Vivado/proyecto/proyecto.srcs/constrs_1/new/restricciones.xdc:68]
CRITICAL WARNING: [Common 17-55] 'set_property' expects at least one object. [F:/SE/Vivado/proyecto/proyecto.srcs/constrs_1/new/restricciones.xdc:68]
Resolution: If [get_<value>] was used to populate the object, check to make sure this command returns at least one valid object.
WARNING: [Vivado 12-584] No ports matched 'led_16bits[15]'. [F:/SE/Vivado/proyecto/proyecto.srcs/constrs_1/new/restricciones.xdc:69]
CRITICAL WARNING: [Common 17-55] 'set_property' expects at least one object. [F:/SE/Vivado/proyecto/proyecto.srcs/constrs_1/new/restricciones.xdc:69]
Resolution: If [get_<value>] was used to populate the object, check to make sure this command returns at least one valid object.
Finished Parsing XDC File [F:/SE/Vivado/proyecto/proyecto.srcs/constrs_1/new/restricciones.xdc]
Parsing XDC File [f:/SE/Vivado/proyecto/proyecto.gen/sources_1/bd/design_1/ip/design_1_mdm_1_0/design_1_mdm_1_0.xdc] for cell 'design_1_i/mdm_1/U0'
Finished Parsing XDC File [f:/SE/Vivado/proyecto/proyecto.gen/sources_1/bd/design_1/ip/design_1_mdm_1_0/design_1_mdm_1_0.xdc] for cell 'design_1_i/mdm_1/U0'
INFO: [Opt 31-138] Pushed 0 inverter(s) to 0 load pin(s).
Generating merged BMM file for the design top 'design_1_wrapper'...
INFO: [Memdata 28-144] Successfully populated the BRAM INIT strings from the following elf files: f:/SE/Vivado/proyecto/proyecto.gen/sources_1/bd/design_1/ip/design_1_microblaze_0_0/data/mb_bootloop_le.elf 
Netlist sorting complete. Time (s): cpu = 00:00:00 ; elapsed = 00:00:00.004 . Memory (MB): peak = 1635.641 ; gain = 0.000
INFO: [Project 1-111] Unisim Transformation Summary:
  A total of 112 instances were transformed.
  LUT6_2 => LUT6_2 (LUT5, LUT6): 80 instances
  RAM32M => RAM32M (RAMD32(x6), RAMS32(x2)): 16 instances
  RAM64M => RAM64M (RAMD64E(x4)): 16 instances

19 Infos, 64 Warnings, 64 Critical Warnings and 0 Errors encountered.
link_design completed successfully
link_design: Time (s): cpu = 00:00:09 ; elapsed = 00:00:15 . Memory (MB): peak = 1635.641 ; gain = 1117.750
Command: opt_design
Attempting to get a license for feature 'Implementation' and/or device 'xc7a35t'
INFO: [Common 17-349] Got license for feature 'Implementation' and/or device 'xc7a35t'
Running DRC as a precondition to command opt_design

Starting DRC Task
INFO: [DRC 23-27] Running DRC with 2 threads
INFO: [Project 1-461] DRC finished with 0 Errors
INFO: [Project 1-462] Please refer to the DRC report (report_drc) for more information.

Time (s): cpu = 00:00:01 ; elapsed = 00:00:00.733 . Memory (MB): peak = 1635.641 ; gain = 0.000

Starting Cache Timing Information Task
INFO: [Timing 38-35] Done setting XDC timing constraints.
Ending Cache Timing Information Task | Checksum: acd1b5d1

Time (s): cpu = 00:00:00 ; elapsed = 00:00:00.168 . Memory (MB): peak = 1652.656 ; gain = 17.016

Starting Logic Optimization Task

Phase 1 Retarget
INFO: [Opt 31-1566] Pulled 1 inverters resulting in an inversion of 14 pins
INFO: [Opt 31-138] Pushed 1 inverter(s) to 1 load pin(s).
INFO: [Opt 31-49] Retargeted 0 cell(s).
Phase 1 Retarget | Checksum: db65aa39

Time (s): cpu = 00:00:00 ; elapsed = 00:00:00.226 . Memory (MB): peak = 1981.098 ; gain = 0.000
INFO: [Opt 31-389] Phase Retarget created 5 cells and removed 45 cells
INFO: [Opt 31-1021] In phase Retarget, 19 netlist objects are constrained preventing optimization. Please run opt_design with -debug_log to get more detail. 

Phase 2 Constant propagation
INFO: [Opt 31-138] Pushed 0 inverter(s) to 0 load pin(s).
Phase 2 Constant propagation | Checksum: 182781cf2

Time (s): cpu = 00:00:01 ; elapsed = 00:00:00.261 . Memory (MB): peak = 1981.098 ; gain = 0.000
INFO: [Opt 31-389] Phase Constant propagation created 5 cells and removed 22 cells
INFO: [Opt 31-1021] In phase Constant propagation, 1 netlist objects are constrained preventing optimization. Please run opt_design with -debug_log to get more detail. 

Phase 3 Sweep
Phase 3 Sweep | Checksum: 1097c5d1c

Time (s): cpu = 00:00:01 ; elapsed = 00:00:00.381 . Memory (MB): peak = 1981.098 ; gain = 0.000
INFO: [Opt 31-389] Phase Sweep created 18 cells and removed 18 cells
INFO: [Opt 31-1021] In phase Sweep, 1 netlist objects are constrained preventing optimization. Please run opt_design with -debug_log to get more detail. 

Phase 4 BUFG optimization
INFO: [Opt 31-194] Inserted BUFG design_1_i/mdm_1/U0/Use_E2.BSCAN_I/Dbg_Update_0_BUFG_inst to drive 39 load(s) on clock net design_1_i/mdm_1/U0/Use_E2.BSCAN_I/Dbg_Update_0_BUFG
INFO: [Opt 31-194] Inserted BUFG design_1_i/teclado_0/U0/teclado_v1_0_S00_AXI_inst/reloj_BUFG_inst to drive 31 load(s) on clock net design_1_i/teclado_0/U0/teclado_v1_0_S00_AXI_inst/reloj_BUFG
INFO: [Opt 31-193] Inserted 2 BUFG(s) on clock nets
Phase 4 BUFG optimization | Checksum: eab75578

Time (s): cpu = 00:00:01 ; elapsed = 00:00:00.446 . Memory (MB): peak = 1981.098 ; gain = 0.000
INFO: [Opt 31-662] Phase BUFG optimization created 2 cells of which 2 are BUFGs and removed 0 cells.

Phase 5 Shift Register Optimization
INFO: [Opt 31-1064] SRL Remap converted 0 SRLs to 0 registers and converted 0 registers of register chains to 0 SRLs
Phase 5 Shift Register Optimization | Checksum: 1cc43d287

Time (s): cpu = 00:00:01 ; elapsed = 00:00:00.581 . Memory (MB): peak = 1981.098 ; gain = 0.000
INFO: [Opt 31-389] Phase Shift Register Optimization created 0 cells and removed 0 cells

Phase 6 Post Processing Netlist
Phase 6 Post Processing Netlist | Checksum: 15a746d8c

Time (s): cpu = 00:00:01 ; elapsed = 00:00:00.602 . Memory (MB): peak = 1981.098 ; gain = 0.000
INFO: [Opt 31-389] Phase Post Processing Netlist created 0 cells and removed 0 cells
INFO: [Opt 31-1021] In phase Post Processing Netlist, 1 netlist objects are constrained preventing optimization. Please run opt_design with -debug_log to get more detail. 
Opt_design Change Summary
=========================


-------------------------------------------------------------------------------------------------------------------------
|  Phase                        |  #Cells created  |  #Cells Removed  |  #Constrained objects preventing optimizations  |
-------------------------------------------------------------------------------------------------------------------------
|  Retarget                     |               5  |              45  |                                             19  |
|  Constant propagation         |               5  |              22  |                                              1  |
|  Sweep                        |              18  |              18  |                                              1  |
|  BUFG optimization            |               2  |               0  |                                              0  |
|  Shift Register Optimization  |               0  |               0  |                                              0  |
|  Post Processing Netlist      |               0  |               0  |                                              1  |
-------------------------------------------------------------------------------------------------------------------------



Starting Connectivity Check Task

Time (s): cpu = 00:00:00 ; elapsed = 00:00:00.009 . Memory (MB): peak = 1981.098 ; gain = 0.000
Ending Logic Optimization Task | Checksum: 16ea65e05

Time (s): cpu = 00:00:01 ; elapsed = 00:00:00.619 . Memory (MB): peak = 1981.098 ; gain = 0.000

Starting Power Optimization Task
INFO: [Pwropt 34-132] Skipping clock gating for clocks with a period < 2.00 ns.
INFO: [Pwropt 34-9] Applying IDT optimizations ...
INFO: [Pwropt 34-10] Applying ODC optimizations ...
INFO: [Timing 38-35] Done setting XDC timing constraints.
Running Vector-less Activity Propagation...

Finished Running Vector-less Activity Propagation


Starting PowerOpt Patch Enables Task
INFO: [Pwropt 34-162] WRITE_MODE attribute of 0 BRAM(s) out of a total of 4 has been updated to save power. Run report_power_opt to get a complete listing of the BRAMs updated.
INFO: [Pwropt 34-201] Structural ODC has moved 0 WE to EN ports
Number of BRAM Ports augmented: 4 newly gated: 0 Total Ports: 8
Ending PowerOpt Patch Enables Task | Checksum: 13e704017

Time (s): cpu = 00:00:00 ; elapsed = 00:00:00.050 . Memory (MB): peak = 2076.633 ; gain = 0.000
Ending Power Optimization Task | Checksum: 13e704017

Time (s): cpu = 00:00:01 ; elapsed = 00:00:01 . Memory (MB): peak = 2076.633 ; gain = 95.535

Starting Final Cleanup Task

Starting Logic Optimization Task
INFO: [Timing 38-35] Done setting XDC timing constraints.
Ending Logic Optimization Task | Checksum: 219b0c01a

Time (s): cpu = 00:00:00 ; elapsed = 00:00:00.358 . Memory (MB): peak = 2076.633 ; gain = 0.000
Ending Final Cleanup Task | Checksum: 219b0c01a

Time (s): cpu = 00:00:02 ; elapsed = 00:00:03 . Memory (MB): peak = 2076.633 ; gain = 0.000

Starting Netlist Obfuscation Task
Netlist sorting complete. Time (s): cpu = 00:00:00 ; elapsed = 00:00:00.004 . Memory (MB): peak = 2076.633 ; gain = 0.000
Ending Netlist Obfuscation Task | Checksum: 219b0c01a

Time (s): cpu = 00:00:00 ; elapsed = 00:00:00.004 . Memory (MB): peak = 2076.633 ; gain = 0.000
INFO: [Common 17-83] Releasing license: Implementation
50 Infos, 64 Warnings, 64 Critical Warnings and 0 Errors encountered.
opt_design completed successfully
opt_design: Time (s): cpu = 00:00:07 ; elapsed = 00:00:08 . Memory (MB): peak = 2076.633 ; gain = 440.992
INFO: [runtcl-4] Executing : report_drc -file design_1_wrapper_drc_opted.rpt -pb design_1_wrapper_drc_opted.pb -rpx design_1_wrapper_drc_opted.rpx
Command: report_drc -file design_1_wrapper_drc_opted.rpt -pb design_1_wrapper_drc_opted.pb -rpx design_1_wrapper_drc_opted.rpx
INFO: [IP_Flow 19-1839] IP Catalog is up to date.
INFO: [DRC 23-27] Running DRC with 2 threads
INFO: [Vivado_Tcl 2-168] The results of DRC are in file F:/SE/Vivado/proyecto/proyecto.runs/impl_1/design_1_wrapper_drc_opted.rpt.
report_drc completed successfully
INFO: [Timing 38-35] Done setting XDC timing constraints.
INFO: [Timing 38-480] Writing timing data to binary archive.
Writing XDEF routing.
Writing XDEF routing logical nets.
Writing XDEF routing special nets.
Write XDEF Complete: Time (s): cpu = 00:00:00 ; elapsed = 00:00:02 . Memory (MB): peak = 2076.633 ; gain = 0.000
INFO: [Common 17-1381] The checkpoint 'F:/SE/Vivado/proyecto/proyecto.runs/impl_1/design_1_wrapper_opt.dcp' has been generated.
write_checkpoint: Time (s): cpu = 00:00:00 ; elapsed = 00:00:05 . Memory (MB): peak = 2076.633 ; gain = 0.000
Command: place_design
Attempting to get a license for feature 'Implementation' and/or device 'xc7a35t'
INFO: [Common 17-349] Got license for feature 'Implementation' and/or device 'xc7a35t'
INFO: [DRC 23-27] Running DRC with 2 threads
INFO: [Vivado_Tcl 4-198] DRC finished with 0 Errors
INFO: [Vivado_Tcl 4-199] Please refer to the DRC report (report_drc) for more information.
Running DRC as a precondition to command place_design
INFO: [DRC 23-27] Running DRC with 2 threads
INFO: [Vivado_Tcl 4-198] DRC finished with 0 Errors
INFO: [Vivado_Tcl 4-199] Please refer to the DRC report (report_drc) for more information.

Starting Placer Task
INFO: [Place 30-611] Multithreading enabled for place_design using a maximum of 2 CPUs

Phase 1 Placer Initialization

Phase 1.1 Placer Initialization Netlist Sorting
Netlist sorting complete. Time (s): cpu = 00:00:00 ; elapsed = 00:00:00.003 . Memory (MB): peak = 2076.633 ; gain = 0.000
Phase 1.1 Placer Initialization Netlist Sorting | Checksum: 12d802c65

Time (s): cpu = 00:00:00 ; elapsed = 00:00:00.008 . Memory (MB): peak = 2076.633 ; gain = 0.000
Netlist sorting complete. Time (s): cpu = 00:00:00 ; elapsed = 00:00:00.003 . Memory (MB): peak = 2076.633 ; gain = 0.000

Phase 1.2 IO Placement/ Clock Placement/ Build Placer Device
Phase 1.2 IO Placement/ Clock Placement/ Build Placer Device | Checksum: 13d2460d1

Time (s): cpu = 00:00:00 ; elapsed = 00:00:00.243 . Memory (MB): peak = 2076.633 ; gain = 0.000

Phase 1.3 Build Placer Netlist Model
Phase 1.3 Build Placer Netlist Model | Checksum: c237f743

Time (s): cpu = 00:00:01 ; elapsed = 00:00:00.899 . Memory (MB): peak = 2076.633 ; gain = 0.000

Phase 1.4 Constrain Clocks/Macros
Phase 1.4 Constrain Clocks/Macros | Checksum: c237f743

Time (s): cpu = 00:00:01 ; elapsed = 00:00:00.906 . Memory (MB): peak = 2076.633 ; gain = 0.000
Phase 1 Placer Initialization | Checksum: c237f743

Time (s): cpu = 00:00:01 ; elapsed = 00:00:00.918 . Memory (MB): peak = 2076.633 ; gain = 0.000

Phase 2 Global Placement

Phase 2.1 Floorplanning
Phase 2.1 Floorplanning | Checksum: a14985d6

Time (s): cpu = 00:00:01 ; elapsed = 00:00:01 . Memory (MB): peak = 2076.633 ; gain = 0.000

Phase 2.2 Update Timing before SLR Path Opt
Phase 2.2 Update Timing before SLR Path Opt | Checksum: 1480486ac

Time (s): cpu = 00:00:01 ; elapsed = 00:00:01 . Memory (MB): peak = 2076.633 ; gain = 0.000

Phase 2.3 Post-Processing in Floorplanning
Phase 2.3 Post-Processing in Floorplanning | Checksum: 1480486ac

Time (s): cpu = 00:00:01 ; elapsed = 00:00:01 . Memory (MB): peak = 2076.633 ; gain = 0.000

Phase 2.4 Global Placement Core

Phase 2.4.1 UpdateTiming Before Physical Synthesis
Phase 2.4.1 UpdateTiming Before Physical Synthesis | Checksum: 147a16321

Time (s): cpu = 00:00:03 ; elapsed = 00:00:04 . Memory (MB): peak = 2076.633 ; gain = 0.000

Phase 2.4.2 Physical Synthesis In Placer
INFO: [Physopt 32-1035] Found 0 LUTNM shape to break, 176 LUT instances to create LUTNM shape
INFO: [Physopt 32-1044] Break lutnm for timing: one critical 0, two critical 0, total 0, new lutff created 0
INFO: [Physopt 32-1138] End 1 Pass. Optimized 87 nets or LUTs. Breaked 0 LUT, combined 87 existing LUTs and moved 0 existing LUT
INFO: [Physopt 32-65] No nets found for high-fanout optimization.
INFO: [Physopt 32-232] Optimized 0 net. Created 0 new instance.
INFO: [Physopt 32-775] End 1 Pass. Optimized 0 net or cell. Created 0 new cell, deleted 0 existing cell and moved 0 existing cell
INFO: [Physopt 32-670] No setup violation found.  DSP Register Optimization was not performed.
INFO: [Physopt 32-670] No setup violation found.  Shift Register to Pipeline Optimization was not performed.
INFO: [Physopt 32-670] No setup violation found.  Shift Register Optimization was not performed.
INFO: [Physopt 32-670] No setup violation found.  BRAM Register Optimization was not performed.
INFO: [Physopt 32-670] No setup violation found.  URAM Register Optimization was not performed.
INFO: [Physopt 32-949] No candidate nets found for dynamic/static region interface net replication
INFO: [Physopt 32-775] End 1 Pass. Optimized 0 net or cell. Created 0 new cell, deleted 0 existing cell and moved 0 existing cell
Netlist sorting complete. Time (s): cpu = 00:00:00 ; elapsed = 00:00:00.003 . Memory (MB): peak = 2076.633 ; gain = 0.000

Summary of Physical Synthesis Optimizations
============================================


-----------------------------------------------------------------------------------------------------------------------------------------------------------
|  Optimization                                     |  Added Cells  |  Removed Cells  |  Optimized Cells/Nets  |  Dont Touch  |  Iterations  |  Elapsed   |
-----------------------------------------------------------------------------------------------------------------------------------------------------------
|  LUT Combining                                    |            0  |             87  |                    87  |           0  |           1  |  00:00:00  |
|  Retime                                           |            0  |              0  |                     0  |           0  |           1  |  00:00:00  |
|  Very High Fanout                                 |            0  |              0  |                     0  |           0  |           1  |  00:00:00  |
|  DSP Register                                     |            0  |              0  |                     0  |           0  |           0  |  00:00:00  |
|  Shift Register to Pipeline                       |            0  |              0  |                     0  |           0  |           0  |  00:00:00  |
|  Shift Register                                   |            0  |              0  |                     0  |           0  |           0  |  00:00:00  |
|  BRAM Register                                    |            0  |              0  |                     0  |           0  |           0  |  00:00:00  |
|  URAM Register                                    |            0  |              0  |                     0  |           0  |           0  |  00:00:00  |
|  Dynamic/Static Region Interface Net Replication  |            0  |              0  |                     0  |           0  |           1  |  00:00:00  |
|  Total                                            |            0  |             87  |                    87  |           0  |           4  |  00:00:00  |
-----------------------------------------------------------------------------------------------------------------------------------------------------------


Phase 2.4.2 Physical Synthesis In Placer | Checksum: 2894660f7

Time (s): cpu = 00:00:03 ; elapsed = 00:00:04 . Memory (MB): peak = 2076.633 ; gain = 0.000
Phase 2.4 Global Placement Core | Checksum: 25649d180

Time (s): cpu = 00:00:03 ; elapsed = 00:00:04 . Memory (MB): peak = 2076.633 ; gain = 0.000
Phase 2 Global Placement | Checksum: 25649d180

Time (s): cpu = 00:00:03 ; elapsed = 00:00:04 . Memory (MB): peak = 2076.633 ; gain = 0.000

Phase 3 Detail Placement

Phase 3.1 Commit Multi Column Macros
Phase 3.1 Commit Multi Column Macros | Checksum: 24c3ec5d8

Time (s): cpu = 00:00:03 ; elapsed = 00:00:04 . Memory (MB): peak = 2076.633 ; gain = 0.000

Phase 3.2 Commit Most Macros & LUTRAMs
Phase 3.2 Commit Most Macros & LUTRAMs | Checksum: 2b08f6e25

Time (s): cpu = 00:00:03 ; elapsed = 00:00:05 . Memory (MB): peak = 2076.633 ; gain = 0.000

Phase 3.3 Area Swap Optimization
Phase 3.3 Area Swap Optimization | Checksum: 2560b932c

Time (s): cpu = 00:00:03 ; elapsed = 00:00:05 . Memory (MB): peak = 2076.633 ; gain = 0.000

Phase 3.4 Pipeline Register Optimization
Phase 3.4 Pipeline Register Optimization | Checksum: 1c672ba0a

Time (s): cpu = 00:00:03 ; elapsed = 00:00:05 . Memory (MB): peak = 2076.633 ; gain = 0.000

Phase 3.5 Small Shape Detail Placement
Phase 3.5 Small Shape Detail Placement | Checksum: 1341cb9e6

Time (s): cpu = 00:00:04 ; elapsed = 00:00:06 . Memory (MB): peak = 2076.633 ; gain = 0.000

Phase 3.6 Re-assign LUT pins
Phase 3.6 Re-assign LUT pins | Checksum: 1530aba2f

Time (s): cpu = 00:00:04 ; elapsed = 00:00:06 . Memory (MB): peak = 2076.633 ; gain = 0.000

Phase 3.7 Pipeline Register Optimization
Phase 3.7 Pipeline Register Optimization | Checksum: 15736d599

Time (s): cpu = 00:00:04 ; elapsed = 00:00:06 . Memory (MB): peak = 2076.633 ; gain = 0.000
Phase 3 Detail Placement | Checksum: 15736d599

Time (s): cpu = 00:00:04 ; elapsed = 00:00:06 . Memory (MB): peak = 2076.633 ; gain = 0.000

Phase 4 Post Placement Optimization and Clean-Up

Phase 4.1 Post Commit Optimization
INFO: [Timing 38-35] Done setting XDC timing constraints.

Phase 4.1.1 Post Placement Optimization
Post Placement Optimization Initialization | Checksum: 19496b202

Phase 4.1.1.1 BUFG Insertion

Starting Physical Synthesis Task

Phase 1 Physical Synthesis Initialization
INFO: [Physopt 32-721] Multithreading enabled for phys_opt_design using a maximum of 2 CPUs
INFO: [Physopt 32-619] Estimated Timing Summary | WNS=3.163 | TNS=0.000 |
Phase 1 Physical Synthesis Initialization | Checksum: 185757817

Time (s): cpu = 00:00:00 ; elapsed = 00:00:00.172 . Memory (MB): peak = 2076.633 ; gain = 0.000
INFO: [Place 46-56] BUFG insertion identified 0 candidate nets. Inserted BUFG: 0, Replicated BUFG Driver: 0, Skipped due to Placement/Routing Conflicts: 0, Skipped due to Timing Degradation: 0, Skipped due to netlist editing failed: 0.
Ending Physical Synthesis Task | Checksum: 185757817

Time (s): cpu = 00:00:00 ; elapsed = 00:00:00.209 . Memory (MB): peak = 2076.633 ; gain = 0.000
Phase 4.1.1.1 BUFG Insertion | Checksum: 19496b202

Time (s): cpu = 00:00:05 ; elapsed = 00:00:07 . Memory (MB): peak = 2076.633 ; gain = 0.000

Phase 4.1.1.2 Post Placement Timing Optimization
INFO: [Place 30-746] Post Placement Timing Summary WNS=3.163. For the most accurate timing information please run report_timing.
Phase 4.1.1.2 Post Placement Timing Optimization | Checksum: c8f23628

Time (s): cpu = 00:00:05 ; elapsed = 00:00:07 . Memory (MB): peak = 2076.633 ; gain = 0.000

Time (s): cpu = 00:00:05 ; elapsed = 00:00:07 . Memory (MB): peak = 2076.633 ; gain = 0.000
Phase 4.1 Post Commit Optimization | Checksum: c8f23628

Time (s): cpu = 00:00:05 ; elapsed = 00:00:07 . Memory (MB): peak = 2076.633 ; gain = 0.000

Phase 4.2 Post Placement Cleanup
Phase 4.2 Post Placement Cleanup | Checksum: c8f23628

Time (s): cpu = 00:00:05 ; elapsed = 00:00:07 . Memory (MB): peak = 2076.633 ; gain = 0.000

Phase 4.3 Placer Reporting

Phase 4.3.1 Print Estimated Congestion
INFO: [Place 30-612] Post-Placement Estimated Congestion 
 ____________________________________________________
|           | Global Congestion | Short Congestion  |
| Direction | Region Size       | Region Size       |
|___________|___________________|___________________|
|      North|                1x1|                2x2|
|___________|___________________|___________________|
|      South|                1x1|                1x1|
|___________|___________________|___________________|
|       East|                1x1|                1x1|
|___________|___________________|___________________|
|       West|                1x1|                1x1|
|___________|___________________|___________________|

Phase 4.3.1 Print Estimated Congestion | Checksum: c8f23628

Time (s): cpu = 00:00:05 ; elapsed = 00:00:07 . Memory (MB): peak = 2076.633 ; gain = 0.000
Phase 4.3 Placer Reporting | Checksum: c8f23628

Time (s): cpu = 00:00:05 ; elapsed = 00:00:07 . Memory (MB): peak = 2076.633 ; gain = 0.000

Phase 4.4 Final Placement Cleanup
Netlist sorting complete. Time (s): cpu = 00:00:00 ; elapsed = 00:00:00.004 . Memory (MB): peak = 2076.633 ; gain = 0.000

Time (s): cpu = 00:00:05 ; elapsed = 00:00:07 . Memory (MB): peak = 2076.633 ; gain = 0.000
Phase 4 Post Placement Optimization and Clean-Up | Checksum: 10bdc428a

Time (s): cpu = 00:00:05 ; elapsed = 00:00:07 . Memory (MB): peak = 2076.633 ; gain = 0.000
Ending Placer Task | Checksum: dc2ef0c4

Time (s): cpu = 00:00:05 ; elapsed = 00:00:07 . Memory (MB): peak = 2076.633 ; gain = 0.000
INFO: [Common 17-83] Releasing license: Implementation
85 Infos, 64 Warnings, 64 Critical Warnings and 0 Errors encountered.
place_design completed successfully
place_design: Time (s): cpu = 00:00:06 ; elapsed = 00:00:08 . Memory (MB): peak = 2076.633 ; gain = 0.000
INFO: [runtcl-4] Executing : report_io -file design_1_wrapper_io_placed.rpt
report_io: Time (s): cpu = 00:00:00 ; elapsed = 00:00:00.100 . Memory (MB): peak = 2076.633 ; gain = 0.000
INFO: [runtcl-4] Executing : report_utilization -file design_1_wrapper_utilization_placed.rpt -pb design_1_wrapper_utilization_placed.pb
INFO: [runtcl-4] Executing : report_control_sets -verbose -file design_1_wrapper_control_sets_placed.rpt
report_control_sets: Time (s): cpu = 00:00:00 ; elapsed = 00:00:00.066 . Memory (MB): peak = 2076.633 ; gain = 0.000
INFO: [Timing 38-480] Writing timing data to binary archive.
Writing XDEF routing.
Writing XDEF routing logical nets.
Writing XDEF routing special nets.
Write XDEF Complete: Time (s): cpu = 00:00:01 ; elapsed = 00:00:03 . Memory (MB): peak = 2076.633 ; gain = 0.000
INFO: [Common 17-1381] The checkpoint 'F:/SE/Vivado/proyecto/proyecto.runs/impl_1/design_1_wrapper_placed.dcp' has been generated.
write_checkpoint: Time (s): cpu = 00:00:01 ; elapsed = 00:00:12 . Memory (MB): peak = 2076.633 ; gain = 0.000
Command: phys_opt_design
Attempting to get a license for feature 'Implementation' and/or device 'xc7a35t'
INFO: [Common 17-349] Got license for feature 'Implementation' and/or device 'xc7a35t'

Starting Initial Update Timing Task

Time (s): cpu = 00:00:00 ; elapsed = 00:00:00.482 . Memory (MB): peak = 2076.633 ; gain = 0.000
INFO: [Vivado_Tcl 4-383] Design worst setup slack (WNS) is greater than or equal to 0.000 ns. Skipping all physical synthesis optimizations.
INFO: [Vivado_Tcl 4-232] No setup violation found. The netlist was not modified.
INFO: [Common 17-83] Releasing license: Implementation
94 Infos, 64 Warnings, 64 Critical Warnings and 0 Errors encountered.
phys_opt_design completed successfully
INFO: [Timing 38-480] Writing timing data to binary archive.
Writing XDEF routing.
Writing XDEF routing logical nets.
Writing XDEF routing special nets.
Write XDEF Complete: Time (s): cpu = 00:00:01 ; elapsed = 00:00:04 . Memory (MB): peak = 2076.633 ; gain = 0.000
INFO: [Common 17-1381] The checkpoint 'F:/SE/Vivado/proyecto/proyecto.runs/impl_1/design_1_wrapper_physopt.dcp' has been generated.
write_checkpoint: Time (s): cpu = 00:00:01 ; elapsed = 00:00:11 . Memory (MB): peak = 2076.633 ; gain = 0.000
Command: route_design
Attempting to get a license for feature 'Implementation' and/or device 'xc7a35t'
INFO: [Common 17-349] Got license for feature 'Implementation' and/or device 'xc7a35t'
Running DRC as a precondition to command route_design
INFO: [DRC 23-27] Running DRC with 2 threads
INFO: [Vivado_Tcl 4-198] DRC finished with 0 Errors
INFO: [Vivado_Tcl 4-199] Please refer to the DRC report (report_drc) for more information.


Starting Routing Task
INFO: [Route 35-254] Multithreading enabled for route_design using a maximum of 2 CPUs

Phase 1 Build RT Design
Checksum: PlaceDB: 623733ad ConstDB: 0 ShapeSum: 79f7bd17 RouteDB: 0
Post Restoration Checksum: NetGraph: 90d1ecc6 | NumContArr: 75577ab | Constraints: 190a55ad | Timing: 0
Phase 1 Build RT Design | Checksum: b131ba1e

Time (s): cpu = 00:00:14 ; elapsed = 00:00:13 . Memory (MB): peak = 2135.035 ; gain = 58.402

Phase 2 Router Initialization

Phase 2.1 Fix Topology Constraints
Phase 2.1 Fix Topology Constraints | Checksum: b131ba1e

Time (s): cpu = 00:00:14 ; elapsed = 00:00:13 . Memory (MB): peak = 2135.035 ; gain = 58.402

Phase 2.2 Pre Route Cleanup
Phase 2.2 Pre Route Cleanup | Checksum: b131ba1e

Time (s): cpu = 00:00:14 ; elapsed = 00:00:13 . Memory (MB): peak = 2135.035 ; gain = 58.402
 Number of Nodes with overlaps = 0

Phase 2.3 Update Timing
Phase 2.3 Update Timing | Checksum: 11b606b1c

Time (s): cpu = 00:00:15 ; elapsed = 00:00:14 . Memory (MB): peak = 2141.055 ; gain = 64.422
INFO: [Route 35-416] Intermediate Timing Summary | WNS=3.316  | TNS=0.000  | WHS=-0.185 | THS=-43.709|


Router Utilization Summary
  Global Vertical Routing Utilization    = 0.00749422 %
  Global Horizontal Routing Utilization  = 0.00143155 %
  Routable Net Status*
  *Does not include unroutable nets such as driverless and loadless.
  Run report_route_status for detailed report.
  Number of Failed Nets               = 4099
    (Failed Nets is the sum of unrouted and partially routed nets)
  Number of Unrouted Nets             = 4098
  Number of Partially Routed Nets     = 1
  Number of Node Overlaps             = 0

Phase 2 Router Initialization | Checksum: 129315539

Time (s): cpu = 00:00:16 ; elapsed = 00:00:15 . Memory (MB): peak = 2141.055 ; gain = 64.422

Phase 3 Initial Routing

Phase 3.1 Global Routing
Phase 3.1 Global Routing | Checksum: 129315539

Time (s): cpu = 00:00:16 ; elapsed = 00:00:15 . Memory (MB): peak = 2141.055 ; gain = 64.422
Phase 3 Initial Routing | Checksum: 20beba5f4

Time (s): cpu = 00:00:16 ; elapsed = 00:00:15 . Memory (MB): peak = 2141.055 ; gain = 64.422

Phase 4 Rip-up And Reroute

Phase 4.1 Global Iteration 0
 Number of Nodes with overlaps = 370
 Number of Nodes with overlaps = 20
 Number of Nodes with overlaps = 2
 Number of Nodes with overlaps = 1
 Number of Nodes with overlaps = 1
 Number of Nodes with overlaps = 0
INFO: [Route 35-416] Intermediate Timing Summary | WNS=3.095  | TNS=0.000  | WHS=N/A    | THS=N/A    |

Phase 4.1 Global Iteration 0 | Checksum: 18eeee1f2

Time (s): cpu = 00:00:17 ; elapsed = 00:00:17 . Memory (MB): peak = 2141.055 ; gain = 64.422

Phase 4.2 Global Iteration 1
 Number of Nodes with overlaps = 0
INFO: [Route 35-416] Intermediate Timing Summary | WNS=3.095  | TNS=0.000  | WHS=N/A    | THS=N/A    |

Phase 4.2 Global Iteration 1 | Checksum: 104dfebd1

Time (s): cpu = 00:00:17 ; elapsed = 00:00:17 . Memory (MB): peak = 2141.055 ; gain = 64.422
Phase 4 Rip-up And Reroute | Checksum: 104dfebd1

Time (s): cpu = 00:00:17 ; elapsed = 00:00:17 . Memory (MB): peak = 2141.055 ; gain = 64.422

Phase 5 Delay and Skew Optimization

Phase 5.1 Delay CleanUp
Phase 5.1 Delay CleanUp | Checksum: 104dfebd1

Time (s): cpu = 00:00:17 ; elapsed = 00:00:17 . Memory (MB): peak = 2141.055 ; gain = 64.422

Phase 5.2 Clock Skew Optimization
Phase 5.2 Clock Skew Optimization | Checksum: 104dfebd1

Time (s): cpu = 00:00:17 ; elapsed = 00:00:17 . Memory (MB): peak = 2141.055 ; gain = 64.422
Phase 5 Delay and Skew Optimization | Checksum: 104dfebd1

Time (s): cpu = 00:00:17 ; elapsed = 00:00:17 . Memory (MB): peak = 2141.055 ; gain = 64.422

Phase 6 Post Hold Fix

Phase 6.1 Hold Fix Iter

Phase 6.1.1 Update Timing
Phase 6.1.1 Update Timing | Checksum: d9d990c1

Time (s): cpu = 00:00:17 ; elapsed = 00:00:17 . Memory (MB): peak = 2141.055 ; gain = 64.422
INFO: [Route 35-416] Intermediate Timing Summary | WNS=3.095  | TNS=0.000  | WHS=0.032  | THS=0.000  |

Phase 6.1 Hold Fix Iter | Checksum: 168d12a69

Time (s): cpu = 00:00:17 ; elapsed = 00:00:17 . Memory (MB): peak = 2141.055 ; gain = 64.422
Phase 6 Post Hold Fix | Checksum: 168d12a69

Time (s): cpu = 00:00:17 ; elapsed = 00:00:17 . Memory (MB): peak = 2141.055 ; gain = 64.422

Phase 7 Route finalize

Router Utilization Summary
  Global Vertical Routing Utilization    = 1.35749 %
  Global Horizontal Routing Utilization  = 1.73568 %
  Routable Net Status*
  *Does not include unroutable nets such as driverless and loadless.
  Run report_route_status for detailed report.
  Number of Failed Nets               = 0
    (Failed Nets is the sum of unrouted and partially routed nets)
  Number of Unrouted Nets             = 0
  Number of Partially Routed Nets     = 0
  Number of Node Overlaps             = 0

Phase 7 Route finalize | Checksum: 12d282da8

Time (s): cpu = 00:00:17 ; elapsed = 00:00:17 . Memory (MB): peak = 2141.055 ; gain = 64.422

Phase 8 Verifying routed nets

 Verification completed successfully
Phase 8 Verifying routed nets | Checksum: 12d282da8

Time (s): cpu = 00:00:17 ; elapsed = 00:00:17 . Memory (MB): peak = 2141.055 ; gain = 64.422

Phase 9 Depositing Routes
Phase 9 Depositing Routes | Checksum: 16ff48806

Time (s): cpu = 00:00:17 ; elapsed = 00:00:17 . Memory (MB): peak = 2141.055 ; gain = 64.422

Phase 10 Post Router Timing
INFO: [Route 35-57] Estimated Timing Summary | WNS=3.095  | TNS=0.000  | WHS=0.032  | THS=0.000  |

INFO: [Route 35-327] The final timing numbers are based on the router estimated timing analysis. For a complete and accurate timing signoff, please run report_timing_summary.
Phase 10 Post Router Timing | Checksum: 16ff48806

Time (s): cpu = 00:00:17 ; elapsed = 00:00:17 . Memory (MB): peak = 2141.055 ; gain = 64.422
INFO: [Route 35-16] Router Completed Successfully

Phase 11 Post-Route Event Processing
Phase 11 Post-Route Event Processing | Checksum: 16f5e5435

Time (s): cpu = 00:00:17 ; elapsed = 00:00:17 . Memory (MB): peak = 2141.055 ; gain = 64.422

Time (s): cpu = 00:00:17 ; elapsed = 00:00:17 . Memory (MB): peak = 2141.055 ; gain = 64.422

Routing Is Done.
INFO: [Common 17-83] Releasing license: Implementation
109 Infos, 64 Warnings, 64 Critical Warnings and 0 Errors encountered.
route_design completed successfully
route_design: Time (s): cpu = 00:00:18 ; elapsed = 00:00:18 . Memory (MB): peak = 2141.055 ; gain = 64.422
INFO: [runtcl-4] Executing : report_drc -file design_1_wrapper_drc_routed.rpt -pb design_1_wrapper_drc_routed.pb -rpx design_1_wrapper_drc_routed.rpx
Command: report_drc -file design_1_wrapper_drc_routed.rpt -pb design_1_wrapper_drc_routed.pb -rpx design_1_wrapper_drc_routed.rpx
INFO: [IP_Flow 19-1839] IP Catalog is up to date.
INFO: [DRC 23-27] Running DRC with 2 threads
INFO: [Vivado_Tcl 2-168] The results of DRC are in file F:/SE/Vivado/proyecto/proyecto.runs/impl_1/design_1_wrapper_drc_routed.rpt.
report_drc completed successfully
INFO: [runtcl-4] Executing : report_methodology -file design_1_wrapper_methodology_drc_routed.rpt -pb design_1_wrapper_methodology_drc_routed.pb -rpx design_1_wrapper_methodology_drc_routed.rpx
Command: report_methodology -file design_1_wrapper_methodology_drc_routed.rpt -pb design_1_wrapper_methodology_drc_routed.pb -rpx design_1_wrapper_methodology_drc_routed.rpx
INFO: [Timing 38-35] Done setting XDC timing constraints.
INFO: [DRC 23-133] Running Methodology with 2 threads
INFO: [Vivado_Tcl 2-1520] The results of Report Methodology are in file F:/SE/Vivado/proyecto/proyecto.runs/impl_1/design_1_wrapper_methodology_drc_routed.rpt.
report_methodology completed successfully
INFO: [runtcl-4] Executing : report_power -file design_1_wrapper_power_routed.rpt -pb design_1_wrapper_power_summary_routed.pb -rpx design_1_wrapper_power_routed.rpx
Command: report_power -file design_1_wrapper_power_routed.rpt -pb design_1_wrapper_power_summary_routed.pb -rpx design_1_wrapper_power_routed.rpx
INFO: [Timing 38-35] Done setting XDC timing constraints.
Running Vector-less Activity Propagation...

Finished Running Vector-less Activity Propagation
WARNING: [Power 33-332] Found switching activity that implies high-fanout reset nets being asserted for excessive periods of time which may result in inaccurate power analysis.
Resolution: To review and fix problems, please run Power Constraints Advisor in the GUI from Tools > Power Constraints Advisor or run report_power with the -advisory option to generate a text report.
119 Infos, 65 Warnings, 64 Critical Warnings and 0 Errors encountered.
report_power completed successfully
INFO: [runtcl-4] Executing : report_route_status -file design_1_wrapper_route_status.rpt -pb design_1_wrapper_route_status.pb
INFO: [runtcl-4] Executing : report_timing_summary -max_paths 10 -report_unconstrained -file design_1_wrapper_timing_summary_routed.rpt -pb design_1_wrapper_timing_summary_routed.pb -rpx design_1_wrapper_timing_summary_routed.rpx -warn_on_violation 
INFO: [Timing 38-91] UpdateTimingParams: Speed grade: -1, Delay Type: min_max.
INFO: [Timing 38-191] Multithreading enabled for timing update using a maximum of 2 CPUs
INFO: [runtcl-4] Executing : report_incremental_reuse -file design_1_wrapper_incremental_reuse_routed.rpt
INFO: [Vivado_Tcl 4-1062] Incremental flow is disabled. No incremental reuse Info to report.
INFO: [runtcl-4] Executing : report_clock_utilization -file design_1_wrapper_clock_utilization_routed.rpt
INFO: [runtcl-4] Executing : report_bus_skew -warn_on_violation -file design_1_wrapper_bus_skew_routed.rpt -pb design_1_wrapper_bus_skew_routed.pb -rpx design_1_wrapper_bus_skew_routed.rpx
INFO: [Timing 38-91] UpdateTimingParams: Speed grade: -1, Delay Type: min_max.
INFO: [Timing 38-191] Multithreading enabled for timing update using a maximum of 2 CPUs
INFO: [Timing 38-480] Writing timing data to binary archive.
Writing XDEF routing.
Writing XDEF routing logical nets.
Writing XDEF routing special nets.
Write XDEF Complete: Time (s): cpu = 00:00:01 ; elapsed = 00:00:03 . Memory (MB): peak = 2206.402 ; gain = 15.730
INFO: [Common 17-1381] The checkpoint 'F:/SE/Vivado/proyecto/proyecto.runs/impl_1/design_1_wrapper_routed.dcp' has been generated.
write_checkpoint: Time (s): cpu = 00:00:01 ; elapsed = 00:00:06 . Memory (MB): peak = 2206.402 ; gain = 15.730
Command: write_bitstream -force design_1_wrapper.bit
Attempting to get a license for feature 'Implementation' and/or device 'xc7a35t'
INFO: [Common 17-349] Got license for feature 'Implementation' and/or device 'xc7a35t'
Running DRC as a precondition to command write_bitstream
INFO: [IP_Flow 19-1839] IP Catalog is up to date.
INFO: [DRC 23-27] Running DRC with 2 threads
WARNING: [DRC CFGBVS-1] Missing CFGBVS and CONFIG_VOLTAGE Design Properties: Neither the CFGBVS nor CONFIG_VOLTAGE voltage property is set in the current_design.  Configuration bank voltage select (CFGBVS) must be set to VCCO or GND, and CONFIG_VOLTAGE must be set to the correct configuration voltage, in order to determine the I/O voltage support for the pins in bank 0.  It is suggested to specify these either using the 'Edit Device Properties' function in the GUI or directly in the XDC file using the following syntax:

 set_property CFGBVS value1 [current_design]
 #where value1 is either VCCO or GND

 set_property CONFIG_VOLTAGE value2 [current_design]
 #where value2 is the voltage provided to configuration bank 0

Refer to the device configuration user guide for more information.
INFO: [Vivado 12-3199] DRC finished with 0 Errors, 1 Warnings
INFO: [Vivado 12-3200] Please refer to the DRC report (report_drc) for more information.
INFO: [Designutils 20-2272] Running write_bitstream with 2 threads.
Loading data files...
Loading site data...
Loading route data...
Processing options...
Creating bitmap...
Creating bitstream...
Writing bitstream ./design_1_wrapper.bit...
INFO: [Vivado 12-1842] Bitgen Completed Successfully.
INFO: [Project 1-1876] WebTalk data collection is mandatory when using a ULT device. To see the specific WebTalk data collected for your design, open the usage_statistics_webtalk.html or usage_statistics_webtalk.xml file in the implementation directory.
INFO: [Common 17-83] Releasing license: Implementation
14 Infos, 1 Warnings, 0 Critical Warnings and 0 Errors encountered.
write_bitstream completed successfully
write_bitstream: Time (s): cpu = 00:00:10 ; elapsed = 00:00:11 . Memory (MB): peak = 2707.906 ; gain = 501.504
INFO: [Common 17-206] Exiting Vivado at Tue Jun 24 18:15:51 2025...
