12:41:47 DEBUG : Logs will be stored at 'D:/SE/Vitis/practica_dos_a/IDE.log'.
12:41:53 INFO  : Registering command handlers for Vitis TCF services
12:41:53 INFO  : Launching XSCT server: xsct.bat -n  -interactive D:\SE\Vitis\practica_dos_a\temp_xsdb_launch_script.tcl
12:41:53 INFO  : Platform repository initialization has completed.
12:41:58 INFO  : XSCT server has started successfully.
12:41:58 INFO  : plnx-install-location is set to ''
12:42:02 INFO  : Successfully done setting XSCT server connection channel  
12:42:02 INFO  : Successfully done query RDI_DATADIR 
12:42:02 INFO  : Successfully done setting workspace for the tool. 
12:43:25 INFO  : Result from executing command 'getProjects': p2a_wrapper
12:43:25 INFO  : Result from executing command 'getPlatforms': 
12:43:26 WARN  : An unexpected exception occurred in the module 'platform project logging'
12:43:29 INFO  : Platform 'p2a_wrapper' is added to custom repositories.
12:43:36 INFO  : Platform 'p2a_wrapper' is added to custom repositories.
12:50:01 INFO  : Result from executing command 'getProjects': p2a_wrapper
12:50:01 INFO  : Result from executing command 'getPlatforms': p2a_wrapper|D:/SE/Vitis/practica_dos_a/p2a_wrapper/export/p2a_wrapper/p2a_wrapper.xpfm
12:50:01 INFO  : Checking for BSP changes to sync application flags for project 'practica_dos_a'...
12:52:41 INFO  : Checking for BSP changes to sync application flags for project 'practica_dos_a'...
12:53:28 INFO  : Checking for BSP changes to sync application flags for project 'practica_dos_a'...
12:54:22 INFO  : Checking for BSP changes to sync application flags for project 'practica_dos_a'...
14:18:55 DEBUG : Logs will be stored at 'D:/SE/Vitis/practica_dos_a/IDE.log'.
14:18:55 INFO  : Launching XSCT server: xsct.bat -n  -interactive D:\SE\Vitis\practica_dos_a\temp_xsdb_launch_script.tcl
14:18:59 INFO  : XSCT server has started successfully.
14:19:00 INFO  : plnx-install-location is set to ''
14:19:00 INFO  : Successfully done setting XSCT server connection channel  
14:19:00 INFO  : Successfully done setting workspace for the tool. 
14:19:00 INFO  : Platform repository initialization has completed.
14:19:01 INFO  : Registering command handlers for Vitis TCF services
14:19:01 INFO  : Successfully done query RDI_DATADIR 
13:51:46 DEBUG : Logs will be stored at 'D:/SE/Vitis/practica_dos_a/IDE.log'.
13:51:47 INFO  : Launching XSCT server: xsct.bat -n  -interactive D:\SE\Vitis\practica_dos_a\temp_xsdb_launch_script.tcl
13:51:51 INFO  : XSCT server has started successfully.
13:51:52 INFO  : Successfully done setting XSCT server connection channel  
13:51:52 INFO  : plnx-install-location is set to ''
13:51:52 INFO  : Successfully done setting workspace for the tool. 
13:51:55 INFO  : Registering command handlers for Vitis TCF services
13:51:55 INFO  : Successfully done query RDI_DATADIR 
13:51:57 INFO  : Platform repository initialization has completed.
13:53:01 INFO  : Result from executing command 'getProjects': p2a_wrapper
13:53:01 INFO  : Result from executing command 'getPlatforms': p2a_wrapper|D:/SE/Vitis/practica_dos_a/p2a_wrapper/export/p2a_wrapper/p2a_wrapper.xpfm;xilinx_vck190_base_202310_1|C:/software/electronica/xilinx/Vitis/2023.1/base_platforms/xilinx_vck190_base_202310_1/xilinx_vck190_base_202310_1.xpfm;xilinx_vck190_base_dfx_202310_1|C:/software/electronica/xilinx/Vitis/2023.1/base_platforms/xilinx_vck190_base_dfx_202310_1/xilinx_vck190_base_dfx_202310_1.xpfm;xilinx_vek280_es1_base_202310_1|C:/software/electronica/xilinx/Vitis/2023.1/base_platforms/xilinx_vek280_es1_base_202310_1/xilinx_vek280_es1_base_202310_1.xpfm;xilinx_vmk180_base_202310_1|C:/software/electronica/xilinx/Vitis/2023.1/base_platforms/xilinx_vmk180_base_202310_1/xilinx_vmk180_base_202310_1.xpfm;xilinx_zcu102_base_202310_1|C:/software/electronica/xilinx/Vitis/2023.1/base_platforms/xilinx_zcu102_base_202310_1/xilinx_zcu102_base_202310_1.xpfm;xilinx_zcu102_base_dfx_202310_1|C:/software/electronica/xilinx/Vitis/2023.1/base_platforms/xilinx_zcu102_base_dfx_202310_1/xilinx_zcu102_base_dfx_202310_1.xpfm;xilinx_zcu104_base_202310_1|C:/software/electronica/xilinx/Vitis/2023.1/base_platforms/xilinx_zcu104_base_202310_1/xilinx_zcu104_base_202310_1.xpfm
13:53:04 INFO  : Checking for BSP changes to sync application flags for project 'practica_dos_a'...
13:53:58 INFO  : Bit file 'D:/SE/Vitis/practica_dos_a/practica_dos_a/_ide/bitstream/download.bit' is generated.
13:54:01 INFO  : Connected to target on host '127.0.0.1' and port '3121'.
13:54:02 INFO  : 'targets -set -filter {jtag_cable_name =~ "Digilent Basys3 210183ACA6ACA" && level==0 && jtag_device_ctx=="jsn-Basys3-210183ACA6ACA-0362d093-0"}' command is executed.
13:54:03 INFO  : Device configured successfully with "D:/SE/Vitis/practica_dos_a/practica_dos_a/_ide/bitstream/download.bit"
13:54:35 INFO  : Checking for BSP changes to sync application flags for project 'practica_dos_a'...
13:55:27 INFO  : Bit file 'D:/SE/Vitis/practica_dos_a/practica_dos_a/_ide/bitstream/download.bit' is generated.
13:55:27 INFO  : Connected to target on host '127.0.0.1' and port '3121'.
13:55:27 INFO  : 'targets -set -filter {jtag_cable_name =~ "Digilent Basys3 210183ACA6ACA" && level==0 && jtag_device_ctx=="jsn-Basys3-210183ACA6ACA-0362d093-0"}' command is executed.
13:55:29 INFO  : Device configured successfully with "D:/SE/Vitis/practica_dos_a/practica_dos_a/_ide/bitstream/download.bit"
