TRACE::2024-12-11.11:09:09::SCWPlatform::Trying to open the hw design at C:/Users/azmal/Desktop/USB_Backup/SE/Vitis/pcuatro_final/p4final/hw/p4final.xsa
TRACE::2024-12-11.11:09:09::SCWPlatform::DSA given C:/Users/azmal/Desktop/USB_Backup/SE/Vitis/pcuatro_final/p4final/hw/p4final.xsa
TRACE::2024-12-11.11:09:09::SCWPlatform::DSA absoulate path C:/Users/azmal/Desktop/USB_Backup/SE/Vitis/pcuatro_final/p4final/hw/p4final.xsa
TRACE::2024-12-11.11:09:09::SCWPlatform::DSA directory C:/Users/azmal/Desktop/USB_Backup/SE/Vitis/pcuatro_final/p4final/hw
TRACE::2024-12-11.11:09:09::SCWPlatform:: Platform Path C:/Users/azmal/Desktop/USB_Backup/SE/Vitis/pcuatro_final/p4final/hw/p4final.xsa
TRACE::2024-12-11.11:09:09::SCWPlatform:: Unique name xilinx:basys3::0.0
TRACE::2024-12-11.11:09:09::SCWPlatform::Do not have an existing db opened. 
TRACE::2024-12-11.11:09:13::SCWPlatform::Opened new HwDB with name design_1_wrapper_0
TRACE::2024-12-11.11:09:13::SCWWriter::formatted JSON is {
	"platformName":	"p4final",
	"sprVersion":	"2.0",
	"mode":	"gui",
	"dsaType":	"Fixed",
	"platformDesc":	"p4final",
	"platHandOff":	"C:/Users/azmal/Desktop/USB_Backup/SE/Vivado/practica4/p4final.xsa",
	"platIntHandOff":	"<platformDir>/hw/p4final.xsa",
	"deviceType":	"FPGA",
	"platIsPrebuiltAutogen":	"false",
	"platIsNoBootBsp":	"false",
	"hasFsblMakeHasChanges":	"false",
	"hasPmufwMakeHasChanges":	"false",
	"platPreBuiltFlag":	false,
	"platformSamplesDir":	""
}
TRACE::2024-12-11.11:09:13::SCWWriter::formatted JSON is {
	"platformName":	"p4final",
	"sprVersion":	"2.0",
	"mode":	"gui",
	"dsaType":	"Fixed",
	"platformDesc":	"p4final",
	"platHandOff":	"C:/Users/azmal/Desktop/USB_Backup/SE/Vivado/practica4/p4final.xsa",
	"platIntHandOff":	"<platformDir>/hw/p4final.xsa",
	"deviceType":	"FPGA",
	"platIsPrebuiltAutogen":	"false",
	"platIsNoBootBsp":	"false",
	"hasFsblMakeHasChanges":	"false",
	"hasPmufwMakeHasChanges":	"false",
	"platPreBuiltFlag":	false,
	"platformSamplesDir":	"",
	"platActiveSys":	"p4final",
	"systems":	[{
			"systemName":	"p4final",
			"systemDesc":	"p4final",
			"sysIsBootAutoGen":	"true",
			"systemDispName":	"p4final"
		}]
}
TRACE::2024-12-11.11:09:13::SCWPlatform::Boot application domains not present, creating them
TRACE::2024-12-11.11:09:13::SCWPlatform::Pure FPGA device, no boot application will be created.
TRACE::2024-12-11.11:09:13::SCWWriter::formatted JSON is {
	"platformName":	"p4final",
	"sprVersion":	"2.0",
	"mode":	"gui",
	"dsaType":	"Fixed",
	"platformDesc":	"p4final",
	"platHandOff":	"C:/Users/azmal/Desktop/USB_Backup/SE/Vivado/practica4/p4final.xsa",
	"platIntHandOff":	"<platformDir>/hw/p4final.xsa",
	"deviceType":	"FPGA",
	"platIsPrebuiltAutogen":	"false",
	"platIsNoBootBsp":	"false",
	"hasFsblMakeHasChanges":	"false",
	"hasPmufwMakeHasChanges":	"false",
	"platPreBuiltFlag":	false,
	"platformSamplesDir":	"",
	"platActiveSys":	"p4final",
	"systems":	[{
			"systemName":	"p4final",
			"systemDesc":	"p4final",
			"sysIsBootAutoGen":	"true",
			"systemDispName":	"p4final"
		}]
}
TRACE::2024-12-11.11:09:13::SCWWriter::formatted JSON is {
	"platformName":	"p4final",
	"sprVersion":	"2.0",
	"mode":	"gui",
	"dsaType":	"Fixed",
	"platformDesc":	"p4final",
	"platHandOff":	"C:/Users/azmal/Desktop/USB_Backup/SE/Vivado/practica4/p4final.xsa",
	"platIntHandOff":	"<platformDir>/hw/p4final.xsa",
	"deviceType":	"FPGA",
	"platIsPrebuiltAutogen":	"false",
	"platIsNoBootBsp":	"false",
	"hasFsblMakeHasChanges":	"false",
	"hasPmufwMakeHasChanges":	"false",
	"platPreBuiltFlag":	false,
	"platformSamplesDir":	"",
	"platActiveSys":	"p4final",
	"systems":	[{
			"systemName":	"p4final",
			"systemDesc":	"p4final",
			"sysIsBootAutoGen":	"true",
			"systemDispName":	"p4final"
		}]
}
TRACE::2024-12-11.11:09:13::SCWPlatform::Trying to open the hw design at C:/Users/azmal/Desktop/USB_Backup/SE/Vitis/pcuatro_final/p4final/hw/p4final.xsa
TRACE::2024-12-11.11:09:13::SCWPlatform::DSA given C:/Users/azmal/Desktop/USB_Backup/SE/Vitis/pcuatro_final/p4final/hw/p4final.xsa
TRACE::2024-12-11.11:09:13::SCWPlatform::DSA absoulate path C:/Users/azmal/Desktop/USB_Backup/SE/Vitis/pcuatro_final/p4final/hw/p4final.xsa
TRACE::2024-12-11.11:09:13::SCWPlatform::DSA directory C:/Users/azmal/Desktop/USB_Backup/SE/Vitis/pcuatro_final/p4final/hw
TRACE::2024-12-11.11:09:13::SCWPlatform:: Platform Path C:/Users/azmal/Desktop/USB_Backup/SE/Vitis/pcuatro_final/p4final/hw/p4final.xsa
TRACE::2024-12-11.11:09:13::SCWPlatform:: Unique name xilinx:basys3::0.0
TRACE::2024-12-11.11:09:13::SCWPlatform::Trying to set the existing hwdb with name design_1_wrapper_0
TRACE::2024-12-11.11:09:13::SCWPlatform::Opened existing hwdb design_1_wrapper_0
TRACE::2024-12-11.11:09:13::SCWPlatform::Found the Hw Db part of the input DSA
TRACE::2024-12-11.11:09:13::SCWPlatform::Trying to open the hw design at C:/Users/azmal/Desktop/USB_Backup/SE/Vitis/pcuatro_final/p4final/hw/p4final.xsa
TRACE::2024-12-11.11:09:13::SCWPlatform::DSA given C:/Users/azmal/Desktop/USB_Backup/SE/Vitis/pcuatro_final/p4final/hw/p4final.xsa
TRACE::2024-12-11.11:09:13::SCWPlatform::DSA absoulate path C:/Users/azmal/Desktop/USB_Backup/SE/Vitis/pcuatro_final/p4final/hw/p4final.xsa
TRACE::2024-12-11.11:09:13::SCWPlatform::DSA directory C:/Users/azmal/Desktop/USB_Backup/SE/Vitis/pcuatro_final/p4final/hw
TRACE::2024-12-11.11:09:13::SCWPlatform:: Platform Path C:/Users/azmal/Desktop/USB_Backup/SE/Vitis/pcuatro_final/p4final/hw/p4final.xsa
TRACE::2024-12-11.11:09:13::SCWPlatform:: Unique name xilinx:basys3::0.0
TRACE::2024-12-11.11:09:13::SCWPlatform::Trying to set the existing hwdb with name design_1_wrapper_0
TRACE::2024-12-11.11:09:13::SCWPlatform::Opened existing hwdb design_1_wrapper_0
TRACE::2024-12-11.11:09:13::SCWPlatform::Found the Hw Db part of the input DSA
TRACE::2024-12-11.11:09:13::SCWDomain::checking for install qemu data   : 
TRACE::2024-12-11.11:09:13::SCWPlatform::Trying to open the hw design at C:/Users/azmal/Desktop/USB_Backup/SE/Vitis/pcuatro_final/p4final/hw/p4final.xsa
TRACE::2024-12-11.11:09:13::SCWPlatform::DSA given C:/Users/azmal/Desktop/USB_Backup/SE/Vitis/pcuatro_final/p4final/hw/p4final.xsa
TRACE::2024-12-11.11:09:13::SCWPlatform::DSA absoulate path C:/Users/azmal/Desktop/USB_Backup/SE/Vitis/pcuatro_final/p4final/hw/p4final.xsa
TRACE::2024-12-11.11:09:13::SCWPlatform::DSA directory C:/Users/azmal/Desktop/USB_Backup/SE/Vitis/pcuatro_final/p4final/hw
TRACE::2024-12-11.11:09:13::SCWPlatform:: Platform Path C:/Users/azmal/Desktop/USB_Backup/SE/Vitis/pcuatro_final/p4final/hw/p4final.xsa
TRACE::2024-12-11.11:09:13::SCWPlatform:: Unique name xilinx:basys3::0.0
TRACE::2024-12-11.11:09:13::SCWPlatform::Trying to set the existing hwdb with name design_1_wrapper_0
TRACE::2024-12-11.11:09:13::SCWPlatform::Opened existing hwdb design_1_wrapper_0
TRACE::2024-12-11.11:09:13::SCWPlatform::Found the Hw Db part of the input DSA
TRACE::2024-12-11.11:09:13::SCWPlatform::Trying to open the hw design at C:/Users/azmal/Desktop/USB_Backup/SE/Vitis/pcuatro_final/p4final/hw/p4final.xsa
TRACE::2024-12-11.11:09:13::SCWPlatform::DSA given C:/Users/azmal/Desktop/USB_Backup/SE/Vitis/pcuatro_final/p4final/hw/p4final.xsa
TRACE::2024-12-11.11:09:13::SCWPlatform::DSA absoulate path C:/Users/azmal/Desktop/USB_Backup/SE/Vitis/pcuatro_final/p4final/hw/p4final.xsa
TRACE::2024-12-11.11:09:13::SCWPlatform::DSA directory C:/Users/azmal/Desktop/USB_Backup/SE/Vitis/pcuatro_final/p4final/hw
TRACE::2024-12-11.11:09:13::SCWPlatform:: Platform Path C:/Users/azmal/Desktop/USB_Backup/SE/Vitis/pcuatro_final/p4final/hw/p4final.xsa
TRACE::2024-12-11.11:09:13::SCWPlatform:: Unique name xilinx:basys3::0.0
TRACE::2024-12-11.11:09:13::SCWPlatform::Trying to set the existing hwdb with name design_1_wrapper_0
TRACE::2024-12-11.11:09:13::SCWPlatform::Opened existing hwdb design_1_wrapper_0
TRACE::2024-12-11.11:09:13::SCWPlatform::Found the Hw Db part of the input DSA
TRACE::2024-12-11.11:09:13::SCWPlatform::Trying to open the hw design at C:/Users/azmal/Desktop/USB_Backup/SE/Vitis/pcuatro_final/p4final/hw/p4final.xsa
TRACE::2024-12-11.11:09:13::SCWPlatform::DSA given C:/Users/azmal/Desktop/USB_Backup/SE/Vitis/pcuatro_final/p4final/hw/p4final.xsa
TRACE::2024-12-11.11:09:13::SCWPlatform::DSA absoulate path C:/Users/azmal/Desktop/USB_Backup/SE/Vitis/pcuatro_final/p4final/hw/p4final.xsa
TRACE::2024-12-11.11:09:13::SCWPlatform::DSA directory C:/Users/azmal/Desktop/USB_Backup/SE/Vitis/pcuatro_final/p4final/hw
TRACE::2024-12-11.11:09:13::SCWPlatform:: Platform Path C:/Users/azmal/Desktop/USB_Backup/SE/Vitis/pcuatro_final/p4final/hw/p4final.xsa
TRACE::2024-12-11.11:09:13::SCWPlatform:: Unique name xilinx:basys3::0.0
TRACE::2024-12-11.11:09:13::SCWPlatform::Trying to set the existing hwdb with name design_1_wrapper_0
TRACE::2024-12-11.11:09:13::SCWPlatform::Opened existing hwdb design_1_wrapper_0
TRACE::2024-12-11.11:09:13::SCWPlatform::Found the Hw Db part of the input DSA
TRACE::2024-12-11.11:09:13::SCWMssOS::Checking the sw design at  C:/Users/azmal/Desktop/USB_Backup/SE/Vitis/pcuatro_final/p4final/microblaze_0/standalone_microblaze_0/bsp/system.mss
TRACE::2024-12-11.11:09:13::SCWMssOS::DEBUG:  swdes dump  
TRACE::2024-12-11.11:09:13::SCWMssOS::No sw design opened at  C:/Users/azmal/Desktop/USB_Backup/SE/Vitis/pcuatro_final/p4final/microblaze_0/standalone_microblaze_0/bsp/system.mss
TRACE::2024-12-11.11:09:13::SCWMssOS::mss does not exists at C:/Users/azmal/Desktop/USB_Backup/SE/Vitis/pcuatro_final/p4final/microblaze_0/standalone_microblaze_0/bsp/system.mss
TRACE::2024-12-11.11:09:13::SCWMssOS::Creating sw design at  C:/Users/azmal/Desktop/USB_Backup/SE/Vitis/pcuatro_final/p4final/microblaze_0/standalone_microblaze_0/bsp/system.mss
TRACE::2024-12-11.11:09:14::SCWMssOS::Adding the swdes entry, created swdb C:/Users/azmal/Desktop/USB_Backup/SE/Vitis/pcuatro_final/p4final/microblaze_0/standalone_microblaze_0/bsp/system.mss with des name C:/Users/azmal/Desktop/USB_Backup/SE/Vitis/pcuatro_final/p4final/microblaze_0/standalone_microblaze_0/bsp/system.mss
TRACE::2024-12-11.11:09:14::SCWMssOS::updating the scw layer changes to swdes at   C:/Users/azmal/Desktop/USB_Backup/SE/Vitis/pcuatro_final/p4final/microblaze_0/standalone_microblaze_0/bsp/system.mss
TRACE::2024-12-11.11:09:14::SCWMssOS::Writing mss at C:/Users/azmal/Desktop/USB_Backup/SE/Vitis/pcuatro_final/p4final/microblaze_0/standalone_microblaze_0/bsp/system.mss
TRACE::2024-12-11.11:09:14::SCWMssOS::Completed writing the mss file at C:/Users/azmal/Desktop/USB_Backup/SE/Vitis/pcuatro_final/p4final/microblaze_0/standalone_microblaze_0/bsp
TRACE::2024-12-11.11:09:14::SCWMssOS::Picking up changes from newly written mss file into SCW Layer. 
TRACE::2024-12-11.11:09:14::SCWMssOS::Updated the changes from newly written mss file into SCW Layer. 
TRACE::2024-12-11.11:09:14::SCWMssOS::Completed writing the mss file at C:/Users/azmal/Desktop/USB_Backup/SE/Vitis/pcuatro_final/p4final/microblaze_0/standalone_microblaze_0/bsp
TRACE::2024-12-11.11:09:14::SCWMssOS::Forcing BSP Sources regeneration.
TRACE::2024-12-11.11:09:17::SCWMssOS::Saving the mss changes C:/Users/azmal/Desktop/USB_Backup/SE/Vitis/pcuatro_final/p4final/microblaze_0/standalone_microblaze_0/bsp/system.mss
TRACE::2024-12-11.11:09:17::SCWMssOS::Adding the swdes entry, mss present, able to open swdb C:/Users/azmal/Desktop/USB_Backup/SE/Vitis/pcuatro_final/p4final/microblaze_0/standalone_microblaze_0/bsp/system.mss with des name system
TRACE::2024-12-11.11:09:17::SCWMssOS::Writing the mss file completed C:/Users/azmal/Desktop/USB_Backup/SE/Vitis/pcuatro_final/p4final/microblaze_0/standalone_microblaze_0/bsp/system.mss
TRACE::2024-12-11.11:09:17::SCWMssOS::Commit changes completed.
TRACE::2024-12-11.11:09:17::SCWPlatform::Trying to open the hw design at C:/Users/azmal/Desktop/USB_Backup/SE/Vitis/pcuatro_final/p4final/hw/p4final.xsa
TRACE::2024-12-11.11:09:17::SCWPlatform::DSA given C:/Users/azmal/Desktop/USB_Backup/SE/Vitis/pcuatro_final/p4final/hw/p4final.xsa
TRACE::2024-12-11.11:09:17::SCWPlatform::DSA absoulate path C:/Users/azmal/Desktop/USB_Backup/SE/Vitis/pcuatro_final/p4final/hw/p4final.xsa
TRACE::2024-12-11.11:09:17::SCWPlatform::DSA directory C:/Users/azmal/Desktop/USB_Backup/SE/Vitis/pcuatro_final/p4final/hw
TRACE::2024-12-11.11:09:17::SCWPlatform:: Platform Path C:/Users/azmal/Desktop/USB_Backup/SE/Vitis/pcuatro_final/p4final/hw/p4final.xsa
TRACE::2024-12-11.11:09:17::SCWPlatform:: Unique name xilinx:basys3::0.0
TRACE::2024-12-11.11:09:17::SCWPlatform::Trying to set the existing hwdb with name design_1_wrapper_0
TRACE::2024-12-11.11:09:17::SCWPlatform::Opened existing hwdb design_1_wrapper_0
TRACE::2024-12-11.11:09:17::SCWPlatform::Found the Hw Db part of the input DSA
TRACE::2024-12-11.11:09:17::SCWMssOS::Checking the sw design at  C:/Users/azmal/Desktop/USB_Backup/SE/Vitis/pcuatro_final/p4final/microblaze_0/standalone_microblaze_0/bsp/system.mss
TRACE::2024-12-11.11:09:17::SCWMssOS::DEBUG:  swdes dump  C:/Users/azmal/Desktop/USB_Backup/SE/Vitis/pcuatro_final/p4final/microblaze_0/standalone_microblaze_0/bsp/system.mss|system||

TRACE::2024-12-11.11:09:17::SCWMssOS::Sw design exists and opened at  C:/Users/azmal/Desktop/USB_Backup/SE/Vitis/pcuatro_final/p4final/microblaze_0/standalone_microblaze_0/bsp/system.mss
TRACE::2024-12-11.11:09:17::SCWPlatform::Trying to open the hw design at C:/Users/azmal/Desktop/USB_Backup/SE/Vitis/pcuatro_final/p4final/hw/p4final.xsa
TRACE::2024-12-11.11:09:17::SCWPlatform::DSA given C:/Users/azmal/Desktop/USB_Backup/SE/Vitis/pcuatro_final/p4final/hw/p4final.xsa
TRACE::2024-12-11.11:09:17::SCWPlatform::DSA absoulate path C:/Users/azmal/Desktop/USB_Backup/SE/Vitis/pcuatro_final/p4final/hw/p4final.xsa
TRACE::2024-12-11.11:09:17::SCWPlatform::DSA directory C:/Users/azmal/Desktop/USB_Backup/SE/Vitis/pcuatro_final/p4final/hw
TRACE::2024-12-11.11:09:17::SCWPlatform:: Platform Path C:/Users/azmal/Desktop/USB_Backup/SE/Vitis/pcuatro_final/p4final/hw/p4final.xsa
TRACE::2024-12-11.11:09:17::SCWPlatform:: Unique name xilinx:basys3::0.0
TRACE::2024-12-11.11:09:17::SCWPlatform::Trying to set the existing hwdb with name design_1_wrapper_0
TRACE::2024-12-11.11:09:17::SCWPlatform::Opened existing hwdb design_1_wrapper_0
TRACE::2024-12-11.11:09:17::SCWPlatform::Found the Hw Db part of the input DSA
TRACE::2024-12-11.11:09:17::SCWMssOS::Checking the sw design at  C:/Users/azmal/Desktop/USB_Backup/SE/Vitis/pcuatro_final/p4final/microblaze_0/standalone_microblaze_0/bsp/system.mss
TRACE::2024-12-11.11:09:17::SCWMssOS::DEBUG:  swdes dump  C:/Users/azmal/Desktop/USB_Backup/SE/Vitis/pcuatro_final/p4final/microblaze_0/standalone_microblaze_0/bsp/system.mss|system||

TRACE::2024-12-11.11:09:17::SCWMssOS::Sw design exists and opened at  C:/Users/azmal/Desktop/USB_Backup/SE/Vitis/pcuatro_final/p4final/microblaze_0/standalone_microblaze_0/bsp/system.mss
TRACE::2024-12-11.11:09:17::SCWPlatform::Trying to open the hw design at C:/Users/azmal/Desktop/USB_Backup/SE/Vitis/pcuatro_final/p4final/hw/p4final.xsa
TRACE::2024-12-11.11:09:17::SCWPlatform::DSA given C:/Users/azmal/Desktop/USB_Backup/SE/Vitis/pcuatro_final/p4final/hw/p4final.xsa
TRACE::2024-12-11.11:09:17::SCWPlatform::DSA absoulate path C:/Users/azmal/Desktop/USB_Backup/SE/Vitis/pcuatro_final/p4final/hw/p4final.xsa
TRACE::2024-12-11.11:09:17::SCWPlatform::DSA directory C:/Users/azmal/Desktop/USB_Backup/SE/Vitis/pcuatro_final/p4final/hw
TRACE::2024-12-11.11:09:17::SCWPlatform:: Platform Path C:/Users/azmal/Desktop/USB_Backup/SE/Vitis/pcuatro_final/p4final/hw/p4final.xsa
TRACE::2024-12-11.11:09:17::SCWPlatform:: Unique name xilinx:basys3::0.0
TRACE::2024-12-11.11:09:17::SCWPlatform::Trying to set the existing hwdb with name design_1_wrapper_0
TRACE::2024-12-11.11:09:17::SCWPlatform::Opened existing hwdb design_1_wrapper_0
TRACE::2024-12-11.11:09:17::SCWPlatform::Found the Hw Db part of the input DSA
TRACE::2024-12-11.11:09:17::SCWMssOS::Checking the sw design at  C:/Users/azmal/Desktop/USB_Backup/SE/Vitis/pcuatro_final/p4final/microblaze_0/standalone_microblaze_0/bsp/system.mss
TRACE::2024-12-11.11:09:17::SCWMssOS::DEBUG:  swdes dump  C:/Users/azmal/Desktop/USB_Backup/SE/Vitis/pcuatro_final/p4final/microblaze_0/standalone_microblaze_0/bsp/system.mss|system||

TRACE::2024-12-11.11:09:17::SCWMssOS::Sw design exists and opened at  C:/Users/azmal/Desktop/USB_Backup/SE/Vitis/pcuatro_final/p4final/microblaze_0/standalone_microblaze_0/bsp/system.mss
TRACE::2024-12-11.11:09:17::SCWWriter::formatted JSON is {
	"platformName":	"p4final",
	"sprVersion":	"2.0",
	"mode":	"gui",
	"dsaType":	"Fixed",
	"platformDesc":	"p4final",
	"platHandOff":	"C:/Users/azmal/Desktop/USB_Backup/SE/Vivado/practica4/p4final.xsa",
	"platIntHandOff":	"<platformDir>/hw/p4final.xsa",
	"deviceType":	"FPGA",
	"platIsPrebuiltAutogen":	"false",
	"platIsNoBootBsp":	"false",
	"hasFsblMakeHasChanges":	"false",
	"hasPmufwMakeHasChanges":	"false",
	"platPreBuiltFlag":	false,
	"platformSamplesDir":	"",
	"platActiveSys":	"p4final",
	"systems":	[{
			"systemName":	"p4final",
			"systemDesc":	"p4final",
			"sysIsBootAutoGen":	"true",
			"systemDispName":	"p4final",
			"sysActiveDom":	"standalone_microblaze_0",
			"sysDefaultDom":	"standalone_microblaze_0",
			"domains":	[{
					"domainName":	"standalone_microblaze_0",
					"domainDispName":	"standalone_microblaze_0",
					"domainDesc":	"standalone_microblaze_0",
					"processors":	"microblaze_0",
					"os":	"standalone",
					"sdxOs":	"standalone",
					"debugEnable":	"False",
					"domRuntimes":	["cpp"],
					"swRepo":	"",
					"mssOsVer":	"8.1",
					"mssFile":	"",
					"md5Digest":	"279efad25afb0399df082278295d4df2",
					"compatibleApp":	"peripheral_tests",
					"domType":	"mssDomain",
					"arch":	"32-bit",
					"appSettings":	{
						"appCompilerFlags":	"",
						"appLinkerFlags":	""
					},
					"addedLibs":	[],
					"libOptions":	{
						"libsContainingOptions":	[]
					},
					"prebuiltLibs":	{
						"prebuiltIncPath":	[],
						"prebuiltLibPath":	[]
					},
					"isolation":	{
					}
				}]
		}]
}
LOG::2024-12-11.11:09:17::SCWPlatform::Started generating the artifacts platform p4final
TRACE::2024-12-11.11:09:17::SCWPlatform::Sanity checking of platform is completed
LOG::2024-12-11.11:09:17::SCWPlatform::Started generating the artifacts for system configuration p4final
LOG::2024-12-11.11:09:17::SCWSystem::Checking the domain standalone_microblaze_0
LOG::2024-12-11.11:09:17::SCWSystem::Not a boot domain 
LOG::2024-12-11.11:09:17::SCWSystem::Started Processing the domain standalone_microblaze_0
TRACE::2024-12-11.11:09:17::SCWDomain::Generating domain artifcats
TRACE::2024-12-11.11:09:17::SCWMssOS::Generating standalone artifcats
TRACE::2024-12-11.11:09:17::SCWMssOS:: Copying the user libraries. 
TRACE::2024-12-11.11:09:17::SCWPlatform::Trying to open the hw design at C:/Users/azmal/Desktop/USB_Backup/SE/Vitis/pcuatro_final/p4final/hw/p4final.xsa
TRACE::2024-12-11.11:09:17::SCWPlatform::DSA given C:/Users/azmal/Desktop/USB_Backup/SE/Vitis/pcuatro_final/p4final/hw/p4final.xsa
TRACE::2024-12-11.11:09:17::SCWPlatform::DSA absoulate path C:/Users/azmal/Desktop/USB_Backup/SE/Vitis/pcuatro_final/p4final/hw/p4final.xsa
TRACE::2024-12-11.11:09:17::SCWPlatform::DSA directory C:/Users/azmal/Desktop/USB_Backup/SE/Vitis/pcuatro_final/p4final/hw
TRACE::2024-12-11.11:09:17::SCWPlatform:: Platform Path C:/Users/azmal/Desktop/USB_Backup/SE/Vitis/pcuatro_final/p4final/hw/p4final.xsa
TRACE::2024-12-11.11:09:17::SCWPlatform:: Unique name xilinx:basys3::0.0
TRACE::2024-12-11.11:09:17::SCWPlatform::Trying to set the existing hwdb with name design_1_wrapper_0
TRACE::2024-12-11.11:09:17::SCWPlatform::Opened existing hwdb design_1_wrapper_0
TRACE::2024-12-11.11:09:17::SCWPlatform::Found the Hw Db part of the input DSA
TRACE::2024-12-11.11:09:18::SCWMssOS::Checking the sw design at  C:/Users/azmal/Desktop/USB_Backup/SE/Vitis/pcuatro_final/p4final/microblaze_0/standalone_microblaze_0/bsp/system.mss
TRACE::2024-12-11.11:09:18::SCWMssOS::DEBUG:  swdes dump  C:/Users/azmal/Desktop/USB_Backup/SE/Vitis/pcuatro_final/p4final/microblaze_0/standalone_microblaze_0/bsp/system.mss|system||

TRACE::2024-12-11.11:09:18::SCWMssOS::Sw design exists and opened at  C:/Users/azmal/Desktop/USB_Backup/SE/Vitis/pcuatro_final/p4final/microblaze_0/standalone_microblaze_0/bsp/system.mss
TRACE::2024-12-11.11:09:18::SCWMssOS::Completed writing the mss file at C:/Users/azmal/Desktop/USB_Backup/SE/Vitis/pcuatro_final/p4final/microblaze_0/standalone_microblaze_0/bsp
TRACE::2024-12-11.11:09:18::SCWMssOS::Mss edits present, copying mssfile into export location C:/Users/azmal/Desktop/USB_Backup/SE/Vitis/pcuatro_final/p4final/microblaze_0/standalone_microblaze_0/bsp/system.mss
TRACE::2024-12-11.11:09:18::SCWMssOS::bsp generated is upto date with the mss file. Skipping bsp generation.
TRACE::2024-12-11.11:09:18::SCWMssOS::BSP is already built. skipping the bsp build ... 
TRACE::2024-12-11.11:09:18::SCWDomain::Skipping the build for domain :  standalone_microblaze_0
TRACE::2024-12-11.11:09:18::SCWMssOS::skipping the bsp build ... 
TRACE::2024-12-11.11:09:18::SCWMssOS::Copying to export directory.
TRACE::2024-12-11.11:09:18::SCWMssOS:: Checking if to create the Supporting Applications
TRACE::2024-12-11.11:09:18::SCWMssOS:: No Linux domain exists, trying to generate FSBL 
LOG::2024-12-11.11:09:18::SCWSystem::Completed Processing the domain standalone_microblaze_0
LOG::2024-12-11.11:09:18::SCWSystem::Completed Processing the sysconfig p4final
LOG::2024-12-11.11:09:18::SCWPlatform::Completed generating the artifacts for system configuration p4final
TRACE::2024-12-11.11:09:18::SCWPlatform::Started preparing the platform 
TRACE::2024-12-11.11:09:18::SCWSystem::Writing the bif file for system config p4final
TRACE::2024-12-11.11:09:18::SCWSystem::dir created 
TRACE::2024-12-11.11:09:18::SCWSystem::Writing the bif 
TRACE::2024-12-11.11:09:18::SCWPlatform::Started writing the spfm file 
TRACE::2024-12-11.11:09:18::SCWPlatform::Started writing the xpfm file 
TRACE::2024-12-11.11:09:18::SCWPlatform::Completed generating the platform
TRACE::2024-12-11.11:09:18::SCWMssOS::Saving the mss changes C:/Users/azmal/Desktop/USB_Backup/SE/Vitis/pcuatro_final/p4final/microblaze_0/standalone_microblaze_0/bsp/system.mss
TRACE::2024-12-11.11:09:18::SCWMssOS::Found a swdesign opened with the mssfile.
TRACE::2024-12-11.11:09:18::SCWMssOS::Completed writemss as part of save.
TRACE::2024-12-11.11:09:18::SCWMssOS::Commit changes completed.
TRACE::2024-12-11.11:09:18::SCWPlatform::Trying to open the hw design at C:/Users/azmal/Desktop/USB_Backup/SE/Vitis/pcuatro_final/p4final/hw/p4final.xsa
TRACE::2024-12-11.11:09:18::SCWPlatform::DSA given C:/Users/azmal/Desktop/USB_Backup/SE/Vitis/pcuatro_final/p4final/hw/p4final.xsa
TRACE::2024-12-11.11:09:18::SCWPlatform::DSA absoulate path C:/Users/azmal/Desktop/USB_Backup/SE/Vitis/pcuatro_final/p4final/hw/p4final.xsa
TRACE::2024-12-11.11:09:18::SCWPlatform::DSA directory C:/Users/azmal/Desktop/USB_Backup/SE/Vitis/pcuatro_final/p4final/hw
TRACE::2024-12-11.11:09:18::SCWPlatform:: Platform Path C:/Users/azmal/Desktop/USB_Backup/SE/Vitis/pcuatro_final/p4final/hw/p4final.xsa
TRACE::2024-12-11.11:09:18::SCWPlatform:: Unique name xilinx:basys3::0.0
TRACE::2024-12-11.11:09:18::SCWPlatform::Trying to set the existing hwdb with name design_1_wrapper_0
TRACE::2024-12-11.11:09:18::SCWPlatform::Opened existing hwdb design_1_wrapper_0
TRACE::2024-12-11.11:09:18::SCWPlatform::Found the Hw Db part of the input DSA
TRACE::2024-12-11.11:09:18::SCWMssOS::Checking the sw design at  C:/Users/azmal/Desktop/USB_Backup/SE/Vitis/pcuatro_final/p4final/microblaze_0/standalone_microblaze_0/bsp/system.mss
TRACE::2024-12-11.11:09:18::SCWMssOS::DEBUG:  swdes dump  C:/Users/azmal/Desktop/USB_Backup/SE/Vitis/pcuatro_final/p4final/microblaze_0/standalone_microblaze_0/bsp/system.mss|system||

TRACE::2024-12-11.11:09:18::SCWMssOS::Sw design exists and opened at  C:/Users/azmal/Desktop/USB_Backup/SE/Vitis/pcuatro_final/p4final/microblaze_0/standalone_microblaze_0/bsp/system.mss
TRACE::2024-12-11.11:09:18::SCWPlatform::Trying to open the hw design at C:/Users/azmal/Desktop/USB_Backup/SE/Vitis/pcuatro_final/p4final/hw/p4final.xsa
TRACE::2024-12-11.11:09:18::SCWPlatform::DSA given C:/Users/azmal/Desktop/USB_Backup/SE/Vitis/pcuatro_final/p4final/hw/p4final.xsa
TRACE::2024-12-11.11:09:18::SCWPlatform::DSA absoulate path C:/Users/azmal/Desktop/USB_Backup/SE/Vitis/pcuatro_final/p4final/hw/p4final.xsa
TRACE::2024-12-11.11:09:18::SCWPlatform::DSA directory C:/Users/azmal/Desktop/USB_Backup/SE/Vitis/pcuatro_final/p4final/hw
TRACE::2024-12-11.11:09:18::SCWPlatform:: Platform Path C:/Users/azmal/Desktop/USB_Backup/SE/Vitis/pcuatro_final/p4final/hw/p4final.xsa
TRACE::2024-12-11.11:09:18::SCWPlatform:: Unique name xilinx:basys3::0.0
TRACE::2024-12-11.11:09:18::SCWPlatform::Trying to set the existing hwdb with name design_1_wrapper_0
TRACE::2024-12-11.11:09:18::SCWPlatform::Opened existing hwdb design_1_wrapper_0
TRACE::2024-12-11.11:09:18::SCWPlatform::Found the Hw Db part of the input DSA
TRACE::2024-12-11.11:09:18::SCWMssOS::Checking the sw design at  C:/Users/azmal/Desktop/USB_Backup/SE/Vitis/pcuatro_final/p4final/microblaze_0/standalone_microblaze_0/bsp/system.mss
TRACE::2024-12-11.11:09:18::SCWMssOS::DEBUG:  swdes dump  C:/Users/azmal/Desktop/USB_Backup/SE/Vitis/pcuatro_final/p4final/microblaze_0/standalone_microblaze_0/bsp/system.mss|system||

TRACE::2024-12-11.11:09:18::SCWMssOS::Sw design exists and opened at  C:/Users/azmal/Desktop/USB_Backup/SE/Vitis/pcuatro_final/p4final/microblaze_0/standalone_microblaze_0/bsp/system.mss
TRACE::2024-12-11.11:09:18::SCWPlatform::Trying to open the hw design at C:/Users/azmal/Desktop/USB_Backup/SE/Vitis/pcuatro_final/p4final/hw/p4final.xsa
TRACE::2024-12-11.11:09:18::SCWPlatform::DSA given C:/Users/azmal/Desktop/USB_Backup/SE/Vitis/pcuatro_final/p4final/hw/p4final.xsa
TRACE::2024-12-11.11:09:18::SCWPlatform::DSA absoulate path C:/Users/azmal/Desktop/USB_Backup/SE/Vitis/pcuatro_final/p4final/hw/p4final.xsa
TRACE::2024-12-11.11:09:18::SCWPlatform::DSA directory C:/Users/azmal/Desktop/USB_Backup/SE/Vitis/pcuatro_final/p4final/hw
TRACE::2024-12-11.11:09:18::SCWPlatform:: Platform Path C:/Users/azmal/Desktop/USB_Backup/SE/Vitis/pcuatro_final/p4final/hw/p4final.xsa
TRACE::2024-12-11.11:09:18::SCWPlatform:: Unique name xilinx:basys3::0.0
TRACE::2024-12-11.11:09:18::SCWPlatform::Trying to set the existing hwdb with name design_1_wrapper_0
TRACE::2024-12-11.11:09:18::SCWPlatform::Opened existing hwdb design_1_wrapper_0
TRACE::2024-12-11.11:09:18::SCWPlatform::Found the Hw Db part of the input DSA
TRACE::2024-12-11.11:09:18::SCWMssOS::Checking the sw design at  C:/Users/azmal/Desktop/USB_Backup/SE/Vitis/pcuatro_final/p4final/microblaze_0/standalone_microblaze_0/bsp/system.mss
TRACE::2024-12-11.11:09:18::SCWMssOS::DEBUG:  swdes dump  C:/Users/azmal/Desktop/USB_Backup/SE/Vitis/pcuatro_final/p4final/microblaze_0/standalone_microblaze_0/bsp/system.mss|system||

TRACE::2024-12-11.11:09:18::SCWMssOS::Sw design exists and opened at  C:/Users/azmal/Desktop/USB_Backup/SE/Vitis/pcuatro_final/p4final/microblaze_0/standalone_microblaze_0/bsp/system.mss
TRACE::2024-12-11.11:09:18::SCWWriter::formatted JSON is {
	"platformName":	"p4final",
	"sprVersion":	"2.0",
	"mode":	"gui",
	"dsaType":	"Fixed",
	"platformDesc":	"p4final",
	"platHandOff":	"C:/Users/azmal/Desktop/USB_Backup/SE/Vivado/practica4/p4final.xsa",
	"platIntHandOff":	"<platformDir>/hw/p4final.xsa",
	"deviceType":	"FPGA",
	"platIsPrebuiltAutogen":	"false",
	"platIsNoBootBsp":	"false",
	"hasFsblMakeHasChanges":	"false",
	"hasPmufwMakeHasChanges":	"false",
	"platPreBuiltFlag":	false,
	"platformSamplesDir":	"",
	"platActiveSys":	"p4final",
	"systems":	[{
			"systemName":	"p4final",
			"systemDesc":	"p4final",
			"sysIsBootAutoGen":	"true",
			"systemDispName":	"p4final",
			"sysActiveDom":	"standalone_microblaze_0",
			"sysDefaultDom":	"standalone_microblaze_0",
			"domains":	[{
					"domainName":	"standalone_microblaze_0",
					"domainDispName":	"standalone_microblaze_0",
					"domainDesc":	"standalone_microblaze_0",
					"processors":	"microblaze_0",
					"os":	"standalone",
					"sdxOs":	"standalone",
					"debugEnable":	"False",
					"domRuntimes":	["cpp"],
					"swRepo":	"",
					"mssOsVer":	"8.1",
					"mssFile":	"",
					"md5Digest":	"279efad25afb0399df082278295d4df2",
					"compatibleApp":	"peripheral_tests",
					"domType":	"mssDomain",
					"arch":	"32-bit",
					"appSettings":	{
						"appCompilerFlags":	"",
						"appLinkerFlags":	""
					},
					"addedLibs":	[],
					"libOptions":	{
						"libsContainingOptions":	[]
					},
					"prebuiltLibs":	{
						"prebuiltIncPath":	[],
						"prebuiltLibPath":	[]
					},
					"isolation":	{
					}
				}]
		}]
}
KEYINFO::2024-12-11.11:09:18::SCWPlatform::updated the xpfm file.
TRACE::2024-12-11.11:09:18::SCWPlatform::Trying to open the hw design at C:/Users/azmal/Desktop/USB_Backup/SE/Vitis/pcuatro_final/p4final/hw/p4final.xsa
TRACE::2024-12-11.11:09:18::SCWPlatform::DSA given C:/Users/azmal/Desktop/USB_Backup/SE/Vitis/pcuatro_final/p4final/hw/p4final.xsa
TRACE::2024-12-11.11:09:18::SCWPlatform::DSA absoulate path C:/Users/azmal/Desktop/USB_Backup/SE/Vitis/pcuatro_final/p4final/hw/p4final.xsa
TRACE::2024-12-11.11:09:18::SCWPlatform::DSA directory C:/Users/azmal/Desktop/USB_Backup/SE/Vitis/pcuatro_final/p4final/hw
TRACE::2024-12-11.11:09:18::SCWPlatform:: Platform Path C:/Users/azmal/Desktop/USB_Backup/SE/Vitis/pcuatro_final/p4final/hw/p4final.xsa
TRACE::2024-12-11.11:09:18::SCWPlatform:: Unique name xilinx:basys3::0.0
TRACE::2024-12-11.11:09:18::SCWPlatform::Trying to set the existing hwdb with name design_1_wrapper_0
TRACE::2024-12-11.11:09:18::SCWPlatform::Opened existing hwdb design_1_wrapper_0
TRACE::2024-12-11.11:09:18::SCWPlatform::Found the Hw Db part of the input DSA
TRACE::2024-12-11.11:09:18::SCWMssOS::Checking the sw design at  C:/Users/azmal/Desktop/USB_Backup/SE/Vitis/pcuatro_final/p4final/microblaze_0/standalone_microblaze_0/bsp/system.mss
TRACE::2024-12-11.11:09:18::SCWMssOS::DEBUG:  swdes dump  C:/Users/azmal/Desktop/USB_Backup/SE/Vitis/pcuatro_final/p4final/microblaze_0/standalone_microblaze_0/bsp/system.mss|system||

TRACE::2024-12-11.11:09:18::SCWMssOS::Sw design exists and opened at  C:/Users/azmal/Desktop/USB_Backup/SE/Vitis/pcuatro_final/p4final/microblaze_0/standalone_microblaze_0/bsp/system.mss
TRACE::2024-12-11.11:09:18::SCWMssOS::Saving the mss changes C:/Users/azmal/Desktop/USB_Backup/SE/Vitis/pcuatro_final/p4final/microblaze_0/standalone_microblaze_0/bsp/system.mss
TRACE::2024-12-11.11:09:18::SCWMssOS::Found a swdesign opened with the mssfile.
TRACE::2024-12-11.11:09:18::SCWMssOS::Completed writemss as part of save.
TRACE::2024-12-11.11:09:18::SCWMssOS::Commit changes completed.
TRACE::2024-12-11.11:09:18::SCWPlatform::Trying to open the hw design at C:/Users/azmal/Desktop/USB_Backup/SE/Vitis/pcuatro_final/p4final/hw/p4final.xsa
TRACE::2024-12-11.11:09:18::SCWPlatform::DSA given C:/Users/azmal/Desktop/USB_Backup/SE/Vitis/pcuatro_final/p4final/hw/p4final.xsa
TRACE::2024-12-11.11:09:18::SCWPlatform::DSA absoulate path C:/Users/azmal/Desktop/USB_Backup/SE/Vitis/pcuatro_final/p4final/hw/p4final.xsa
TRACE::2024-12-11.11:09:18::SCWPlatform::DSA directory C:/Users/azmal/Desktop/USB_Backup/SE/Vitis/pcuatro_final/p4final/hw
TRACE::2024-12-11.11:09:18::SCWPlatform:: Platform Path C:/Users/azmal/Desktop/USB_Backup/SE/Vitis/pcuatro_final/p4final/hw/p4final.xsa
TRACE::2024-12-11.11:09:18::SCWPlatform:: Unique name xilinx:basys3::0.0
TRACE::2024-12-11.11:09:18::SCWPlatform::Trying to set the existing hwdb with name design_1_wrapper_0
TRACE::2024-12-11.11:09:18::SCWPlatform::Opened existing hwdb design_1_wrapper_0
TRACE::2024-12-11.11:09:18::SCWPlatform::Found the Hw Db part of the input DSA
TRACE::2024-12-11.11:09:18::SCWMssOS::Checking the sw design at  C:/Users/azmal/Desktop/USB_Backup/SE/Vitis/pcuatro_final/p4final/microblaze_0/standalone_microblaze_0/bsp/system.mss
TRACE::2024-12-11.11:09:18::SCWMssOS::DEBUG:  swdes dump  C:/Users/azmal/Desktop/USB_Backup/SE/Vitis/pcuatro_final/p4final/microblaze_0/standalone_microblaze_0/bsp/system.mss|system||

TRACE::2024-12-11.11:09:18::SCWMssOS::Sw design exists and opened at  C:/Users/azmal/Desktop/USB_Backup/SE/Vitis/pcuatro_final/p4final/microblaze_0/standalone_microblaze_0/bsp/system.mss
TRACE::2024-12-11.11:09:18::SCWPlatform::Trying to open the hw design at C:/Users/azmal/Desktop/USB_Backup/SE/Vitis/pcuatro_final/p4final/hw/p4final.xsa
TRACE::2024-12-11.11:09:18::SCWPlatform::DSA given C:/Users/azmal/Desktop/USB_Backup/SE/Vitis/pcuatro_final/p4final/hw/p4final.xsa
TRACE::2024-12-11.11:09:18::SCWPlatform::DSA absoulate path C:/Users/azmal/Desktop/USB_Backup/SE/Vitis/pcuatro_final/p4final/hw/p4final.xsa
TRACE::2024-12-11.11:09:18::SCWPlatform::DSA directory C:/Users/azmal/Desktop/USB_Backup/SE/Vitis/pcuatro_final/p4final/hw
TRACE::2024-12-11.11:09:18::SCWPlatform:: Platform Path C:/Users/azmal/Desktop/USB_Backup/SE/Vitis/pcuatro_final/p4final/hw/p4final.xsa
TRACE::2024-12-11.11:09:18::SCWPlatform:: Unique name xilinx:basys3::0.0
TRACE::2024-12-11.11:09:18::SCWPlatform::Trying to set the existing hwdb with name design_1_wrapper_0
TRACE::2024-12-11.11:09:18::SCWPlatform::Opened existing hwdb design_1_wrapper_0
TRACE::2024-12-11.11:09:18::SCWPlatform::Found the Hw Db part of the input DSA
TRACE::2024-12-11.11:09:18::SCWMssOS::Checking the sw design at  C:/Users/azmal/Desktop/USB_Backup/SE/Vitis/pcuatro_final/p4final/microblaze_0/standalone_microblaze_0/bsp/system.mss
TRACE::2024-12-11.11:09:18::SCWMssOS::DEBUG:  swdes dump  C:/Users/azmal/Desktop/USB_Backup/SE/Vitis/pcuatro_final/p4final/microblaze_0/standalone_microblaze_0/bsp/system.mss|system||

TRACE::2024-12-11.11:09:18::SCWMssOS::Sw design exists and opened at  C:/Users/azmal/Desktop/USB_Backup/SE/Vitis/pcuatro_final/p4final/microblaze_0/standalone_microblaze_0/bsp/system.mss
TRACE::2024-12-11.11:09:18::SCWPlatform::Trying to open the hw design at C:/Users/azmal/Desktop/USB_Backup/SE/Vitis/pcuatro_final/p4final/hw/p4final.xsa
TRACE::2024-12-11.11:09:18::SCWPlatform::DSA given C:/Users/azmal/Desktop/USB_Backup/SE/Vitis/pcuatro_final/p4final/hw/p4final.xsa
TRACE::2024-12-11.11:09:18::SCWPlatform::DSA absoulate path C:/Users/azmal/Desktop/USB_Backup/SE/Vitis/pcuatro_final/p4final/hw/p4final.xsa
TRACE::2024-12-11.11:09:18::SCWPlatform::DSA directory C:/Users/azmal/Desktop/USB_Backup/SE/Vitis/pcuatro_final/p4final/hw
TRACE::2024-12-11.11:09:18::SCWPlatform:: Platform Path C:/Users/azmal/Desktop/USB_Backup/SE/Vitis/pcuatro_final/p4final/hw/p4final.xsa
TRACE::2024-12-11.11:09:18::SCWPlatform:: Unique name xilinx:basys3::0.0
TRACE::2024-12-11.11:09:18::SCWPlatform::Trying to set the existing hwdb with name design_1_wrapper_0
TRACE::2024-12-11.11:09:18::SCWPlatform::Opened existing hwdb design_1_wrapper_0
TRACE::2024-12-11.11:09:18::SCWPlatform::Found the Hw Db part of the input DSA
TRACE::2024-12-11.11:09:18::SCWMssOS::Checking the sw design at  C:/Users/azmal/Desktop/USB_Backup/SE/Vitis/pcuatro_final/p4final/microblaze_0/standalone_microblaze_0/bsp/system.mss
TRACE::2024-12-11.11:09:18::SCWMssOS::DEBUG:  swdes dump  C:/Users/azmal/Desktop/USB_Backup/SE/Vitis/pcuatro_final/p4final/microblaze_0/standalone_microblaze_0/bsp/system.mss|system||

TRACE::2024-12-11.11:09:18::SCWMssOS::Sw design exists and opened at  C:/Users/azmal/Desktop/USB_Backup/SE/Vitis/pcuatro_final/p4final/microblaze_0/standalone_microblaze_0/bsp/system.mss
TRACE::2024-12-11.11:09:18::SCWWriter::formatted JSON is {
	"platformName":	"p4final",
	"sprVersion":	"2.0",
	"mode":	"gui",
	"dsaType":	"Fixed",
	"platformDesc":	"p4final",
	"platHandOff":	"C:/Users/azmal/Desktop/USB_Backup/SE/Vivado/practica4/p4final.xsa",
	"platIntHandOff":	"<platformDir>/hw/p4final.xsa",
	"deviceType":	"FPGA",
	"platIsPrebuiltAutogen":	"false",
	"platIsNoBootBsp":	"false",
	"hasFsblMakeHasChanges":	"false",
	"hasPmufwMakeHasChanges":	"false",
	"platPreBuiltFlag":	false,
	"platformSamplesDir":	"",
	"platActiveSys":	"p4final",
	"systems":	[{
			"systemName":	"p4final",
			"systemDesc":	"p4final",
			"sysIsBootAutoGen":	"true",
			"systemDispName":	"p4final",
			"sysActiveDom":	"standalone_microblaze_0",
			"sysDefaultDom":	"standalone_microblaze_0",
			"domains":	[{
					"domainName":	"standalone_microblaze_0",
					"domainDispName":	"standalone_microblaze_0",
					"domainDesc":	"standalone_microblaze_0",
					"processors":	"microblaze_0",
					"os":	"standalone",
					"sdxOs":	"standalone",
					"debugEnable":	"False",
					"domRuntimes":	["cpp"],
					"swRepo":	"",
					"mssOsVer":	"8.1",
					"mssFile":	"",
					"md5Digest":	"279efad25afb0399df082278295d4df2",
					"compatibleApp":	"peripheral_tests",
					"domType":	"mssDomain",
					"arch":	"32-bit",
					"appSettings":	{
						"appCompilerFlags":	"",
						"appLinkerFlags":	""
					},
					"addedLibs":	[],
					"libOptions":	{
						"libsContainingOptions":	[]
					},
					"prebuiltLibs":	{
						"prebuiltIncPath":	[],
						"prebuiltLibPath":	[]
					},
					"isolation":	{
					}
				}]
		}]
}
TRACE::2024-12-11.11:09:18::SCWPlatform::Trying to open the hw design at C:/Users/azmal/Desktop/USB_Backup/SE/Vitis/pcuatro_final/p4final/hw/p4final.xsa
TRACE::2024-12-11.11:09:18::SCWPlatform::DSA given C:/Users/azmal/Desktop/USB_Backup/SE/Vitis/pcuatro_final/p4final/hw/p4final.xsa
TRACE::2024-12-11.11:09:18::SCWPlatform::DSA absoulate path C:/Users/azmal/Desktop/USB_Backup/SE/Vitis/pcuatro_final/p4final/hw/p4final.xsa
TRACE::2024-12-11.11:09:18::SCWPlatform::DSA directory C:/Users/azmal/Desktop/USB_Backup/SE/Vitis/pcuatro_final/p4final/hw
TRACE::2024-12-11.11:09:18::SCWPlatform:: Platform Path C:/Users/azmal/Desktop/USB_Backup/SE/Vitis/pcuatro_final/p4final/hw/p4final.xsa
TRACE::2024-12-11.11:09:18::SCWPlatform:: Unique name xilinx:basys3::0.0
TRACE::2024-12-11.11:09:18::SCWPlatform::Trying to set the existing hwdb with name design_1_wrapper_0
TRACE::2024-12-11.11:09:18::SCWPlatform::Opened existing hwdb design_1_wrapper_0
TRACE::2024-12-11.11:09:18::SCWPlatform::Found the Hw Db part of the input DSA
TRACE::2024-12-11.11:09:18::SCWMssOS::Checking the sw design at  C:/Users/azmal/Desktop/USB_Backup/SE/Vitis/pcuatro_final/p4final/microblaze_0/standalone_microblaze_0/bsp/system.mss
TRACE::2024-12-11.11:09:18::SCWMssOS::DEBUG:  swdes dump  C:/Users/azmal/Desktop/USB_Backup/SE/Vitis/pcuatro_final/p4final/microblaze_0/standalone_microblaze_0/bsp/system.mss|system||

TRACE::2024-12-11.11:09:18::SCWMssOS::Sw design exists and opened at  C:/Users/azmal/Desktop/USB_Backup/SE/Vitis/pcuatro_final/p4final/microblaze_0/standalone_microblaze_0/bsp/system.mss
TRACE::2024-12-11.11:09:18::SCWPlatform::Trying to open the hw design at C:/Users/azmal/Desktop/USB_Backup/SE/Vitis/pcuatro_final/p4final/hw/p4final.xsa
TRACE::2024-12-11.11:09:18::SCWPlatform::DSA given C:/Users/azmal/Desktop/USB_Backup/SE/Vitis/pcuatro_final/p4final/hw/p4final.xsa
TRACE::2024-12-11.11:09:18::SCWPlatform::DSA absoulate path C:/Users/azmal/Desktop/USB_Backup/SE/Vitis/pcuatro_final/p4final/hw/p4final.xsa
TRACE::2024-12-11.11:09:18::SCWPlatform::DSA directory C:/Users/azmal/Desktop/USB_Backup/SE/Vitis/pcuatro_final/p4final/hw
TRACE::2024-12-11.11:09:18::SCWPlatform:: Platform Path C:/Users/azmal/Desktop/USB_Backup/SE/Vitis/pcuatro_final/p4final/hw/p4final.xsa
TRACE::2024-12-11.11:09:18::SCWPlatform:: Unique name xilinx:basys3::0.0
TRACE::2024-12-11.11:09:18::SCWPlatform::Trying to set the existing hwdb with name design_1_wrapper_0
TRACE::2024-12-11.11:09:18::SCWPlatform::Opened existing hwdb design_1_wrapper_0
TRACE::2024-12-11.11:09:18::SCWPlatform::Found the Hw Db part of the input DSA
TRACE::2024-12-11.11:09:18::SCWMssOS::Checking the sw design at  C:/Users/azmal/Desktop/USB_Backup/SE/Vitis/pcuatro_final/p4final/microblaze_0/standalone_microblaze_0/bsp/system.mss
TRACE::2024-12-11.11:09:18::SCWMssOS::DEBUG:  swdes dump  C:/Users/azmal/Desktop/USB_Backup/SE/Vitis/pcuatro_final/p4final/microblaze_0/standalone_microblaze_0/bsp/system.mss|system||

TRACE::2024-12-11.11:09:18::SCWMssOS::Sw design exists and opened at  C:/Users/azmal/Desktop/USB_Backup/SE/Vitis/pcuatro_final/p4final/microblaze_0/standalone_microblaze_0/bsp/system.mss
TRACE::2024-12-11.11:09:18::SCWMssOS::Saving the mss changes C:/Users/azmal/Desktop/USB_Backup/SE/Vitis/pcuatro_final/p4final/microblaze_0/standalone_microblaze_0/bsp/system.mss
TRACE::2024-12-11.11:09:18::SCWMssOS::Found a swdesign opened with the mssfile.
TRACE::2024-12-11.11:09:18::SCWMssOS::Completed writemss as part of save.
TRACE::2024-12-11.11:09:18::SCWMssOS::Commit changes completed.
TRACE::2024-12-11.11:09:18::SCWPlatform::Trying to open the hw design at C:/Users/azmal/Desktop/USB_Backup/SE/Vitis/pcuatro_final/p4final/hw/p4final.xsa
TRACE::2024-12-11.11:09:18::SCWPlatform::DSA given C:/Users/azmal/Desktop/USB_Backup/SE/Vitis/pcuatro_final/p4final/hw/p4final.xsa
TRACE::2024-12-11.11:09:18::SCWPlatform::DSA absoulate path C:/Users/azmal/Desktop/USB_Backup/SE/Vitis/pcuatro_final/p4final/hw/p4final.xsa
TRACE::2024-12-11.11:09:18::SCWPlatform::DSA directory C:/Users/azmal/Desktop/USB_Backup/SE/Vitis/pcuatro_final/p4final/hw
TRACE::2024-12-11.11:09:18::SCWPlatform:: Platform Path C:/Users/azmal/Desktop/USB_Backup/SE/Vitis/pcuatro_final/p4final/hw/p4final.xsa
TRACE::2024-12-11.11:09:18::SCWPlatform:: Unique name xilinx:basys3::0.0
TRACE::2024-12-11.11:09:18::SCWPlatform::Trying to set the existing hwdb with name design_1_wrapper_0
TRACE::2024-12-11.11:09:18::SCWPlatform::Opened existing hwdb design_1_wrapper_0
TRACE::2024-12-11.11:09:18::SCWPlatform::Found the Hw Db part of the input DSA
TRACE::2024-12-11.11:09:18::SCWMssOS::Checking the sw design at  C:/Users/azmal/Desktop/USB_Backup/SE/Vitis/pcuatro_final/p4final/microblaze_0/standalone_microblaze_0/bsp/system.mss
TRACE::2024-12-11.11:09:18::SCWMssOS::DEBUG:  swdes dump  C:/Users/azmal/Desktop/USB_Backup/SE/Vitis/pcuatro_final/p4final/microblaze_0/standalone_microblaze_0/bsp/system.mss|system||

TRACE::2024-12-11.11:09:18::SCWMssOS::Sw design exists and opened at  C:/Users/azmal/Desktop/USB_Backup/SE/Vitis/pcuatro_final/p4final/microblaze_0/standalone_microblaze_0/bsp/system.mss
TRACE::2024-12-11.11:09:18::SCWPlatform::Trying to open the hw design at C:/Users/azmal/Desktop/USB_Backup/SE/Vitis/pcuatro_final/p4final/hw/p4final.xsa
TRACE::2024-12-11.11:09:18::SCWPlatform::DSA given C:/Users/azmal/Desktop/USB_Backup/SE/Vitis/pcuatro_final/p4final/hw/p4final.xsa
TRACE::2024-12-11.11:09:18::SCWPlatform::DSA absoulate path C:/Users/azmal/Desktop/USB_Backup/SE/Vitis/pcuatro_final/p4final/hw/p4final.xsa
TRACE::2024-12-11.11:09:18::SCWPlatform::DSA directory C:/Users/azmal/Desktop/USB_Backup/SE/Vitis/pcuatro_final/p4final/hw
TRACE::2024-12-11.11:09:18::SCWPlatform:: Platform Path C:/Users/azmal/Desktop/USB_Backup/SE/Vitis/pcuatro_final/p4final/hw/p4final.xsa
TRACE::2024-12-11.11:09:18::SCWPlatform:: Unique name xilinx:basys3::0.0
TRACE::2024-12-11.11:09:18::SCWPlatform::Trying to set the existing hwdb with name design_1_wrapper_0
TRACE::2024-12-11.11:09:18::SCWPlatform::Opened existing hwdb design_1_wrapper_0
TRACE::2024-12-11.11:09:18::SCWPlatform::Found the Hw Db part of the input DSA
TRACE::2024-12-11.11:09:18::SCWMssOS::Checking the sw design at  C:/Users/azmal/Desktop/USB_Backup/SE/Vitis/pcuatro_final/p4final/microblaze_0/standalone_microblaze_0/bsp/system.mss
TRACE::2024-12-11.11:09:18::SCWMssOS::DEBUG:  swdes dump  C:/Users/azmal/Desktop/USB_Backup/SE/Vitis/pcuatro_final/p4final/microblaze_0/standalone_microblaze_0/bsp/system.mss|system||

TRACE::2024-12-11.11:09:18::SCWMssOS::Sw design exists and opened at  C:/Users/azmal/Desktop/USB_Backup/SE/Vitis/pcuatro_final/p4final/microblaze_0/standalone_microblaze_0/bsp/system.mss
TRACE::2024-12-11.11:09:18::SCWPlatform::Trying to open the hw design at C:/Users/azmal/Desktop/USB_Backup/SE/Vitis/pcuatro_final/p4final/hw/p4final.xsa
TRACE::2024-12-11.11:09:18::SCWPlatform::DSA given C:/Users/azmal/Desktop/USB_Backup/SE/Vitis/pcuatro_final/p4final/hw/p4final.xsa
TRACE::2024-12-11.11:09:18::SCWPlatform::DSA absoulate path C:/Users/azmal/Desktop/USB_Backup/SE/Vitis/pcuatro_final/p4final/hw/p4final.xsa
TRACE::2024-12-11.11:09:18::SCWPlatform::DSA directory C:/Users/azmal/Desktop/USB_Backup/SE/Vitis/pcuatro_final/p4final/hw
TRACE::2024-12-11.11:09:18::SCWPlatform:: Platform Path C:/Users/azmal/Desktop/USB_Backup/SE/Vitis/pcuatro_final/p4final/hw/p4final.xsa
TRACE::2024-12-11.11:09:18::SCWPlatform:: Unique name xilinx:basys3::0.0
TRACE::2024-12-11.11:09:18::SCWPlatform::Trying to set the existing hwdb with name design_1_wrapper_0
TRACE::2024-12-11.11:09:18::SCWPlatform::Opened existing hwdb design_1_wrapper_0
TRACE::2024-12-11.11:09:18::SCWPlatform::Found the Hw Db part of the input DSA
TRACE::2024-12-11.11:09:18::SCWMssOS::Checking the sw design at  C:/Users/azmal/Desktop/USB_Backup/SE/Vitis/pcuatro_final/p4final/microblaze_0/standalone_microblaze_0/bsp/system.mss
TRACE::2024-12-11.11:09:18::SCWMssOS::DEBUG:  swdes dump  C:/Users/azmal/Desktop/USB_Backup/SE/Vitis/pcuatro_final/p4final/microblaze_0/standalone_microblaze_0/bsp/system.mss|system||

TRACE::2024-12-11.11:09:18::SCWMssOS::Sw design exists and opened at  C:/Users/azmal/Desktop/USB_Backup/SE/Vitis/pcuatro_final/p4final/microblaze_0/standalone_microblaze_0/bsp/system.mss
TRACE::2024-12-11.11:09:18::SCWWriter::formatted JSON is {
	"platformName":	"p4final",
	"sprVersion":	"2.0",
	"mode":	"gui",
	"dsaType":	"Fixed",
	"platformDesc":	"p4final",
	"platHandOff":	"C:/Users/azmal/Desktop/USB_Backup/SE/Vivado/practica4/p4final.xsa",
	"platIntHandOff":	"<platformDir>/hw/p4final.xsa",
	"deviceType":	"FPGA",
	"platIsPrebuiltAutogen":	"false",
	"platIsNoBootBsp":	"false",
	"hasFsblMakeHasChanges":	"false",
	"hasPmufwMakeHasChanges":	"false",
	"platPreBuiltFlag":	false,
	"platformSamplesDir":	"",
	"platActiveSys":	"p4final",
	"systems":	[{
			"systemName":	"p4final",
			"systemDesc":	"p4final",
			"sysIsBootAutoGen":	"true",
			"systemDispName":	"p4final",
			"sysActiveDom":	"standalone_microblaze_0",
			"sysDefaultDom":	"standalone_microblaze_0",
			"domains":	[{
					"domainName":	"standalone_microblaze_0",
					"domainDispName":	"standalone_microblaze_0",
					"domainDesc":	"standalone_microblaze_0",
					"processors":	"microblaze_0",
					"os":	"standalone",
					"sdxOs":	"standalone",
					"debugEnable":	"False",
					"domRuntimes":	["cpp"],
					"swRepo":	"",
					"mssOsVer":	"8.1",
					"mssFile":	"",
					"md5Digest":	"279efad25afb0399df082278295d4df2",
					"compatibleApp":	"peripheral_tests",
					"domType":	"mssDomain",
					"arch":	"32-bit",
					"appSettings":	{
						"appCompilerFlags":	"",
						"appLinkerFlags":	""
					},
					"addedLibs":	[],
					"libOptions":	{
						"libsContainingOptions":	[]
					},
					"prebuiltLibs":	{
						"prebuiltIncPath":	[],
						"prebuiltLibPath":	[]
					},
					"isolation":	{
					}
				}]
		}]
}
LOG::2024-12-11.11:09:18::SCWPlatform::Started generating the artifacts platform p4final
TRACE::2024-12-11.11:09:18::SCWPlatform::Sanity checking of platform is completed
LOG::2024-12-11.11:09:18::SCWPlatform::Started generating the artifacts for system configuration p4final
LOG::2024-12-11.11:09:18::SCWSystem::Started Processing the domain standalone_microblaze_0
TRACE::2024-12-11.11:09:18::SCWDomain::Generating domain artifcats
TRACE::2024-12-11.11:09:18::SCWMssOS::Generating standalone artifcats
TRACE::2024-12-11.11:09:18::SCWMssOS:: Copying the user libraries. 
TRACE::2024-12-11.11:09:18::SCWPlatform::Trying to open the hw design at C:/Users/azmal/Desktop/USB_Backup/SE/Vitis/pcuatro_final/p4final/hw/p4final.xsa
TRACE::2024-12-11.11:09:18::SCWPlatform::DSA given C:/Users/azmal/Desktop/USB_Backup/SE/Vitis/pcuatro_final/p4final/hw/p4final.xsa
TRACE::2024-12-11.11:09:18::SCWPlatform::DSA absoulate path C:/Users/azmal/Desktop/USB_Backup/SE/Vitis/pcuatro_final/p4final/hw/p4final.xsa
TRACE::2024-12-11.11:09:18::SCWPlatform::DSA directory C:/Users/azmal/Desktop/USB_Backup/SE/Vitis/pcuatro_final/p4final/hw
TRACE::2024-12-11.11:09:18::SCWPlatform:: Platform Path C:/Users/azmal/Desktop/USB_Backup/SE/Vitis/pcuatro_final/p4final/hw/p4final.xsa
TRACE::2024-12-11.11:09:18::SCWPlatform:: Unique name xilinx:basys3::0.0
TRACE::2024-12-11.11:09:18::SCWPlatform::Trying to set the existing hwdb with name design_1_wrapper_0
TRACE::2024-12-11.11:09:18::SCWPlatform::Opened existing hwdb design_1_wrapper_0
TRACE::2024-12-11.11:09:18::SCWPlatform::Found the Hw Db part of the input DSA
TRACE::2024-12-11.11:09:18::SCWMssOS::Checking the sw design at  C:/Users/azmal/Desktop/USB_Backup/SE/Vitis/pcuatro_final/p4final/microblaze_0/standalone_microblaze_0/bsp/system.mss
TRACE::2024-12-11.11:09:18::SCWMssOS::DEBUG:  swdes dump  C:/Users/azmal/Desktop/USB_Backup/SE/Vitis/pcuatro_final/p4final/microblaze_0/standalone_microblaze_0/bsp/system.mss|system||

TRACE::2024-12-11.11:09:18::SCWMssOS::Sw design exists and opened at  C:/Users/azmal/Desktop/USB_Backup/SE/Vitis/pcuatro_final/p4final/microblaze_0/standalone_microblaze_0/bsp/system.mss
TRACE::2024-12-11.11:09:18::SCWMssOS::Completed writing the mss file at C:/Users/azmal/Desktop/USB_Backup/SE/Vitis/pcuatro_final/p4final/microblaze_0/standalone_microblaze_0/bsp
TRACE::2024-12-11.11:09:18::SCWMssOS::Mss edits present, copying mssfile into export location C:/Users/azmal/Desktop/USB_Backup/SE/Vitis/pcuatro_final/p4final/microblaze_0/standalone_microblaze_0/bsp/system.mss
TRACE::2024-12-11.11:09:18::SCWMssOS::bsp generated is upto date with the mss file. Skipping bsp generation.
TRACE::2024-12-11.11:09:18::SCWMssOS::BSP is already built. skipping the bsp build ... 
TRACE::2024-12-11.11:09:18::SCWDomain::Building the domain as part of full build :  standalone_microblaze_0
TRACE::2024-12-11.11:09:18::SCWMssOS::skipping the bsp build ... 
TRACE::2024-12-11.11:09:18::SCWMssOS::Copying to export directory.
TRACE::2024-12-11.11:09:18::SCWMssOS:: Checking if to create the Supporting Applications
TRACE::2024-12-11.11:09:18::SCWMssOS:: No Linux domain exists, trying to generate FSBL 
LOG::2024-12-11.11:09:18::SCWSystem::Completed Processing the domain standalone_microblaze_0
LOG::2024-12-11.11:09:18::SCWSystem::Completed Processing the sysconfig p4final
LOG::2024-12-11.11:09:18::SCWPlatform::Completed generating the artifacts for system configuration p4final
TRACE::2024-12-11.11:09:18::SCWPlatform::Started preparing the platform 
TRACE::2024-12-11.11:09:18::SCWSystem::Writing the bif file for system config p4final
TRACE::2024-12-11.11:09:18::SCWSystem::dir created 
TRACE::2024-12-11.11:09:18::SCWSystem::Writing the bif 
TRACE::2024-12-11.11:09:18::SCWPlatform::Started writing the spfm file 
TRACE::2024-12-11.11:09:18::SCWPlatform::Started writing the xpfm file 
TRACE::2024-12-11.11:09:18::SCWPlatform::Completed generating the platform
TRACE::2024-12-11.11:09:18::SCWMssOS::Saving the mss changes C:/Users/azmal/Desktop/USB_Backup/SE/Vitis/pcuatro_final/p4final/microblaze_0/standalone_microblaze_0/bsp/system.mss
TRACE::2024-12-11.11:09:18::SCWMssOS::Found a swdesign opened with the mssfile.
TRACE::2024-12-11.11:09:18::SCWMssOS::Completed writemss as part of save.
TRACE::2024-12-11.11:09:18::SCWMssOS::Commit changes completed.
TRACE::2024-12-11.11:09:18::SCWPlatform::Trying to open the hw design at C:/Users/azmal/Desktop/USB_Backup/SE/Vitis/pcuatro_final/p4final/hw/p4final.xsa
TRACE::2024-12-11.11:09:18::SCWPlatform::DSA given C:/Users/azmal/Desktop/USB_Backup/SE/Vitis/pcuatro_final/p4final/hw/p4final.xsa
TRACE::2024-12-11.11:09:18::SCWPlatform::DSA absoulate path C:/Users/azmal/Desktop/USB_Backup/SE/Vitis/pcuatro_final/p4final/hw/p4final.xsa
TRACE::2024-12-11.11:09:18::SCWPlatform::DSA directory C:/Users/azmal/Desktop/USB_Backup/SE/Vitis/pcuatro_final/p4final/hw
TRACE::2024-12-11.11:09:18::SCWPlatform:: Platform Path C:/Users/azmal/Desktop/USB_Backup/SE/Vitis/pcuatro_final/p4final/hw/p4final.xsa
TRACE::2024-12-11.11:09:18::SCWPlatform:: Unique name xilinx:basys3::0.0
TRACE::2024-12-11.11:09:18::SCWPlatform::Trying to set the existing hwdb with name design_1_wrapper_0
TRACE::2024-12-11.11:09:18::SCWPlatform::Opened existing hwdb design_1_wrapper_0
TRACE::2024-12-11.11:09:18::SCWPlatform::Found the Hw Db part of the input DSA
TRACE::2024-12-11.11:09:18::SCWMssOS::Checking the sw design at  C:/Users/azmal/Desktop/USB_Backup/SE/Vitis/pcuatro_final/p4final/microblaze_0/standalone_microblaze_0/bsp/system.mss
TRACE::2024-12-11.11:09:18::SCWMssOS::DEBUG:  swdes dump  C:/Users/azmal/Desktop/USB_Backup/SE/Vitis/pcuatro_final/p4final/microblaze_0/standalone_microblaze_0/bsp/system.mss|system||

TRACE::2024-12-11.11:09:18::SCWMssOS::Sw design exists and opened at  C:/Users/azmal/Desktop/USB_Backup/SE/Vitis/pcuatro_final/p4final/microblaze_0/standalone_microblaze_0/bsp/system.mss
TRACE::2024-12-11.11:09:18::SCWPlatform::Trying to open the hw design at C:/Users/azmal/Desktop/USB_Backup/SE/Vitis/pcuatro_final/p4final/hw/p4final.xsa
TRACE::2024-12-11.11:09:18::SCWPlatform::DSA given C:/Users/azmal/Desktop/USB_Backup/SE/Vitis/pcuatro_final/p4final/hw/p4final.xsa
TRACE::2024-12-11.11:09:18::SCWPlatform::DSA absoulate path C:/Users/azmal/Desktop/USB_Backup/SE/Vitis/pcuatro_final/p4final/hw/p4final.xsa
TRACE::2024-12-11.11:09:18::SCWPlatform::DSA directory C:/Users/azmal/Desktop/USB_Backup/SE/Vitis/pcuatro_final/p4final/hw
TRACE::2024-12-11.11:09:18::SCWPlatform:: Platform Path C:/Users/azmal/Desktop/USB_Backup/SE/Vitis/pcuatro_final/p4final/hw/p4final.xsa
TRACE::2024-12-11.11:09:18::SCWPlatform:: Unique name xilinx:basys3::0.0
TRACE::2024-12-11.11:09:18::SCWPlatform::Trying to set the existing hwdb with name design_1_wrapper_0
TRACE::2024-12-11.11:09:18::SCWPlatform::Opened existing hwdb design_1_wrapper_0
TRACE::2024-12-11.11:09:18::SCWPlatform::Found the Hw Db part of the input DSA
TRACE::2024-12-11.11:09:18::SCWMssOS::Checking the sw design at  C:/Users/azmal/Desktop/USB_Backup/SE/Vitis/pcuatro_final/p4final/microblaze_0/standalone_microblaze_0/bsp/system.mss
TRACE::2024-12-11.11:09:18::SCWMssOS::DEBUG:  swdes dump  C:/Users/azmal/Desktop/USB_Backup/SE/Vitis/pcuatro_final/p4final/microblaze_0/standalone_microblaze_0/bsp/system.mss|system||

TRACE::2024-12-11.11:09:18::SCWMssOS::Sw design exists and opened at  C:/Users/azmal/Desktop/USB_Backup/SE/Vitis/pcuatro_final/p4final/microblaze_0/standalone_microblaze_0/bsp/system.mss
TRACE::2024-12-11.11:09:18::SCWPlatform::Trying to open the hw design at C:/Users/azmal/Desktop/USB_Backup/SE/Vitis/pcuatro_final/p4final/hw/p4final.xsa
TRACE::2024-12-11.11:09:18::SCWPlatform::DSA given C:/Users/azmal/Desktop/USB_Backup/SE/Vitis/pcuatro_final/p4final/hw/p4final.xsa
TRACE::2024-12-11.11:09:18::SCWPlatform::DSA absoulate path C:/Users/azmal/Desktop/USB_Backup/SE/Vitis/pcuatro_final/p4final/hw/p4final.xsa
TRACE::2024-12-11.11:09:18::SCWPlatform::DSA directory C:/Users/azmal/Desktop/USB_Backup/SE/Vitis/pcuatro_final/p4final/hw
TRACE::2024-12-11.11:09:18::SCWPlatform:: Platform Path C:/Users/azmal/Desktop/USB_Backup/SE/Vitis/pcuatro_final/p4final/hw/p4final.xsa
TRACE::2024-12-11.11:09:18::SCWPlatform:: Unique name xilinx:basys3::0.0
TRACE::2024-12-11.11:09:18::SCWPlatform::Trying to set the existing hwdb with name design_1_wrapper_0
TRACE::2024-12-11.11:09:18::SCWPlatform::Opened existing hwdb design_1_wrapper_0
TRACE::2024-12-11.11:09:18::SCWPlatform::Found the Hw Db part of the input DSA
TRACE::2024-12-11.11:09:18::SCWMssOS::Checking the sw design at  C:/Users/azmal/Desktop/USB_Backup/SE/Vitis/pcuatro_final/p4final/microblaze_0/standalone_microblaze_0/bsp/system.mss
TRACE::2024-12-11.11:09:18::SCWMssOS::DEBUG:  swdes dump  C:/Users/azmal/Desktop/USB_Backup/SE/Vitis/pcuatro_final/p4final/microblaze_0/standalone_microblaze_0/bsp/system.mss|system||

TRACE::2024-12-11.11:09:18::SCWMssOS::Sw design exists and opened at  C:/Users/azmal/Desktop/USB_Backup/SE/Vitis/pcuatro_final/p4final/microblaze_0/standalone_microblaze_0/bsp/system.mss
TRACE::2024-12-11.11:09:18::SCWWriter::formatted JSON is {
	"platformName":	"p4final",
	"sprVersion":	"2.0",
	"mode":	"gui",
	"dsaType":	"Fixed",
	"platformDesc":	"p4final",
	"platHandOff":	"C:/Users/azmal/Desktop/USB_Backup/SE/Vivado/practica4/p4final.xsa",
	"platIntHandOff":	"<platformDir>/hw/p4final.xsa",
	"deviceType":	"FPGA",
	"platIsPrebuiltAutogen":	"false",
	"platIsNoBootBsp":	"false",
	"hasFsblMakeHasChanges":	"false",
	"hasPmufwMakeHasChanges":	"false",
	"platPreBuiltFlag":	false,
	"platformSamplesDir":	"",
	"platActiveSys":	"p4final",
	"systems":	[{
			"systemName":	"p4final",
			"systemDesc":	"p4final",
			"sysIsBootAutoGen":	"true",
			"systemDispName":	"p4final",
			"sysActiveDom":	"standalone_microblaze_0",
			"sysDefaultDom":	"standalone_microblaze_0",
			"domains":	[{
					"domainName":	"standalone_microblaze_0",
					"domainDispName":	"standalone_microblaze_0",
					"domainDesc":	"standalone_microblaze_0",
					"processors":	"microblaze_0",
					"os":	"standalone",
					"sdxOs":	"standalone",
					"debugEnable":	"False",
					"domRuntimes":	["cpp"],
					"swRepo":	"",
					"mssOsVer":	"8.1",
					"mssFile":	"",
					"md5Digest":	"279efad25afb0399df082278295d4df2",
					"compatibleApp":	"peripheral_tests",
					"domType":	"mssDomain",
					"arch":	"32-bit",
					"appSettings":	{
						"appCompilerFlags":	"",
						"appLinkerFlags":	""
					},
					"addedLibs":	[],
					"libOptions":	{
						"libsContainingOptions":	[]
					},
					"prebuiltLibs":	{
						"prebuiltIncPath":	[],
						"prebuiltLibPath":	[]
					},
					"isolation":	{
					}
				}]
		}]
}
KEYINFO::2024-12-11.11:09:18::SCWPlatform::updated the xpfm file.
LOG::2024-12-11.11:16:56::SCWPlatform::Started generating the artifacts platform p4final
TRACE::2024-12-11.11:16:56::SCWPlatform::Sanity checking of platform is completed
LOG::2024-12-11.11:16:56::SCWPlatform::Started generating the artifacts for system configuration p4final
LOG::2024-12-11.11:16:56::SCWSystem::Checking the domain standalone_microblaze_0
LOG::2024-12-11.11:16:56::SCWSystem::Not a boot domain 
LOG::2024-12-11.11:16:56::SCWSystem::Started Processing the domain standalone_microblaze_0
TRACE::2024-12-11.11:16:56::SCWDomain::Generating domain artifcats
TRACE::2024-12-11.11:16:56::SCWMssOS::Generating standalone artifcats
TRACE::2024-12-11.11:16:56::SCWMssOS:: Copying the user libraries. 
TRACE::2024-12-11.11:16:56::SCWPlatform::Trying to open the hw design at C:/Users/azmal/Desktop/USB_Backup/SE/Vitis/pcuatro_final/p4final/hw/p4final.xsa
TRACE::2024-12-11.11:16:56::SCWPlatform::DSA given C:/Users/azmal/Desktop/USB_Backup/SE/Vitis/pcuatro_final/p4final/hw/p4final.xsa
TRACE::2024-12-11.11:16:56::SCWPlatform::DSA absoulate path C:/Users/azmal/Desktop/USB_Backup/SE/Vitis/pcuatro_final/p4final/hw/p4final.xsa
TRACE::2024-12-11.11:16:56::SCWPlatform::DSA directory C:/Users/azmal/Desktop/USB_Backup/SE/Vitis/pcuatro_final/p4final/hw
TRACE::2024-12-11.11:16:56::SCWPlatform:: Platform Path C:/Users/azmal/Desktop/USB_Backup/SE/Vitis/pcuatro_final/p4final/hw/p4final.xsa
TRACE::2024-12-11.11:16:56::SCWPlatform:: Unique name xilinx:basys3::0.0
TRACE::2024-12-11.11:16:56::SCWPlatform::Trying to set the existing hwdb with name design_1_wrapper_0
TRACE::2024-12-11.11:16:56::SCWPlatform::Opened existing hwdb design_1_wrapper_0
TRACE::2024-12-11.11:16:56::SCWPlatform::Found the Hw Db part of the input DSA
TRACE::2024-12-11.11:16:56::SCWMssOS::Checking the sw design at  C:/Users/azmal/Desktop/USB_Backup/SE/Vitis/pcuatro_final/p4final/microblaze_0/standalone_microblaze_0/bsp/system.mss
TRACE::2024-12-11.11:16:56::SCWMssOS::DEBUG:  swdes dump  C:/Users/azmal/Desktop/USB_Backup/SE/Vitis/pcuatro_final/p4final/microblaze_0/standalone_microblaze_0/bsp/system.mss|system||

TRACE::2024-12-11.11:16:56::SCWMssOS::Sw design exists and opened at  C:/Users/azmal/Desktop/USB_Backup/SE/Vitis/pcuatro_final/p4final/microblaze_0/standalone_microblaze_0/bsp/system.mss
TRACE::2024-12-11.11:16:56::SCWMssOS::Completed writing the mss file at C:/Users/azmal/Desktop/USB_Backup/SE/Vitis/pcuatro_final/p4final/microblaze_0/standalone_microblaze_0/bsp
TRACE::2024-12-11.11:16:56::SCWMssOS::Mss edits present, copying mssfile into export location C:/Users/azmal/Desktop/USB_Backup/SE/Vitis/pcuatro_final/p4final/microblaze_0/standalone_microblaze_0/bsp/system.mss
TRACE::2024-12-11.11:16:56::SCWMssOS::bsp generated is upto date with the mss file. Skipping bsp generation.
TRACE::2024-12-11.11:16:56::SCWMssOS::BSP is already built. skipping the bsp build ... 
TRACE::2024-12-11.11:16:56::SCWDomain::Building the domain as part of full build :  standalone_microblaze_0
TRACE::2024-12-11.11:16:56::SCWMssOS::doing bsp build ... 
TRACE::2024-12-11.11:16:56::SCWMssOS::System Command Ran  C: & cd  C:/Users/azmal/Desktop/USB_Backup/SE/Vitis/pcuatro_final/p4final/microblaze_0/standalone_microblaze_0/bsp & make 
TRACE::2024-12-11.11:16:56::SCWMssOS::make --no-print-directory seq_libs

TRACE::2024-12-11.11:16:57::SCWMssOS::"Running Make include in microblaze_0/libsrc/altavoz_v1_0/src"

TRACE::2024-12-11.11:16:57::SCWMssOS::make -C microblaze_0/libsrc/altavoz_v1_0/src -s include  "SHELL=CMD" "COMPILER=mb-gcc" "ASSEMBLER=mb-as" "ARCHIVER=mb-ar" "COMP
TRACE::2024-12-11.11:16:57::SCWMssOS::ILER_FLAGS=  -O2 -c -mcpu=v11.0 -mlittle-endian -mxl-soft-mul" "EXTRA_COMPILER_FLAGS=-g -ffunction-sections -fdata-sections -Wa
TRACE::2024-12-11.11:16:57::SCWMssOS::ll -Wextra -fno-tree-loop-distribute-patterns"

TRACE::2024-12-11.11:16:57::SCWMssOS::"Running Make include in microblaze_0/libsrc/bram_v4_8/src"

TRACE::2024-12-11.11:16:57::SCWMssOS::make -C microblaze_0/libsrc/bram_v4_8/src -s include  "SHELL=CMD" "COMPILER=mb-gcc" "ASSEMBLER=mb-as" "ARCHIVER=mb-ar" "COMPILE
TRACE::2024-12-11.11:16:57::SCWMssOS::R_FLAGS=  -O2 -c -mcpu=v11.0 -mlittle-endian -mxl-soft-mul" "EXTRA_COMPILER_FLAGS=-g -ffunction-sections -fdata-sections -Wall 
TRACE::2024-12-11.11:16:57::SCWMssOS::-Wextra -fno-tree-loop-distribute-patterns"

TRACE::2024-12-11.11:16:57::SCWMssOS::"Running Make include in microblaze_0/libsrc/conversorad_v1_0/src"

TRACE::2024-12-11.11:16:57::SCWMssOS::make -C microblaze_0/libsrc/conversorad_v1_0/src -s include  "SHELL=CMD" "COMPILER=mb-gcc" "ASSEMBLER=mb-as" "ARCHIVER=mb-ar" "
TRACE::2024-12-11.11:16:57::SCWMssOS::COMPILER_FLAGS=  -O2 -c -mcpu=v11.0 -mlittle-endian -mxl-soft-mul" "EXTRA_COMPILER_FLAGS=-g -ffunction-sections -fdata-sections
TRACE::2024-12-11.11:16:57::SCWMssOS:: -Wall -Wextra -fno-tree-loop-distribute-patterns"

TRACE::2024-12-11.11:16:57::SCWMssOS::"Running Make include in microblaze_0/libsrc/cpu_v2_17/src"

TRACE::2024-12-11.11:16:57::SCWMssOS::make -C microblaze_0/libsrc/cpu_v2_17/src -s include  "SHELL=CMD" "COMPILER=mb-gcc" "ASSEMBLER=mb-as" "ARCHIVER=mb-ar" "COMPILE
TRACE::2024-12-11.11:16:57::SCWMssOS::R_FLAGS=  -O2 -c -mcpu=v11.0 -mlittle-endian -mxl-soft-mul" "EXTRA_COMPILER_FLAGS=-g -ffunction-sections -fdata-sections -Wall 
TRACE::2024-12-11.11:16:57::SCWMssOS::-Wextra -fno-tree-loop-distribute-patterns"

TRACE::2024-12-11.11:16:57::SCWMssOS::"Running Make include in microblaze_0/libsrc/gpio_v4_9/src"

TRACE::2024-12-11.11:16:57::SCWMssOS::make -C microblaze_0/libsrc/gpio_v4_9/src -s include  "SHELL=CMD" "COMPILER=mb-gcc" "ASSEMBLER=mb-as" "ARCHIVER=mb-ar" "COMPILE
TRACE::2024-12-11.11:16:57::SCWMssOS::R_FLAGS=  -O2 -c -mcpu=v11.0 -mlittle-endian -mxl-soft-mul" "EXTRA_COMPILER_FLAGS=-g -ffunction-sections -fdata-sections -Wall 
TRACE::2024-12-11.11:16:57::SCWMssOS::-Wextra -fno-tree-loop-distribute-patterns"

TRACE::2024-12-11.11:16:57::SCWMssOS::"Running Make include in microblaze_0/libsrc/matrizpuntos_v1_0/src"

TRACE::2024-12-11.11:16:57::SCWMssOS::make -C microblaze_0/libsrc/matrizpuntos_v1_0/src -s include  "SHELL=CMD" "COMPILER=mb-gcc" "ASSEMBLER=mb-as" "ARCHIVER=mb-ar" 
TRACE::2024-12-11.11:16:57::SCWMssOS::"COMPILER_FLAGS=  -O2 -c -mcpu=v11.0 -mlittle-endian -mxl-soft-mul" "EXTRA_COMPILER_FLAGS=-g -ffunction-sections -fdata-section
TRACE::2024-12-11.11:16:57::SCWMssOS::s -Wall -Wextra -fno-tree-loop-distribute-patterns"

TRACE::2024-12-11.11:16:57::SCWMssOS::"Running Make include in microblaze_0/libsrc/standalone_v8_1/src"

TRACE::2024-12-11.11:16:57::SCWMssOS::make -C microblaze_0/libsrc/standalone_v8_1/src -s include  "SHELL=CMD" "COMPILER=mb-gcc" "ASSEMBLER=mb-as" "ARCHIVER=mb-ar" "C
TRACE::2024-12-11.11:16:57::SCWMssOS::OMPILER_FLAGS=  -O2 -c -mcpu=v11.0 -mlittle-endian -mxl-soft-mul" "EXTRA_COMPILER_FLAGS=-g -ffunction-sections -fdata-sections 
TRACE::2024-12-11.11:16:57::SCWMssOS::-Wall -Wextra -fno-tree-loop-distribute-patterns"

TRACE::2024-12-11.11:16:58::SCWMssOS::"Running Make include in microblaze_0/libsrc/uartlite_v3_8/src"

TRACE::2024-12-11.11:16:58::SCWMssOS::make -C microblaze_0/libsrc/uartlite_v3_8/src -s include  "SHELL=CMD" "COMPILER=mb-gcc" "ASSEMBLER=mb-as" "ARCHIVER=mb-ar" "COM
TRACE::2024-12-11.11:16:58::SCWMssOS::PILER_FLAGS=  -O2 -c -mcpu=v11.0 -mlittle-endian -mxl-soft-mul" "EXTRA_COMPILER_FLAGS=-g -ffunction-sections -fdata-sections -W
TRACE::2024-12-11.11:16:58::SCWMssOS::all -Wextra -fno-tree-loop-distribute-patterns"

TRACE::2024-12-11.11:16:59::SCWMssOS::"Running Make libs in microblaze_0/libsrc/altavoz_v1_0/src"

TRACE::2024-12-11.11:16:59::SCWMssOS::make -C microblaze_0/libsrc/altavoz_v1_0/src -s libs  "SHELL=CMD" "COMPILER=mb-gcc" "ASSEMBLER=mb-as" "ARCHIVER=mb-ar" "COMPILE
TRACE::2024-12-11.11:16:59::SCWMssOS::R_FLAGS=  -O2 -c -mcpu=v11.0 -mlittle-endian -mxl-soft-mul" "EXTRA_COMPILER_FLAGS=-g -ffunction-sections -fdata-sections -Wall 
TRACE::2024-12-11.11:16:59::SCWMssOS::-Wextra -fno-tree-loop-distribute-patterns"

TRACE::2024-12-11.11:16:59::SCWMssOS::"Compiling altavoz..."

TRACE::2024-12-11.11:16:59::SCWMssOS::"Running Make libs in microblaze_0/libsrc/conversorad_v1_0/src"

TRACE::2024-12-11.11:16:59::SCWMssOS::make -C microblaze_0/libsrc/conversorad_v1_0/src -s libs  "SHELL=CMD" "COMPILER=mb-gcc" "ASSEMBLER=mb-as" "ARCHIVER=mb-ar" "COM
TRACE::2024-12-11.11:16:59::SCWMssOS::PILER_FLAGS=  -O2 -c -mcpu=v11.0 -mlittle-endian -mxl-soft-mul" "EXTRA_COMPILER_FLAGS=-g -ffunction-sections -fdata-sections -W
TRACE::2024-12-11.11:16:59::SCWMssOS::all -Wextra -fno-tree-loop-distribute-patterns"

TRACE::2024-12-11.11:16:59::SCWMssOS::"Compiling conversorad..."

TRACE::2024-12-11.11:17:00::SCWMssOS::"Running Make libs in microblaze_0/libsrc/matrizpuntos_v1_0/src"

TRACE::2024-12-11.11:17:00::SCWMssOS::make -C microblaze_0/libsrc/matrizpuntos_v1_0/src -s libs  "SHELL=CMD" "COMPILER=mb-gcc" "ASSEMBLER=mb-as" "ARCHIVER=mb-ar" "CO
TRACE::2024-12-11.11:17:00::SCWMssOS::MPILER_FLAGS=  -O2 -c -mcpu=v11.0 -mlittle-endian -mxl-soft-mul" "EXTRA_COMPILER_FLAGS=-g -ffunction-sections -fdata-sections -
TRACE::2024-12-11.11:17:00::SCWMssOS::Wall -Wextra -fno-tree-loop-distribute-patterns"

TRACE::2024-12-11.11:17:00::SCWMssOS::"Compiling matrizpuntos..."

TRACE::2024-12-11.11:17:00::SCWMssOS::'Finished building libraries sequentially.'

TRACE::2024-12-11.11:17:00::SCWMssOS::make -j 6 --no-print-directory par_libs

TRACE::2024-12-11.11:17:00::SCWMssOS::"Running Make include in microblaze_0/libsrc/altavoz_v1_0/src"

TRACE::2024-12-11.11:17:00::SCWMssOS::make -C microblaze_0/libsrc/altavoz_v1_0/src -s include  "SHELL=CMD" "COMPILER=mb-gcc" "ASSEMBLER=mb-as" "ARCHIVER=mb-ar" "COMP
TRACE::2024-12-11.11:17:00::SCWMssOS::ILER_FLAGS=  -O2 -c -mcpu=v11.0 -mlittle-endian -mxl-soft-mul" "EXTRA_COMPILER_FLAGS=-g -ffunction-sections -fdata-sections -Wa
TRACE::2024-12-11.11:17:00::SCWMssOS::ll -Wextra -fno-tree-loop-distribute-patterns"

TRACE::2024-12-11.11:17:00::SCWMssOS::"Running Make include in microblaze_0/libsrc/bram_v4_8/src"

TRACE::2024-12-11.11:17:00::SCWMssOS::make -C microblaze_0/libsrc/bram_v4_8/src -s include  "SHELL=CMD" "COMPILER=mb-gcc" "ASSEMBLER=mb-as" "ARCHIVER=mb-ar" "COMPILE
TRACE::2024-12-11.11:17:00::SCWMssOS::R_FLAGS=  -O2 -c -mcpu=v11.0 -mlittle-endian -mxl-soft-mul" "EXTRA_COMPILER_FLAGS=-g -ffunction-sections -fdata-sections -Wall 
TRACE::2024-12-11.11:17:00::SCWMssOS::-Wextra -fno-tree-loop-distribute-patterns"

TRACE::2024-12-11.11:17:00::SCWMssOS::"Running Make include in microblaze_0/libsrc/conversorad_v1_0/src"

TRACE::2024-12-11.11:17:00::SCWMssOS::make -C microblaze_0/libsrc/conversorad_v1_0/src -s include  "SHELL=CMD" "COMPILER=mb-gcc" "ASSEMBLER=mb-as" "ARCHIVER=mb-ar" "
TRACE::2024-12-11.11:17:00::SCWMssOS::COMPILER_FLAGS=  -O2 -c -mcpu=v11.0 -mlittle-endian -mxl-soft-mul" "EXTRA_COMPILER_FLAGS=-g -ffunction-sections -fdata-sections
TRACE::2024-12-11.11:17:00::SCWMssOS:: -Wall -Wextra -fno-tree-loop-distribute-patterns"

TRACE::2024-12-11.11:17:00::SCWMssOS::"Running Make include in microblaze_0/libsrc/cpu_v2_17/src"

TRACE::2024-12-11.11:17:00::SCWMssOS::make -C microblaze_0/libsrc/cpu_v2_17/src -s include  "SHELL=CMD" "COMPILER=mb-gcc" "ASSEMBLER=mb-as" "ARCHIVER=mb-ar" "COMPILE
TRACE::2024-12-11.11:17:00::SCWMssOS::R_FLAGS=  -O2 -c -mcpu=v11.0 -mlittle-endian -mxl-soft-mul" "EXTRA_COMPILER_FLAGS=-g -ffunction-sections -fdata-sections -Wall 
TRACE::2024-12-11.11:17:00::SCWMssOS::-Wextra -fno-tree-loop-distribute-patterns"

TRACE::2024-12-11.11:17:00::SCWMssOS::"Running Make include in microblaze_0/libsrc/gpio_v4_9/src"

TRACE::2024-12-11.11:17:00::SCWMssOS::make -C microblaze_0/libsrc/gpio_v4_9/src -s include  "SHELL=CMD" "COMPILER=mb-gcc" "ASSEMBLER=mb-as" "ARCHIVER=mb-ar" "COMPILE
TRACE::2024-12-11.11:17:00::SCWMssOS::R_FLAGS=  -O2 -c -mcpu=v11.0 -mlittle-endian -mxl-soft-mul" "EXTRA_COMPILER_FLAGS=-g -ffunction-sections -fdata-sections -Wall 
TRACE::2024-12-11.11:17:00::SCWMssOS::-Wextra -fno-tree-loop-distribute-patterns"

TRACE::2024-12-11.11:17:00::SCWMssOS::"Running Make include in microblaze_0/libsrc/matrizpuntos_v1_0/src"

TRACE::2024-12-11.11:17:00::SCWMssOS::make -C microblaze_0/libsrc/matrizpuntos_v1_0/src -s include  "SHELL=CMD" "COMPILER=mb-gcc" "ASSEMBLER=mb-as" "ARCHIVER=mb-ar" 
TRACE::2024-12-11.11:17:00::SCWMssOS::"COMPILER_FLAGS=  -O2 -c -mcpu=v11.0 -mlittle-endian -mxl-soft-mul" "EXTRA_COMPILER_FLAGS=-g -ffunction-sections -fdata-section
TRACE::2024-12-11.11:17:00::SCWMssOS::s -Wall -Wextra -fno-tree-loop-distribute-patterns"

TRACE::2024-12-11.11:17:00::SCWMssOS::"Running Make include in microblaze_0/libsrc/standalone_v8_1/src"

TRACE::2024-12-11.11:17:00::SCWMssOS::make -C microblaze_0/libsrc/standalone_v8_1/src -s include  "SHELL=CMD" "COMPILER=mb-gcc" "ASSEMBLER=mb-as" "ARCHIVER=mb-ar" "C
TRACE::2024-12-11.11:17:00::SCWMssOS::OMPILER_FLAGS=  -O2 -c -mcpu=v11.0 -mlittle-endian -mxl-soft-mul" "EXTRA_COMPILER_FLAGS=-g -ffunction-sections -fdata-sections 
TRACE::2024-12-11.11:17:00::SCWMssOS::-Wall -Wextra -fno-tree-loop-distribute-patterns"

TRACE::2024-12-11.11:17:00::SCWMssOS::"Running Make include in microblaze_0/libsrc/uartlite_v3_8/src"

TRACE::2024-12-11.11:17:00::SCWMssOS::make -C microblaze_0/libsrc/uartlite_v3_8/src -s include  "SHELL=CMD" "COMPILER=mb-gcc" "ASSEMBLER=mb-as" "ARCHIVER=mb-ar" "COM
TRACE::2024-12-11.11:17:00::SCWMssOS::PILER_FLAGS=  -O2 -c -mcpu=v11.0 -mlittle-endian -mxl-soft-mul" "EXTRA_COMPILER_FLAGS=-g -ffunction-sections -fdata-sections -W
TRACE::2024-12-11.11:17:00::SCWMssOS::all -Wextra -fno-tree-loop-distribute-patterns"

TRACE::2024-12-11.11:17:00::SCWMssOS::"Running Make libs in microblaze_0/libsrc/bram_v4_8/src"

TRACE::2024-12-11.11:17:01::SCWMssOS::make -C microblaze_0/libsrc/bram_v4_8/src -s libs  "SHELL=CMD" "COMPILER=mb-gcc" "ASSEMBLER=mb-as" "ARCHIVER=mb-ar" "COMPILER_F
TRACE::2024-12-11.11:17:01::SCWMssOS::LAGS=  -O2 -c -mcpu=v11.0 -mlittle-endian -mxl-soft-mul" "EXTRA_COMPILER_FLAGS=-g -ffunction-sections -fdata-sections -Wall -We
TRACE::2024-12-11.11:17:01::SCWMssOS::xtra -fno-tree-loop-distribute-patterns"

TRACE::2024-12-11.11:17:01::SCWMssOS::"Running Make libs in microblaze_0/libsrc/cpu_v2_17/src"

TRACE::2024-12-11.11:17:01::SCWMssOS::make -C microblaze_0/libsrc/cpu_v2_17/src -s libs  "SHELL=CMD" "COMPILER=mb-gcc" "ASSEMBLER=mb-as" "ARCHIVER=mb-ar" "COMPILER_F
TRACE::2024-12-11.11:17:01::SCWMssOS::LAGS=  -O2 -c -mcpu=v11.0 -mlittle-endian -mxl-soft-mul" "EXTRA_COMPILER_FLAGS=-g -ffunction-sections -fdata-sections -Wall -We
TRACE::2024-12-11.11:17:01::SCWMssOS::xtra -fno-tree-loop-distribute-patterns"

TRACE::2024-12-11.11:17:01::SCWMssOS::"Running Make libs in microblaze_0/libsrc/gpio_v4_9/src"

TRACE::2024-12-11.11:17:01::SCWMssOS::make -C microblaze_0/libsrc/gpio_v4_9/src -s libs  "SHELL=CMD" "COMPILER=mb-gcc" "ASSEMBLER=mb-as" "ARCHIVER=mb-ar" "COMPILER_F
TRACE::2024-12-11.11:17:01::SCWMssOS::LAGS=  -O2 -c -mcpu=v11.0 -mlittle-endian -mxl-soft-mul" "EXTRA_COMPILER_FLAGS=-g -ffunction-sections -fdata-sections -Wall -We
TRACE::2024-12-11.11:17:01::SCWMssOS::xtra -fno-tree-loop-distribute-patterns"

TRACE::2024-12-11.11:17:01::SCWMssOS::"Running Make libs in microblaze_0/libsrc/standalone_v8_1/src"

TRACE::2024-12-11.11:17:01::SCWMssOS::make -C microblaze_0/libsrc/standalone_v8_1/src -s libs  "SHELL=CMD" "COMPILER=mb-gcc" "ASSEMBLER=mb-as" "ARCHIVER=mb-ar" "COMP
TRACE::2024-12-11.11:17:01::SCWMssOS::ILER_FLAGS=  -O2 -c -mcpu=v11.0 -mlittle-endian -mxl-soft-mul" "EXTRA_COMPILER_FLAGS=-g -ffunction-sections -fdata-sections -Wa
TRACE::2024-12-11.11:17:01::SCWMssOS::ll -Wextra -fno-tree-loop-distribute-patterns"

TRACE::2024-12-11.11:17:01::SCWMssOS::"Running Make libs in microblaze_0/libsrc/uartlite_v3_8/src"

TRACE::2024-12-11.11:17:01::SCWMssOS::make -C microblaze_0/libsrc/uartlite_v3_8/src -s libs  "SHELL=CMD" "COMPILER=mb-gcc" "ASSEMBLER=mb-as" "ARCHIVER=mb-ar" "COMPIL
TRACE::2024-12-11.11:17:01::SCWMssOS::ER_FLAGS=  -O2 -c -mcpu=v11.0 -mlittle-endian -mxl-soft-mul" "EXTRA_COMPILER_FLAGS=-g -ffunction-sections -fdata-sections -Wall
TRACE::2024-12-11.11:17:01::SCWMssOS:: -Wextra -fno-tree-loop-distribute-patterns"

TRACE::2024-12-11.11:17:04::SCWMssOS::"DEBUG NON_LTO_OBJECTS is ../../../lib/microblaze_interrupt_handler.o"

TRACE::2024-12-11.11:17:04::SCWMssOS::'Finished building libraries parallelly.'

TRACE::2024-12-11.11:17:04::SCWMssOS::make --no-print-directory archive

TRACE::2024-12-11.11:17:04::SCWMssOS::mb-ar -r  microblaze_0/lib/libxil.a microblaze_0/lib/_exit.o microblaze_0/lib/errno.o microblaze_0/lib/fcntl.o microblaze_0/lib
TRACE::2024-12-11.11:17:04::SCWMssOS::/hw_exception_handler.o microblaze_0/lib/inbyte.o microblaze_0/lib/microblaze_disable_dcache.o microblaze_0/lib/microblaze_disa
TRACE::2024-12-11.11:17:04::SCWMssOS::ble_exceptions.o microblaze_0/lib/microblaze_disable_icache.o microblaze_0/lib/microblaze_disable_interrupts.o microblaze_0/lib
TRACE::2024-12-11.11:17:04::SCWMssOS::/microblaze_enable_dcache.o microblaze_0/lib/microblaze_enable_exceptions.o microblaze_0/lib/microblaze_enable_icache.o microbl
TRACE::2024-12-11.11:17:04::SCWMssOS::aze_0/lib/microblaze_enable_interrupts.o microblaze_0/lib/microblaze_exception_handler.o microblaze_0/lib/microblaze_flush_cach
TRACE::2024-12-11.11:17:04::SCWMssOS::e_ext.o microblaze_0/lib/microblaze_flush_cache_ext_range.o microblaze_0/lib/microblaze_flush_dcache.o microblaze_0/lib/microbl
TRACE::2024-12-11.11:17:04::SCWMssOS::aze_flush_dcache_range.o microblaze_0/lib/microblaze_init_dcache_range.o microblaze_0/lib/microblaze_init_icache_range.o microb
TRACE::2024-12-11.11:17:04::SCWMssOS::laze_0/lib/microblaze_interrupt_handler.o microblaze_0/lib/microblaze_interrupts_g.o microblaze_0/lib/microblaze_invalidate_cac
TRACE::2024-12-11.11:17:04::SCWMssOS::he_ext.o microblaze_0/lib/microblaze_invalidate_cache_ext_range.o microblaze_0/lib/microblaze_invalidate_dcache.o microblaze_0/
TRACE::2024-12-11.11:17:04::SCWMssOS::lib/microblaze_invalidate_dcache_range.o microblaze_0/lib/microblaze_invalidate_icache.o microblaze_0/lib/microblaze_invalidate
TRACE::2024-12-11.11:17:04::SCWMssOS::_icache_range.o microblaze_0/lib/microblaze_scrub.o microblaze_0/lib/microblaze_selftest.o microblaze_0/lib/microblaze_sleep.o 
TRACE::2024-12-11.11:17:04::SCWMssOS::microblaze_0/lib/microblaze_update_dcache.o microblaze_0/lib/microblaze_update_icache.o microblaze_0/lib/outbyte.o microblaze_0
TRACE::2024-12-11.11:17:04::SCWMssOS::/lib/print.o microblaze_0/lib/pvr.o microblaze_0/lib/xbram.o microblaze_0/lib/xbram_g.o microblaze_0/lib/xbram_intr.o microblaz
TRACE::2024-12-11.11:17:04::SCWMssOS::e_0/lib/xbram_selftest.o microblaze_0/lib/xbram_sinit.o microblaze_0/lib/xgpio.o microblaze_0/lib/xgpio_extra.o microblaze_0/li
TRACE::2024-12-11.11:17:04::SCWMssOS::b/xgpio_g.o microblaze_0/lib/xgpio_intr.o microblaze_0/lib/xgpio_selftest.o microblaze_0/lib/xgpio_sinit.o microblaze_0/lib/xil
TRACE::2024-12-11.11:17:04::SCWMssOS::_assert.o microblaze_0/lib/xil_cache.o microblaze_0/lib/xil_clocking.o microblaze_0/lib/xil_exception.o microblaze_0/lib/xil_me
TRACE::2024-12-11.11:17:04::SCWMssOS::m.o microblaze_0/lib/xil_misc_psreset_api.o microblaze_0/lib/xil_printf.o microblaze_0/lib/xil_sleepcommon.o microblaze_0/lib/x
TRACE::2024-12-11.11:17:04::SCWMssOS::il_testcache.o microblaze_0/lib/xil_testio.o microblaze_0/lib/xil_testmem.o microblaze_0/lib/xil_util.o microblaze_0/lib/xinter
TRACE::2024-12-11.11:17:04::SCWMssOS::rupt_wrap.o microblaze_0/lib/xio.o microblaze_0/lib/xplatform_info.o microblaze_0/lib/xuartlite.o microblaze_0/lib/xuartlite_g.
TRACE::2024-12-11.11:17:04::SCWMssOS::o microblaze_0/lib/xuartlite_intr.o microblaze_0/lib/xuartlite_l.o microblaze_0/lib/xuartlite_selftest.o microblaze_0/lib/xuart
TRACE::2024-12-11.11:17:04::SCWMssOS::lite_sinit.o microblaze_0/lib/xuartlite_stats.o

TRACE::2024-12-11.11:17:05::SCWMssOS::'Finished building libraries'

TRACE::2024-12-11.11:17:05::SCWMssOS::Copying to export directory.
TRACE::2024-12-11.11:17:05::SCWMssOS:: Checking if to create the Supporting Applications
TRACE::2024-12-11.11:17:05::SCWMssOS:: No Linux domain exists, trying to generate FSBL 
LOG::2024-12-11.11:17:05::SCWSystem::Completed Processing the domain standalone_microblaze_0
LOG::2024-12-11.11:17:05::SCWSystem::Completed Processing the sysconfig p4final
LOG::2024-12-11.11:17:05::SCWPlatform::Completed generating the artifacts for system configuration p4final
TRACE::2024-12-11.11:17:05::SCWPlatform::Started preparing the platform 
TRACE::2024-12-11.11:17:05::SCWSystem::Writing the bif file for system config p4final
TRACE::2024-12-11.11:17:05::SCWSystem::dir created 
TRACE::2024-12-11.11:17:05::SCWSystem::Writing the bif 
TRACE::2024-12-11.11:17:05::SCWPlatform::Started writing the spfm file 
TRACE::2024-12-11.11:17:05::SCWPlatform::Started writing the xpfm file 
TRACE::2024-12-11.11:17:05::SCWPlatform::Completed generating the platform
TRACE::2024-12-11.11:17:05::SCWMssOS::Saving the mss changes C:/Users/azmal/Desktop/USB_Backup/SE/Vitis/pcuatro_final/p4final/microblaze_0/standalone_microblaze_0/bsp/system.mss
TRACE::2024-12-11.11:17:05::SCWMssOS::Found a swdesign opened with the mssfile.
TRACE::2024-12-11.11:17:05::SCWMssOS::Completed writemss as part of save.
TRACE::2024-12-11.11:17:05::SCWMssOS::Commit changes completed.
TRACE::2024-12-11.11:17:05::SCWPlatform::Trying to open the hw design at C:/Users/azmal/Desktop/USB_Backup/SE/Vitis/pcuatro_final/p4final/hw/p4final.xsa
TRACE::2024-12-11.11:17:05::SCWPlatform::DSA given C:/Users/azmal/Desktop/USB_Backup/SE/Vitis/pcuatro_final/p4final/hw/p4final.xsa
TRACE::2024-12-11.11:17:05::SCWPlatform::DSA absoulate path C:/Users/azmal/Desktop/USB_Backup/SE/Vitis/pcuatro_final/p4final/hw/p4final.xsa
TRACE::2024-12-11.11:17:05::SCWPlatform::DSA directory C:/Users/azmal/Desktop/USB_Backup/SE/Vitis/pcuatro_final/p4final/hw
TRACE::2024-12-11.11:17:05::SCWPlatform:: Platform Path C:/Users/azmal/Desktop/USB_Backup/SE/Vitis/pcuatro_final/p4final/hw/p4final.xsa
TRACE::2024-12-11.11:17:05::SCWPlatform:: Unique name xilinx:basys3::0.0
TRACE::2024-12-11.11:17:05::SCWPlatform::Trying to set the existing hwdb with name design_1_wrapper_0
TRACE::2024-12-11.11:17:05::SCWPlatform::Opened existing hwdb design_1_wrapper_0
TRACE::2024-12-11.11:17:05::SCWPlatform::Found the Hw Db part of the input DSA
TRACE::2024-12-11.11:17:05::SCWMssOS::Checking the sw design at  C:/Users/azmal/Desktop/USB_Backup/SE/Vitis/pcuatro_final/p4final/microblaze_0/standalone_microblaze_0/bsp/system.mss
TRACE::2024-12-11.11:17:05::SCWMssOS::DEBUG:  swdes dump  C:/Users/azmal/Desktop/USB_Backup/SE/Vitis/pcuatro_final/p4final/microblaze_0/standalone_microblaze_0/bsp/system.mss|system||

TRACE::2024-12-11.11:17:05::SCWMssOS::Sw design exists and opened at  C:/Users/azmal/Desktop/USB_Backup/SE/Vitis/pcuatro_final/p4final/microblaze_0/standalone_microblaze_0/bsp/system.mss
TRACE::2024-12-11.11:17:05::SCWPlatform::Trying to open the hw design at C:/Users/azmal/Desktop/USB_Backup/SE/Vitis/pcuatro_final/p4final/hw/p4final.xsa
TRACE::2024-12-11.11:17:05::SCWPlatform::DSA given C:/Users/azmal/Desktop/USB_Backup/SE/Vitis/pcuatro_final/p4final/hw/p4final.xsa
TRACE::2024-12-11.11:17:05::SCWPlatform::DSA absoulate path C:/Users/azmal/Desktop/USB_Backup/SE/Vitis/pcuatro_final/p4final/hw/p4final.xsa
TRACE::2024-12-11.11:17:05::SCWPlatform::DSA directory C:/Users/azmal/Desktop/USB_Backup/SE/Vitis/pcuatro_final/p4final/hw
TRACE::2024-12-11.11:17:05::SCWPlatform:: Platform Path C:/Users/azmal/Desktop/USB_Backup/SE/Vitis/pcuatro_final/p4final/hw/p4final.xsa
TRACE::2024-12-11.11:17:05::SCWPlatform:: Unique name xilinx:basys3::0.0
TRACE::2024-12-11.11:17:05::SCWPlatform::Trying to set the existing hwdb with name design_1_wrapper_0
TRACE::2024-12-11.11:17:05::SCWPlatform::Opened existing hwdb design_1_wrapper_0
TRACE::2024-12-11.11:17:05::SCWPlatform::Found the Hw Db part of the input DSA
TRACE::2024-12-11.11:17:05::SCWMssOS::Checking the sw design at  C:/Users/azmal/Desktop/USB_Backup/SE/Vitis/pcuatro_final/p4final/microblaze_0/standalone_microblaze_0/bsp/system.mss
TRACE::2024-12-11.11:17:05::SCWMssOS::DEBUG:  swdes dump  C:/Users/azmal/Desktop/USB_Backup/SE/Vitis/pcuatro_final/p4final/microblaze_0/standalone_microblaze_0/bsp/system.mss|system||

TRACE::2024-12-11.11:17:05::SCWMssOS::Sw design exists and opened at  C:/Users/azmal/Desktop/USB_Backup/SE/Vitis/pcuatro_final/p4final/microblaze_0/standalone_microblaze_0/bsp/system.mss
TRACE::2024-12-11.11:17:05::SCWPlatform::Trying to open the hw design at C:/Users/azmal/Desktop/USB_Backup/SE/Vitis/pcuatro_final/p4final/hw/p4final.xsa
TRACE::2024-12-11.11:17:05::SCWPlatform::DSA given C:/Users/azmal/Desktop/USB_Backup/SE/Vitis/pcuatro_final/p4final/hw/p4final.xsa
TRACE::2024-12-11.11:17:05::SCWPlatform::DSA absoulate path C:/Users/azmal/Desktop/USB_Backup/SE/Vitis/pcuatro_final/p4final/hw/p4final.xsa
TRACE::2024-12-11.11:17:05::SCWPlatform::DSA directory C:/Users/azmal/Desktop/USB_Backup/SE/Vitis/pcuatro_final/p4final/hw
TRACE::2024-12-11.11:17:05::SCWPlatform:: Platform Path C:/Users/azmal/Desktop/USB_Backup/SE/Vitis/pcuatro_final/p4final/hw/p4final.xsa
TRACE::2024-12-11.11:17:05::SCWPlatform:: Unique name xilinx:basys3::0.0
TRACE::2024-12-11.11:17:05::SCWPlatform::Trying to set the existing hwdb with name design_1_wrapper_0
TRACE::2024-12-11.11:17:05::SCWPlatform::Opened existing hwdb design_1_wrapper_0
TRACE::2024-12-11.11:17:05::SCWPlatform::Found the Hw Db part of the input DSA
TRACE::2024-12-11.11:17:05::SCWMssOS::Checking the sw design at  C:/Users/azmal/Desktop/USB_Backup/SE/Vitis/pcuatro_final/p4final/microblaze_0/standalone_microblaze_0/bsp/system.mss
TRACE::2024-12-11.11:17:05::SCWMssOS::DEBUG:  swdes dump  C:/Users/azmal/Desktop/USB_Backup/SE/Vitis/pcuatro_final/p4final/microblaze_0/standalone_microblaze_0/bsp/system.mss|system||

TRACE::2024-12-11.11:17:05::SCWMssOS::Sw design exists and opened at  C:/Users/azmal/Desktop/USB_Backup/SE/Vitis/pcuatro_final/p4final/microblaze_0/standalone_microblaze_0/bsp/system.mss
TRACE::2024-12-11.11:17:05::SCWWriter::formatted JSON is {
	"platformName":	"p4final",
	"sprVersion":	"2.0",
	"mode":	"gui",
	"dsaType":	"Fixed",
	"platformDesc":	"p4final",
	"platHandOff":	"C:/Users/azmal/Desktop/USB_Backup/SE/Vivado/practica4/p4final.xsa",
	"platIntHandOff":	"<platformDir>/hw/p4final.xsa",
	"deviceType":	"FPGA",
	"platIsPrebuiltAutogen":	"false",
	"platIsNoBootBsp":	"false",
	"hasFsblMakeHasChanges":	"false",
	"hasPmufwMakeHasChanges":	"false",
	"platPreBuiltFlag":	false,
	"platformSamplesDir":	"",
	"platActiveSys":	"p4final",
	"systems":	[{
			"systemName":	"p4final",
			"systemDesc":	"p4final",
			"sysIsBootAutoGen":	"true",
			"systemDispName":	"p4final",
			"sysActiveDom":	"standalone_microblaze_0",
			"sysDefaultDom":	"standalone_microblaze_0",
			"domains":	[{
					"domainName":	"standalone_microblaze_0",
					"domainDispName":	"standalone_microblaze_0",
					"domainDesc":	"standalone_microblaze_0",
					"processors":	"microblaze_0",
					"os":	"standalone",
					"sdxOs":	"standalone",
					"debugEnable":	"False",
					"domRuntimes":	["cpp"],
					"swRepo":	"",
					"mssOsVer":	"8.1",
					"mssFile":	"",
					"md5Digest":	"279efad25afb0399df082278295d4df2",
					"compatibleApp":	"peripheral_tests",
					"domType":	"mssDomain",
					"arch":	"32-bit",
					"appSettings":	{
						"appCompilerFlags":	"",
						"appLinkerFlags":	""
					},
					"addedLibs":	[],
					"libOptions":	{
						"libsContainingOptions":	[]
					},
					"prebuiltLibs":	{
						"prebuiltIncPath":	[],
						"prebuiltLibPath":	[]
					},
					"isolation":	{
					}
				}]
		}]
}
KEYINFO::2024-12-11.11:17:05::SCWPlatform::updated the xpfm file.
TRACE::2024-12-11.11:17:05::SCWPlatform::Trying to open the hw design at C:/Users/azmal/Desktop/USB_Backup/SE/Vitis/pcuatro_final/p4final/hw/p4final.xsa
TRACE::2024-12-11.11:17:05::SCWPlatform::DSA given C:/Users/azmal/Desktop/USB_Backup/SE/Vitis/pcuatro_final/p4final/hw/p4final.xsa
TRACE::2024-12-11.11:17:05::SCWPlatform::DSA absoulate path C:/Users/azmal/Desktop/USB_Backup/SE/Vitis/pcuatro_final/p4final/hw/p4final.xsa
TRACE::2024-12-11.11:17:05::SCWPlatform::DSA directory C:/Users/azmal/Desktop/USB_Backup/SE/Vitis/pcuatro_final/p4final/hw
TRACE::2024-12-11.11:17:05::SCWPlatform:: Platform Path C:/Users/azmal/Desktop/USB_Backup/SE/Vitis/pcuatro_final/p4final/hw/p4final.xsa
TRACE::2024-12-11.11:17:05::SCWPlatform:: Unique name xilinx:basys3::0.0
TRACE::2024-12-11.11:17:05::SCWPlatform::Trying to set the existing hwdb with name design_1_wrapper_0
TRACE::2024-12-11.11:17:05::SCWPlatform::Opened existing hwdb design_1_wrapper_0
TRACE::2024-12-11.11:17:05::SCWPlatform::Found the Hw Db part of the input DSA
TRACE::2024-12-11.11:17:05::SCWMssOS::Checking the sw design at  C:/Users/azmal/Desktop/USB_Backup/SE/Vitis/pcuatro_final/p4final/microblaze_0/standalone_microblaze_0/bsp/system.mss
TRACE::2024-12-11.11:17:05::SCWMssOS::DEBUG:  swdes dump  C:/Users/azmal/Desktop/USB_Backup/SE/Vitis/pcuatro_final/p4final/microblaze_0/standalone_microblaze_0/bsp/system.mss|system||

TRACE::2024-12-11.11:17:05::SCWMssOS::Sw design exists and opened at  C:/Users/azmal/Desktop/USB_Backup/SE/Vitis/pcuatro_final/p4final/microblaze_0/standalone_microblaze_0/bsp/system.mss
