Copyright 1986-2022 Xilinx, Inc. All Rights Reserved. Copyright 2022-2023 Advanced Micro Devices, Inc. All Rights Reserved.
---------------------------------------------------------------------------------------------------------------------------------------------
| Tool Version : Vivado v.2023.1 (win64) Build 3865809 Sun May  7 15:05:29 MDT 2023
| Date         : Thu Jun  5 17:55:57 2025
| Host         : Alexzame-Laptop running 64-bit major release  (build 9200)
| Command      : upgrade_ip
| Device       : xc7a35tcpg236-1
---------------------------------------------------------------------------------------------------------------------------------------------

Upgrade Log for IP 'design_1_matrizpuntos_0_0'

1. Summary
----------

SUCCESS in the update of design_1_matrizpuntos_0_0 (xilinx.com:user:matrizpuntos:1.0 (Rev. 4)) to current project options.






Copyright 1986-2022 Xilinx, Inc. All Rights Reserved. Copyright 2022-2023 Advanced Micro Devices, Inc. All Rights Reserved.
---------------------------------------------------------------------------------------------------------------------------------------------
| Tool Version : Vivado v.2023.1 (win64) Build 3865809 Sun May  7 15:05:29 MDT 2023
| Date         : Thu Jun  5 17:54:52 2025
| Host         : Alexzame-Laptop running 64-bit major release  (build 9200)
| Command      : upgrade_ip
| Device       : xc7a35tcpg236-1
---------------------------------------------------------------------------------------------------------------------------------------------

Upgrade Log for IP 'design_1_matrizpuntos_0_0'

1. Summary
----------

SUCCESS in the upgrade of design_1_matrizpuntos_0_0 (xilinx.com:user:matrizpuntos:1.0) from (Rev. 3) to (Rev. 4)






Copyright 1986-2022 Xilinx, Inc. All Rights Reserved. Copyright 2022-2023 Advanced Micro Devices, Inc. All Rights Reserved.
---------------------------------------------------------------------------------------------------------------------------------------------
| Tool Version : Vivado v.2023.1 (win64) Build 3865809 Sun May  7 15:05:29 MDT 2023
| Date         : Thu Jun  5 17:41:05 2025
| Host         : Alexzame-Laptop running 64-bit major release  (build 9200)
| Command      : upgrade_ip
| Device       : xc7a35tcpg236-1
---------------------------------------------------------------------------------------------------------------------------------------------

Upgrade Log for IP 'design_1_conversorad_0_0'

1. Summary
----------

SUCCESS in the upgrade of design_1_conversorad_0_0 (xilinx.com:user:conversorad:1.0) from (Rev. 2) to (Rev. 3)






Copyright 1986-2022 Xilinx, Inc. All Rights Reserved. Copyright 2022-2023 Advanced Micro Devices, Inc. All Rights Reserved.
---------------------------------------------------------------------------------------------------------------------------------------------
| Tool Version : Vivado v.2023.1 (win64) Build 3865809 Sun May  7 15:05:29 MDT 2023
| Date         : Wed Dec  4 17:23:47 2024
| Host         : Alexzame-Laptop running 64-bit major release  (build 9200)
| Command      : upgrade_ip
| Device       : xc7a35tcpg236-1
---------------------------------------------------------------------------------------------------------------------------------------------

Upgrade Log for IP 'design_1_matrizpuntos_0_0'

1. Summary
----------

SUCCESS in the upgrade of design_1_matrizpuntos_0_0 (xilinx.com:user:matrizpuntos:1.0) from (Rev. 2) to (Rev. 3)






Copyright 1986-2022 Xilinx, Inc. All Rights Reserved. Copyright 2022-2023 Advanced Micro Devices, Inc. All Rights Reserved.
---------------------------------------------------------------------------------------------------------------------------------------------
| Tool Version : Vivado v.2023.1 (win64) Build 3865809 Sun May  7 15:05:29 MDT 2023
| Date         : Mon Dec  2 11:33:43 2024
| Host         : Alexzame-Laptop running 64-bit major release  (build 9200)
| Command      : upgrade_ip
| Device       : xc7a35tcpg236-1
---------------------------------------------------------------------------------------------------------------------------------------------

Upgrade Log for IP 'design_1_conversorad_0_0'

1. Summary
----------

CAUTION (success, with warnings) in the upgrade of design_1_conversorad_0_0 (xilinx.com:user:conversorad:1.0) from (Rev. 1) to (Rev. 2)

After upgrade, an IP may have parameter and port differences compared to the original customization. Please review the parameters within the IP customization GUI to ensure proper functionality. Also, please review the updated IP instantiation template to ensure proper connectivity, and update your design if required.

2. Connection Warnings
----------------------

Detected external port differences while upgrading 'design_1_conversorad_0_0'. These changes may impact your design.


-Upgrade has added port 'conv_addr'

-Upgrade has added port 'conv_ale'

-Upgrade has added port 'conv_clk'

-Upgrade has added port 'conv_data'

-Upgrade has added port 'conv_eoc'

-Upgrade has added port 'conv_oe'

-Upgrade has added port 'conv_start'







Copyright 1986-2022 Xilinx, Inc. All Rights Reserved. Copyright 2022-2023 Advanced Micro Devices, Inc. All Rights Reserved.
---------------------------------------------------------------------------------------------------------------------------------------------
| Tool Version : Vivado v.2023.1 (win64) Build 3865809 Sun May  7 15:05:29 MDT 2023
| Date         : Mon Dec  2 11:21:49 2024
| Host         : Alexzame-Laptop running 64-bit major release  (build 9200)
| Command      : upgrade_ip
| Device       : xc7a35tcpg236-1
---------------------------------------------------------------------------------------------------------------------------------------------

Upgrade Log for IP 'design_1_matrizpuntos_0_0'

1. Summary
----------

CAUTION (success, with warnings) in the upgrade of design_1_matrizpuntos_0_0 (xilinx.com:user:matrizpuntos:1.0) from (Rev. 1) to (Rev. 2)

After upgrade, an IP may have parameter and port differences compared to the original customization. Please review the parameters within the IP customization GUI to ensure proper functionality. Also, please review the updated IP instantiation template to ensure proper connectivity, and update your design if required.

2. Connection Warnings
----------------------

Detected external port differences while upgrading 'design_1_matrizpuntos_0_0'. These changes may impact your design.


-Upgrade has added port 'col_clk'

-Upgrade has added port 'col_serial_out'

-Upgrade has added port 'columnap'

-Upgrade has added port 'datop'

-Upgrade has added port 'filap'

-Upgrade has added port 'loadp'

-Upgrade has added port 'reset2_out'

-Upgrade has added port 'reset_out'

-Upgrade has added port 'row_clk'

-Upgrade has added port 'row_serial_out'







Copyright 1986-2022 Xilinx, Inc. All Rights Reserved. Copyright 2022-2023 Advanced Micro Devices, Inc. All Rights Reserved.
---------------------------------------------------------------------------------------------------------------------------------------------
| Tool Version : Vivado v.2023.1 (win64) Build 3865809 Sun May  7 15:05:29 MDT 2023
| Date         : Thu Oct 24 11:46:32 2024
| Host         : Alexzame-Laptop running 64-bit major release  (build 9200)
| Command      : upgrade_ip
| Device       : xc7a35tcpg236-1
---------------------------------------------------------------------------------------------------------------------------------------------

Upgrade Log for IP 'design_1_rst_clk_wiz_1_100M_0'

1. Summary
----------

SUCCESS in the update of design_1_rst_clk_wiz_1_100M_0 (xilinx.com:ip:proc_sys_reset:5.0 (Rev. 13)) to current project options.






Copyright 1986-2022 Xilinx, Inc. All Rights Reserved. Copyright 2022-2023 Advanced Micro Devices, Inc. All Rights Reserved.
---------------------------------------------------------------------------------------------------------------------------------------------
| Tool Version : Vivado v.2023.1 (win64) Build 3865809 Sun May  7 15:05:29 MDT 2023
| Date         : Thu Oct 24 11:46:32 2024
| Host         : Alexzame-Laptop running 64-bit major release  (build 9200)
| Command      : upgrade_ip
| Device       : xc7a35tcpg236-1
---------------------------------------------------------------------------------------------------------------------------------------------

Upgrade Log for IP 'design_1_clk_wiz_1_0'

1. Summary
----------

SUCCESS in the update of design_1_clk_wiz_1_0 (xilinx.com:ip:clk_wiz:6.0 (Rev. 12)) to current project options.

