11:06:00 DEBUG : Logs will be stored at 'C:/Users/azmal/Desktop/USB_Backup/SE/Vitis/pcuatro_final/IDE.log'.
11:06:10 INFO  : Launching XSCT server: xsct.bat -n  -interactive C:\Users\azmal\Desktop\USB_Backup\SE\Vitis\pcuatro_final\temp_xsdb_launch_script.tcl
11:06:11 INFO  : Platform repository initialization has completed.
11:06:12 INFO  : Registering command handlers for Vitis TCF services
11:06:18 INFO  : XSCT server has started successfully.
11:06:18 INFO  : Successfully done setting XSCT server connection channel  
11:06:25 INFO  : plnx-install-location is set to ''
11:06:25 INFO  : Successfully done setting workspace for the tool. 
11:06:25 INFO  : Successfully done query RDI_DATADIR 
11:09:18 INFO  : Result from executing command 'getProjects': p4final
11:09:18 INFO  : Result from executing command 'getPlatforms': 
11:09:18 WARN  : An unexpected exception occurred in the module 'platform project logging'
11:09:18 INFO  : Platform 'p4final' is added to custom repositories.
11:09:28 INFO  : Platform 'p4final' is added to custom repositories.
11:17:05 INFO  : Result from executing command 'getProjects': p4final
11:17:05 INFO  : Result from executing command 'getPlatforms': p4final|C:/Users/azmal/Desktop/USB_Backup/SE/Vitis/pcuatro_final/p4final/export/p4final/p4final.xpfm
11:17:06 INFO  : Checking for BSP changes to sync application flags for project 'pcuatro'...
11:17:21 INFO  : Checking for BSP changes to sync application flags for project 'pcuatro'...
11:20:00 INFO  : Bit file 'C:/Users/azmal/Desktop/USB_Backup/SE/Vitis/pcuatro_final/pcuatro/_ide/bitstream/download.bit' is generated.
11:20:02 INFO  : Connected to target on host '127.0.0.1' and port '3121'.
11:20:03 INFO  : 'targets -set -filter {jtag_cable_name =~ "Digilent Basys3 210183B31CDAA" && level==0 && jtag_device_ctx=="jsn-Basys3-210183B31CDAA-0362d093-0"}' command is executed.
11:20:04 INFO  : Device configured successfully with "C:/Users/azmal/Desktop/USB_Backup/SE/Vitis/pcuatro_final/pcuatro/_ide/bitstream/download.bit"
11:22:12 INFO  : Checking for BSP changes to sync application flags for project 'pcuatro'...
11:22:45 INFO  : Bit file 'C:/Users/azmal/Desktop/USB_Backup/SE/Vitis/pcuatro_final/pcuatro/_ide/bitstream/download.bit' is generated.
11:22:46 INFO  : Connected to target on host '127.0.0.1' and port '3121'.
11:22:46 INFO  : 'targets -set -filter {jtag_cable_name =~ "Digilent Basys3 210183B31CDAA" && level==0 && jtag_device_ctx=="jsn-Basys3-210183B31CDAA-0362d093-0"}' command is executed.
11:22:47 INFO  : Device configured successfully with "C:/Users/azmal/Desktop/USB_Backup/SE/Vitis/pcuatro_final/pcuatro/_ide/bitstream/download.bit"
11:25:16 INFO  : Checking for BSP changes to sync application flags for project 'pcuatro'...
11:25:53 INFO  : Bit file 'C:/Users/azmal/Desktop/USB_Backup/SE/Vitis/pcuatro_final/pcuatro/_ide/bitstream/download.bit' is generated.
11:25:53 INFO  : Connected to target on host '127.0.0.1' and port '3121'.
11:25:53 INFO  : 'targets -set -filter {jtag_cable_name =~ "Digilent Basys3 210183B31CDAA" && level==0 && jtag_device_ctx=="jsn-Basys3-210183B31CDAA-0362d093-0"}' command is executed.
11:25:54 INFO  : Device configured successfully with "C:/Users/azmal/Desktop/USB_Backup/SE/Vitis/pcuatro_final/pcuatro/_ide/bitstream/download.bit"
13:30:38 INFO  : Checking for BSP changes to sync application flags for project 'pcuatro'...
13:31:29 INFO  : Bit file 'C:/Users/azmal/Desktop/USB_Backup/SE/Vitis/pcuatro_final/pcuatro/_ide/bitstream/download.bit' is generated.
13:31:29 INFO  : Connected to target on host '127.0.0.1' and port '3121'.
13:31:29 INFO  : 'targets -set -filter {jtag_cable_name =~ "Digilent Basys3 210183BB7595A" && level==0 && jtag_device_ctx=="jsn-Basys3-210183BB7595A-0362d093-0"}' command is executed.
13:31:30 INFO  : Device configured successfully with "C:/Users/azmal/Desktop/USB_Backup/SE/Vitis/pcuatro_final/pcuatro/_ide/bitstream/download.bit"
15:30:52 INFO  : Checking for BSP changes to sync application flags for project 'pcuatro'...
15:31:14 INFO  : Checking for BSP changes to sync application flags for project 'pcuatro'...
15:31:27 INFO  : Checking for BSP changes to sync application flags for project 'pcuatro'...
15:31:45 INFO  : Checking for BSP changes to sync application flags for project 'pcuatro'...
15:32:38 INFO  : Bit file 'C:/Users/azmal/Desktop/USB_Backup/SE/Vitis/pcuatro_final/pcuatro/_ide/bitstream/download.bit' is generated.
15:32:38 INFO  : Connected to target on host '127.0.0.1' and port '3121'.
15:32:39 INFO  : 'targets -set -filter {jtag_cable_name =~ "Digilent Basys3 210183BB7CB2A" && level==0 && jtag_device_ctx=="jsn-Basys3-210183BB7CB2A-0362d093-0"}' command is executed.
15:32:40 INFO  : Device configured successfully with "C:/Users/azmal/Desktop/USB_Backup/SE/Vitis/pcuatro_final/pcuatro/_ide/bitstream/download.bit"
16:13:42 INFO  : Checking for BSP changes to sync application flags for project 'pcuatro'...
16:14:01 INFO  : Checking for BSP changes to sync application flags for project 'pcuatro'...
16:14:39 INFO  : Bit file 'C:/Users/azmal/Desktop/USB_Backup/SE/Vitis/pcuatro_final/pcuatro/_ide/bitstream/download.bit' is generated.
16:14:39 INFO  : Connected to target on host '127.0.0.1' and port '3121'.
16:14:39 INFO  : 'targets -set -filter {jtag_cable_name =~ "Digilent Basys3 210183BB7CB2A" && level==0 && jtag_device_ctx=="jsn-Basys3-210183BB7CB2A-0362d093-0"}' command is executed.
16:14:40 INFO  : Device configured successfully with "C:/Users/azmal/Desktop/USB_Backup/SE/Vitis/pcuatro_final/pcuatro/_ide/bitstream/download.bit"
16:16:28 INFO  : Checking for BSP changes to sync application flags for project 'pcuatro'...
16:16:46 INFO  : Checking for BSP changes to sync application flags for project 'pcuatro'...
16:17:25 INFO  : Bit file 'C:/Users/azmal/Desktop/USB_Backup/SE/Vitis/pcuatro_final/pcuatro/_ide/bitstream/download.bit' is generated.
16:17:25 INFO  : Connected to target on host '127.0.0.1' and port '3121'.
16:17:25 INFO  : 'targets -set -filter {jtag_cable_name =~ "Digilent Basys3 210183BB7CB2A" && level==0 && jtag_device_ctx=="jsn-Basys3-210183BB7CB2A-0362d093-0"}' command is executed.
16:17:27 INFO  : Device configured successfully with "C:/Users/azmal/Desktop/USB_Backup/SE/Vitis/pcuatro_final/pcuatro/_ide/bitstream/download.bit"
16:17:56 INFO  : Checking for BSP changes to sync application flags for project 'pcuatro'...
16:18:30 INFO  : Bit file 'C:/Users/azmal/Desktop/USB_Backup/SE/Vitis/pcuatro_final/pcuatro/_ide/bitstream/download.bit' is generated.
16:18:30 INFO  : Connected to target on host '127.0.0.1' and port '3121'.
16:18:30 INFO  : 'targets -set -filter {jtag_cable_name =~ "Digilent Basys3 210183BB7CB2A" && level==0 && jtag_device_ctx=="jsn-Basys3-210183BB7CB2A-0362d093-0"}' command is executed.
16:18:31 INFO  : Device configured successfully with "C:/Users/azmal/Desktop/USB_Backup/SE/Vitis/pcuatro_final/pcuatro/_ide/bitstream/download.bit"
16:44:54 INFO  : Checking for BSP changes to sync application flags for project 'pcuatro'...
16:45:08 INFO  : Checking for BSP changes to sync application flags for project 'pcuatro'...
16:45:36 INFO  : Bit file 'C:/Users/azmal/Desktop/USB_Backup/SE/Vitis/pcuatro_final/pcuatro/_ide/bitstream/download.bit' is generated.
16:45:36 INFO  : Connected to target on host '127.0.0.1' and port '3121'.
16:45:36 INFO  : 'targets -set -filter {jtag_cable_name =~ "Digilent Basys3 210183BB7CB2A" && level==0 && jtag_device_ctx=="jsn-Basys3-210183BB7CB2A-0362d093-0"}' command is executed.
16:45:37 INFO  : Device configured successfully with "C:/Users/azmal/Desktop/USB_Backup/SE/Vitis/pcuatro_final/pcuatro/_ide/bitstream/download.bit"
15:56:38 DEBUG : Logs will be stored at 'C:/Users/azmal/Desktop/USB_Backup/SE/Vitis/pcuatro_final/IDE.log'.
15:56:41 INFO  : Launching XSCT server: xsct.bat -n  -interactive C:\Users\azmal\Desktop\USB_Backup\SE\Vitis\pcuatro_final\temp_xsdb_launch_script.tcl
15:56:45 INFO  : XSCT server has started successfully.
15:56:45 INFO  : plnx-install-location is set to ''
15:56:45 INFO  : Successfully done setting XSCT server connection channel  
15:56:45 INFO  : Successfully done setting workspace for the tool. 
15:57:05 INFO  : Platform repository initialization has completed.
15:57:18 INFO  : Registering command handlers for Vitis TCF services
15:57:19 INFO  : Successfully done query RDI_DATADIR 
15:57:46 INFO  : Checking for BSP changes to sync application flags for project 'pcuatro'...
16:00:57 INFO  : Bit file 'C:/Users/azmal/Desktop/USB_Backup/SE/Vitis/pcuatro_final/pcuatro/_ide/bitstream/download.bit' is generated.
16:01:00 INFO  : Connected to target on host '127.0.0.1' and port '3121'.
16:01:04 INFO  : 'targets -set -filter {jtag_cable_name =~ "Digilent Basys3 210183BB7CB2A" && level==0 && jtag_device_ctx=="jsn-Basys3-210183BB7CB2A-0362d093-0"}' command is executed.
16:01:06 INFO  : Device configured successfully with "C:/Users/azmal/Desktop/USB_Backup/SE/Vitis/pcuatro_final/pcuatro/_ide/bitstream/download.bit"
16:03:32 INFO  : Checking for BSP changes to sync application flags for project 'pcuatro'...
16:04:02 INFO  : Bit file 'C:/Users/azmal/Desktop/USB_Backup/SE/Vitis/pcuatro_final/pcuatro/_ide/bitstream/download.bit' is generated.
16:04:02 INFO  : Connected to target on host '127.0.0.1' and port '3121'.
16:04:03 INFO  : 'targets -set -filter {jtag_cable_name =~ "Digilent Basys3 210183BB7CB2A" && level==0 && jtag_device_ctx=="jsn-Basys3-210183BB7CB2A-0362d093-0"}' command is executed.
16:04:04 INFO  : Device configured successfully with "C:/Users/azmal/Desktop/USB_Backup/SE/Vitis/pcuatro_final/pcuatro/_ide/bitstream/download.bit"
16:04:40 INFO  : Checking for BSP changes to sync application flags for project 'pcuatro'...
16:05:14 INFO  : Bit file 'C:/Users/azmal/Desktop/USB_Backup/SE/Vitis/pcuatro_final/pcuatro/_ide/bitstream/download.bit' is generated.
16:05:14 INFO  : Connected to target on host '127.0.0.1' and port '3121'.
16:05:14 INFO  : 'targets -set -filter {jtag_cable_name =~ "Digilent Basys3 210183BB7CB2A" && level==0 && jtag_device_ctx=="jsn-Basys3-210183BB7CB2A-0362d093-0"}' command is executed.
16:05:16 INFO  : Device configured successfully with "C:/Users/azmal/Desktop/USB_Backup/SE/Vitis/pcuatro_final/pcuatro/_ide/bitstream/download.bit"
16:38:39 INFO  : Checking for BSP changes to sync application flags for project 'pcuatro'...
16:39:41 INFO  : Checking for BSP changes to sync application flags for project 'pcuatro'...
16:40:06 INFO  : Checking for BSP changes to sync application flags for project 'pcuatro'...
16:43:52 INFO  : Checking for BSP changes to sync application flags for project 'pcuatro'...
16:44:29 INFO  : Bit file 'C:/Users/azmal/Desktop/USB_Backup/SE/Vitis/pcuatro_final/pcuatro/_ide/bitstream/download.bit' is generated.
16:44:29 INFO  : Connected to target on host '127.0.0.1' and port '3121'.
16:44:29 INFO  : 'targets -set -filter {jtag_cable_name =~ "Digilent Basys3 210183BB7CB2A" && level==0 && jtag_device_ctx=="jsn-Basys3-210183BB7CB2A-0362d093-0"}' command is executed.
16:44:30 INFO  : Device configured successfully with "C:/Users/azmal/Desktop/USB_Backup/SE/Vitis/pcuatro_final/pcuatro/_ide/bitstream/download.bit"
18:59:26 DEBUG : Logs will be stored at 'C:/Users/azmal/Desktop/USB_Backup/SE/Vitis/pcuatro_final/IDE.log'.
18:59:27 INFO  : Launching XSCT server: xsct.bat -n  -interactive C:\Users\azmal\Desktop\USB_Backup\SE\Vitis\pcuatro_final\temp_xsdb_launch_script.tcl
18:59:34 INFO  : XSCT server has started successfully.
18:59:34 INFO  : Successfully done setting XSCT server connection channel  
18:59:34 INFO  : plnx-install-location is set to ''
18:59:34 INFO  : Successfully done setting workspace for the tool. 
19:00:23 DEBUG : Logs will be stored at 'C:/Users/azmal/Desktop/USB_Backup/SE/Vitis/pcuatro_final/IDE.log'.
19:00:24 INFO  : Launching XSCT server: xsct.bat -n  -interactive C:\Users\azmal\Desktop\USB_Backup\SE\Vitis\pcuatro_final\temp_xsdb_launch_script.tcl
19:00:28 INFO  : XSCT server has started successfully.
19:00:28 INFO  : plnx-install-location is set to ''
19:00:28 INFO  : Successfully done setting XSCT server connection channel  
19:00:28 INFO  : Successfully done setting workspace for the tool. 
19:01:30 DEBUG : Logs will be stored at 'C:/Users/azmal/Desktop/USB_Backup/SE/Vitis/pcuatro_final/IDE.log'.
19:01:31 INFO  : Launching XSCT server: xsct.bat -n  -interactive C:\Users\azmal\Desktop\USB_Backup\SE\Vitis\pcuatro_final\temp_xsdb_launch_script.tcl
19:01:35 INFO  : XSCT server has started successfully.
19:01:35 INFO  : plnx-install-location is set to ''
19:01:35 INFO  : Successfully done setting XSCT server connection channel  
19:01:35 INFO  : Successfully done setting workspace for the tool. 
19:02:34 DEBUG : Logs will be stored at 'C:/Users/azmal/Desktop/USB_Backup/SE/Vitis/pcuatro_final/IDE.log'.
19:02:35 INFO  : Launching XSCT server: xsct.bat -n  -interactive C:\Users\azmal\Desktop\USB_Backup\SE\Vitis\pcuatro_final\temp_xsdb_launch_script.tcl
19:02:38 INFO  : XSCT server has started successfully.
19:02:38 INFO  : Successfully done setting XSCT server connection channel  
19:02:38 INFO  : plnx-install-location is set to ''
19:02:38 INFO  : Successfully done setting workspace for the tool. 
19:03:26 INFO  : Platform repository initialization has completed.
19:03:26 INFO  : Registering command handlers for Vitis TCF services
19:03:29 INFO  : Successfully done query RDI_DATADIR 
19:04:09 INFO  : Checking for BSP changes to sync application flags for project 'pcuatro'...
19:04:17 INFO  : Checking for BSP changes to sync application flags for project 'pcuatro'...
19:05:12 INFO  : Bit file 'C:/Users/azmal/Desktop/USB_Backup/SE/Vitis/pcuatro_final/pcuatro/_ide/bitstream/download.bit' is generated.
19:05:15 INFO  : Connected to target on host '127.0.0.1' and port '3121'.
19:05:15 INFO  : 'targets -set -filter {jtag_cable_name =~ "Digilent Basys3 210183BB7CB2A" && level==0 && jtag_device_ctx=="jsn-Basys3-210183BB7CB2A-0362d093-0"}' command is executed.
19:05:17 INFO  : Device configured successfully with "C:/Users/azmal/Desktop/USB_Backup/SE/Vitis/pcuatro_final/pcuatro/_ide/bitstream/download.bit"
19:06:10 INFO  : Checking for BSP changes to sync application flags for project 'pcuatro'...
19:06:46 INFO  : Bit file 'C:/Users/azmal/Desktop/USB_Backup/SE/Vitis/pcuatro_final/pcuatro/_ide/bitstream/download.bit' is generated.
19:06:46 INFO  : Connected to target on host '127.0.0.1' and port '3121'.
19:06:46 INFO  : 'targets -set -filter {jtag_cable_name =~ "Digilent Basys3 210183BB7CB2A" && level==0 && jtag_device_ctx=="jsn-Basys3-210183BB7CB2A-0362d093-0"}' command is executed.
19:06:48 INFO  : Device configured successfully with "C:/Users/azmal/Desktop/USB_Backup/SE/Vitis/pcuatro_final/pcuatro/_ide/bitstream/download.bit"
19:07:45 INFO  : Checking for BSP changes to sync application flags for project 'pcuatro'...
19:08:16 INFO  : Checking for BSP changes to sync application flags for project 'pcuatro'...
19:08:55 INFO  : Bit file 'C:/Users/azmal/Desktop/USB_Backup/SE/Vitis/pcuatro_final/pcuatro/_ide/bitstream/download.bit' is generated.
19:08:55 INFO  : Connected to target on host '127.0.0.1' and port '3121'.
19:08:55 INFO  : 'targets -set -filter {jtag_cable_name =~ "Digilent Basys3 210183BB7CB2A" && level==0 && jtag_device_ctx=="jsn-Basys3-210183BB7CB2A-0362d093-0"}' command is executed.
19:08:56 INFO  : Device configured successfully with "C:/Users/azmal/Desktop/USB_Backup/SE/Vitis/pcuatro_final/pcuatro/_ide/bitstream/download.bit"
17:39:57 DEBUG : Logs will be stored at 'C:/Users/azmal/Desktop/USB_Backup/SE/Vitis/pcuatro_final/IDE.log'.
17:39:57 INFO  : Launching XSCT server: xsct.bat -n  -interactive C:\Users\azmal\Desktop\USB_Backup\SE\Vitis\pcuatro_final\temp_xsdb_launch_script.tcl
17:40:00 INFO  : XSCT server has started successfully.
17:40:00 INFO  : Successfully done setting XSCT server connection channel  
17:40:00 INFO  : plnx-install-location is set to ''
17:40:00 INFO  : Successfully done setting workspace for the tool. 
17:41:19 INFO  : Platform repository initialization has completed.
17:43:05 INFO  : Successfully done query RDI_DATADIR 
17:43:05 INFO  : Registering command handlers for Vitis TCF services
17:48:11 INFO  : Checking for BSP changes to sync application flags for project 'pcuatro'...
17:49:07 INFO  : Checking for BSP changes to sync application flags for project 'pcuatro'...
17:49:36 INFO  : Checking for BSP changes to sync application flags for project 'pcuatro'...
17:49:57 INFO  : Checking for BSP changes to sync application flags for project 'pcuatro'...
17:50:24 INFO  : Checking for BSP changes to sync application flags for project 'pcuatro'...
17:50:31 INFO  : Checking for BSP changes to sync application flags for project 'pcuatro'...
17:52:11 INFO  : Bit file 'C:/Users/azmal/Desktop/USB_Backup/SE/Vitis/pcuatro_final/pcuatro/_ide/bitstream/download.bit' is generated.
17:52:13 INFO  : Connected to target on host '127.0.0.1' and port '3121'.
17:52:14 INFO  : 'targets -set -filter {jtag_cable_name =~ "Digilent Basys3 210183BB7CB2A" && level==0 && jtag_device_ctx=="jsn-Basys3-210183BB7CB2A-0362d093-0"}' command is executed.
17:52:15 INFO  : Device configured successfully with "C:/Users/azmal/Desktop/USB_Backup/SE/Vitis/pcuatro_final/pcuatro/_ide/bitstream/download.bit"
17:53:39 INFO  : Checking for BSP changes to sync application flags for project 'pcuatro'...
17:53:48 INFO  : Checking for BSP changes to sync application flags for project 'pcuatro'...
17:54:06 INFO  : Checking for BSP changes to sync application flags for project 'pcuatro'...
17:54:33 INFO  : Bit file 'C:/Users/azmal/Desktop/USB_Backup/SE/Vitis/pcuatro_final/pcuatro/_ide/bitstream/download.bit' is generated.
17:54:33 INFO  : Connected to target on host '127.0.0.1' and port '3121'.
17:54:33 INFO  : 'targets -set -filter {jtag_cable_name =~ "Digilent Basys3 210183BB7CB2A" && level==0 && jtag_device_ctx=="jsn-Basys3-210183BB7CB2A-0362d093-0"}' command is executed.
17:54:34 INFO  : Device configured successfully with "C:/Users/azmal/Desktop/USB_Backup/SE/Vitis/pcuatro_final/pcuatro/_ide/bitstream/download.bit"
