TRACE::2024-11-14.11:54:22::SCWPlatform::Trying to open the hw design at D:/SE/Vitis/practica_dos_c/practica_dosc/hw/practica_dosc.xsa
TRACE::2024-11-14.11:54:22::SCWPlatform::DSA given D:/SE/Vitis/practica_dos_c/practica_dosc/hw/practica_dosc.xsa
TRACE::2024-11-14.11:54:22::SCWPlatform::DSA absoulate path D:/SE/Vitis/practica_dos_c/practica_dosc/hw/practica_dosc.xsa
TRACE::2024-11-14.11:54:22::SCWPlatform::DSA directory D:/SE/Vitis/practica_dos_c/practica_dosc/hw
TRACE::2024-11-14.11:54:22::SCWPlatform:: Platform Path D:/SE/Vitis/practica_dos_c/practica_dosc/hw/practica_dosc.xsa
TRACE::2024-11-14.11:54:22::SCWPlatform:: Unique name xilinx:basys3::0.0
TRACE::2024-11-14.11:54:22::SCWPlatform::Do not have an existing db opened. 
TRACE::2024-11-14.11:54:24::SCWPlatform::Opened new HwDB with name design_1_wrapper_0
TRACE::2024-11-14.11:54:24::SCWWriter::formatted JSON is {
	"platformName":	"practica_dosc",
	"sprVersion":	"2.0",
	"mode":	"gui",
	"dsaType":	"Fixed",
	"platformDesc":	"practica_dosc",
	"platHandOff":	"D:/SE/Vivado/practica2/practica_dosc.xsa",
	"platIntHandOff":	"<platformDir>/hw/practica_dosc.xsa",
	"deviceType":	"FPGA",
	"platIsPrebuiltAutogen":	"false",
	"platIsNoBootBsp":	"false",
	"hasFsblMakeHasChanges":	"false",
	"hasPmufwMakeHasChanges":	"false",
	"platPreBuiltFlag":	false,
	"platformSamplesDir":	""
}
TRACE::2024-11-14.11:54:24::SCWWriter::formatted JSON is {
	"platformName":	"practica_dosc",
	"sprVersion":	"2.0",
	"mode":	"gui",
	"dsaType":	"Fixed",
	"platformDesc":	"practica_dosc",
	"platHandOff":	"D:/SE/Vivado/practica2/practica_dosc.xsa",
	"platIntHandOff":	"<platformDir>/hw/practica_dosc.xsa",
	"deviceType":	"FPGA",
	"platIsPrebuiltAutogen":	"false",
	"platIsNoBootBsp":	"false",
	"hasFsblMakeHasChanges":	"false",
	"hasPmufwMakeHasChanges":	"false",
	"platPreBuiltFlag":	false,
	"platformSamplesDir":	"",
	"platActiveSys":	"practica_dosc",
	"systems":	[{
			"systemName":	"practica_dosc",
			"systemDesc":	"practica_dosc",
			"sysIsBootAutoGen":	"true",
			"systemDispName":	"practica_dosc"
		}]
}
TRACE::2024-11-14.11:54:24::SCWPlatform::Boot application domains not present, creating them
TRACE::2024-11-14.11:54:24::SCWPlatform::Pure FPGA device, no boot application will be created.
TRACE::2024-11-14.11:54:24::SCWWriter::formatted JSON is {
	"platformName":	"practica_dosc",
	"sprVersion":	"2.0",
	"mode":	"gui",
	"dsaType":	"Fixed",
	"platformDesc":	"practica_dosc",
	"platHandOff":	"D:/SE/Vivado/practica2/practica_dosc.xsa",
	"platIntHandOff":	"<platformDir>/hw/practica_dosc.xsa",
	"deviceType":	"FPGA",
	"platIsPrebuiltAutogen":	"false",
	"platIsNoBootBsp":	"false",
	"hasFsblMakeHasChanges":	"false",
	"hasPmufwMakeHasChanges":	"false",
	"platPreBuiltFlag":	false,
	"platformSamplesDir":	"",
	"platActiveSys":	"practica_dosc",
	"systems":	[{
			"systemName":	"practica_dosc",
			"systemDesc":	"practica_dosc",
			"sysIsBootAutoGen":	"true",
			"systemDispName":	"practica_dosc"
		}]
}
TRACE::2024-11-14.11:54:24::SCWWriter::formatted JSON is {
	"platformName":	"practica_dosc",
	"sprVersion":	"2.0",
	"mode":	"gui",
	"dsaType":	"Fixed",
	"platformDesc":	"practica_dosc",
	"platHandOff":	"D:/SE/Vivado/practica2/practica_dosc.xsa",
	"platIntHandOff":	"<platformDir>/hw/practica_dosc.xsa",
	"deviceType":	"FPGA",
	"platIsPrebuiltAutogen":	"false",
	"platIsNoBootBsp":	"false",
	"hasFsblMakeHasChanges":	"false",
	"hasPmufwMakeHasChanges":	"false",
	"platPreBuiltFlag":	false,
	"platformSamplesDir":	"",
	"platActiveSys":	"practica_dosc",
	"systems":	[{
			"systemName":	"practica_dosc",
			"systemDesc":	"practica_dosc",
			"sysIsBootAutoGen":	"true",
			"systemDispName":	"practica_dosc"
		}]
}
TRACE::2024-11-14.11:54:24::SCWPlatform::Trying to open the hw design at D:/SE/Vitis/practica_dos_c/practica_dosc/hw/practica_dosc.xsa
TRACE::2024-11-14.11:54:24::SCWPlatform::DSA given D:/SE/Vitis/practica_dos_c/practica_dosc/hw/practica_dosc.xsa
TRACE::2024-11-14.11:54:24::SCWPlatform::DSA absoulate path D:/SE/Vitis/practica_dos_c/practica_dosc/hw/practica_dosc.xsa
TRACE::2024-11-14.11:54:24::SCWPlatform::DSA directory D:/SE/Vitis/practica_dos_c/practica_dosc/hw
TRACE::2024-11-14.11:54:24::SCWPlatform:: Platform Path D:/SE/Vitis/practica_dos_c/practica_dosc/hw/practica_dosc.xsa
TRACE::2024-11-14.11:54:24::SCWPlatform:: Unique name xilinx:basys3::0.0
TRACE::2024-11-14.11:54:24::SCWPlatform::Trying to set the existing hwdb with name design_1_wrapper_0
TRACE::2024-11-14.11:54:24::SCWPlatform::Opened existing hwdb design_1_wrapper_0
TRACE::2024-11-14.11:54:24::SCWPlatform::Found the Hw Db part of the input DSA
TRACE::2024-11-14.11:54:25::SCWPlatform::Trying to open the hw design at D:/SE/Vitis/practica_dos_c/practica_dosc/hw/practica_dosc.xsa
TRACE::2024-11-14.11:54:25::SCWPlatform::DSA given D:/SE/Vitis/practica_dos_c/practica_dosc/hw/practica_dosc.xsa
TRACE::2024-11-14.11:54:25::SCWPlatform::DSA absoulate path D:/SE/Vitis/practica_dos_c/practica_dosc/hw/practica_dosc.xsa
TRACE::2024-11-14.11:54:25::SCWPlatform::DSA directory D:/SE/Vitis/practica_dos_c/practica_dosc/hw
TRACE::2024-11-14.11:54:25::SCWPlatform:: Platform Path D:/SE/Vitis/practica_dos_c/practica_dosc/hw/practica_dosc.xsa
TRACE::2024-11-14.11:54:25::SCWPlatform:: Unique name xilinx:basys3::0.0
TRACE::2024-11-14.11:54:25::SCWPlatform::Trying to set the existing hwdb with name design_1_wrapper_0
TRACE::2024-11-14.11:54:25::SCWPlatform::Opened existing hwdb design_1_wrapper_0
TRACE::2024-11-14.11:54:25::SCWPlatform::Found the Hw Db part of the input DSA
TRACE::2024-11-14.11:54:25::SCWDomain::checking for install qemu data   : 
TRACE::2024-11-14.11:54:25::SCWPlatform::Trying to open the hw design at D:/SE/Vitis/practica_dos_c/practica_dosc/hw/practica_dosc.xsa
TRACE::2024-11-14.11:54:25::SCWPlatform::DSA given D:/SE/Vitis/practica_dos_c/practica_dosc/hw/practica_dosc.xsa
TRACE::2024-11-14.11:54:25::SCWPlatform::DSA absoulate path D:/SE/Vitis/practica_dos_c/practica_dosc/hw/practica_dosc.xsa
TRACE::2024-11-14.11:54:25::SCWPlatform::DSA directory D:/SE/Vitis/practica_dos_c/practica_dosc/hw
TRACE::2024-11-14.11:54:25::SCWPlatform:: Platform Path D:/SE/Vitis/practica_dos_c/practica_dosc/hw/practica_dosc.xsa
TRACE::2024-11-14.11:54:25::SCWPlatform:: Unique name xilinx:basys3::0.0
TRACE::2024-11-14.11:54:25::SCWPlatform::Trying to set the existing hwdb with name design_1_wrapper_0
TRACE::2024-11-14.11:54:25::SCWPlatform::Opened existing hwdb design_1_wrapper_0
TRACE::2024-11-14.11:54:25::SCWPlatform::Found the Hw Db part of the input DSA
TRACE::2024-11-14.11:54:25::SCWPlatform::Trying to open the hw design at D:/SE/Vitis/practica_dos_c/practica_dosc/hw/practica_dosc.xsa
TRACE::2024-11-14.11:54:25::SCWPlatform::DSA given D:/SE/Vitis/practica_dos_c/practica_dosc/hw/practica_dosc.xsa
TRACE::2024-11-14.11:54:25::SCWPlatform::DSA absoulate path D:/SE/Vitis/practica_dos_c/practica_dosc/hw/practica_dosc.xsa
TRACE::2024-11-14.11:54:25::SCWPlatform::DSA directory D:/SE/Vitis/practica_dos_c/practica_dosc/hw
TRACE::2024-11-14.11:54:25::SCWPlatform:: Platform Path D:/SE/Vitis/practica_dos_c/practica_dosc/hw/practica_dosc.xsa
TRACE::2024-11-14.11:54:25::SCWPlatform:: Unique name xilinx:basys3::0.0
TRACE::2024-11-14.11:54:25::SCWPlatform::Trying to set the existing hwdb with name design_1_wrapper_0
TRACE::2024-11-14.11:54:25::SCWPlatform::Opened existing hwdb design_1_wrapper_0
TRACE::2024-11-14.11:54:25::SCWPlatform::Found the Hw Db part of the input DSA
TRACE::2024-11-14.11:54:25::SCWPlatform::Trying to open the hw design at D:/SE/Vitis/practica_dos_c/practica_dosc/hw/practica_dosc.xsa
TRACE::2024-11-14.11:54:25::SCWPlatform::DSA given D:/SE/Vitis/practica_dos_c/practica_dosc/hw/practica_dosc.xsa
TRACE::2024-11-14.11:54:25::SCWPlatform::DSA absoulate path D:/SE/Vitis/practica_dos_c/practica_dosc/hw/practica_dosc.xsa
TRACE::2024-11-14.11:54:25::SCWPlatform::DSA directory D:/SE/Vitis/practica_dos_c/practica_dosc/hw
TRACE::2024-11-14.11:54:25::SCWPlatform:: Platform Path D:/SE/Vitis/practica_dos_c/practica_dosc/hw/practica_dosc.xsa
TRACE::2024-11-14.11:54:25::SCWPlatform:: Unique name xilinx:basys3::0.0
TRACE::2024-11-14.11:54:25::SCWPlatform::Trying to set the existing hwdb with name design_1_wrapper_0
TRACE::2024-11-14.11:54:25::SCWPlatform::Opened existing hwdb design_1_wrapper_0
TRACE::2024-11-14.11:54:25::SCWPlatform::Found the Hw Db part of the input DSA
TRACE::2024-11-14.11:54:25::SCWMssOS::Checking the sw design at  D:/SE/Vitis/practica_dos_c/practica_dosc/microblaze_0/standalone_microblaze_0/bsp/system.mss
TRACE::2024-11-14.11:54:25::SCWMssOS::DEBUG:  swdes dump  
TRACE::2024-11-14.11:54:25::SCWMssOS::No sw design opened at  D:/SE/Vitis/practica_dos_c/practica_dosc/microblaze_0/standalone_microblaze_0/bsp/system.mss
TRACE::2024-11-14.11:54:25::SCWMssOS::mss does not exists at D:/SE/Vitis/practica_dos_c/practica_dosc/microblaze_0/standalone_microblaze_0/bsp/system.mss
TRACE::2024-11-14.11:54:25::SCWMssOS::Creating sw design at  D:/SE/Vitis/practica_dos_c/practica_dosc/microblaze_0/standalone_microblaze_0/bsp/system.mss
TRACE::2024-11-14.11:54:25::SCWMssOS::Adding the swdes entry, created swdb D:/SE/Vitis/practica_dos_c/practica_dosc/microblaze_0/standalone_microblaze_0/bsp/system.mss with des name D:/SE/Vitis/practica_dos_c/practica_dosc/microblaze_0/standalone_microblaze_0/bsp/system.mss
TRACE::2024-11-14.11:54:25::SCWMssOS::updating the scw layer changes to swdes at   D:/SE/Vitis/practica_dos_c/practica_dosc/microblaze_0/standalone_microblaze_0/bsp/system.mss
TRACE::2024-11-14.11:54:25::SCWMssOS::Writing mss at D:/SE/Vitis/practica_dos_c/practica_dosc/microblaze_0/standalone_microblaze_0/bsp/system.mss
TRACE::2024-11-14.11:54:25::SCWMssOS::Completed writing the mss file at D:/SE/Vitis/practica_dos_c/practica_dosc/microblaze_0/standalone_microblaze_0/bsp
TRACE::2024-11-14.11:54:25::SCWMssOS::Picking up changes from newly written mss file into SCW Layer. 
TRACE::2024-11-14.11:54:25::SCWMssOS::Updated the changes from newly written mss file into SCW Layer. 
TRACE::2024-11-14.11:54:25::SCWMssOS::Completed writing the mss file at D:/SE/Vitis/practica_dos_c/practica_dosc/microblaze_0/standalone_microblaze_0/bsp
TRACE::2024-11-14.11:54:25::SCWMssOS::Forcing BSP Sources regeneration.
TRACE::2024-11-14.11:54:40::SCWMssOS::Saving the mss changes D:/SE/Vitis/practica_dos_c/practica_dosc/microblaze_0/standalone_microblaze_0/bsp/system.mss
TRACE::2024-11-14.11:54:40::SCWMssOS::Adding the swdes entry, mss present, able to open swdb D:/SE/Vitis/practica_dos_c/practica_dosc/microblaze_0/standalone_microblaze_0/bsp/system.mss with des name system
TRACE::2024-11-14.11:54:40::SCWMssOS::Writing the mss file completed D:/SE/Vitis/practica_dos_c/practica_dosc/microblaze_0/standalone_microblaze_0/bsp/system.mss
TRACE::2024-11-14.11:54:40::SCWMssOS::Commit changes completed.
TRACE::2024-11-14.11:54:40::SCWPlatform::Trying to open the hw design at D:/SE/Vitis/practica_dos_c/practica_dosc/hw/practica_dosc.xsa
TRACE::2024-11-14.11:54:40::SCWPlatform::DSA given D:/SE/Vitis/practica_dos_c/practica_dosc/hw/practica_dosc.xsa
TRACE::2024-11-14.11:54:40::SCWPlatform::DSA absoulate path D:/SE/Vitis/practica_dos_c/practica_dosc/hw/practica_dosc.xsa
TRACE::2024-11-14.11:54:40::SCWPlatform::DSA directory D:/SE/Vitis/practica_dos_c/practica_dosc/hw
TRACE::2024-11-14.11:54:41::SCWPlatform:: Platform Path D:/SE/Vitis/practica_dos_c/practica_dosc/hw/practica_dosc.xsa
TRACE::2024-11-14.11:54:41::SCWPlatform:: Unique name xilinx:basys3::0.0
TRACE::2024-11-14.11:54:41::SCWPlatform::Trying to set the existing hwdb with name design_1_wrapper_0
TRACE::2024-11-14.11:54:41::SCWPlatform::Opened existing hwdb design_1_wrapper_0
TRACE::2024-11-14.11:54:41::SCWPlatform::Found the Hw Db part of the input DSA
TRACE::2024-11-14.11:54:41::SCWMssOS::Checking the sw design at  D:/SE/Vitis/practica_dos_c/practica_dosc/microblaze_0/standalone_microblaze_0/bsp/system.mss
TRACE::2024-11-14.11:54:41::SCWMssOS::DEBUG:  swdes dump  D:/SE/Vitis/practica_dos_c/practica_dosc/microblaze_0/standalone_microblaze_0/bsp/system.mss|system||

TRACE::2024-11-14.11:54:41::SCWMssOS::Sw design exists and opened at  D:/SE/Vitis/practica_dos_c/practica_dosc/microblaze_0/standalone_microblaze_0/bsp/system.mss
TRACE::2024-11-14.11:54:41::SCWPlatform::Trying to open the hw design at D:/SE/Vitis/practica_dos_c/practica_dosc/hw/practica_dosc.xsa
TRACE::2024-11-14.11:54:41::SCWPlatform::DSA given D:/SE/Vitis/practica_dos_c/practica_dosc/hw/practica_dosc.xsa
TRACE::2024-11-14.11:54:41::SCWPlatform::DSA absoulate path D:/SE/Vitis/practica_dos_c/practica_dosc/hw/practica_dosc.xsa
TRACE::2024-11-14.11:54:41::SCWPlatform::DSA directory D:/SE/Vitis/practica_dos_c/practica_dosc/hw
TRACE::2024-11-14.11:54:41::SCWPlatform:: Platform Path D:/SE/Vitis/practica_dos_c/practica_dosc/hw/practica_dosc.xsa
TRACE::2024-11-14.11:54:41::SCWPlatform:: Unique name xilinx:basys3::0.0
TRACE::2024-11-14.11:54:41::SCWPlatform::Trying to set the existing hwdb with name design_1_wrapper_0
TRACE::2024-11-14.11:54:41::SCWPlatform::Opened existing hwdb design_1_wrapper_0
TRACE::2024-11-14.11:54:41::SCWPlatform::Found the Hw Db part of the input DSA
TRACE::2024-11-14.11:54:41::SCWMssOS::Checking the sw design at  D:/SE/Vitis/practica_dos_c/practica_dosc/microblaze_0/standalone_microblaze_0/bsp/system.mss
TRACE::2024-11-14.11:54:41::SCWMssOS::DEBUG:  swdes dump  D:/SE/Vitis/practica_dos_c/practica_dosc/microblaze_0/standalone_microblaze_0/bsp/system.mss|system||

TRACE::2024-11-14.11:54:41::SCWMssOS::Sw design exists and opened at  D:/SE/Vitis/practica_dos_c/practica_dosc/microblaze_0/standalone_microblaze_0/bsp/system.mss
TRACE::2024-11-14.11:54:41::SCWPlatform::Trying to open the hw design at D:/SE/Vitis/practica_dos_c/practica_dosc/hw/practica_dosc.xsa
TRACE::2024-11-14.11:54:41::SCWPlatform::DSA given D:/SE/Vitis/practica_dos_c/practica_dosc/hw/practica_dosc.xsa
TRACE::2024-11-14.11:54:41::SCWPlatform::DSA absoulate path D:/SE/Vitis/practica_dos_c/practica_dosc/hw/practica_dosc.xsa
TRACE::2024-11-14.11:54:41::SCWPlatform::DSA directory D:/SE/Vitis/practica_dos_c/practica_dosc/hw
TRACE::2024-11-14.11:54:41::SCWPlatform:: Platform Path D:/SE/Vitis/practica_dos_c/practica_dosc/hw/practica_dosc.xsa
TRACE::2024-11-14.11:54:41::SCWPlatform:: Unique name xilinx:basys3::0.0
TRACE::2024-11-14.11:54:41::SCWPlatform::Trying to set the existing hwdb with name design_1_wrapper_0
TRACE::2024-11-14.11:54:41::SCWPlatform::Opened existing hwdb design_1_wrapper_0
TRACE::2024-11-14.11:54:41::SCWPlatform::Found the Hw Db part of the input DSA
TRACE::2024-11-14.11:54:41::SCWMssOS::Checking the sw design at  D:/SE/Vitis/practica_dos_c/practica_dosc/microblaze_0/standalone_microblaze_0/bsp/system.mss
TRACE::2024-11-14.11:54:41::SCWMssOS::DEBUG:  swdes dump  D:/SE/Vitis/practica_dos_c/practica_dosc/microblaze_0/standalone_microblaze_0/bsp/system.mss|system||

TRACE::2024-11-14.11:54:41::SCWMssOS::Sw design exists and opened at  D:/SE/Vitis/practica_dos_c/practica_dosc/microblaze_0/standalone_microblaze_0/bsp/system.mss
TRACE::2024-11-14.11:54:41::SCWWriter::formatted JSON is {
	"platformName":	"practica_dosc",
	"sprVersion":	"2.0",
	"mode":	"gui",
	"dsaType":	"Fixed",
	"platformDesc":	"practica_dosc",
	"platHandOff":	"D:/SE/Vivado/practica2/practica_dosc.xsa",
	"platIntHandOff":	"<platformDir>/hw/practica_dosc.xsa",
	"deviceType":	"FPGA",
	"platIsPrebuiltAutogen":	"false",
	"platIsNoBootBsp":	"false",
	"hasFsblMakeHasChanges":	"false",
	"hasPmufwMakeHasChanges":	"false",
	"platPreBuiltFlag":	false,
	"platformSamplesDir":	"",
	"platActiveSys":	"practica_dosc",
	"systems":	[{
			"systemName":	"practica_dosc",
			"systemDesc":	"practica_dosc",
			"sysIsBootAutoGen":	"true",
			"systemDispName":	"practica_dosc",
			"sysActiveDom":	"standalone_microblaze_0",
			"sysDefaultDom":	"standalone_microblaze_0",
			"domains":	[{
					"domainName":	"standalone_microblaze_0",
					"domainDispName":	"standalone_microblaze_0",
					"domainDesc":	"standalone_microblaze_0",
					"processors":	"microblaze_0",
					"os":	"standalone",
					"sdxOs":	"standalone",
					"debugEnable":	"False",
					"domRuntimes":	["cpp"],
					"swRepo":	"",
					"mssOsVer":	"8.1",
					"mssFile":	"",
					"md5Digest":	"25c07a82bf59ba87c8ca238ad5b8ea01",
					"compatibleApp":	"peripheral_tests",
					"domType":	"mssDomain",
					"arch":	"32-bit",
					"appSettings":	{
						"appCompilerFlags":	"",
						"appLinkerFlags":	""
					},
					"addedLibs":	[],
					"libOptions":	{
						"libsContainingOptions":	[]
					},
					"prebuiltLibs":	{
						"prebuiltIncPath":	[],
						"prebuiltLibPath":	[]
					},
					"isolation":	{
					}
				}]
		}]
}
LOG::2024-11-14.11:54:41::SCWPlatform::Started generating the artifacts platform practica_dosc
TRACE::2024-11-14.11:54:41::SCWPlatform::Sanity checking of platform is completed
LOG::2024-11-14.11:54:41::SCWPlatform::Started generating the artifacts for system configuration practica_dosc
LOG::2024-11-14.11:54:41::SCWSystem::Checking the domain standalone_microblaze_0
LOG::2024-11-14.11:54:41::SCWSystem::Not a boot domain 
LOG::2024-11-14.11:54:41::SCWSystem::Started Processing the domain standalone_microblaze_0
TRACE::2024-11-14.11:54:41::SCWDomain::Generating domain artifcats
TRACE::2024-11-14.11:54:41::SCWMssOS::Generating standalone artifcats
TRACE::2024-11-14.11:54:41::SCWMssOS:: Copying the user libraries. 
TRACE::2024-11-14.11:54:41::SCWPlatform::Trying to open the hw design at D:/SE/Vitis/practica_dos_c/practica_dosc/hw/practica_dosc.xsa
TRACE::2024-11-14.11:54:41::SCWPlatform::DSA given D:/SE/Vitis/practica_dos_c/practica_dosc/hw/practica_dosc.xsa
TRACE::2024-11-14.11:54:41::SCWPlatform::DSA absoulate path D:/SE/Vitis/practica_dos_c/practica_dosc/hw/practica_dosc.xsa
TRACE::2024-11-14.11:54:41::SCWPlatform::DSA directory D:/SE/Vitis/practica_dos_c/practica_dosc/hw
TRACE::2024-11-14.11:54:41::SCWPlatform:: Platform Path D:/SE/Vitis/practica_dos_c/practica_dosc/hw/practica_dosc.xsa
TRACE::2024-11-14.11:54:41::SCWPlatform:: Unique name xilinx:basys3::0.0
TRACE::2024-11-14.11:54:41::SCWPlatform::Trying to set the existing hwdb with name design_1_wrapper_0
TRACE::2024-11-14.11:54:41::SCWPlatform::Opened existing hwdb design_1_wrapper_0
TRACE::2024-11-14.11:54:41::SCWPlatform::Found the Hw Db part of the input DSA
TRACE::2024-11-14.11:54:41::SCWMssOS::Checking the sw design at  D:/SE/Vitis/practica_dos_c/practica_dosc/microblaze_0/standalone_microblaze_0/bsp/system.mss
TRACE::2024-11-14.11:54:41::SCWMssOS::DEBUG:  swdes dump  D:/SE/Vitis/practica_dos_c/practica_dosc/microblaze_0/standalone_microblaze_0/bsp/system.mss|system||

TRACE::2024-11-14.11:54:41::SCWMssOS::Sw design exists and opened at  D:/SE/Vitis/practica_dos_c/practica_dosc/microblaze_0/standalone_microblaze_0/bsp/system.mss
TRACE::2024-11-14.11:54:41::SCWMssOS::Completed writing the mss file at D:/SE/Vitis/practica_dos_c/practica_dosc/microblaze_0/standalone_microblaze_0/bsp
TRACE::2024-11-14.11:54:41::SCWMssOS::Mss edits present, copying mssfile into export location D:/SE/Vitis/practica_dos_c/practica_dosc/microblaze_0/standalone_microblaze_0/bsp/system.mss
TRACE::2024-11-14.11:54:41::SCWMssOS::bsp generated is upto date with the mss file. Skipping bsp generation.
TRACE::2024-11-14.11:54:42::SCWMssOS::BSP is already built. skipping the bsp build ... 
TRACE::2024-11-14.11:54:42::SCWDomain::Skipping the build for domain :  standalone_microblaze_0
TRACE::2024-11-14.11:54:42::SCWMssOS::skipping the bsp build ... 
TRACE::2024-11-14.11:54:42::SCWMssOS::Copying to export directory.
TRACE::2024-11-14.11:54:42::SCWMssOS:: Checking if to create the Supporting Applications
TRACE::2024-11-14.11:54:42::SCWMssOS:: No Linux domain exists, trying to generate FSBL 
LOG::2024-11-14.11:54:42::SCWSystem::Completed Processing the domain standalone_microblaze_0
LOG::2024-11-14.11:54:42::SCWSystem::Completed Processing the sysconfig practica_dosc
LOG::2024-11-14.11:54:42::SCWPlatform::Completed generating the artifacts for system configuration practica_dosc
TRACE::2024-11-14.11:54:42::SCWPlatform::Started preparing the platform 
TRACE::2024-11-14.11:54:42::SCWSystem::Writing the bif file for system config practica_dosc
TRACE::2024-11-14.11:54:42::SCWSystem::dir created 
TRACE::2024-11-14.11:54:42::SCWSystem::Writing the bif 
TRACE::2024-11-14.11:54:42::SCWPlatform::Started writing the spfm file 
TRACE::2024-11-14.11:54:42::SCWPlatform::Started writing the xpfm file 
TRACE::2024-11-14.11:54:43::SCWPlatform::Completed generating the platform
TRACE::2024-11-14.11:54:43::SCWMssOS::Saving the mss changes D:/SE/Vitis/practica_dos_c/practica_dosc/microblaze_0/standalone_microblaze_0/bsp/system.mss
TRACE::2024-11-14.11:54:43::SCWMssOS::Found a swdesign opened with the mssfile.
TRACE::2024-11-14.11:54:43::SCWMssOS::Completed writemss as part of save.
TRACE::2024-11-14.11:54:43::SCWMssOS::Commit changes completed.
TRACE::2024-11-14.11:54:43::SCWPlatform::Trying to open the hw design at D:/SE/Vitis/practica_dos_c/practica_dosc/hw/practica_dosc.xsa
TRACE::2024-11-14.11:54:43::SCWPlatform::DSA given D:/SE/Vitis/practica_dos_c/practica_dosc/hw/practica_dosc.xsa
TRACE::2024-11-14.11:54:43::SCWPlatform::DSA absoulate path D:/SE/Vitis/practica_dos_c/practica_dosc/hw/practica_dosc.xsa
TRACE::2024-11-14.11:54:43::SCWPlatform::DSA directory D:/SE/Vitis/practica_dos_c/practica_dosc/hw
TRACE::2024-11-14.11:54:43::SCWPlatform:: Platform Path D:/SE/Vitis/practica_dos_c/practica_dosc/hw/practica_dosc.xsa
TRACE::2024-11-14.11:54:43::SCWPlatform:: Unique name xilinx:basys3::0.0
TRACE::2024-11-14.11:54:43::SCWPlatform::Trying to set the existing hwdb with name design_1_wrapper_0
TRACE::2024-11-14.11:54:43::SCWPlatform::Opened existing hwdb design_1_wrapper_0
TRACE::2024-11-14.11:54:43::SCWPlatform::Found the Hw Db part of the input DSA
TRACE::2024-11-14.11:54:43::SCWMssOS::Checking the sw design at  D:/SE/Vitis/practica_dos_c/practica_dosc/microblaze_0/standalone_microblaze_0/bsp/system.mss
TRACE::2024-11-14.11:54:43::SCWMssOS::DEBUG:  swdes dump  D:/SE/Vitis/practica_dos_c/practica_dosc/microblaze_0/standalone_microblaze_0/bsp/system.mss|system||

TRACE::2024-11-14.11:54:43::SCWMssOS::Sw design exists and opened at  D:/SE/Vitis/practica_dos_c/practica_dosc/microblaze_0/standalone_microblaze_0/bsp/system.mss
TRACE::2024-11-14.11:54:43::SCWPlatform::Trying to open the hw design at D:/SE/Vitis/practica_dos_c/practica_dosc/hw/practica_dosc.xsa
TRACE::2024-11-14.11:54:43::SCWPlatform::DSA given D:/SE/Vitis/practica_dos_c/practica_dosc/hw/practica_dosc.xsa
TRACE::2024-11-14.11:54:43::SCWPlatform::DSA absoulate path D:/SE/Vitis/practica_dos_c/practica_dosc/hw/practica_dosc.xsa
TRACE::2024-11-14.11:54:43::SCWPlatform::DSA directory D:/SE/Vitis/practica_dos_c/practica_dosc/hw
TRACE::2024-11-14.11:54:43::SCWPlatform:: Platform Path D:/SE/Vitis/practica_dos_c/practica_dosc/hw/practica_dosc.xsa
TRACE::2024-11-14.11:54:43::SCWPlatform:: Unique name xilinx:basys3::0.0
TRACE::2024-11-14.11:54:43::SCWPlatform::Trying to set the existing hwdb with name design_1_wrapper_0
TRACE::2024-11-14.11:54:43::SCWPlatform::Opened existing hwdb design_1_wrapper_0
TRACE::2024-11-14.11:54:43::SCWPlatform::Found the Hw Db part of the input DSA
TRACE::2024-11-14.11:54:43::SCWMssOS::Checking the sw design at  D:/SE/Vitis/practica_dos_c/practica_dosc/microblaze_0/standalone_microblaze_0/bsp/system.mss
TRACE::2024-11-14.11:54:43::SCWMssOS::DEBUG:  swdes dump  D:/SE/Vitis/practica_dos_c/practica_dosc/microblaze_0/standalone_microblaze_0/bsp/system.mss|system||

TRACE::2024-11-14.11:54:43::SCWMssOS::Sw design exists and opened at  D:/SE/Vitis/practica_dos_c/practica_dosc/microblaze_0/standalone_microblaze_0/bsp/system.mss
TRACE::2024-11-14.11:54:43::SCWPlatform::Trying to open the hw design at D:/SE/Vitis/practica_dos_c/practica_dosc/hw/practica_dosc.xsa
TRACE::2024-11-14.11:54:43::SCWPlatform::DSA given D:/SE/Vitis/practica_dos_c/practica_dosc/hw/practica_dosc.xsa
TRACE::2024-11-14.11:54:43::SCWPlatform::DSA absoulate path D:/SE/Vitis/practica_dos_c/practica_dosc/hw/practica_dosc.xsa
TRACE::2024-11-14.11:54:43::SCWPlatform::DSA directory D:/SE/Vitis/practica_dos_c/practica_dosc/hw
TRACE::2024-11-14.11:54:43::SCWPlatform:: Platform Path D:/SE/Vitis/practica_dos_c/practica_dosc/hw/practica_dosc.xsa
TRACE::2024-11-14.11:54:43::SCWPlatform:: Unique name xilinx:basys3::0.0
TRACE::2024-11-14.11:54:43::SCWPlatform::Trying to set the existing hwdb with name design_1_wrapper_0
TRACE::2024-11-14.11:54:43::SCWPlatform::Opened existing hwdb design_1_wrapper_0
TRACE::2024-11-14.11:54:43::SCWPlatform::Found the Hw Db part of the input DSA
TRACE::2024-11-14.11:54:43::SCWMssOS::Checking the sw design at  D:/SE/Vitis/practica_dos_c/practica_dosc/microblaze_0/standalone_microblaze_0/bsp/system.mss
TRACE::2024-11-14.11:54:43::SCWMssOS::DEBUG:  swdes dump  D:/SE/Vitis/practica_dos_c/practica_dosc/microblaze_0/standalone_microblaze_0/bsp/system.mss|system||

TRACE::2024-11-14.11:54:43::SCWMssOS::Sw design exists and opened at  D:/SE/Vitis/practica_dos_c/practica_dosc/microblaze_0/standalone_microblaze_0/bsp/system.mss
TRACE::2024-11-14.11:54:43::SCWWriter::formatted JSON is {
	"platformName":	"practica_dosc",
	"sprVersion":	"2.0",
	"mode":	"gui",
	"dsaType":	"Fixed",
	"platformDesc":	"practica_dosc",
	"platHandOff":	"D:/SE/Vivado/practica2/practica_dosc.xsa",
	"platIntHandOff":	"<platformDir>/hw/practica_dosc.xsa",
	"deviceType":	"FPGA",
	"platIsPrebuiltAutogen":	"false",
	"platIsNoBootBsp":	"false",
	"hasFsblMakeHasChanges":	"false",
	"hasPmufwMakeHasChanges":	"false",
	"platPreBuiltFlag":	false,
	"platformSamplesDir":	"",
	"platActiveSys":	"practica_dosc",
	"systems":	[{
			"systemName":	"practica_dosc",
			"systemDesc":	"practica_dosc",
			"sysIsBootAutoGen":	"true",
			"systemDispName":	"practica_dosc",
			"sysActiveDom":	"standalone_microblaze_0",
			"sysDefaultDom":	"standalone_microblaze_0",
			"domains":	[{
					"domainName":	"standalone_microblaze_0",
					"domainDispName":	"standalone_microblaze_0",
					"domainDesc":	"standalone_microblaze_0",
					"processors":	"microblaze_0",
					"os":	"standalone",
					"sdxOs":	"standalone",
					"debugEnable":	"False",
					"domRuntimes":	["cpp"],
					"swRepo":	"",
					"mssOsVer":	"8.1",
					"mssFile":	"",
					"md5Digest":	"25c07a82bf59ba87c8ca238ad5b8ea01",
					"compatibleApp":	"peripheral_tests",
					"domType":	"mssDomain",
					"arch":	"32-bit",
					"appSettings":	{
						"appCompilerFlags":	"",
						"appLinkerFlags":	""
					},
					"addedLibs":	[],
					"libOptions":	{
						"libsContainingOptions":	[]
					},
					"prebuiltLibs":	{
						"prebuiltIncPath":	[],
						"prebuiltLibPath":	[]
					},
					"isolation":	{
					}
				}]
		}]
}
KEYINFO::2024-11-14.11:54:44::SCWPlatform::updated the xpfm file.
TRACE::2024-11-14.11:54:44::SCWPlatform::Trying to open the hw design at D:/SE/Vitis/practica_dos_c/practica_dosc/hw/practica_dosc.xsa
TRACE::2024-11-14.11:54:44::SCWPlatform::DSA given D:/SE/Vitis/practica_dos_c/practica_dosc/hw/practica_dosc.xsa
TRACE::2024-11-14.11:54:44::SCWPlatform::DSA absoulate path D:/SE/Vitis/practica_dos_c/practica_dosc/hw/practica_dosc.xsa
TRACE::2024-11-14.11:54:44::SCWPlatform::DSA directory D:/SE/Vitis/practica_dos_c/practica_dosc/hw
TRACE::2024-11-14.11:54:44::SCWPlatform:: Platform Path D:/SE/Vitis/practica_dos_c/practica_dosc/hw/practica_dosc.xsa
TRACE::2024-11-14.11:54:44::SCWPlatform:: Unique name xilinx:basys3::0.0
TRACE::2024-11-14.11:54:44::SCWPlatform::Trying to set the existing hwdb with name design_1_wrapper_0
TRACE::2024-11-14.11:54:44::SCWPlatform::Opened existing hwdb design_1_wrapper_0
TRACE::2024-11-14.11:54:44::SCWPlatform::Found the Hw Db part of the input DSA
TRACE::2024-11-14.11:54:44::SCWMssOS::Checking the sw design at  D:/SE/Vitis/practica_dos_c/practica_dosc/microblaze_0/standalone_microblaze_0/bsp/system.mss
TRACE::2024-11-14.11:54:44::SCWMssOS::DEBUG:  swdes dump  D:/SE/Vitis/practica_dos_c/practica_dosc/microblaze_0/standalone_microblaze_0/bsp/system.mss|system||

TRACE::2024-11-14.11:54:44::SCWMssOS::Sw design exists and opened at  D:/SE/Vitis/practica_dos_c/practica_dosc/microblaze_0/standalone_microblaze_0/bsp/system.mss
TRACE::2024-11-14.11:54:44::SCWMssOS::Saving the mss changes D:/SE/Vitis/practica_dos_c/practica_dosc/microblaze_0/standalone_microblaze_0/bsp/system.mss
TRACE::2024-11-14.11:54:44::SCWMssOS::Found a swdesign opened with the mssfile.
TRACE::2024-11-14.11:54:44::SCWMssOS::Completed writemss as part of save.
TRACE::2024-11-14.11:54:44::SCWMssOS::Commit changes completed.
TRACE::2024-11-14.11:54:44::SCWPlatform::Trying to open the hw design at D:/SE/Vitis/practica_dos_c/practica_dosc/hw/practica_dosc.xsa
TRACE::2024-11-14.11:54:44::SCWPlatform::DSA given D:/SE/Vitis/practica_dos_c/practica_dosc/hw/practica_dosc.xsa
TRACE::2024-11-14.11:54:44::SCWPlatform::DSA absoulate path D:/SE/Vitis/practica_dos_c/practica_dosc/hw/practica_dosc.xsa
TRACE::2024-11-14.11:54:44::SCWPlatform::DSA directory D:/SE/Vitis/practica_dos_c/practica_dosc/hw
TRACE::2024-11-14.11:54:44::SCWPlatform:: Platform Path D:/SE/Vitis/practica_dos_c/practica_dosc/hw/practica_dosc.xsa
TRACE::2024-11-14.11:54:44::SCWPlatform:: Unique name xilinx:basys3::0.0
TRACE::2024-11-14.11:54:44::SCWPlatform::Trying to set the existing hwdb with name design_1_wrapper_0
TRACE::2024-11-14.11:54:44::SCWPlatform::Opened existing hwdb design_1_wrapper_0
TRACE::2024-11-14.11:54:44::SCWPlatform::Found the Hw Db part of the input DSA
TRACE::2024-11-14.11:54:44::SCWMssOS::Checking the sw design at  D:/SE/Vitis/practica_dos_c/practica_dosc/microblaze_0/standalone_microblaze_0/bsp/system.mss
TRACE::2024-11-14.11:54:44::SCWMssOS::DEBUG:  swdes dump  D:/SE/Vitis/practica_dos_c/practica_dosc/microblaze_0/standalone_microblaze_0/bsp/system.mss|system||

TRACE::2024-11-14.11:54:44::SCWMssOS::Sw design exists and opened at  D:/SE/Vitis/practica_dos_c/practica_dosc/microblaze_0/standalone_microblaze_0/bsp/system.mss
TRACE::2024-11-14.11:54:44::SCWPlatform::Trying to open the hw design at D:/SE/Vitis/practica_dos_c/practica_dosc/hw/practica_dosc.xsa
TRACE::2024-11-14.11:54:44::SCWPlatform::DSA given D:/SE/Vitis/practica_dos_c/practica_dosc/hw/practica_dosc.xsa
TRACE::2024-11-14.11:54:44::SCWPlatform::DSA absoulate path D:/SE/Vitis/practica_dos_c/practica_dosc/hw/practica_dosc.xsa
TRACE::2024-11-14.11:54:44::SCWPlatform::DSA directory D:/SE/Vitis/practica_dos_c/practica_dosc/hw
TRACE::2024-11-14.11:54:44::SCWPlatform:: Platform Path D:/SE/Vitis/practica_dos_c/practica_dosc/hw/practica_dosc.xsa
TRACE::2024-11-14.11:54:44::SCWPlatform:: Unique name xilinx:basys3::0.0
TRACE::2024-11-14.11:54:44::SCWPlatform::Trying to set the existing hwdb with name design_1_wrapper_0
TRACE::2024-11-14.11:54:44::SCWPlatform::Opened existing hwdb design_1_wrapper_0
TRACE::2024-11-14.11:54:44::SCWPlatform::Found the Hw Db part of the input DSA
TRACE::2024-11-14.11:54:44::SCWMssOS::Checking the sw design at  D:/SE/Vitis/practica_dos_c/practica_dosc/microblaze_0/standalone_microblaze_0/bsp/system.mss
TRACE::2024-11-14.11:54:44::SCWMssOS::DEBUG:  swdes dump  D:/SE/Vitis/practica_dos_c/practica_dosc/microblaze_0/standalone_microblaze_0/bsp/system.mss|system||

TRACE::2024-11-14.11:54:44::SCWMssOS::Sw design exists and opened at  D:/SE/Vitis/practica_dos_c/practica_dosc/microblaze_0/standalone_microblaze_0/bsp/system.mss
TRACE::2024-11-14.11:54:44::SCWPlatform::Trying to open the hw design at D:/SE/Vitis/practica_dos_c/practica_dosc/hw/practica_dosc.xsa
TRACE::2024-11-14.11:54:44::SCWPlatform::DSA given D:/SE/Vitis/practica_dos_c/practica_dosc/hw/practica_dosc.xsa
TRACE::2024-11-14.11:54:44::SCWPlatform::DSA absoulate path D:/SE/Vitis/practica_dos_c/practica_dosc/hw/practica_dosc.xsa
TRACE::2024-11-14.11:54:44::SCWPlatform::DSA directory D:/SE/Vitis/practica_dos_c/practica_dosc/hw
TRACE::2024-11-14.11:54:44::SCWPlatform:: Platform Path D:/SE/Vitis/practica_dos_c/practica_dosc/hw/practica_dosc.xsa
TRACE::2024-11-14.11:54:44::SCWPlatform:: Unique name xilinx:basys3::0.0
TRACE::2024-11-14.11:54:44::SCWPlatform::Trying to set the existing hwdb with name design_1_wrapper_0
TRACE::2024-11-14.11:54:44::SCWPlatform::Opened existing hwdb design_1_wrapper_0
TRACE::2024-11-14.11:54:44::SCWPlatform::Found the Hw Db part of the input DSA
TRACE::2024-11-14.11:54:44::SCWMssOS::Checking the sw design at  D:/SE/Vitis/practica_dos_c/practica_dosc/microblaze_0/standalone_microblaze_0/bsp/system.mss
TRACE::2024-11-14.11:54:44::SCWMssOS::DEBUG:  swdes dump  D:/SE/Vitis/practica_dos_c/practica_dosc/microblaze_0/standalone_microblaze_0/bsp/system.mss|system||

TRACE::2024-11-14.11:54:44::SCWMssOS::Sw design exists and opened at  D:/SE/Vitis/practica_dos_c/practica_dosc/microblaze_0/standalone_microblaze_0/bsp/system.mss
TRACE::2024-11-14.11:54:44::SCWWriter::formatted JSON is {
	"platformName":	"practica_dosc",
	"sprVersion":	"2.0",
	"mode":	"gui",
	"dsaType":	"Fixed",
	"platformDesc":	"practica_dosc",
	"platHandOff":	"D:/SE/Vivado/practica2/practica_dosc.xsa",
	"platIntHandOff":	"<platformDir>/hw/practica_dosc.xsa",
	"deviceType":	"FPGA",
	"platIsPrebuiltAutogen":	"false",
	"platIsNoBootBsp":	"false",
	"hasFsblMakeHasChanges":	"false",
	"hasPmufwMakeHasChanges":	"false",
	"platPreBuiltFlag":	false,
	"platformSamplesDir":	"",
	"platActiveSys":	"practica_dosc",
	"systems":	[{
			"systemName":	"practica_dosc",
			"systemDesc":	"practica_dosc",
			"sysIsBootAutoGen":	"true",
			"systemDispName":	"practica_dosc",
			"sysActiveDom":	"standalone_microblaze_0",
			"sysDefaultDom":	"standalone_microblaze_0",
			"domains":	[{
					"domainName":	"standalone_microblaze_0",
					"domainDispName":	"standalone_microblaze_0",
					"domainDesc":	"standalone_microblaze_0",
					"processors":	"microblaze_0",
					"os":	"standalone",
					"sdxOs":	"standalone",
					"debugEnable":	"False",
					"domRuntimes":	["cpp"],
					"swRepo":	"",
					"mssOsVer":	"8.1",
					"mssFile":	"",
					"md5Digest":	"25c07a82bf59ba87c8ca238ad5b8ea01",
					"compatibleApp":	"peripheral_tests",
					"domType":	"mssDomain",
					"arch":	"32-bit",
					"appSettings":	{
						"appCompilerFlags":	"",
						"appLinkerFlags":	""
					},
					"addedLibs":	[],
					"libOptions":	{
						"libsContainingOptions":	[]
					},
					"prebuiltLibs":	{
						"prebuiltIncPath":	[],
						"prebuiltLibPath":	[]
					},
					"isolation":	{
					}
				}]
		}]
}
TRACE::2024-11-14.11:54:44::SCWPlatform::Trying to open the hw design at D:/SE/Vitis/practica_dos_c/practica_dosc/hw/practica_dosc.xsa
TRACE::2024-11-14.11:54:44::SCWPlatform::DSA given D:/SE/Vitis/practica_dos_c/practica_dosc/hw/practica_dosc.xsa
TRACE::2024-11-14.11:54:44::SCWPlatform::DSA absoulate path D:/SE/Vitis/practica_dos_c/practica_dosc/hw/practica_dosc.xsa
TRACE::2024-11-14.11:54:44::SCWPlatform::DSA directory D:/SE/Vitis/practica_dos_c/practica_dosc/hw
TRACE::2024-11-14.11:54:44::SCWPlatform:: Platform Path D:/SE/Vitis/practica_dos_c/practica_dosc/hw/practica_dosc.xsa
TRACE::2024-11-14.11:54:44::SCWPlatform:: Unique name xilinx:basys3::0.0
TRACE::2024-11-14.11:54:44::SCWPlatform::Trying to set the existing hwdb with name design_1_wrapper_0
TRACE::2024-11-14.11:54:44::SCWPlatform::Opened existing hwdb design_1_wrapper_0
TRACE::2024-11-14.11:54:44::SCWPlatform::Found the Hw Db part of the input DSA
TRACE::2024-11-14.11:54:45::SCWMssOS::Checking the sw design at  D:/SE/Vitis/practica_dos_c/practica_dosc/microblaze_0/standalone_microblaze_0/bsp/system.mss
TRACE::2024-11-14.11:54:45::SCWMssOS::DEBUG:  swdes dump  D:/SE/Vitis/practica_dos_c/practica_dosc/microblaze_0/standalone_microblaze_0/bsp/system.mss|system||

TRACE::2024-11-14.11:54:45::SCWMssOS::Sw design exists and opened at  D:/SE/Vitis/practica_dos_c/practica_dosc/microblaze_0/standalone_microblaze_0/bsp/system.mss
TRACE::2024-11-14.11:54:45::SCWPlatform::Trying to open the hw design at D:/SE/Vitis/practica_dos_c/practica_dosc/hw/practica_dosc.xsa
TRACE::2024-11-14.11:54:45::SCWPlatform::DSA given D:/SE/Vitis/practica_dos_c/practica_dosc/hw/practica_dosc.xsa
TRACE::2024-11-14.11:54:45::SCWPlatform::DSA absoulate path D:/SE/Vitis/practica_dos_c/practica_dosc/hw/practica_dosc.xsa
TRACE::2024-11-14.11:54:45::SCWPlatform::DSA directory D:/SE/Vitis/practica_dos_c/practica_dosc/hw
TRACE::2024-11-14.11:54:45::SCWPlatform:: Platform Path D:/SE/Vitis/practica_dos_c/practica_dosc/hw/practica_dosc.xsa
TRACE::2024-11-14.11:54:45::SCWPlatform:: Unique name xilinx:basys3::0.0
TRACE::2024-11-14.11:54:45::SCWPlatform::Trying to set the existing hwdb with name design_1_wrapper_0
TRACE::2024-11-14.11:54:45::SCWPlatform::Opened existing hwdb design_1_wrapper_0
TRACE::2024-11-14.11:54:45::SCWPlatform::Found the Hw Db part of the input DSA
TRACE::2024-11-14.11:54:45::SCWMssOS::Checking the sw design at  D:/SE/Vitis/practica_dos_c/practica_dosc/microblaze_0/standalone_microblaze_0/bsp/system.mss
TRACE::2024-11-14.11:54:45::SCWMssOS::DEBUG:  swdes dump  D:/SE/Vitis/practica_dos_c/practica_dosc/microblaze_0/standalone_microblaze_0/bsp/system.mss|system||

TRACE::2024-11-14.11:54:45::SCWMssOS::Sw design exists and opened at  D:/SE/Vitis/practica_dos_c/practica_dosc/microblaze_0/standalone_microblaze_0/bsp/system.mss
TRACE::2024-11-14.11:54:45::SCWMssOS::Saving the mss changes D:/SE/Vitis/practica_dos_c/practica_dosc/microblaze_0/standalone_microblaze_0/bsp/system.mss
TRACE::2024-11-14.11:54:45::SCWMssOS::Found a swdesign opened with the mssfile.
TRACE::2024-11-14.11:54:45::SCWMssOS::Completed writemss as part of save.
TRACE::2024-11-14.11:54:45::SCWMssOS::Commit changes completed.
TRACE::2024-11-14.11:54:45::SCWPlatform::Trying to open the hw design at D:/SE/Vitis/practica_dos_c/practica_dosc/hw/practica_dosc.xsa
TRACE::2024-11-14.11:54:45::SCWPlatform::DSA given D:/SE/Vitis/practica_dos_c/practica_dosc/hw/practica_dosc.xsa
TRACE::2024-11-14.11:54:45::SCWPlatform::DSA absoulate path D:/SE/Vitis/practica_dos_c/practica_dosc/hw/practica_dosc.xsa
TRACE::2024-11-14.11:54:45::SCWPlatform::DSA directory D:/SE/Vitis/practica_dos_c/practica_dosc/hw
TRACE::2024-11-14.11:54:45::SCWPlatform:: Platform Path D:/SE/Vitis/practica_dos_c/practica_dosc/hw/practica_dosc.xsa
TRACE::2024-11-14.11:54:45::SCWPlatform:: Unique name xilinx:basys3::0.0
TRACE::2024-11-14.11:54:45::SCWPlatform::Trying to set the existing hwdb with name design_1_wrapper_0
TRACE::2024-11-14.11:54:45::SCWPlatform::Opened existing hwdb design_1_wrapper_0
TRACE::2024-11-14.11:54:45::SCWPlatform::Found the Hw Db part of the input DSA
TRACE::2024-11-14.11:54:45::SCWMssOS::Checking the sw design at  D:/SE/Vitis/practica_dos_c/practica_dosc/microblaze_0/standalone_microblaze_0/bsp/system.mss
TRACE::2024-11-14.11:54:45::SCWMssOS::DEBUG:  swdes dump  D:/SE/Vitis/practica_dos_c/practica_dosc/microblaze_0/standalone_microblaze_0/bsp/system.mss|system||

TRACE::2024-11-14.11:54:45::SCWMssOS::Sw design exists and opened at  D:/SE/Vitis/practica_dos_c/practica_dosc/microblaze_0/standalone_microblaze_0/bsp/system.mss
TRACE::2024-11-14.11:54:45::SCWPlatform::Trying to open the hw design at D:/SE/Vitis/practica_dos_c/practica_dosc/hw/practica_dosc.xsa
TRACE::2024-11-14.11:54:45::SCWPlatform::DSA given D:/SE/Vitis/practica_dos_c/practica_dosc/hw/practica_dosc.xsa
TRACE::2024-11-14.11:54:45::SCWPlatform::DSA absoulate path D:/SE/Vitis/practica_dos_c/practica_dosc/hw/practica_dosc.xsa
TRACE::2024-11-14.11:54:45::SCWPlatform::DSA directory D:/SE/Vitis/practica_dos_c/practica_dosc/hw
TRACE::2024-11-14.11:54:45::SCWPlatform:: Platform Path D:/SE/Vitis/practica_dos_c/practica_dosc/hw/practica_dosc.xsa
TRACE::2024-11-14.11:54:45::SCWPlatform:: Unique name xilinx:basys3::0.0
TRACE::2024-11-14.11:54:45::SCWPlatform::Trying to set the existing hwdb with name design_1_wrapper_0
TRACE::2024-11-14.11:54:45::SCWPlatform::Opened existing hwdb design_1_wrapper_0
TRACE::2024-11-14.11:54:45::SCWPlatform::Found the Hw Db part of the input DSA
TRACE::2024-11-14.11:54:45::SCWMssOS::Checking the sw design at  D:/SE/Vitis/practica_dos_c/practica_dosc/microblaze_0/standalone_microblaze_0/bsp/system.mss
TRACE::2024-11-14.11:54:45::SCWMssOS::DEBUG:  swdes dump  D:/SE/Vitis/practica_dos_c/practica_dosc/microblaze_0/standalone_microblaze_0/bsp/system.mss|system||

TRACE::2024-11-14.11:54:45::SCWMssOS::Sw design exists and opened at  D:/SE/Vitis/practica_dos_c/practica_dosc/microblaze_0/standalone_microblaze_0/bsp/system.mss
TRACE::2024-11-14.11:54:45::SCWPlatform::Trying to open the hw design at D:/SE/Vitis/practica_dos_c/practica_dosc/hw/practica_dosc.xsa
TRACE::2024-11-14.11:54:45::SCWPlatform::DSA given D:/SE/Vitis/practica_dos_c/practica_dosc/hw/practica_dosc.xsa
TRACE::2024-11-14.11:54:45::SCWPlatform::DSA absoulate path D:/SE/Vitis/practica_dos_c/practica_dosc/hw/practica_dosc.xsa
TRACE::2024-11-14.11:54:45::SCWPlatform::DSA directory D:/SE/Vitis/practica_dos_c/practica_dosc/hw
TRACE::2024-11-14.11:54:45::SCWPlatform:: Platform Path D:/SE/Vitis/practica_dos_c/practica_dosc/hw/practica_dosc.xsa
TRACE::2024-11-14.11:54:45::SCWPlatform:: Unique name xilinx:basys3::0.0
TRACE::2024-11-14.11:54:45::SCWPlatform::Trying to set the existing hwdb with name design_1_wrapper_0
TRACE::2024-11-14.11:54:45::SCWPlatform::Opened existing hwdb design_1_wrapper_0
TRACE::2024-11-14.11:54:45::SCWPlatform::Found the Hw Db part of the input DSA
TRACE::2024-11-14.11:54:45::SCWMssOS::Checking the sw design at  D:/SE/Vitis/practica_dos_c/practica_dosc/microblaze_0/standalone_microblaze_0/bsp/system.mss
TRACE::2024-11-14.11:54:45::SCWMssOS::DEBUG:  swdes dump  D:/SE/Vitis/practica_dos_c/practica_dosc/microblaze_0/standalone_microblaze_0/bsp/system.mss|system||

TRACE::2024-11-14.11:54:45::SCWMssOS::Sw design exists and opened at  D:/SE/Vitis/practica_dos_c/practica_dosc/microblaze_0/standalone_microblaze_0/bsp/system.mss
TRACE::2024-11-14.11:54:45::SCWWriter::formatted JSON is {
	"platformName":	"practica_dosc",
	"sprVersion":	"2.0",
	"mode":	"gui",
	"dsaType":	"Fixed",
	"platformDesc":	"practica_dosc",
	"platHandOff":	"D:/SE/Vivado/practica2/practica_dosc.xsa",
	"platIntHandOff":	"<platformDir>/hw/practica_dosc.xsa",
	"deviceType":	"FPGA",
	"platIsPrebuiltAutogen":	"false",
	"platIsNoBootBsp":	"false",
	"hasFsblMakeHasChanges":	"false",
	"hasPmufwMakeHasChanges":	"false",
	"platPreBuiltFlag":	false,
	"platformSamplesDir":	"",
	"platActiveSys":	"practica_dosc",
	"systems":	[{
			"systemName":	"practica_dosc",
			"systemDesc":	"practica_dosc",
			"sysIsBootAutoGen":	"true",
			"systemDispName":	"practica_dosc",
			"sysActiveDom":	"standalone_microblaze_0",
			"sysDefaultDom":	"standalone_microblaze_0",
			"domains":	[{
					"domainName":	"standalone_microblaze_0",
					"domainDispName":	"standalone_microblaze_0",
					"domainDesc":	"standalone_microblaze_0",
					"processors":	"microblaze_0",
					"os":	"standalone",
					"sdxOs":	"standalone",
					"debugEnable":	"False",
					"domRuntimes":	["cpp"],
					"swRepo":	"",
					"mssOsVer":	"8.1",
					"mssFile":	"",
					"md5Digest":	"25c07a82bf59ba87c8ca238ad5b8ea01",
					"compatibleApp":	"peripheral_tests",
					"domType":	"mssDomain",
					"arch":	"32-bit",
					"appSettings":	{
						"appCompilerFlags":	"",
						"appLinkerFlags":	""
					},
					"addedLibs":	[],
					"libOptions":	{
						"libsContainingOptions":	[]
					},
					"prebuiltLibs":	{
						"prebuiltIncPath":	[],
						"prebuiltLibPath":	[]
					},
					"isolation":	{
					}
				}]
		}]
}
LOG::2024-11-14.11:54:45::SCWPlatform::Started generating the artifacts platform practica_dosc
TRACE::2024-11-14.11:54:45::SCWPlatform::Sanity checking of platform is completed
LOG::2024-11-14.11:54:46::SCWPlatform::Started generating the artifacts for system configuration practica_dosc
LOG::2024-11-14.11:54:46::SCWSystem::Started Processing the domain standalone_microblaze_0
TRACE::2024-11-14.11:54:46::SCWDomain::Generating domain artifcats
TRACE::2024-11-14.11:54:46::SCWMssOS::Generating standalone artifcats
TRACE::2024-11-14.11:54:46::SCWMssOS:: Copying the user libraries. 
TRACE::2024-11-14.11:54:46::SCWPlatform::Trying to open the hw design at D:/SE/Vitis/practica_dos_c/practica_dosc/hw/practica_dosc.xsa
TRACE::2024-11-14.11:54:46::SCWPlatform::DSA given D:/SE/Vitis/practica_dos_c/practica_dosc/hw/practica_dosc.xsa
TRACE::2024-11-14.11:54:46::SCWPlatform::DSA absoulate path D:/SE/Vitis/practica_dos_c/practica_dosc/hw/practica_dosc.xsa
TRACE::2024-11-14.11:54:46::SCWPlatform::DSA directory D:/SE/Vitis/practica_dos_c/practica_dosc/hw
TRACE::2024-11-14.11:54:46::SCWPlatform:: Platform Path D:/SE/Vitis/practica_dos_c/practica_dosc/hw/practica_dosc.xsa
TRACE::2024-11-14.11:54:46::SCWPlatform:: Unique name xilinx:basys3::0.0
TRACE::2024-11-14.11:54:46::SCWPlatform::Trying to set the existing hwdb with name design_1_wrapper_0
TRACE::2024-11-14.11:54:46::SCWPlatform::Opened existing hwdb design_1_wrapper_0
TRACE::2024-11-14.11:54:46::SCWPlatform::Found the Hw Db part of the input DSA
TRACE::2024-11-14.11:54:46::SCWMssOS::Checking the sw design at  D:/SE/Vitis/practica_dos_c/practica_dosc/microblaze_0/standalone_microblaze_0/bsp/system.mss
TRACE::2024-11-14.11:54:46::SCWMssOS::DEBUG:  swdes dump  D:/SE/Vitis/practica_dos_c/practica_dosc/microblaze_0/standalone_microblaze_0/bsp/system.mss|system||

TRACE::2024-11-14.11:54:46::SCWMssOS::Sw design exists and opened at  D:/SE/Vitis/practica_dos_c/practica_dosc/microblaze_0/standalone_microblaze_0/bsp/system.mss
TRACE::2024-11-14.11:54:46::SCWMssOS::Completed writing the mss file at D:/SE/Vitis/practica_dos_c/practica_dosc/microblaze_0/standalone_microblaze_0/bsp
TRACE::2024-11-14.11:54:46::SCWMssOS::Mss edits present, copying mssfile into export location D:/SE/Vitis/practica_dos_c/practica_dosc/microblaze_0/standalone_microblaze_0/bsp/system.mss
TRACE::2024-11-14.11:54:46::SCWMssOS::bsp generated is upto date with the mss file. Skipping bsp generation.
TRACE::2024-11-14.11:54:46::SCWMssOS::BSP is already built. skipping the bsp build ... 
TRACE::2024-11-14.11:54:46::SCWDomain::Building the domain as part of full build :  standalone_microblaze_0
TRACE::2024-11-14.11:54:46::SCWMssOS::skipping the bsp build ... 
TRACE::2024-11-14.11:54:46::SCWMssOS::Copying to export directory.
TRACE::2024-11-14.11:54:46::SCWMssOS:: Checking if to create the Supporting Applications
TRACE::2024-11-14.11:54:46::SCWMssOS:: No Linux domain exists, trying to generate FSBL 
LOG::2024-11-14.11:54:46::SCWSystem::Completed Processing the domain standalone_microblaze_0
LOG::2024-11-14.11:54:46::SCWSystem::Completed Processing the sysconfig practica_dosc
LOG::2024-11-14.11:54:47::SCWPlatform::Completed generating the artifacts for system configuration practica_dosc
TRACE::2024-11-14.11:54:47::SCWPlatform::Started preparing the platform 
TRACE::2024-11-14.11:54:47::SCWSystem::Writing the bif file for system config practica_dosc
TRACE::2024-11-14.11:54:47::SCWSystem::dir created 
TRACE::2024-11-14.11:54:47::SCWSystem::Writing the bif 
TRACE::2024-11-14.11:54:47::SCWPlatform::Started writing the spfm file 
TRACE::2024-11-14.11:54:47::SCWPlatform::Started writing the xpfm file 
TRACE::2024-11-14.11:54:47::SCWPlatform::Completed generating the platform
TRACE::2024-11-14.11:54:47::SCWMssOS::Saving the mss changes D:/SE/Vitis/practica_dos_c/practica_dosc/microblaze_0/standalone_microblaze_0/bsp/system.mss
TRACE::2024-11-14.11:54:47::SCWMssOS::Found a swdesign opened with the mssfile.
TRACE::2024-11-14.11:54:47::SCWMssOS::Completed writemss as part of save.
TRACE::2024-11-14.11:54:47::SCWMssOS::Commit changes completed.
TRACE::2024-11-14.11:54:47::SCWPlatform::Trying to open the hw design at D:/SE/Vitis/practica_dos_c/practica_dosc/hw/practica_dosc.xsa
TRACE::2024-11-14.11:54:47::SCWPlatform::DSA given D:/SE/Vitis/practica_dos_c/practica_dosc/hw/practica_dosc.xsa
TRACE::2024-11-14.11:54:47::SCWPlatform::DSA absoulate path D:/SE/Vitis/practica_dos_c/practica_dosc/hw/practica_dosc.xsa
TRACE::2024-11-14.11:54:47::SCWPlatform::DSA directory D:/SE/Vitis/practica_dos_c/practica_dosc/hw
TRACE::2024-11-14.11:54:47::SCWPlatform:: Platform Path D:/SE/Vitis/practica_dos_c/practica_dosc/hw/practica_dosc.xsa
TRACE::2024-11-14.11:54:47::SCWPlatform:: Unique name xilinx:basys3::0.0
TRACE::2024-11-14.11:54:47::SCWPlatform::Trying to set the existing hwdb with name design_1_wrapper_0
TRACE::2024-11-14.11:54:47::SCWPlatform::Opened existing hwdb design_1_wrapper_0
TRACE::2024-11-14.11:54:47::SCWPlatform::Found the Hw Db part of the input DSA
TRACE::2024-11-14.11:54:47::SCWMssOS::Checking the sw design at  D:/SE/Vitis/practica_dos_c/practica_dosc/microblaze_0/standalone_microblaze_0/bsp/system.mss
TRACE::2024-11-14.11:54:47::SCWMssOS::DEBUG:  swdes dump  D:/SE/Vitis/practica_dos_c/practica_dosc/microblaze_0/standalone_microblaze_0/bsp/system.mss|system||

TRACE::2024-11-14.11:54:47::SCWMssOS::Sw design exists and opened at  D:/SE/Vitis/practica_dos_c/practica_dosc/microblaze_0/standalone_microblaze_0/bsp/system.mss
TRACE::2024-11-14.11:54:47::SCWPlatform::Trying to open the hw design at D:/SE/Vitis/practica_dos_c/practica_dosc/hw/practica_dosc.xsa
TRACE::2024-11-14.11:54:47::SCWPlatform::DSA given D:/SE/Vitis/practica_dos_c/practica_dosc/hw/practica_dosc.xsa
TRACE::2024-11-14.11:54:47::SCWPlatform::DSA absoulate path D:/SE/Vitis/practica_dos_c/practica_dosc/hw/practica_dosc.xsa
TRACE::2024-11-14.11:54:47::SCWPlatform::DSA directory D:/SE/Vitis/practica_dos_c/practica_dosc/hw
TRACE::2024-11-14.11:54:47::SCWPlatform:: Platform Path D:/SE/Vitis/practica_dos_c/practica_dosc/hw/practica_dosc.xsa
TRACE::2024-11-14.11:54:47::SCWPlatform:: Unique name xilinx:basys3::0.0
TRACE::2024-11-14.11:54:47::SCWPlatform::Trying to set the existing hwdb with name design_1_wrapper_0
TRACE::2024-11-14.11:54:47::SCWPlatform::Opened existing hwdb design_1_wrapper_0
TRACE::2024-11-14.11:54:47::SCWPlatform::Found the Hw Db part of the input DSA
TRACE::2024-11-14.11:54:47::SCWMssOS::Checking the sw design at  D:/SE/Vitis/practica_dos_c/practica_dosc/microblaze_0/standalone_microblaze_0/bsp/system.mss
TRACE::2024-11-14.11:54:47::SCWMssOS::DEBUG:  swdes dump  D:/SE/Vitis/practica_dos_c/practica_dosc/microblaze_0/standalone_microblaze_0/bsp/system.mss|system||

TRACE::2024-11-14.11:54:47::SCWMssOS::Sw design exists and opened at  D:/SE/Vitis/practica_dos_c/practica_dosc/microblaze_0/standalone_microblaze_0/bsp/system.mss
TRACE::2024-11-14.11:54:47::SCWPlatform::Trying to open the hw design at D:/SE/Vitis/practica_dos_c/practica_dosc/hw/practica_dosc.xsa
TRACE::2024-11-14.11:54:47::SCWPlatform::DSA given D:/SE/Vitis/practica_dos_c/practica_dosc/hw/practica_dosc.xsa
TRACE::2024-11-14.11:54:47::SCWPlatform::DSA absoulate path D:/SE/Vitis/practica_dos_c/practica_dosc/hw/practica_dosc.xsa
TRACE::2024-11-14.11:54:47::SCWPlatform::DSA directory D:/SE/Vitis/practica_dos_c/practica_dosc/hw
TRACE::2024-11-14.11:54:47::SCWPlatform:: Platform Path D:/SE/Vitis/practica_dos_c/practica_dosc/hw/practica_dosc.xsa
TRACE::2024-11-14.11:54:47::SCWPlatform:: Unique name xilinx:basys3::0.0
TRACE::2024-11-14.11:54:47::SCWPlatform::Trying to set the existing hwdb with name design_1_wrapper_0
TRACE::2024-11-14.11:54:47::SCWPlatform::Opened existing hwdb design_1_wrapper_0
TRACE::2024-11-14.11:54:47::SCWPlatform::Found the Hw Db part of the input DSA
TRACE::2024-11-14.11:54:47::SCWMssOS::Checking the sw design at  D:/SE/Vitis/practica_dos_c/practica_dosc/microblaze_0/standalone_microblaze_0/bsp/system.mss
TRACE::2024-11-14.11:54:47::SCWMssOS::DEBUG:  swdes dump  D:/SE/Vitis/practica_dos_c/practica_dosc/microblaze_0/standalone_microblaze_0/bsp/system.mss|system||

TRACE::2024-11-14.11:54:47::SCWMssOS::Sw design exists and opened at  D:/SE/Vitis/practica_dos_c/practica_dosc/microblaze_0/standalone_microblaze_0/bsp/system.mss
TRACE::2024-11-14.11:54:47::SCWWriter::formatted JSON is {
	"platformName":	"practica_dosc",
	"sprVersion":	"2.0",
	"mode":	"gui",
	"dsaType":	"Fixed",
	"platformDesc":	"practica_dosc",
	"platHandOff":	"D:/SE/Vivado/practica2/practica_dosc.xsa",
	"platIntHandOff":	"<platformDir>/hw/practica_dosc.xsa",
	"deviceType":	"FPGA",
	"platIsPrebuiltAutogen":	"false",
	"platIsNoBootBsp":	"false",
	"hasFsblMakeHasChanges":	"false",
	"hasPmufwMakeHasChanges":	"false",
	"platPreBuiltFlag":	false,
	"platformSamplesDir":	"",
	"platActiveSys":	"practica_dosc",
	"systems":	[{
			"systemName":	"practica_dosc",
			"systemDesc":	"practica_dosc",
			"sysIsBootAutoGen":	"true",
			"systemDispName":	"practica_dosc",
			"sysActiveDom":	"standalone_microblaze_0",
			"sysDefaultDom":	"standalone_microblaze_0",
			"domains":	[{
					"domainName":	"standalone_microblaze_0",
					"domainDispName":	"standalone_microblaze_0",
					"domainDesc":	"standalone_microblaze_0",
					"processors":	"microblaze_0",
					"os":	"standalone",
					"sdxOs":	"standalone",
					"debugEnable":	"False",
					"domRuntimes":	["cpp"],
					"swRepo":	"",
					"mssOsVer":	"8.1",
					"mssFile":	"",
					"md5Digest":	"25c07a82bf59ba87c8ca238ad5b8ea01",
					"compatibleApp":	"peripheral_tests",
					"domType":	"mssDomain",
					"arch":	"32-bit",
					"appSettings":	{
						"appCompilerFlags":	"",
						"appLinkerFlags":	""
					},
					"addedLibs":	[],
					"libOptions":	{
						"libsContainingOptions":	[]
					},
					"prebuiltLibs":	{
						"prebuiltIncPath":	[],
						"prebuiltLibPath":	[]
					},
					"isolation":	{
					}
				}]
		}]
}
KEYINFO::2024-11-14.11:54:47::SCWPlatform::updated the xpfm file.
LOG::2024-11-14.11:57:43::SCWPlatform::Started generating the artifacts platform practica_dosc
TRACE::2024-11-14.11:57:43::SCWPlatform::Sanity checking of platform is completed
LOG::2024-11-14.11:57:44::SCWPlatform::Started generating the artifacts for system configuration practica_dosc
LOG::2024-11-14.11:57:44::SCWSystem::Checking the domain standalone_microblaze_0
LOG::2024-11-14.11:57:44::SCWSystem::Not a boot domain 
LOG::2024-11-14.11:57:44::SCWSystem::Started Processing the domain standalone_microblaze_0
TRACE::2024-11-14.11:57:44::SCWDomain::Generating domain artifcats
TRACE::2024-11-14.11:57:44::SCWMssOS::Generating standalone artifcats
TRACE::2024-11-14.11:57:44::SCWMssOS:: Copying the user libraries. 
TRACE::2024-11-14.11:57:44::SCWPlatform::Trying to open the hw design at D:/SE/Vitis/practica_dos_c/practica_dosc/hw/practica_dosc.xsa
TRACE::2024-11-14.11:57:44::SCWPlatform::DSA given D:/SE/Vitis/practica_dos_c/practica_dosc/hw/practica_dosc.xsa
TRACE::2024-11-14.11:57:44::SCWPlatform::DSA absoulate path D:/SE/Vitis/practica_dos_c/practica_dosc/hw/practica_dosc.xsa
TRACE::2024-11-14.11:57:44::SCWPlatform::DSA directory D:/SE/Vitis/practica_dos_c/practica_dosc/hw
TRACE::2024-11-14.11:57:44::SCWPlatform:: Platform Path D:/SE/Vitis/practica_dos_c/practica_dosc/hw/practica_dosc.xsa
TRACE::2024-11-14.11:57:44::SCWPlatform:: Unique name xilinx:basys3::0.0
TRACE::2024-11-14.11:57:44::SCWPlatform::Trying to set the existing hwdb with name design_1_wrapper_0
TRACE::2024-11-14.11:57:44::SCWPlatform::Opened existing hwdb design_1_wrapper_0
TRACE::2024-11-14.11:57:44::SCWPlatform::Found the Hw Db part of the input DSA
TRACE::2024-11-14.11:57:44::SCWMssOS::Checking the sw design at  D:/SE/Vitis/practica_dos_c/practica_dosc/microblaze_0/standalone_microblaze_0/bsp/system.mss
TRACE::2024-11-14.11:57:44::SCWMssOS::DEBUG:  swdes dump  D:/SE/Vitis/practica_dos_c/practica_dosc/microblaze_0/standalone_microblaze_0/bsp/system.mss|system||

TRACE::2024-11-14.11:57:44::SCWMssOS::Sw design exists and opened at  D:/SE/Vitis/practica_dos_c/practica_dosc/microblaze_0/standalone_microblaze_0/bsp/system.mss
TRACE::2024-11-14.11:57:44::SCWMssOS::Completed writing the mss file at D:/SE/Vitis/practica_dos_c/practica_dosc/microblaze_0/standalone_microblaze_0/bsp
TRACE::2024-11-14.11:57:44::SCWMssOS::Mss edits present, copying mssfile into export location D:/SE/Vitis/practica_dos_c/practica_dosc/microblaze_0/standalone_microblaze_0/bsp/system.mss
TRACE::2024-11-14.11:57:44::SCWMssOS::bsp generated is upto date with the mss file. Skipping bsp generation.
TRACE::2024-11-14.11:57:44::SCWMssOS::BSP is already built. skipping the bsp build ... 
TRACE::2024-11-14.11:57:44::SCWDomain::Building the domain as part of full build :  standalone_microblaze_0
TRACE::2024-11-14.11:57:44::SCWMssOS::doing bsp build ... 
TRACE::2024-11-14.11:57:44::SCWMssOS::System Command Ran  D: & cd  D:/SE/Vitis/practica_dos_c/practica_dosc/microblaze_0/standalone_microblaze_0/bsp & make 
TRACE::2024-11-14.11:57:44::SCWMssOS::make --no-print-directory seq_libs

TRACE::2024-11-14.11:57:44::SCWMssOS::"Running Make include in microblaze_0/libsrc/cpu_v2_17/src"

TRACE::2024-11-14.11:57:44::SCWMssOS::make -C microblaze_0/libsrc/cpu_v2_17/src -s include  "SHELL=CMD" "COMPILER=mb-gcc" "ASSEMBLER=mb-as" "ARCHIVER=mb-ar" "COMPILE
TRACE::2024-11-14.11:57:45::SCWMssOS::R_FLAGS=  -O2 -c -mcpu=v11.0 -mlittle-endian -mxl-soft-mul" "EXTRA_COMPILER_FLAGS=-g -ffunction-sections -fdata-sections -Wall 
TRACE::2024-11-14.11:57:45::SCWMssOS::-Wextra -fno-tree-loop-distribute-patterns"

TRACE::2024-11-14.11:57:45::SCWMssOS::"Running Make include in microblaze_0/libsrc/standalone_v8_1/src"

TRACE::2024-11-14.11:57:45::SCWMssOS::make -C microblaze_0/libsrc/standalone_v8_1/src -s include  "SHELL=CMD" "COMPILER=mb-gcc" "ASSEMBLER=mb-as" "ARCHIVER=mb-ar" "C
TRACE::2024-11-14.11:57:45::SCWMssOS::OMPILER_FLAGS=  -O2 -c -mcpu=v11.0 -mlittle-endian -mxl-soft-mul" "EXTRA_COMPILER_FLAGS=-g -ffunction-sections -fdata-sections 
TRACE::2024-11-14.11:57:45::SCWMssOS::-Wall -Wextra -fno-tree-loop-distribute-patterns"

TRACE::2024-11-14.11:57:46::SCWMssOS::"Running Make include in microblaze_0/libsrc/bram_v4_8/src"

TRACE::2024-11-14.11:57:46::SCWMssOS::make -C microblaze_0/libsrc/bram_v4_8/src -s include  "SHELL=CMD" "COMPILER=mb-gcc" "ASSEMBLER=mb-as" "ARCHIVER=mb-ar" "COMPILE
TRACE::2024-11-14.11:57:46::SCWMssOS::R_FLAGS=  -O2 -c -mcpu=v11.0 -mlittle-endian -mxl-soft-mul" "EXTRA_COMPILER_FLAGS=-g -ffunction-sections -fdata-sections -Wall 
TRACE::2024-11-14.11:57:46::SCWMssOS::-Wextra -fno-tree-loop-distribute-patterns"

TRACE::2024-11-14.11:57:46::SCWMssOS::"Running Make include in microblaze_0/libsrc/copro_v1_0/src"

TRACE::2024-11-14.11:57:47::SCWMssOS::make -C microblaze_0/libsrc/copro_v1_0/src -s include  "SHELL=CMD" "COMPILER=mb-gcc" "ASSEMBLER=mb-as" "ARCHIVER=mb-ar" "COMPIL
TRACE::2024-11-14.11:57:47::SCWMssOS::ER_FLAGS=  -O2 -c -mcpu=v11.0 -mlittle-endian -mxl-soft-mul" "EXTRA_COMPILER_FLAGS=-g -ffunction-sections -fdata-sections -Wall
TRACE::2024-11-14.11:57:47::SCWMssOS:: -Wextra -fno-tree-loop-distribute-patterns"

TRACE::2024-11-14.11:57:47::SCWMssOS::"Running Make include in microblaze_0/libsrc/uartlite_v3_8/src"

TRACE::2024-11-14.11:57:47::SCWMssOS::make -C microblaze_0/libsrc/uartlite_v3_8/src -s include  "SHELL=CMD" "COMPILER=mb-gcc" "ASSEMBLER=mb-as" "ARCHIVER=mb-ar" "COM
TRACE::2024-11-14.11:57:47::SCWMssOS::PILER_FLAGS=  -O2 -c -mcpu=v11.0 -mlittle-endian -mxl-soft-mul" "EXTRA_COMPILER_FLAGS=-g -ffunction-sections -fdata-sections -W
TRACE::2024-11-14.11:57:47::SCWMssOS::all -Wextra -fno-tree-loop-distribute-patterns"

TRACE::2024-11-14.11:57:47::SCWMssOS::"Running Make libs in microblaze_0/libsrc/copro_v1_0/src"

TRACE::2024-11-14.11:57:47::SCWMssOS::make -C microblaze_0/libsrc/copro_v1_0/src -s libs  "SHELL=CMD" "COMPILER=mb-gcc" "ASSEMBLER=mb-as" "ARCHIVER=mb-ar" "COMPILER_
TRACE::2024-11-14.11:57:47::SCWMssOS::FLAGS=  -O2 -c -mcpu=v11.0 -mlittle-endian -mxl-soft-mul" "EXTRA_COMPILER_FLAGS=-g -ffunction-sections -fdata-sections -Wall -W
TRACE::2024-11-14.11:57:47::SCWMssOS::extra -fno-tree-loop-distribute-patterns"

TRACE::2024-11-14.11:57:47::SCWMssOS::"Compiling copro..."

TRACE::2024-11-14.11:57:48::SCWMssOS::'Finished building libraries sequentially.'

TRACE::2024-11-14.11:57:48::SCWMssOS::make -j 6 --no-print-directory par_libs

TRACE::2024-11-14.11:57:48::SCWMssOS::"Running Make include in microblaze_0/libsrc/cpu_v2_17/src"

TRACE::2024-11-14.11:57:48::SCWMssOS::make -C microblaze_0/libsrc/cpu_v2_17/src -s include  "SHELL=CMD" "COMPILER=mb-gcc" "ASSEMBLER=mb-as" "ARCHIVER=mb-ar" "COMPILE
TRACE::2024-11-14.11:57:48::SCWMssOS::R_FLAGS=  -O2 -c -mcpu=v11.0 -mlittle-endian -mxl-soft-mul" "EXTRA_COMPILER_FLAGS=-g -ffunction-sections -fdata-sections -Wall 
TRACE::2024-11-14.11:57:48::SCWMssOS::-Wextra -fno-tree-loop-distribute-patterns"

TRACE::2024-11-14.11:57:48::SCWMssOS::"Running Make include in microblaze_0/libsrc/standalone_v8_1/src"

TRACE::2024-11-14.11:57:48::SCWMssOS::make -C microblaze_0/libsrc/standalone_v8_1/src -s include  "SHELL=CMD" "COMPILER=mb-gcc" "ASSEMBLER=mb-as" "ARCHIVER=mb-ar" "C
TRACE::2024-11-14.11:57:48::SCWMssOS::OMPILER_FLAGS=  -O2 -c -mcpu=v11.0 -mlittle-endian -mxl-soft-mul" "EXTRA_COMPILER_FLAGS=-g -ffunction-sections -fdata-sections 
TRACE::2024-11-14.11:57:48::SCWMssOS::-Wall -Wextra -fno-tree-loop-distribute-patterns"

TRACE::2024-11-14.11:57:48::SCWMssOS::"Running Make include in microblaze_0/libsrc/bram_v4_8/src"

TRACE::2024-11-14.11:57:48::SCWMssOS::make -C microblaze_0/libsrc/bram_v4_8/src -s include  "SHELL=CMD" "COMPILER=mb-gcc" "ASSEMBLER=mb-as" "ARCHIVER=mb-ar" "COMPILE
TRACE::2024-11-14.11:57:48::SCWMssOS::R_FLAGS=  -O2 -c -mcpu=v11.0 -mlittle-endian -mxl-soft-mul" "EXTRA_COMPILER_FLAGS=-g -ffunction-sections -fdata-sections -Wall 
TRACE::2024-11-14.11:57:48::SCWMssOS::-Wextra -fno-tree-loop-distribute-patterns"

TRACE::2024-11-14.11:57:48::SCWMssOS::"Running Make include in microblaze_0/libsrc/copro_v1_0/src"

TRACE::2024-11-14.11:57:48::SCWMssOS::make -C microblaze_0/libsrc/copro_v1_0/src -s include  "SHELL=CMD" "COMPILER=mb-gcc" "ASSEMBLER=mb-as" "ARCHIVER=mb-ar" "COMPIL
TRACE::2024-11-14.11:57:48::SCWMssOS::ER_FLAGS=  -O2 -c -mcpu=v11.0 -mlittle-endian -mxl-soft-mul" "EXTRA_COMPILER_FLAGS=-g -ffunction-sections -fdata-sections -Wall
TRACE::2024-11-14.11:57:48::SCWMssOS:: -Wextra -fno-tree-loop-distribute-patterns"

TRACE::2024-11-14.11:57:48::SCWMssOS::"Running Make include in microblaze_0/libsrc/uartlite_v3_8/src"

TRACE::2024-11-14.11:57:48::SCWMssOS::make -C microblaze_0/libsrc/uartlite_v3_8/src -s include  "SHELL=CMD" "COMPILER=mb-gcc" "ASSEMBLER=mb-as" "ARCHIVER=mb-ar" "COM
TRACE::2024-11-14.11:57:48::SCWMssOS::PILER_FLAGS=  -O2 -c -mcpu=v11.0 -mlittle-endian -mxl-soft-mul" "EXTRA_COMPILER_FLAGS=-g -ffunction-sections -fdata-sections -W
TRACE::2024-11-14.11:57:48::SCWMssOS::all -Wextra -fno-tree-loop-distribute-patterns"

TRACE::2024-11-14.11:57:48::SCWMssOS::"Running Make libs in microblaze_0/libsrc/cpu_v2_17/src"

TRACE::2024-11-14.11:57:48::SCWMssOS::make -C microblaze_0/libsrc/cpu_v2_17/src -s libs  "SHELL=CMD" "COMPILER=mb-gcc" "ASSEMBLER=mb-as" "ARCHIVER=mb-ar" "COMPILER_F
TRACE::2024-11-14.11:57:48::SCWMssOS::LAGS=  -O2 -c -mcpu=v11.0 -mlittle-endian -mxl-soft-mul" "EXTRA_COMPILER_FLAGS=-g -ffunction-sections -fdata-sections -Wall -We
TRACE::2024-11-14.11:57:48::SCWMssOS::xtra -fno-tree-loop-distribute-patterns"

TRACE::2024-11-14.11:57:48::SCWMssOS::"Running Make libs in microblaze_0/libsrc/standalone_v8_1/src"

TRACE::2024-11-14.11:57:48::SCWMssOS::make -C microblaze_0/libsrc/standalone_v8_1/src -s libs  "SHELL=CMD" "COMPILER=mb-gcc" "ASSEMBLER=mb-as" "ARCHIVER=mb-ar" "COMP
TRACE::2024-11-14.11:57:48::SCWMssOS::ILER_FLAGS=  -O2 -c -mcpu=v11.0 -mlittle-endian -mxl-soft-mul" "EXTRA_COMPILER_FLAGS=-g -ffunction-sections -fdata-sections -Wa
TRACE::2024-11-14.11:57:48::SCWMssOS::ll -Wextra -fno-tree-loop-distribute-patterns"

TRACE::2024-11-14.11:57:48::SCWMssOS::"Running Make libs in microblaze_0/libsrc/bram_v4_8/src"

TRACE::2024-11-14.11:57:48::SCWMssOS::make -C microblaze_0/libsrc/bram_v4_8/src -s libs  "SHELL=CMD" "COMPILER=mb-gcc" "ASSEMBLER=mb-as" "ARCHIVER=mb-ar" "COMPILER_F
TRACE::2024-11-14.11:57:48::SCWMssOS::LAGS=  -O2 -c -mcpu=v11.0 -mlittle-endian -mxl-soft-mul" "EXTRA_COMPILER_FLAGS=-g -ffunction-sections -fdata-sections -Wall -We
TRACE::2024-11-14.11:57:48::SCWMssOS::xtra -fno-tree-loop-distribute-patterns"

TRACE::2024-11-14.11:57:48::SCWMssOS::"Running Make libs in microblaze_0/libsrc/uartlite_v3_8/src"

TRACE::2024-11-14.11:57:48::SCWMssOS::make -C microblaze_0/libsrc/uartlite_v3_8/src -s libs  "SHELL=CMD" "COMPILER=mb-gcc" "ASSEMBLER=mb-as" "ARCHIVER=mb-ar" "COMPIL
TRACE::2024-11-14.11:57:48::SCWMssOS::ER_FLAGS=  -O2 -c -mcpu=v11.0 -mlittle-endian -mxl-soft-mul" "EXTRA_COMPILER_FLAGS=-g -ffunction-sections -fdata-sections -Wall
TRACE::2024-11-14.11:57:48::SCWMssOS:: -Wextra -fno-tree-loop-distribute-patterns"

TRACE::2024-11-14.11:57:51::SCWMssOS::"DEBUG NON_LTO_OBJECTS is ../../../lib/microblaze_interrupt_handler.o"

TRACE::2024-11-14.11:57:51::SCWMssOS::'Finished building libraries parallelly.'

TRACE::2024-11-14.11:57:51::SCWMssOS::make --no-print-directory archive

TRACE::2024-11-14.11:57:51::SCWMssOS::mb-ar -r  microblaze_0/lib/libxil.a microblaze_0/lib/_exit.o microblaze_0/lib/errno.o microblaze_0/lib/fcntl.o microblaze_0/lib
TRACE::2024-11-14.11:57:51::SCWMssOS::/hw_exception_handler.o microblaze_0/lib/inbyte.o microblaze_0/lib/microblaze_disable_dcache.o microblaze_0/lib/microblaze_disa
TRACE::2024-11-14.11:57:51::SCWMssOS::ble_exceptions.o microblaze_0/lib/microblaze_disable_icache.o microblaze_0/lib/microblaze_disable_interrupts.o microblaze_0/lib
TRACE::2024-11-14.11:57:51::SCWMssOS::/microblaze_enable_dcache.o microblaze_0/lib/microblaze_enable_exceptions.o microblaze_0/lib/microblaze_enable_icache.o microbl
TRACE::2024-11-14.11:57:51::SCWMssOS::aze_0/lib/microblaze_enable_interrupts.o microblaze_0/lib/microblaze_exception_handler.o microblaze_0/lib/microblaze_flush_cach
TRACE::2024-11-14.11:57:51::SCWMssOS::e_ext.o microblaze_0/lib/microblaze_flush_cache_ext_range.o microblaze_0/lib/microblaze_flush_dcache.o microblaze_0/lib/microbl
TRACE::2024-11-14.11:57:51::SCWMssOS::aze_flush_dcache_range.o microblaze_0/lib/microblaze_init_dcache_range.o microblaze_0/lib/microblaze_init_icache_range.o microb
TRACE::2024-11-14.11:57:51::SCWMssOS::laze_0/lib/microblaze_interrupt_handler.o microblaze_0/lib/microblaze_interrupts_g.o microblaze_0/lib/microblaze_invalidate_cac
TRACE::2024-11-14.11:57:51::SCWMssOS::he_ext.o microblaze_0/lib/microblaze_invalidate_cache_ext_range.o microblaze_0/lib/microblaze_invalidate_dcache.o microblaze_0/
TRACE::2024-11-14.11:57:51::SCWMssOS::lib/microblaze_invalidate_dcache_range.o microblaze_0/lib/microblaze_invalidate_icache.o microblaze_0/lib/microblaze_invalidate
TRACE::2024-11-14.11:57:51::SCWMssOS::_icache_range.o microblaze_0/lib/microblaze_scrub.o microblaze_0/lib/microblaze_selftest.o microblaze_0/lib/microblaze_sleep.o 
TRACE::2024-11-14.11:57:51::SCWMssOS::microblaze_0/lib/microblaze_update_dcache.o microblaze_0/lib/microblaze_update_icache.o microblaze_0/lib/outbyte.o microblaze_0
TRACE::2024-11-14.11:57:51::SCWMssOS::/lib/print.o microblaze_0/lib/pvr.o microblaze_0/lib/xbram.o microblaze_0/lib/xbram_g.o microblaze_0/lib/xbram_intr.o microblaz
TRACE::2024-11-14.11:57:51::SCWMssOS::e_0/lib/xbram_selftest.o microblaze_0/lib/xbram_sinit.o microblaze_0/lib/xil_assert.o microblaze_0/lib/xil_cache.o microblaze_0
TRACE::2024-11-14.11:57:51::SCWMssOS::/lib/xil_clocking.o microblaze_0/lib/xil_exception.o microblaze_0/lib/xil_mem.o microblaze_0/lib/xil_misc_psreset_api.o microbl
TRACE::2024-11-14.11:57:51::SCWMssOS::aze_0/lib/xil_printf.o microblaze_0/lib/xil_sleepcommon.o microblaze_0/lib/xil_testcache.o microblaze_0/lib/xil_testio.o microb
TRACE::2024-11-14.11:57:51::SCWMssOS::laze_0/lib/xil_testmem.o microblaze_0/lib/xil_util.o microblaze_0/lib/xinterrupt_wrap.o microblaze_0/lib/xio.o microblaze_0/lib
TRACE::2024-11-14.11:57:51::SCWMssOS::/xplatform_info.o microblaze_0/lib/xuartlite.o microblaze_0/lib/xuartlite_g.o microblaze_0/lib/xuartlite_intr.o microblaze_0/li
TRACE::2024-11-14.11:57:51::SCWMssOS::b/xuartlite_l.o microblaze_0/lib/xuartlite_selftest.o microblaze_0/lib/xuartlite_sinit.o microblaze_0/lib/xuartlite_stats.o

TRACE::2024-11-14.11:57:51::SCWMssOS::'Finished building libraries'

TRACE::2024-11-14.11:57:56::SCWMssOS::Copying to export directory.
TRACE::2024-11-14.11:58:02::SCWMssOS:: Checking if to create the Supporting Applications
TRACE::2024-11-14.11:58:02::SCWMssOS:: No Linux domain exists, trying to generate FSBL 
LOG::2024-11-14.11:58:02::SCWSystem::Completed Processing the domain standalone_microblaze_0
LOG::2024-11-14.11:58:02::SCWSystem::Completed Processing the sysconfig practica_dosc
LOG::2024-11-14.11:58:02::SCWPlatform::Completed generating the artifacts for system configuration practica_dosc
TRACE::2024-11-14.11:58:02::SCWPlatform::Started preparing the platform 
TRACE::2024-11-14.11:58:02::SCWSystem::Writing the bif file for system config practica_dosc
TRACE::2024-11-14.11:58:02::SCWSystem::dir created 
TRACE::2024-11-14.11:58:02::SCWSystem::Writing the bif 
TRACE::2024-11-14.11:58:02::SCWPlatform::Started writing the spfm file 
TRACE::2024-11-14.11:58:02::SCWPlatform::Started writing the xpfm file 
TRACE::2024-11-14.11:58:02::SCWPlatform::Completed generating the platform
TRACE::2024-11-14.11:58:02::SCWMssOS::Saving the mss changes D:/SE/Vitis/practica_dos_c/practica_dosc/microblaze_0/standalone_microblaze_0/bsp/system.mss
TRACE::2024-11-14.11:58:02::SCWMssOS::Found a swdesign opened with the mssfile.
TRACE::2024-11-14.11:58:02::SCWMssOS::Completed writemss as part of save.
TRACE::2024-11-14.11:58:02::SCWMssOS::Commit changes completed.
TRACE::2024-11-14.11:58:02::SCWPlatform::Trying to open the hw design at D:/SE/Vitis/practica_dos_c/practica_dosc/hw/practica_dosc.xsa
TRACE::2024-11-14.11:58:02::SCWPlatform::DSA given D:/SE/Vitis/practica_dos_c/practica_dosc/hw/practica_dosc.xsa
TRACE::2024-11-14.11:58:02::SCWPlatform::DSA absoulate path D:/SE/Vitis/practica_dos_c/practica_dosc/hw/practica_dosc.xsa
TRACE::2024-11-14.11:58:02::SCWPlatform::DSA directory D:/SE/Vitis/practica_dos_c/practica_dosc/hw
TRACE::2024-11-14.11:58:02::SCWPlatform:: Platform Path D:/SE/Vitis/practica_dos_c/practica_dosc/hw/practica_dosc.xsa
TRACE::2024-11-14.11:58:02::SCWPlatform:: Unique name xilinx:basys3::0.0
TRACE::2024-11-14.11:58:02::SCWPlatform::Trying to set the existing hwdb with name design_1_wrapper_0
TRACE::2024-11-14.11:58:02::SCWPlatform::Opened existing hwdb design_1_wrapper_0
TRACE::2024-11-14.11:58:02::SCWPlatform::Found the Hw Db part of the input DSA
TRACE::2024-11-14.11:58:02::SCWMssOS::Checking the sw design at  D:/SE/Vitis/practica_dos_c/practica_dosc/microblaze_0/standalone_microblaze_0/bsp/system.mss
TRACE::2024-11-14.11:58:02::SCWMssOS::DEBUG:  swdes dump  D:/SE/Vitis/practica_dos_c/practica_dosc/microblaze_0/standalone_microblaze_0/bsp/system.mss|system||

TRACE::2024-11-14.11:58:02::SCWMssOS::Sw design exists and opened at  D:/SE/Vitis/practica_dos_c/practica_dosc/microblaze_0/standalone_microblaze_0/bsp/system.mss
TRACE::2024-11-14.11:58:02::SCWPlatform::Trying to open the hw design at D:/SE/Vitis/practica_dos_c/practica_dosc/hw/practica_dosc.xsa
TRACE::2024-11-14.11:58:02::SCWPlatform::DSA given D:/SE/Vitis/practica_dos_c/practica_dosc/hw/practica_dosc.xsa
TRACE::2024-11-14.11:58:02::SCWPlatform::DSA absoulate path D:/SE/Vitis/practica_dos_c/practica_dosc/hw/practica_dosc.xsa
TRACE::2024-11-14.11:58:02::SCWPlatform::DSA directory D:/SE/Vitis/practica_dos_c/practica_dosc/hw
TRACE::2024-11-14.11:58:02::SCWPlatform:: Platform Path D:/SE/Vitis/practica_dos_c/practica_dosc/hw/practica_dosc.xsa
TRACE::2024-11-14.11:58:02::SCWPlatform:: Unique name xilinx:basys3::0.0
TRACE::2024-11-14.11:58:02::SCWPlatform::Trying to set the existing hwdb with name design_1_wrapper_0
TRACE::2024-11-14.11:58:02::SCWPlatform::Opened existing hwdb design_1_wrapper_0
TRACE::2024-11-14.11:58:02::SCWPlatform::Found the Hw Db part of the input DSA
TRACE::2024-11-14.11:58:02::SCWMssOS::Checking the sw design at  D:/SE/Vitis/practica_dos_c/practica_dosc/microblaze_0/standalone_microblaze_0/bsp/system.mss
TRACE::2024-11-14.11:58:02::SCWMssOS::DEBUG:  swdes dump  D:/SE/Vitis/practica_dos_c/practica_dosc/microblaze_0/standalone_microblaze_0/bsp/system.mss|system||

TRACE::2024-11-14.11:58:02::SCWMssOS::Sw design exists and opened at  D:/SE/Vitis/practica_dos_c/practica_dosc/microblaze_0/standalone_microblaze_0/bsp/system.mss
TRACE::2024-11-14.11:58:02::SCWPlatform::Trying to open the hw design at D:/SE/Vitis/practica_dos_c/practica_dosc/hw/practica_dosc.xsa
TRACE::2024-11-14.11:58:02::SCWPlatform::DSA given D:/SE/Vitis/practica_dos_c/practica_dosc/hw/practica_dosc.xsa
TRACE::2024-11-14.11:58:02::SCWPlatform::DSA absoulate path D:/SE/Vitis/practica_dos_c/practica_dosc/hw/practica_dosc.xsa
TRACE::2024-11-14.11:58:02::SCWPlatform::DSA directory D:/SE/Vitis/practica_dos_c/practica_dosc/hw
TRACE::2024-11-14.11:58:02::SCWPlatform:: Platform Path D:/SE/Vitis/practica_dos_c/practica_dosc/hw/practica_dosc.xsa
TRACE::2024-11-14.11:58:02::SCWPlatform:: Unique name xilinx:basys3::0.0
TRACE::2024-11-14.11:58:02::SCWPlatform::Trying to set the existing hwdb with name design_1_wrapper_0
TRACE::2024-11-14.11:58:02::SCWPlatform::Opened existing hwdb design_1_wrapper_0
TRACE::2024-11-14.11:58:02::SCWPlatform::Found the Hw Db part of the input DSA
TRACE::2024-11-14.11:58:02::SCWMssOS::Checking the sw design at  D:/SE/Vitis/practica_dos_c/practica_dosc/microblaze_0/standalone_microblaze_0/bsp/system.mss
TRACE::2024-11-14.11:58:02::SCWMssOS::DEBUG:  swdes dump  D:/SE/Vitis/practica_dos_c/practica_dosc/microblaze_0/standalone_microblaze_0/bsp/system.mss|system||

TRACE::2024-11-14.11:58:02::SCWMssOS::Sw design exists and opened at  D:/SE/Vitis/practica_dos_c/practica_dosc/microblaze_0/standalone_microblaze_0/bsp/system.mss
TRACE::2024-11-14.11:58:02::SCWWriter::formatted JSON is {
	"platformName":	"practica_dosc",
	"sprVersion":	"2.0",
	"mode":	"gui",
	"dsaType":	"Fixed",
	"platformDesc":	"practica_dosc",
	"platHandOff":	"D:/SE/Vivado/practica2/practica_dosc.xsa",
	"platIntHandOff":	"<platformDir>/hw/practica_dosc.xsa",
	"deviceType":	"FPGA",
	"platIsPrebuiltAutogen":	"false",
	"platIsNoBootBsp":	"false",
	"hasFsblMakeHasChanges":	"false",
	"hasPmufwMakeHasChanges":	"false",
	"platPreBuiltFlag":	false,
	"platformSamplesDir":	"",
	"platActiveSys":	"practica_dosc",
	"systems":	[{
			"systemName":	"practica_dosc",
			"systemDesc":	"practica_dosc",
			"sysIsBootAutoGen":	"true",
			"systemDispName":	"practica_dosc",
			"sysActiveDom":	"standalone_microblaze_0",
			"sysDefaultDom":	"standalone_microblaze_0",
			"domains":	[{
					"domainName":	"standalone_microblaze_0",
					"domainDispName":	"standalone_microblaze_0",
					"domainDesc":	"standalone_microblaze_0",
					"processors":	"microblaze_0",
					"os":	"standalone",
					"sdxOs":	"standalone",
					"debugEnable":	"False",
					"domRuntimes":	["cpp"],
					"swRepo":	"",
					"mssOsVer":	"8.1",
					"mssFile":	"",
					"md5Digest":	"25c07a82bf59ba87c8ca238ad5b8ea01",
					"compatibleApp":	"peripheral_tests",
					"domType":	"mssDomain",
					"arch":	"32-bit",
					"appSettings":	{
						"appCompilerFlags":	"",
						"appLinkerFlags":	""
					},
					"addedLibs":	[],
					"libOptions":	{
						"libsContainingOptions":	[]
					},
					"prebuiltLibs":	{
						"prebuiltIncPath":	[],
						"prebuiltLibPath":	[]
					},
					"isolation":	{
					}
				}]
		}]
}
KEYINFO::2024-11-14.11:58:02::SCWPlatform::updated the xpfm file.
TRACE::2024-11-14.11:58:02::SCWPlatform::Trying to open the hw design at D:/SE/Vitis/practica_dos_c/practica_dosc/hw/practica_dosc.xsa
TRACE::2024-11-14.11:58:03::SCWPlatform::DSA given D:/SE/Vitis/practica_dos_c/practica_dosc/hw/practica_dosc.xsa
TRACE::2024-11-14.11:58:03::SCWPlatform::DSA absoulate path D:/SE/Vitis/practica_dos_c/practica_dosc/hw/practica_dosc.xsa
TRACE::2024-11-14.11:58:03::SCWPlatform::DSA directory D:/SE/Vitis/practica_dos_c/practica_dosc/hw
TRACE::2024-11-14.11:58:03::SCWPlatform:: Platform Path D:/SE/Vitis/practica_dos_c/practica_dosc/hw/practica_dosc.xsa
TRACE::2024-11-14.11:58:03::SCWPlatform:: Unique name xilinx:basys3::0.0
TRACE::2024-11-14.11:58:03::SCWPlatform::Trying to set the existing hwdb with name design_1_wrapper_0
TRACE::2024-11-14.11:58:03::SCWPlatform::Opened existing hwdb design_1_wrapper_0
TRACE::2024-11-14.11:58:03::SCWPlatform::Found the Hw Db part of the input DSA
TRACE::2024-11-14.11:58:03::SCWMssOS::Checking the sw design at  D:/SE/Vitis/practica_dos_c/practica_dosc/microblaze_0/standalone_microblaze_0/bsp/system.mss
TRACE::2024-11-14.11:58:03::SCWMssOS::DEBUG:  swdes dump  D:/SE/Vitis/practica_dos_c/practica_dosc/microblaze_0/standalone_microblaze_0/bsp/system.mss|system||

TRACE::2024-11-14.11:58:03::SCWMssOS::Sw design exists and opened at  D:/SE/Vitis/practica_dos_c/practica_dosc/microblaze_0/standalone_microblaze_0/bsp/system.mss
