TRACE::2024-12-07.14:57:52::SCWPlatform::Trying to open the hw design at C:/Users/azmal/Desktop/USB_Backup/SE/Vitis/practica_cinco_a/p5a2/hw/p5a2.xsa
TRACE::2024-12-07.14:57:52::SCWPlatform::DSA given C:/Users/azmal/Desktop/USB_Backup/SE/Vitis/practica_cinco_a/p5a2/hw/p5a2.xsa
TRACE::2024-12-07.14:57:52::SCWPlatform::DSA absoulate path C:/Users/azmal/Desktop/USB_Backup/SE/Vitis/practica_cinco_a/p5a2/hw/p5a2.xsa
TRACE::2024-12-07.14:57:52::SCWPlatform::DSA directory C:/Users/azmal/Desktop/USB_Backup/SE/Vitis/practica_cinco_a/p5a2/hw
TRACE::2024-12-07.14:57:52::SCWPlatform:: Platform Path C:/Users/azmal/Desktop/USB_Backup/SE/Vitis/practica_cinco_a/p5a2/hw/p5a2.xsa
TRACE::2024-12-07.14:57:52::SCWPlatform:: Unique name xilinx:basys3::0.0
TRACE::2024-12-07.14:57:52::SCWPlatform::Do not have an existing db opened. 
TRACE::2024-12-07.14:57:52::SCWPlatform::Opened new HwDB with name design_1_wrapper_0
TRACE::2024-12-07.14:57:52::SCWWriter::formatted JSON is {
	"platformName":	"p5a2",
	"sprVersion":	"2.0",
	"mode":	"gui",
	"dsaType":	"Fixed",
	"platformDesc":	"p5a2",
	"platHandOff":	"C:/Users/azmal/Desktop/USB_Backup/SE/Vivado/practica5/p5a2.xsa",
	"platIntHandOff":	"<platformDir>/hw/p5a2.xsa",
	"deviceType":	"FPGA",
	"platIsPrebuiltAutogen":	"false",
	"platIsNoBootBsp":	"false",
	"hasFsblMakeHasChanges":	"false",
	"hasPmufwMakeHasChanges":	"false",
	"platPreBuiltFlag":	false,
	"platformSamplesDir":	""
}
TRACE::2024-12-07.14:57:52::SCWWriter::formatted JSON is {
	"platformName":	"p5a2",
	"sprVersion":	"2.0",
	"mode":	"gui",
	"dsaType":	"Fixed",
	"platformDesc":	"p5a2",
	"platHandOff":	"C:/Users/azmal/Desktop/USB_Backup/SE/Vivado/practica5/p5a2.xsa",
	"platIntHandOff":	"<platformDir>/hw/p5a2.xsa",
	"deviceType":	"FPGA",
	"platIsPrebuiltAutogen":	"false",
	"platIsNoBootBsp":	"false",
	"hasFsblMakeHasChanges":	"false",
	"hasPmufwMakeHasChanges":	"false",
	"platPreBuiltFlag":	false,
	"platformSamplesDir":	"",
	"platActiveSys":	"p5a2",
	"systems":	[{
			"systemName":	"p5a2",
			"systemDesc":	"p5a2",
			"sysIsBootAutoGen":	"true",
			"systemDispName":	"p5a2"
		}]
}
TRACE::2024-12-07.14:57:52::SCWPlatform::Boot application domains not present, creating them
TRACE::2024-12-07.14:57:52::SCWPlatform::Pure FPGA device, no boot application will be created.
TRACE::2024-12-07.14:57:52::SCWWriter::formatted JSON is {
	"platformName":	"p5a2",
	"sprVersion":	"2.0",
	"mode":	"gui",
	"dsaType":	"Fixed",
	"platformDesc":	"p5a2",
	"platHandOff":	"C:/Users/azmal/Desktop/USB_Backup/SE/Vivado/practica5/p5a2.xsa",
	"platIntHandOff":	"<platformDir>/hw/p5a2.xsa",
	"deviceType":	"FPGA",
	"platIsPrebuiltAutogen":	"false",
	"platIsNoBootBsp":	"false",
	"hasFsblMakeHasChanges":	"false",
	"hasPmufwMakeHasChanges":	"false",
	"platPreBuiltFlag":	false,
	"platformSamplesDir":	"",
	"platActiveSys":	"p5a2",
	"systems":	[{
			"systemName":	"p5a2",
			"systemDesc":	"p5a2",
			"sysIsBootAutoGen":	"true",
			"systemDispName":	"p5a2"
		}]
}
TRACE::2024-12-07.14:57:52::SCWWriter::formatted JSON is {
	"platformName":	"p5a2",
	"sprVersion":	"2.0",
	"mode":	"gui",
	"dsaType":	"Fixed",
	"platformDesc":	"p5a2",
	"platHandOff":	"C:/Users/azmal/Desktop/USB_Backup/SE/Vivado/practica5/p5a2.xsa",
	"platIntHandOff":	"<platformDir>/hw/p5a2.xsa",
	"deviceType":	"FPGA",
	"platIsPrebuiltAutogen":	"false",
	"platIsNoBootBsp":	"false",
	"hasFsblMakeHasChanges":	"false",
	"hasPmufwMakeHasChanges":	"false",
	"platPreBuiltFlag":	false,
	"platformSamplesDir":	"",
	"platActiveSys":	"p5a2",
	"systems":	[{
			"systemName":	"p5a2",
			"systemDesc":	"p5a2",
			"sysIsBootAutoGen":	"true",
			"systemDispName":	"p5a2"
		}]
}
TRACE::2024-12-07.14:57:52::SCWPlatform::Trying to open the hw design at C:/Users/azmal/Desktop/USB_Backup/SE/Vitis/practica_cinco_a/p5a2/hw/p5a2.xsa
TRACE::2024-12-07.14:57:52::SCWPlatform::DSA given C:/Users/azmal/Desktop/USB_Backup/SE/Vitis/practica_cinco_a/p5a2/hw/p5a2.xsa
TRACE::2024-12-07.14:57:52::SCWPlatform::DSA absoulate path C:/Users/azmal/Desktop/USB_Backup/SE/Vitis/practica_cinco_a/p5a2/hw/p5a2.xsa
TRACE::2024-12-07.14:57:52::SCWPlatform::DSA directory C:/Users/azmal/Desktop/USB_Backup/SE/Vitis/practica_cinco_a/p5a2/hw
TRACE::2024-12-07.14:57:52::SCWPlatform:: Platform Path C:/Users/azmal/Desktop/USB_Backup/SE/Vitis/practica_cinco_a/p5a2/hw/p5a2.xsa
TRACE::2024-12-07.14:57:52::SCWPlatform:: Unique name xilinx:basys3::0.0
TRACE::2024-12-07.14:57:52::SCWPlatform::Trying to set the existing hwdb with name design_1_wrapper_0
TRACE::2024-12-07.14:57:52::SCWPlatform::Opened existing hwdb design_1_wrapper_0
TRACE::2024-12-07.14:57:52::SCWPlatform::Found the Hw Db part of the input DSA
TRACE::2024-12-07.14:57:52::SCWPlatform::Trying to open the hw design at C:/Users/azmal/Desktop/USB_Backup/SE/Vitis/practica_cinco_a/p5a2/hw/p5a2.xsa
TRACE::2024-12-07.14:57:52::SCWPlatform::DSA given C:/Users/azmal/Desktop/USB_Backup/SE/Vitis/practica_cinco_a/p5a2/hw/p5a2.xsa
TRACE::2024-12-07.14:57:52::SCWPlatform::DSA absoulate path C:/Users/azmal/Desktop/USB_Backup/SE/Vitis/practica_cinco_a/p5a2/hw/p5a2.xsa
TRACE::2024-12-07.14:57:52::SCWPlatform::DSA directory C:/Users/azmal/Desktop/USB_Backup/SE/Vitis/practica_cinco_a/p5a2/hw
TRACE::2024-12-07.14:57:52::SCWPlatform:: Platform Path C:/Users/azmal/Desktop/USB_Backup/SE/Vitis/practica_cinco_a/p5a2/hw/p5a2.xsa
TRACE::2024-12-07.14:57:52::SCWPlatform:: Unique name xilinx:basys3::0.0
TRACE::2024-12-07.14:57:52::SCWPlatform::Trying to set the existing hwdb with name design_1_wrapper_0
TRACE::2024-12-07.14:57:52::SCWPlatform::Opened existing hwdb design_1_wrapper_0
TRACE::2024-12-07.14:57:52::SCWPlatform::Found the Hw Db part of the input DSA
TRACE::2024-12-07.14:57:52::SCWDomain::checking for install qemu data   : 
TRACE::2024-12-07.14:57:52::SCWPlatform::Trying to open the hw design at C:/Users/azmal/Desktop/USB_Backup/SE/Vitis/practica_cinco_a/p5a2/hw/p5a2.xsa
TRACE::2024-12-07.14:57:52::SCWPlatform::DSA given C:/Users/azmal/Desktop/USB_Backup/SE/Vitis/practica_cinco_a/p5a2/hw/p5a2.xsa
TRACE::2024-12-07.14:57:52::SCWPlatform::DSA absoulate path C:/Users/azmal/Desktop/USB_Backup/SE/Vitis/practica_cinco_a/p5a2/hw/p5a2.xsa
TRACE::2024-12-07.14:57:52::SCWPlatform::DSA directory C:/Users/azmal/Desktop/USB_Backup/SE/Vitis/practica_cinco_a/p5a2/hw
TRACE::2024-12-07.14:57:52::SCWPlatform:: Platform Path C:/Users/azmal/Desktop/USB_Backup/SE/Vitis/practica_cinco_a/p5a2/hw/p5a2.xsa
TRACE::2024-12-07.14:57:52::SCWPlatform:: Unique name xilinx:basys3::0.0
TRACE::2024-12-07.14:57:52::SCWPlatform::Trying to set the existing hwdb with name design_1_wrapper_0
TRACE::2024-12-07.14:57:52::SCWPlatform::Opened existing hwdb design_1_wrapper_0
TRACE::2024-12-07.14:57:52::SCWPlatform::Found the Hw Db part of the input DSA
TRACE::2024-12-07.14:57:52::SCWPlatform::Trying to open the hw design at C:/Users/azmal/Desktop/USB_Backup/SE/Vitis/practica_cinco_a/p5a2/hw/p5a2.xsa
TRACE::2024-12-07.14:57:52::SCWPlatform::DSA given C:/Users/azmal/Desktop/USB_Backup/SE/Vitis/practica_cinco_a/p5a2/hw/p5a2.xsa
TRACE::2024-12-07.14:57:52::SCWPlatform::DSA absoulate path C:/Users/azmal/Desktop/USB_Backup/SE/Vitis/practica_cinco_a/p5a2/hw/p5a2.xsa
TRACE::2024-12-07.14:57:52::SCWPlatform::DSA directory C:/Users/azmal/Desktop/USB_Backup/SE/Vitis/practica_cinco_a/p5a2/hw
TRACE::2024-12-07.14:57:52::SCWPlatform:: Platform Path C:/Users/azmal/Desktop/USB_Backup/SE/Vitis/practica_cinco_a/p5a2/hw/p5a2.xsa
TRACE::2024-12-07.14:57:52::SCWPlatform:: Unique name xilinx:basys3::0.0
TRACE::2024-12-07.14:57:52::SCWPlatform::Trying to set the existing hwdb with name design_1_wrapper_0
TRACE::2024-12-07.14:57:52::SCWPlatform::Opened existing hwdb design_1_wrapper_0
TRACE::2024-12-07.14:57:52::SCWPlatform::Found the Hw Db part of the input DSA
TRACE::2024-12-07.14:57:52::SCWPlatform::Trying to open the hw design at C:/Users/azmal/Desktop/USB_Backup/SE/Vitis/practica_cinco_a/p5a2/hw/p5a2.xsa
TRACE::2024-12-07.14:57:52::SCWPlatform::DSA given C:/Users/azmal/Desktop/USB_Backup/SE/Vitis/practica_cinco_a/p5a2/hw/p5a2.xsa
TRACE::2024-12-07.14:57:52::SCWPlatform::DSA absoulate path C:/Users/azmal/Desktop/USB_Backup/SE/Vitis/practica_cinco_a/p5a2/hw/p5a2.xsa
TRACE::2024-12-07.14:57:52::SCWPlatform::DSA directory C:/Users/azmal/Desktop/USB_Backup/SE/Vitis/practica_cinco_a/p5a2/hw
TRACE::2024-12-07.14:57:52::SCWPlatform:: Platform Path C:/Users/azmal/Desktop/USB_Backup/SE/Vitis/practica_cinco_a/p5a2/hw/p5a2.xsa
TRACE::2024-12-07.14:57:52::SCWPlatform:: Unique name xilinx:basys3::0.0
TRACE::2024-12-07.14:57:52::SCWPlatform::Trying to set the existing hwdb with name design_1_wrapper_0
TRACE::2024-12-07.14:57:52::SCWPlatform::Opened existing hwdb design_1_wrapper_0
TRACE::2024-12-07.14:57:52::SCWPlatform::Found the Hw Db part of the input DSA
TRACE::2024-12-07.14:57:52::SCWMssOS::Checking the sw design at  C:/Users/azmal/Desktop/USB_Backup/SE/Vitis/practica_cinco_a/p5a2/microblaze_0/standalone_microblaze_0/bsp/system.mss
TRACE::2024-12-07.14:57:52::SCWMssOS::DEBUG:  swdes dump  
TRACE::2024-12-07.14:57:52::SCWMssOS::No sw design opened at  C:/Users/azmal/Desktop/USB_Backup/SE/Vitis/practica_cinco_a/p5a2/microblaze_0/standalone_microblaze_0/bsp/system.mss
TRACE::2024-12-07.14:57:52::SCWMssOS::mss does not exists at C:/Users/azmal/Desktop/USB_Backup/SE/Vitis/practica_cinco_a/p5a2/microblaze_0/standalone_microblaze_0/bsp/system.mss
TRACE::2024-12-07.14:57:52::SCWMssOS::Creating sw design at  C:/Users/azmal/Desktop/USB_Backup/SE/Vitis/practica_cinco_a/p5a2/microblaze_0/standalone_microblaze_0/bsp/system.mss
TRACE::2024-12-07.14:57:52::SCWMssOS::Adding the swdes entry, created swdb C:/Users/azmal/Desktop/USB_Backup/SE/Vitis/practica_cinco_a/p5a2/microblaze_0/standalone_microblaze_0/bsp/system.mss with des name C:/Users/azmal/Desktop/USB_Backup/SE/Vitis/practica_cinco_a/p5a2/microblaze_0/standalone_microblaze_0/bsp/system.mss
TRACE::2024-12-07.14:57:52::SCWMssOS::updating the scw layer changes to swdes at   C:/Users/azmal/Desktop/USB_Backup/SE/Vitis/practica_cinco_a/p5a2/microblaze_0/standalone_microblaze_0/bsp/system.mss
TRACE::2024-12-07.14:57:52::SCWMssOS::Writing mss at C:/Users/azmal/Desktop/USB_Backup/SE/Vitis/practica_cinco_a/p5a2/microblaze_0/standalone_microblaze_0/bsp/system.mss
TRACE::2024-12-07.14:57:52::SCWMssOS::Completed writing the mss file at C:/Users/azmal/Desktop/USB_Backup/SE/Vitis/practica_cinco_a/p5a2/microblaze_0/standalone_microblaze_0/bsp
TRACE::2024-12-07.14:57:52::SCWMssOS::Picking up changes from newly written mss file into SCW Layer. 
TRACE::2024-12-07.14:57:52::SCWMssOS::Updated the changes from newly written mss file into SCW Layer. 
TRACE::2024-12-07.14:57:52::SCWMssOS::Completed writing the mss file at C:/Users/azmal/Desktop/USB_Backup/SE/Vitis/practica_cinco_a/p5a2/microblaze_0/standalone_microblaze_0/bsp
TRACE::2024-12-07.14:57:52::SCWMssOS::Forcing BSP Sources regeneration.
TRACE::2024-12-07.14:57:55::SCWMssOS::Saving the mss changes C:/Users/azmal/Desktop/USB_Backup/SE/Vitis/practica_cinco_a/p5a2/microblaze_0/standalone_microblaze_0/bsp/system.mss
TRACE::2024-12-07.14:57:55::SCWMssOS::Adding the swdes entry, mss present, able to open swdb C:/Users/azmal/Desktop/USB_Backup/SE/Vitis/practica_cinco_a/p5a2/microblaze_0/standalone_microblaze_0/bsp/system.mss with des name system
TRACE::2024-12-07.14:57:55::SCWMssOS::Writing the mss file completed C:/Users/azmal/Desktop/USB_Backup/SE/Vitis/practica_cinco_a/p5a2/microblaze_0/standalone_microblaze_0/bsp/system.mss
TRACE::2024-12-07.14:57:55::SCWMssOS::Commit changes completed.
TRACE::2024-12-07.14:57:55::SCWPlatform::Trying to open the hw design at C:/Users/azmal/Desktop/USB_Backup/SE/Vitis/practica_cinco_a/p5a2/hw/p5a2.xsa
TRACE::2024-12-07.14:57:55::SCWPlatform::DSA given C:/Users/azmal/Desktop/USB_Backup/SE/Vitis/practica_cinco_a/p5a2/hw/p5a2.xsa
TRACE::2024-12-07.14:57:55::SCWPlatform::DSA absoulate path C:/Users/azmal/Desktop/USB_Backup/SE/Vitis/practica_cinco_a/p5a2/hw/p5a2.xsa
TRACE::2024-12-07.14:57:55::SCWPlatform::DSA directory C:/Users/azmal/Desktop/USB_Backup/SE/Vitis/practica_cinco_a/p5a2/hw
TRACE::2024-12-07.14:57:55::SCWPlatform:: Platform Path C:/Users/azmal/Desktop/USB_Backup/SE/Vitis/practica_cinco_a/p5a2/hw/p5a2.xsa
TRACE::2024-12-07.14:57:55::SCWPlatform:: Unique name xilinx:basys3::0.0
TRACE::2024-12-07.14:57:55::SCWPlatform::Trying to set the existing hwdb with name design_1_wrapper_0
TRACE::2024-12-07.14:57:55::SCWPlatform::Opened existing hwdb design_1_wrapper_0
TRACE::2024-12-07.14:57:55::SCWPlatform::Found the Hw Db part of the input DSA
TRACE::2024-12-07.14:57:55::SCWMssOS::Checking the sw design at  C:/Users/azmal/Desktop/USB_Backup/SE/Vitis/practica_cinco_a/p5a2/microblaze_0/standalone_microblaze_0/bsp/system.mss
TRACE::2024-12-07.14:57:55::SCWMssOS::DEBUG:  swdes dump  C:/Users/azmal/Desktop/USB_Backup/SE/Vitis/practica_cinco_a/p5a2/microblaze_0/standalone_microblaze_0/bsp/system.mss|system||

TRACE::2024-12-07.14:57:55::SCWMssOS::Sw design exists and opened at  C:/Users/azmal/Desktop/USB_Backup/SE/Vitis/practica_cinco_a/p5a2/microblaze_0/standalone_microblaze_0/bsp/system.mss
TRACE::2024-12-07.14:57:55::SCWPlatform::Trying to open the hw design at C:/Users/azmal/Desktop/USB_Backup/SE/Vitis/practica_cinco_a/p5a2/hw/p5a2.xsa
TRACE::2024-12-07.14:57:55::SCWPlatform::DSA given C:/Users/azmal/Desktop/USB_Backup/SE/Vitis/practica_cinco_a/p5a2/hw/p5a2.xsa
TRACE::2024-12-07.14:57:55::SCWPlatform::DSA absoulate path C:/Users/azmal/Desktop/USB_Backup/SE/Vitis/practica_cinco_a/p5a2/hw/p5a2.xsa
TRACE::2024-12-07.14:57:55::SCWPlatform::DSA directory C:/Users/azmal/Desktop/USB_Backup/SE/Vitis/practica_cinco_a/p5a2/hw
TRACE::2024-12-07.14:57:55::SCWPlatform:: Platform Path C:/Users/azmal/Desktop/USB_Backup/SE/Vitis/practica_cinco_a/p5a2/hw/p5a2.xsa
TRACE::2024-12-07.14:57:55::SCWPlatform:: Unique name xilinx:basys3::0.0
TRACE::2024-12-07.14:57:55::SCWPlatform::Trying to set the existing hwdb with name design_1_wrapper_0
TRACE::2024-12-07.14:57:55::SCWPlatform::Opened existing hwdb design_1_wrapper_0
TRACE::2024-12-07.14:57:55::SCWPlatform::Found the Hw Db part of the input DSA
TRACE::2024-12-07.14:57:55::SCWMssOS::Checking the sw design at  C:/Users/azmal/Desktop/USB_Backup/SE/Vitis/practica_cinco_a/p5a2/microblaze_0/standalone_microblaze_0/bsp/system.mss
TRACE::2024-12-07.14:57:55::SCWMssOS::DEBUG:  swdes dump  C:/Users/azmal/Desktop/USB_Backup/SE/Vitis/practica_cinco_a/p5a2/microblaze_0/standalone_microblaze_0/bsp/system.mss|system||

TRACE::2024-12-07.14:57:55::SCWMssOS::Sw design exists and opened at  C:/Users/azmal/Desktop/USB_Backup/SE/Vitis/practica_cinco_a/p5a2/microblaze_0/standalone_microblaze_0/bsp/system.mss
TRACE::2024-12-07.14:57:55::SCWPlatform::Trying to open the hw design at C:/Users/azmal/Desktop/USB_Backup/SE/Vitis/practica_cinco_a/p5a2/hw/p5a2.xsa
TRACE::2024-12-07.14:57:55::SCWPlatform::DSA given C:/Users/azmal/Desktop/USB_Backup/SE/Vitis/practica_cinco_a/p5a2/hw/p5a2.xsa
TRACE::2024-12-07.14:57:55::SCWPlatform::DSA absoulate path C:/Users/azmal/Desktop/USB_Backup/SE/Vitis/practica_cinco_a/p5a2/hw/p5a2.xsa
TRACE::2024-12-07.14:57:55::SCWPlatform::DSA directory C:/Users/azmal/Desktop/USB_Backup/SE/Vitis/practica_cinco_a/p5a2/hw
TRACE::2024-12-07.14:57:55::SCWPlatform:: Platform Path C:/Users/azmal/Desktop/USB_Backup/SE/Vitis/practica_cinco_a/p5a2/hw/p5a2.xsa
TRACE::2024-12-07.14:57:55::SCWPlatform:: Unique name xilinx:basys3::0.0
TRACE::2024-12-07.14:57:55::SCWPlatform::Trying to set the existing hwdb with name design_1_wrapper_0
TRACE::2024-12-07.14:57:55::SCWPlatform::Opened existing hwdb design_1_wrapper_0
TRACE::2024-12-07.14:57:55::SCWPlatform::Found the Hw Db part of the input DSA
TRACE::2024-12-07.14:57:55::SCWMssOS::Checking the sw design at  C:/Users/azmal/Desktop/USB_Backup/SE/Vitis/practica_cinco_a/p5a2/microblaze_0/standalone_microblaze_0/bsp/system.mss
TRACE::2024-12-07.14:57:55::SCWMssOS::DEBUG:  swdes dump  C:/Users/azmal/Desktop/USB_Backup/SE/Vitis/practica_cinco_a/p5a2/microblaze_0/standalone_microblaze_0/bsp/system.mss|system||

TRACE::2024-12-07.14:57:55::SCWMssOS::Sw design exists and opened at  C:/Users/azmal/Desktop/USB_Backup/SE/Vitis/practica_cinco_a/p5a2/microblaze_0/standalone_microblaze_0/bsp/system.mss
TRACE::2024-12-07.14:57:55::SCWWriter::formatted JSON is {
	"platformName":	"p5a2",
	"sprVersion":	"2.0",
	"mode":	"gui",
	"dsaType":	"Fixed",
	"platformDesc":	"p5a2",
	"platHandOff":	"C:/Users/azmal/Desktop/USB_Backup/SE/Vivado/practica5/p5a2.xsa",
	"platIntHandOff":	"<platformDir>/hw/p5a2.xsa",
	"deviceType":	"FPGA",
	"platIsPrebuiltAutogen":	"false",
	"platIsNoBootBsp":	"false",
	"hasFsblMakeHasChanges":	"false",
	"hasPmufwMakeHasChanges":	"false",
	"platPreBuiltFlag":	false,
	"platformSamplesDir":	"",
	"platActiveSys":	"p5a2",
	"systems":	[{
			"systemName":	"p5a2",
			"systemDesc":	"p5a2",
			"sysIsBootAutoGen":	"true",
			"systemDispName":	"p5a2",
			"sysActiveDom":	"standalone_microblaze_0",
			"sysDefaultDom":	"standalone_microblaze_0",
			"domains":	[{
					"domainName":	"standalone_microblaze_0",
					"domainDispName":	"standalone_microblaze_0",
					"domainDesc":	"standalone_microblaze_0",
					"processors":	"microblaze_0",
					"os":	"standalone",
					"sdxOs":	"standalone",
					"debugEnable":	"False",
					"domRuntimes":	["cpp"],
					"swRepo":	"",
					"mssOsVer":	"8.1",
					"mssFile":	"",
					"md5Digest":	"acb99d183dccc3e81d91fab15828b3a0",
					"compatibleApp":	"peripheral_tests",
					"domType":	"mssDomain",
					"arch":	"32-bit",
					"appSettings":	{
						"appCompilerFlags":	"",
						"appLinkerFlags":	""
					},
					"addedLibs":	[],
					"libOptions":	{
						"libsContainingOptions":	[]
					},
					"prebuiltLibs":	{
						"prebuiltIncPath":	[],
						"prebuiltLibPath":	[]
					},
					"isolation":	{
					}
				}]
		}]
}
LOG::2024-12-07.14:57:55::SCWPlatform::Started generating the artifacts platform p5a2
TRACE::2024-12-07.14:57:55::SCWPlatform::Sanity checking of platform is completed
LOG::2024-12-07.14:57:55::SCWPlatform::Started generating the artifacts for system configuration p5a2
LOG::2024-12-07.14:57:55::SCWSystem::Checking the domain standalone_microblaze_0
LOG::2024-12-07.14:57:55::SCWSystem::Not a boot domain 
LOG::2024-12-07.14:57:55::SCWSystem::Started Processing the domain standalone_microblaze_0
TRACE::2024-12-07.14:57:55::SCWDomain::Generating domain artifcats
TRACE::2024-12-07.14:57:55::SCWMssOS::Generating standalone artifcats
TRACE::2024-12-07.14:57:55::SCWMssOS:: Copying the user libraries. 
TRACE::2024-12-07.14:57:55::SCWPlatform::Trying to open the hw design at C:/Users/azmal/Desktop/USB_Backup/SE/Vitis/practica_cinco_a/p5a2/hw/p5a2.xsa
TRACE::2024-12-07.14:57:55::SCWPlatform::DSA given C:/Users/azmal/Desktop/USB_Backup/SE/Vitis/practica_cinco_a/p5a2/hw/p5a2.xsa
TRACE::2024-12-07.14:57:55::SCWPlatform::DSA absoulate path C:/Users/azmal/Desktop/USB_Backup/SE/Vitis/practica_cinco_a/p5a2/hw/p5a2.xsa
TRACE::2024-12-07.14:57:55::SCWPlatform::DSA directory C:/Users/azmal/Desktop/USB_Backup/SE/Vitis/practica_cinco_a/p5a2/hw
TRACE::2024-12-07.14:57:55::SCWPlatform:: Platform Path C:/Users/azmal/Desktop/USB_Backup/SE/Vitis/practica_cinco_a/p5a2/hw/p5a2.xsa
TRACE::2024-12-07.14:57:55::SCWPlatform:: Unique name xilinx:basys3::0.0
TRACE::2024-12-07.14:57:55::SCWPlatform::Trying to set the existing hwdb with name design_1_wrapper_0
TRACE::2024-12-07.14:57:55::SCWPlatform::Opened existing hwdb design_1_wrapper_0
TRACE::2024-12-07.14:57:55::SCWPlatform::Found the Hw Db part of the input DSA
TRACE::2024-12-07.14:57:55::SCWMssOS::Checking the sw design at  C:/Users/azmal/Desktop/USB_Backup/SE/Vitis/practica_cinco_a/p5a2/microblaze_0/standalone_microblaze_0/bsp/system.mss
TRACE::2024-12-07.14:57:55::SCWMssOS::DEBUG:  swdes dump  C:/Users/azmal/Desktop/USB_Backup/SE/Vitis/practica_cinco_a/p5a2/microblaze_0/standalone_microblaze_0/bsp/system.mss|system||

TRACE::2024-12-07.14:57:55::SCWMssOS::Sw design exists and opened at  C:/Users/azmal/Desktop/USB_Backup/SE/Vitis/practica_cinco_a/p5a2/microblaze_0/standalone_microblaze_0/bsp/system.mss
TRACE::2024-12-07.14:57:55::SCWMssOS::Completed writing the mss file at C:/Users/azmal/Desktop/USB_Backup/SE/Vitis/practica_cinco_a/p5a2/microblaze_0/standalone_microblaze_0/bsp
TRACE::2024-12-07.14:57:55::SCWMssOS::Mss edits present, copying mssfile into export location C:/Users/azmal/Desktop/USB_Backup/SE/Vitis/practica_cinco_a/p5a2/microblaze_0/standalone_microblaze_0/bsp/system.mss
TRACE::2024-12-07.14:57:55::SCWMssOS::bsp generated is upto date with the mss file. Skipping bsp generation.
TRACE::2024-12-07.14:57:55::SCWMssOS::BSP is already built. skipping the bsp build ... 
TRACE::2024-12-07.14:57:55::SCWDomain::Skipping the build for domain :  standalone_microblaze_0
TRACE::2024-12-07.14:57:55::SCWMssOS::skipping the bsp build ... 
TRACE::2024-12-07.14:57:55::SCWMssOS::Copying to export directory.
TRACE::2024-12-07.14:57:55::SCWMssOS:: Checking if to create the Supporting Applications
TRACE::2024-12-07.14:57:55::SCWMssOS:: No Linux domain exists, trying to generate FSBL 
LOG::2024-12-07.14:57:55::SCWSystem::Completed Processing the domain standalone_microblaze_0
LOG::2024-12-07.14:57:55::SCWSystem::Completed Processing the sysconfig p5a2
LOG::2024-12-07.14:57:55::SCWPlatform::Completed generating the artifacts for system configuration p5a2
TRACE::2024-12-07.14:57:55::SCWPlatform::Started preparing the platform 
TRACE::2024-12-07.14:57:55::SCWSystem::Writing the bif file for system config p5a2
TRACE::2024-12-07.14:57:55::SCWSystem::dir created 
TRACE::2024-12-07.14:57:55::SCWSystem::Writing the bif 
TRACE::2024-12-07.14:57:55::SCWPlatform::Started writing the spfm file 
TRACE::2024-12-07.14:57:55::SCWPlatform::Started writing the xpfm file 
TRACE::2024-12-07.14:57:55::SCWPlatform::Completed generating the platform
TRACE::2024-12-07.14:57:55::SCWMssOS::Saving the mss changes C:/Users/azmal/Desktop/USB_Backup/SE/Vitis/practica_cinco_a/p5a2/microblaze_0/standalone_microblaze_0/bsp/system.mss
TRACE::2024-12-07.14:57:55::SCWMssOS::Found a swdesign opened with the mssfile.
TRACE::2024-12-07.14:57:55::SCWMssOS::Completed writemss as part of save.
TRACE::2024-12-07.14:57:55::SCWMssOS::Commit changes completed.
TRACE::2024-12-07.14:57:55::SCWPlatform::Trying to open the hw design at C:/Users/azmal/Desktop/USB_Backup/SE/Vitis/practica_cinco_a/p5a2/hw/p5a2.xsa
TRACE::2024-12-07.14:57:55::SCWPlatform::DSA given C:/Users/azmal/Desktop/USB_Backup/SE/Vitis/practica_cinco_a/p5a2/hw/p5a2.xsa
TRACE::2024-12-07.14:57:55::SCWPlatform::DSA absoulate path C:/Users/azmal/Desktop/USB_Backup/SE/Vitis/practica_cinco_a/p5a2/hw/p5a2.xsa
TRACE::2024-12-07.14:57:55::SCWPlatform::DSA directory C:/Users/azmal/Desktop/USB_Backup/SE/Vitis/practica_cinco_a/p5a2/hw
TRACE::2024-12-07.14:57:55::SCWPlatform:: Platform Path C:/Users/azmal/Desktop/USB_Backup/SE/Vitis/practica_cinco_a/p5a2/hw/p5a2.xsa
TRACE::2024-12-07.14:57:55::SCWPlatform:: Unique name xilinx:basys3::0.0
TRACE::2024-12-07.14:57:55::SCWPlatform::Trying to set the existing hwdb with name design_1_wrapper_0
TRACE::2024-12-07.14:57:55::SCWPlatform::Opened existing hwdb design_1_wrapper_0
TRACE::2024-12-07.14:57:55::SCWPlatform::Found the Hw Db part of the input DSA
TRACE::2024-12-07.14:57:55::SCWMssOS::Checking the sw design at  C:/Users/azmal/Desktop/USB_Backup/SE/Vitis/practica_cinco_a/p5a2/microblaze_0/standalone_microblaze_0/bsp/system.mss
TRACE::2024-12-07.14:57:55::SCWMssOS::DEBUG:  swdes dump  C:/Users/azmal/Desktop/USB_Backup/SE/Vitis/practica_cinco_a/p5a2/microblaze_0/standalone_microblaze_0/bsp/system.mss|system||

TRACE::2024-12-07.14:57:55::SCWMssOS::Sw design exists and opened at  C:/Users/azmal/Desktop/USB_Backup/SE/Vitis/practica_cinco_a/p5a2/microblaze_0/standalone_microblaze_0/bsp/system.mss
TRACE::2024-12-07.14:57:55::SCWPlatform::Trying to open the hw design at C:/Users/azmal/Desktop/USB_Backup/SE/Vitis/practica_cinco_a/p5a2/hw/p5a2.xsa
TRACE::2024-12-07.14:57:55::SCWPlatform::DSA given C:/Users/azmal/Desktop/USB_Backup/SE/Vitis/practica_cinco_a/p5a2/hw/p5a2.xsa
TRACE::2024-12-07.14:57:55::SCWPlatform::DSA absoulate path C:/Users/azmal/Desktop/USB_Backup/SE/Vitis/practica_cinco_a/p5a2/hw/p5a2.xsa
TRACE::2024-12-07.14:57:55::SCWPlatform::DSA directory C:/Users/azmal/Desktop/USB_Backup/SE/Vitis/practica_cinco_a/p5a2/hw
TRACE::2024-12-07.14:57:55::SCWPlatform:: Platform Path C:/Users/azmal/Desktop/USB_Backup/SE/Vitis/practica_cinco_a/p5a2/hw/p5a2.xsa
TRACE::2024-12-07.14:57:55::SCWPlatform:: Unique name xilinx:basys3::0.0
TRACE::2024-12-07.14:57:55::SCWPlatform::Trying to set the existing hwdb with name design_1_wrapper_0
TRACE::2024-12-07.14:57:55::SCWPlatform::Opened existing hwdb design_1_wrapper_0
TRACE::2024-12-07.14:57:55::SCWPlatform::Found the Hw Db part of the input DSA
TRACE::2024-12-07.14:57:55::SCWMssOS::Checking the sw design at  C:/Users/azmal/Desktop/USB_Backup/SE/Vitis/practica_cinco_a/p5a2/microblaze_0/standalone_microblaze_0/bsp/system.mss
TRACE::2024-12-07.14:57:55::SCWMssOS::DEBUG:  swdes dump  C:/Users/azmal/Desktop/USB_Backup/SE/Vitis/practica_cinco_a/p5a2/microblaze_0/standalone_microblaze_0/bsp/system.mss|system||

TRACE::2024-12-07.14:57:55::SCWMssOS::Sw design exists and opened at  C:/Users/azmal/Desktop/USB_Backup/SE/Vitis/practica_cinco_a/p5a2/microblaze_0/standalone_microblaze_0/bsp/system.mss
TRACE::2024-12-07.14:57:55::SCWPlatform::Trying to open the hw design at C:/Users/azmal/Desktop/USB_Backup/SE/Vitis/practica_cinco_a/p5a2/hw/p5a2.xsa
TRACE::2024-12-07.14:57:55::SCWPlatform::DSA given C:/Users/azmal/Desktop/USB_Backup/SE/Vitis/practica_cinco_a/p5a2/hw/p5a2.xsa
TRACE::2024-12-07.14:57:55::SCWPlatform::DSA absoulate path C:/Users/azmal/Desktop/USB_Backup/SE/Vitis/practica_cinco_a/p5a2/hw/p5a2.xsa
TRACE::2024-12-07.14:57:55::SCWPlatform::DSA directory C:/Users/azmal/Desktop/USB_Backup/SE/Vitis/practica_cinco_a/p5a2/hw
TRACE::2024-12-07.14:57:55::SCWPlatform:: Platform Path C:/Users/azmal/Desktop/USB_Backup/SE/Vitis/practica_cinco_a/p5a2/hw/p5a2.xsa
TRACE::2024-12-07.14:57:55::SCWPlatform:: Unique name xilinx:basys3::0.0
TRACE::2024-12-07.14:57:55::SCWPlatform::Trying to set the existing hwdb with name design_1_wrapper_0
TRACE::2024-12-07.14:57:55::SCWPlatform::Opened existing hwdb design_1_wrapper_0
TRACE::2024-12-07.14:57:55::SCWPlatform::Found the Hw Db part of the input DSA
TRACE::2024-12-07.14:57:55::SCWMssOS::Checking the sw design at  C:/Users/azmal/Desktop/USB_Backup/SE/Vitis/practica_cinco_a/p5a2/microblaze_0/standalone_microblaze_0/bsp/system.mss
TRACE::2024-12-07.14:57:55::SCWMssOS::DEBUG:  swdes dump  C:/Users/azmal/Desktop/USB_Backup/SE/Vitis/practica_cinco_a/p5a2/microblaze_0/standalone_microblaze_0/bsp/system.mss|system||

TRACE::2024-12-07.14:57:55::SCWMssOS::Sw design exists and opened at  C:/Users/azmal/Desktop/USB_Backup/SE/Vitis/practica_cinco_a/p5a2/microblaze_0/standalone_microblaze_0/bsp/system.mss
TRACE::2024-12-07.14:57:55::SCWWriter::formatted JSON is {
	"platformName":	"p5a2",
	"sprVersion":	"2.0",
	"mode":	"gui",
	"dsaType":	"Fixed",
	"platformDesc":	"p5a2",
	"platHandOff":	"C:/Users/azmal/Desktop/USB_Backup/SE/Vivado/practica5/p5a2.xsa",
	"platIntHandOff":	"<platformDir>/hw/p5a2.xsa",
	"deviceType":	"FPGA",
	"platIsPrebuiltAutogen":	"false",
	"platIsNoBootBsp":	"false",
	"hasFsblMakeHasChanges":	"false",
	"hasPmufwMakeHasChanges":	"false",
	"platPreBuiltFlag":	false,
	"platformSamplesDir":	"",
	"platActiveSys":	"p5a2",
	"systems":	[{
			"systemName":	"p5a2",
			"systemDesc":	"p5a2",
			"sysIsBootAutoGen":	"true",
			"systemDispName":	"p5a2",
			"sysActiveDom":	"standalone_microblaze_0",
			"sysDefaultDom":	"standalone_microblaze_0",
			"domains":	[{
					"domainName":	"standalone_microblaze_0",
					"domainDispName":	"standalone_microblaze_0",
					"domainDesc":	"standalone_microblaze_0",
					"processors":	"microblaze_0",
					"os":	"standalone",
					"sdxOs":	"standalone",
					"debugEnable":	"False",
					"domRuntimes":	["cpp"],
					"swRepo":	"",
					"mssOsVer":	"8.1",
					"mssFile":	"",
					"md5Digest":	"acb99d183dccc3e81d91fab15828b3a0",
					"compatibleApp":	"peripheral_tests",
					"domType":	"mssDomain",
					"arch":	"32-bit",
					"appSettings":	{
						"appCompilerFlags":	"",
						"appLinkerFlags":	""
					},
					"addedLibs":	[],
					"libOptions":	{
						"libsContainingOptions":	[]
					},
					"prebuiltLibs":	{
						"prebuiltIncPath":	[],
						"prebuiltLibPath":	[]
					},
					"isolation":	{
					}
				}]
		}]
}
KEYINFO::2024-12-07.14:57:55::SCWPlatform::updated the xpfm file.
TRACE::2024-12-07.14:57:55::SCWPlatform::Trying to open the hw design at C:/Users/azmal/Desktop/USB_Backup/SE/Vitis/practica_cinco_a/p5a2/hw/p5a2.xsa
TRACE::2024-12-07.14:57:55::SCWPlatform::DSA given C:/Users/azmal/Desktop/USB_Backup/SE/Vitis/practica_cinco_a/p5a2/hw/p5a2.xsa
TRACE::2024-12-07.14:57:55::SCWPlatform::DSA absoulate path C:/Users/azmal/Desktop/USB_Backup/SE/Vitis/practica_cinco_a/p5a2/hw/p5a2.xsa
TRACE::2024-12-07.14:57:55::SCWPlatform::DSA directory C:/Users/azmal/Desktop/USB_Backup/SE/Vitis/practica_cinco_a/p5a2/hw
TRACE::2024-12-07.14:57:55::SCWPlatform:: Platform Path C:/Users/azmal/Desktop/USB_Backup/SE/Vitis/practica_cinco_a/p5a2/hw/p5a2.xsa
TRACE::2024-12-07.14:57:55::SCWPlatform:: Unique name xilinx:basys3::0.0
TRACE::2024-12-07.14:57:55::SCWPlatform::Trying to set the existing hwdb with name design_1_wrapper_0
TRACE::2024-12-07.14:57:55::SCWPlatform::Opened existing hwdb design_1_wrapper_0
TRACE::2024-12-07.14:57:55::SCWPlatform::Found the Hw Db part of the input DSA
TRACE::2024-12-07.14:57:55::SCWMssOS::Checking the sw design at  C:/Users/azmal/Desktop/USB_Backup/SE/Vitis/practica_cinco_a/p5a2/microblaze_0/standalone_microblaze_0/bsp/system.mss
TRACE::2024-12-07.14:57:55::SCWMssOS::DEBUG:  swdes dump  C:/Users/azmal/Desktop/USB_Backup/SE/Vitis/practica_cinco_a/p5a2/microblaze_0/standalone_microblaze_0/bsp/system.mss|system||

TRACE::2024-12-07.14:57:55::SCWMssOS::Sw design exists and opened at  C:/Users/azmal/Desktop/USB_Backup/SE/Vitis/practica_cinco_a/p5a2/microblaze_0/standalone_microblaze_0/bsp/system.mss
TRACE::2024-12-07.14:57:55::SCWMssOS::Saving the mss changes C:/Users/azmal/Desktop/USB_Backup/SE/Vitis/practica_cinco_a/p5a2/microblaze_0/standalone_microblaze_0/bsp/system.mss
TRACE::2024-12-07.14:57:55::SCWMssOS::Found a swdesign opened with the mssfile.
TRACE::2024-12-07.14:57:55::SCWMssOS::Completed writemss as part of save.
TRACE::2024-12-07.14:57:55::SCWMssOS::Commit changes completed.
TRACE::2024-12-07.14:57:55::SCWPlatform::Trying to open the hw design at C:/Users/azmal/Desktop/USB_Backup/SE/Vitis/practica_cinco_a/p5a2/hw/p5a2.xsa
TRACE::2024-12-07.14:57:55::SCWPlatform::DSA given C:/Users/azmal/Desktop/USB_Backup/SE/Vitis/practica_cinco_a/p5a2/hw/p5a2.xsa
TRACE::2024-12-07.14:57:55::SCWPlatform::DSA absoulate path C:/Users/azmal/Desktop/USB_Backup/SE/Vitis/practica_cinco_a/p5a2/hw/p5a2.xsa
TRACE::2024-12-07.14:57:55::SCWPlatform::DSA directory C:/Users/azmal/Desktop/USB_Backup/SE/Vitis/practica_cinco_a/p5a2/hw
TRACE::2024-12-07.14:57:55::SCWPlatform:: Platform Path C:/Users/azmal/Desktop/USB_Backup/SE/Vitis/practica_cinco_a/p5a2/hw/p5a2.xsa
TRACE::2024-12-07.14:57:55::SCWPlatform:: Unique name xilinx:basys3::0.0
TRACE::2024-12-07.14:57:55::SCWPlatform::Trying to set the existing hwdb with name design_1_wrapper_0
TRACE::2024-12-07.14:57:55::SCWPlatform::Opened existing hwdb design_1_wrapper_0
TRACE::2024-12-07.14:57:55::SCWPlatform::Found the Hw Db part of the input DSA
TRACE::2024-12-07.14:57:55::SCWMssOS::Checking the sw design at  C:/Users/azmal/Desktop/USB_Backup/SE/Vitis/practica_cinco_a/p5a2/microblaze_0/standalone_microblaze_0/bsp/system.mss
TRACE::2024-12-07.14:57:55::SCWMssOS::DEBUG:  swdes dump  C:/Users/azmal/Desktop/USB_Backup/SE/Vitis/practica_cinco_a/p5a2/microblaze_0/standalone_microblaze_0/bsp/system.mss|system||

TRACE::2024-12-07.14:57:55::SCWMssOS::Sw design exists and opened at  C:/Users/azmal/Desktop/USB_Backup/SE/Vitis/practica_cinco_a/p5a2/microblaze_0/standalone_microblaze_0/bsp/system.mss
TRACE::2024-12-07.14:57:55::SCWPlatform::Trying to open the hw design at C:/Users/azmal/Desktop/USB_Backup/SE/Vitis/practica_cinco_a/p5a2/hw/p5a2.xsa
TRACE::2024-12-07.14:57:55::SCWPlatform::DSA given C:/Users/azmal/Desktop/USB_Backup/SE/Vitis/practica_cinco_a/p5a2/hw/p5a2.xsa
TRACE::2024-12-07.14:57:55::SCWPlatform::DSA absoulate path C:/Users/azmal/Desktop/USB_Backup/SE/Vitis/practica_cinco_a/p5a2/hw/p5a2.xsa
TRACE::2024-12-07.14:57:55::SCWPlatform::DSA directory C:/Users/azmal/Desktop/USB_Backup/SE/Vitis/practica_cinco_a/p5a2/hw
TRACE::2024-12-07.14:57:55::SCWPlatform:: Platform Path C:/Users/azmal/Desktop/USB_Backup/SE/Vitis/practica_cinco_a/p5a2/hw/p5a2.xsa
TRACE::2024-12-07.14:57:55::SCWPlatform:: Unique name xilinx:basys3::0.0
TRACE::2024-12-07.14:57:55::SCWPlatform::Trying to set the existing hwdb with name design_1_wrapper_0
TRACE::2024-12-07.14:57:55::SCWPlatform::Opened existing hwdb design_1_wrapper_0
TRACE::2024-12-07.14:57:55::SCWPlatform::Found the Hw Db part of the input DSA
TRACE::2024-12-07.14:57:55::SCWMssOS::Checking the sw design at  C:/Users/azmal/Desktop/USB_Backup/SE/Vitis/practica_cinco_a/p5a2/microblaze_0/standalone_microblaze_0/bsp/system.mss
TRACE::2024-12-07.14:57:55::SCWMssOS::DEBUG:  swdes dump  C:/Users/azmal/Desktop/USB_Backup/SE/Vitis/practica_cinco_a/p5a2/microblaze_0/standalone_microblaze_0/bsp/system.mss|system||

TRACE::2024-12-07.14:57:55::SCWMssOS::Sw design exists and opened at  C:/Users/azmal/Desktop/USB_Backup/SE/Vitis/practica_cinco_a/p5a2/microblaze_0/standalone_microblaze_0/bsp/system.mss
TRACE::2024-12-07.14:57:55::SCWPlatform::Trying to open the hw design at C:/Users/azmal/Desktop/USB_Backup/SE/Vitis/practica_cinco_a/p5a2/hw/p5a2.xsa
TRACE::2024-12-07.14:57:55::SCWPlatform::DSA given C:/Users/azmal/Desktop/USB_Backup/SE/Vitis/practica_cinco_a/p5a2/hw/p5a2.xsa
TRACE::2024-12-07.14:57:55::SCWPlatform::DSA absoulate path C:/Users/azmal/Desktop/USB_Backup/SE/Vitis/practica_cinco_a/p5a2/hw/p5a2.xsa
TRACE::2024-12-07.14:57:55::SCWPlatform::DSA directory C:/Users/azmal/Desktop/USB_Backup/SE/Vitis/practica_cinco_a/p5a2/hw
TRACE::2024-12-07.14:57:55::SCWPlatform:: Platform Path C:/Users/azmal/Desktop/USB_Backup/SE/Vitis/practica_cinco_a/p5a2/hw/p5a2.xsa
TRACE::2024-12-07.14:57:55::SCWPlatform:: Unique name xilinx:basys3::0.0
TRACE::2024-12-07.14:57:55::SCWPlatform::Trying to set the existing hwdb with name design_1_wrapper_0
TRACE::2024-12-07.14:57:55::SCWPlatform::Opened existing hwdb design_1_wrapper_0
TRACE::2024-12-07.14:57:55::SCWPlatform::Found the Hw Db part of the input DSA
TRACE::2024-12-07.14:57:55::SCWMssOS::Checking the sw design at  C:/Users/azmal/Desktop/USB_Backup/SE/Vitis/practica_cinco_a/p5a2/microblaze_0/standalone_microblaze_0/bsp/system.mss
TRACE::2024-12-07.14:57:55::SCWMssOS::DEBUG:  swdes dump  C:/Users/azmal/Desktop/USB_Backup/SE/Vitis/practica_cinco_a/p5a2/microblaze_0/standalone_microblaze_0/bsp/system.mss|system||

TRACE::2024-12-07.14:57:55::SCWMssOS::Sw design exists and opened at  C:/Users/azmal/Desktop/USB_Backup/SE/Vitis/practica_cinco_a/p5a2/microblaze_0/standalone_microblaze_0/bsp/system.mss
TRACE::2024-12-07.14:57:55::SCWWriter::formatted JSON is {
	"platformName":	"p5a2",
	"sprVersion":	"2.0",
	"mode":	"gui",
	"dsaType":	"Fixed",
	"platformDesc":	"p5a2",
	"platHandOff":	"C:/Users/azmal/Desktop/USB_Backup/SE/Vivado/practica5/p5a2.xsa",
	"platIntHandOff":	"<platformDir>/hw/p5a2.xsa",
	"deviceType":	"FPGA",
	"platIsPrebuiltAutogen":	"false",
	"platIsNoBootBsp":	"false",
	"hasFsblMakeHasChanges":	"false",
	"hasPmufwMakeHasChanges":	"false",
	"platPreBuiltFlag":	false,
	"platformSamplesDir":	"",
	"platActiveSys":	"p5a2",
	"systems":	[{
			"systemName":	"p5a2",
			"systemDesc":	"p5a2",
			"sysIsBootAutoGen":	"true",
			"systemDispName":	"p5a2",
			"sysActiveDom":	"standalone_microblaze_0",
			"sysDefaultDom":	"standalone_microblaze_0",
			"domains":	[{
					"domainName":	"standalone_microblaze_0",
					"domainDispName":	"standalone_microblaze_0",
					"domainDesc":	"standalone_microblaze_0",
					"processors":	"microblaze_0",
					"os":	"standalone",
					"sdxOs":	"standalone",
					"debugEnable":	"False",
					"domRuntimes":	["cpp"],
					"swRepo":	"",
					"mssOsVer":	"8.1",
					"mssFile":	"",
					"md5Digest":	"acb99d183dccc3e81d91fab15828b3a0",
					"compatibleApp":	"peripheral_tests",
					"domType":	"mssDomain",
					"arch":	"32-bit",
					"appSettings":	{
						"appCompilerFlags":	"",
						"appLinkerFlags":	""
					},
					"addedLibs":	[],
					"libOptions":	{
						"libsContainingOptions":	[]
					},
					"prebuiltLibs":	{
						"prebuiltIncPath":	[],
						"prebuiltLibPath":	[]
					},
					"isolation":	{
					}
				}]
		}]
}
TRACE::2024-12-07.14:57:55::SCWPlatform::Trying to open the hw design at C:/Users/azmal/Desktop/USB_Backup/SE/Vitis/practica_cinco_a/p5a2/hw/p5a2.xsa
TRACE::2024-12-07.14:57:55::SCWPlatform::DSA given C:/Users/azmal/Desktop/USB_Backup/SE/Vitis/practica_cinco_a/p5a2/hw/p5a2.xsa
TRACE::2024-12-07.14:57:55::SCWPlatform::DSA absoulate path C:/Users/azmal/Desktop/USB_Backup/SE/Vitis/practica_cinco_a/p5a2/hw/p5a2.xsa
TRACE::2024-12-07.14:57:55::SCWPlatform::DSA directory C:/Users/azmal/Desktop/USB_Backup/SE/Vitis/practica_cinco_a/p5a2/hw
TRACE::2024-12-07.14:57:55::SCWPlatform:: Platform Path C:/Users/azmal/Desktop/USB_Backup/SE/Vitis/practica_cinco_a/p5a2/hw/p5a2.xsa
TRACE::2024-12-07.14:57:55::SCWPlatform:: Unique name xilinx:basys3::0.0
TRACE::2024-12-07.14:57:55::SCWPlatform::Trying to set the existing hwdb with name design_1_wrapper_0
TRACE::2024-12-07.14:57:55::SCWPlatform::Opened existing hwdb design_1_wrapper_0
TRACE::2024-12-07.14:57:55::SCWPlatform::Found the Hw Db part of the input DSA
TRACE::2024-12-07.14:57:55::SCWMssOS::Checking the sw design at  C:/Users/azmal/Desktop/USB_Backup/SE/Vitis/practica_cinco_a/p5a2/microblaze_0/standalone_microblaze_0/bsp/system.mss
TRACE::2024-12-07.14:57:55::SCWMssOS::DEBUG:  swdes dump  C:/Users/azmal/Desktop/USB_Backup/SE/Vitis/practica_cinco_a/p5a2/microblaze_0/standalone_microblaze_0/bsp/system.mss|system||

TRACE::2024-12-07.14:57:55::SCWMssOS::Sw design exists and opened at  C:/Users/azmal/Desktop/USB_Backup/SE/Vitis/practica_cinco_a/p5a2/microblaze_0/standalone_microblaze_0/bsp/system.mss
TRACE::2024-12-07.14:57:55::SCWPlatform::Trying to open the hw design at C:/Users/azmal/Desktop/USB_Backup/SE/Vitis/practica_cinco_a/p5a2/hw/p5a2.xsa
TRACE::2024-12-07.14:57:55::SCWPlatform::DSA given C:/Users/azmal/Desktop/USB_Backup/SE/Vitis/practica_cinco_a/p5a2/hw/p5a2.xsa
TRACE::2024-12-07.14:57:55::SCWPlatform::DSA absoulate path C:/Users/azmal/Desktop/USB_Backup/SE/Vitis/practica_cinco_a/p5a2/hw/p5a2.xsa
TRACE::2024-12-07.14:57:55::SCWPlatform::DSA directory C:/Users/azmal/Desktop/USB_Backup/SE/Vitis/practica_cinco_a/p5a2/hw
TRACE::2024-12-07.14:57:55::SCWPlatform:: Platform Path C:/Users/azmal/Desktop/USB_Backup/SE/Vitis/practica_cinco_a/p5a2/hw/p5a2.xsa
TRACE::2024-12-07.14:57:55::SCWPlatform:: Unique name xilinx:basys3::0.0
TRACE::2024-12-07.14:57:55::SCWPlatform::Trying to set the existing hwdb with name design_1_wrapper_0
TRACE::2024-12-07.14:57:55::SCWPlatform::Opened existing hwdb design_1_wrapper_0
TRACE::2024-12-07.14:57:55::SCWPlatform::Found the Hw Db part of the input DSA
TRACE::2024-12-07.14:57:55::SCWMssOS::Checking the sw design at  C:/Users/azmal/Desktop/USB_Backup/SE/Vitis/practica_cinco_a/p5a2/microblaze_0/standalone_microblaze_0/bsp/system.mss
TRACE::2024-12-07.14:57:55::SCWMssOS::DEBUG:  swdes dump  C:/Users/azmal/Desktop/USB_Backup/SE/Vitis/practica_cinco_a/p5a2/microblaze_0/standalone_microblaze_0/bsp/system.mss|system||

TRACE::2024-12-07.14:57:55::SCWMssOS::Sw design exists and opened at  C:/Users/azmal/Desktop/USB_Backup/SE/Vitis/practica_cinco_a/p5a2/microblaze_0/standalone_microblaze_0/bsp/system.mss
TRACE::2024-12-07.14:57:55::SCWMssOS::Saving the mss changes C:/Users/azmal/Desktop/USB_Backup/SE/Vitis/practica_cinco_a/p5a2/microblaze_0/standalone_microblaze_0/bsp/system.mss
TRACE::2024-12-07.14:57:55::SCWMssOS::Found a swdesign opened with the mssfile.
TRACE::2024-12-07.14:57:55::SCWMssOS::Completed writemss as part of save.
TRACE::2024-12-07.14:57:55::SCWMssOS::Commit changes completed.
TRACE::2024-12-07.14:57:55::SCWPlatform::Trying to open the hw design at C:/Users/azmal/Desktop/USB_Backup/SE/Vitis/practica_cinco_a/p5a2/hw/p5a2.xsa
TRACE::2024-12-07.14:57:55::SCWPlatform::DSA given C:/Users/azmal/Desktop/USB_Backup/SE/Vitis/practica_cinco_a/p5a2/hw/p5a2.xsa
TRACE::2024-12-07.14:57:55::SCWPlatform::DSA absoulate path C:/Users/azmal/Desktop/USB_Backup/SE/Vitis/practica_cinco_a/p5a2/hw/p5a2.xsa
TRACE::2024-12-07.14:57:55::SCWPlatform::DSA directory C:/Users/azmal/Desktop/USB_Backup/SE/Vitis/practica_cinco_a/p5a2/hw
TRACE::2024-12-07.14:57:55::SCWPlatform:: Platform Path C:/Users/azmal/Desktop/USB_Backup/SE/Vitis/practica_cinco_a/p5a2/hw/p5a2.xsa
TRACE::2024-12-07.14:57:55::SCWPlatform:: Unique name xilinx:basys3::0.0
TRACE::2024-12-07.14:57:55::SCWPlatform::Trying to set the existing hwdb with name design_1_wrapper_0
TRACE::2024-12-07.14:57:55::SCWPlatform::Opened existing hwdb design_1_wrapper_0
TRACE::2024-12-07.14:57:55::SCWPlatform::Found the Hw Db part of the input DSA
TRACE::2024-12-07.14:57:55::SCWMssOS::Checking the sw design at  C:/Users/azmal/Desktop/USB_Backup/SE/Vitis/practica_cinco_a/p5a2/microblaze_0/standalone_microblaze_0/bsp/system.mss
TRACE::2024-12-07.14:57:55::SCWMssOS::DEBUG:  swdes dump  C:/Users/azmal/Desktop/USB_Backup/SE/Vitis/practica_cinco_a/p5a2/microblaze_0/standalone_microblaze_0/bsp/system.mss|system||

TRACE::2024-12-07.14:57:55::SCWMssOS::Sw design exists and opened at  C:/Users/azmal/Desktop/USB_Backup/SE/Vitis/practica_cinco_a/p5a2/microblaze_0/standalone_microblaze_0/bsp/system.mss
TRACE::2024-12-07.14:57:55::SCWPlatform::Trying to open the hw design at C:/Users/azmal/Desktop/USB_Backup/SE/Vitis/practica_cinco_a/p5a2/hw/p5a2.xsa
TRACE::2024-12-07.14:57:55::SCWPlatform::DSA given C:/Users/azmal/Desktop/USB_Backup/SE/Vitis/practica_cinco_a/p5a2/hw/p5a2.xsa
TRACE::2024-12-07.14:57:55::SCWPlatform::DSA absoulate path C:/Users/azmal/Desktop/USB_Backup/SE/Vitis/practica_cinco_a/p5a2/hw/p5a2.xsa
TRACE::2024-12-07.14:57:55::SCWPlatform::DSA directory C:/Users/azmal/Desktop/USB_Backup/SE/Vitis/practica_cinco_a/p5a2/hw
TRACE::2024-12-07.14:57:55::SCWPlatform:: Platform Path C:/Users/azmal/Desktop/USB_Backup/SE/Vitis/practica_cinco_a/p5a2/hw/p5a2.xsa
TRACE::2024-12-07.14:57:55::SCWPlatform:: Unique name xilinx:basys3::0.0
TRACE::2024-12-07.14:57:55::SCWPlatform::Trying to set the existing hwdb with name design_1_wrapper_0
TRACE::2024-12-07.14:57:55::SCWPlatform::Opened existing hwdb design_1_wrapper_0
TRACE::2024-12-07.14:57:55::SCWPlatform::Found the Hw Db part of the input DSA
TRACE::2024-12-07.14:57:55::SCWMssOS::Checking the sw design at  C:/Users/azmal/Desktop/USB_Backup/SE/Vitis/practica_cinco_a/p5a2/microblaze_0/standalone_microblaze_0/bsp/system.mss
TRACE::2024-12-07.14:57:55::SCWMssOS::DEBUG:  swdes dump  C:/Users/azmal/Desktop/USB_Backup/SE/Vitis/practica_cinco_a/p5a2/microblaze_0/standalone_microblaze_0/bsp/system.mss|system||

TRACE::2024-12-07.14:57:55::SCWMssOS::Sw design exists and opened at  C:/Users/azmal/Desktop/USB_Backup/SE/Vitis/practica_cinco_a/p5a2/microblaze_0/standalone_microblaze_0/bsp/system.mss
TRACE::2024-12-07.14:57:55::SCWPlatform::Trying to open the hw design at C:/Users/azmal/Desktop/USB_Backup/SE/Vitis/practica_cinco_a/p5a2/hw/p5a2.xsa
TRACE::2024-12-07.14:57:55::SCWPlatform::DSA given C:/Users/azmal/Desktop/USB_Backup/SE/Vitis/practica_cinco_a/p5a2/hw/p5a2.xsa
TRACE::2024-12-07.14:57:55::SCWPlatform::DSA absoulate path C:/Users/azmal/Desktop/USB_Backup/SE/Vitis/practica_cinco_a/p5a2/hw/p5a2.xsa
TRACE::2024-12-07.14:57:55::SCWPlatform::DSA directory C:/Users/azmal/Desktop/USB_Backup/SE/Vitis/practica_cinco_a/p5a2/hw
TRACE::2024-12-07.14:57:55::SCWPlatform:: Platform Path C:/Users/azmal/Desktop/USB_Backup/SE/Vitis/practica_cinco_a/p5a2/hw/p5a2.xsa
TRACE::2024-12-07.14:57:55::SCWPlatform:: Unique name xilinx:basys3::0.0
TRACE::2024-12-07.14:57:55::SCWPlatform::Trying to set the existing hwdb with name design_1_wrapper_0
TRACE::2024-12-07.14:57:55::SCWPlatform::Opened existing hwdb design_1_wrapper_0
TRACE::2024-12-07.14:57:55::SCWPlatform::Found the Hw Db part of the input DSA
TRACE::2024-12-07.14:57:55::SCWMssOS::Checking the sw design at  C:/Users/azmal/Desktop/USB_Backup/SE/Vitis/practica_cinco_a/p5a2/microblaze_0/standalone_microblaze_0/bsp/system.mss
TRACE::2024-12-07.14:57:55::SCWMssOS::DEBUG:  swdes dump  C:/Users/azmal/Desktop/USB_Backup/SE/Vitis/practica_cinco_a/p5a2/microblaze_0/standalone_microblaze_0/bsp/system.mss|system||

TRACE::2024-12-07.14:57:55::SCWMssOS::Sw design exists and opened at  C:/Users/azmal/Desktop/USB_Backup/SE/Vitis/practica_cinco_a/p5a2/microblaze_0/standalone_microblaze_0/bsp/system.mss
TRACE::2024-12-07.14:57:55::SCWWriter::formatted JSON is {
	"platformName":	"p5a2",
	"sprVersion":	"2.0",
	"mode":	"gui",
	"dsaType":	"Fixed",
	"platformDesc":	"p5a2",
	"platHandOff":	"C:/Users/azmal/Desktop/USB_Backup/SE/Vivado/practica5/p5a2.xsa",
	"platIntHandOff":	"<platformDir>/hw/p5a2.xsa",
	"deviceType":	"FPGA",
	"platIsPrebuiltAutogen":	"false",
	"platIsNoBootBsp":	"false",
	"hasFsblMakeHasChanges":	"false",
	"hasPmufwMakeHasChanges":	"false",
	"platPreBuiltFlag":	false,
	"platformSamplesDir":	"",
	"platActiveSys":	"p5a2",
	"systems":	[{
			"systemName":	"p5a2",
			"systemDesc":	"p5a2",
			"sysIsBootAutoGen":	"true",
			"systemDispName":	"p5a2",
			"sysActiveDom":	"standalone_microblaze_0",
			"sysDefaultDom":	"standalone_microblaze_0",
			"domains":	[{
					"domainName":	"standalone_microblaze_0",
					"domainDispName":	"standalone_microblaze_0",
					"domainDesc":	"standalone_microblaze_0",
					"processors":	"microblaze_0",
					"os":	"standalone",
					"sdxOs":	"standalone",
					"debugEnable":	"False",
					"domRuntimes":	["cpp"],
					"swRepo":	"",
					"mssOsVer":	"8.1",
					"mssFile":	"",
					"md5Digest":	"acb99d183dccc3e81d91fab15828b3a0",
					"compatibleApp":	"peripheral_tests",
					"domType":	"mssDomain",
					"arch":	"32-bit",
					"appSettings":	{
						"appCompilerFlags":	"",
						"appLinkerFlags":	""
					},
					"addedLibs":	[],
					"libOptions":	{
						"libsContainingOptions":	[]
					},
					"prebuiltLibs":	{
						"prebuiltIncPath":	[],
						"prebuiltLibPath":	[]
					},
					"isolation":	{
					}
				}]
		}]
}
LOG::2024-12-07.14:57:55::SCWPlatform::Started generating the artifacts platform p5a2
TRACE::2024-12-07.14:57:55::SCWPlatform::Sanity checking of platform is completed
LOG::2024-12-07.14:57:55::SCWPlatform::Started generating the artifacts for system configuration p5a2
LOG::2024-12-07.14:57:55::SCWSystem::Started Processing the domain standalone_microblaze_0
TRACE::2024-12-07.14:57:55::SCWDomain::Generating domain artifcats
TRACE::2024-12-07.14:57:55::SCWMssOS::Generating standalone artifcats
TRACE::2024-12-07.14:57:55::SCWMssOS:: Copying the user libraries. 
TRACE::2024-12-07.14:57:55::SCWPlatform::Trying to open the hw design at C:/Users/azmal/Desktop/USB_Backup/SE/Vitis/practica_cinco_a/p5a2/hw/p5a2.xsa
TRACE::2024-12-07.14:57:55::SCWPlatform::DSA given C:/Users/azmal/Desktop/USB_Backup/SE/Vitis/practica_cinco_a/p5a2/hw/p5a2.xsa
TRACE::2024-12-07.14:57:55::SCWPlatform::DSA absoulate path C:/Users/azmal/Desktop/USB_Backup/SE/Vitis/practica_cinco_a/p5a2/hw/p5a2.xsa
TRACE::2024-12-07.14:57:55::SCWPlatform::DSA directory C:/Users/azmal/Desktop/USB_Backup/SE/Vitis/practica_cinco_a/p5a2/hw
TRACE::2024-12-07.14:57:55::SCWPlatform:: Platform Path C:/Users/azmal/Desktop/USB_Backup/SE/Vitis/practica_cinco_a/p5a2/hw/p5a2.xsa
TRACE::2024-12-07.14:57:55::SCWPlatform:: Unique name xilinx:basys3::0.0
TRACE::2024-12-07.14:57:55::SCWPlatform::Trying to set the existing hwdb with name design_1_wrapper_0
TRACE::2024-12-07.14:57:55::SCWPlatform::Opened existing hwdb design_1_wrapper_0
TRACE::2024-12-07.14:57:55::SCWPlatform::Found the Hw Db part of the input DSA
TRACE::2024-12-07.14:57:55::SCWMssOS::Checking the sw design at  C:/Users/azmal/Desktop/USB_Backup/SE/Vitis/practica_cinco_a/p5a2/microblaze_0/standalone_microblaze_0/bsp/system.mss
TRACE::2024-12-07.14:57:55::SCWMssOS::DEBUG:  swdes dump  C:/Users/azmal/Desktop/USB_Backup/SE/Vitis/practica_cinco_a/p5a2/microblaze_0/standalone_microblaze_0/bsp/system.mss|system||

TRACE::2024-12-07.14:57:55::SCWMssOS::Sw design exists and opened at  C:/Users/azmal/Desktop/USB_Backup/SE/Vitis/practica_cinco_a/p5a2/microblaze_0/standalone_microblaze_0/bsp/system.mss
TRACE::2024-12-07.14:57:55::SCWMssOS::Completed writing the mss file at C:/Users/azmal/Desktop/USB_Backup/SE/Vitis/practica_cinco_a/p5a2/microblaze_0/standalone_microblaze_0/bsp
TRACE::2024-12-07.14:57:55::SCWMssOS::Mss edits present, copying mssfile into export location C:/Users/azmal/Desktop/USB_Backup/SE/Vitis/practica_cinco_a/p5a2/microblaze_0/standalone_microblaze_0/bsp/system.mss
TRACE::2024-12-07.14:57:55::SCWMssOS::bsp generated is upto date with the mss file. Skipping bsp generation.
TRACE::2024-12-07.14:57:55::SCWMssOS::BSP is already built. skipping the bsp build ... 
TRACE::2024-12-07.14:57:55::SCWDomain::Building the domain as part of full build :  standalone_microblaze_0
TRACE::2024-12-07.14:57:55::SCWMssOS::skipping the bsp build ... 
TRACE::2024-12-07.14:57:55::SCWMssOS::Copying to export directory.
TRACE::2024-12-07.14:57:55::SCWMssOS:: Checking if to create the Supporting Applications
TRACE::2024-12-07.14:57:55::SCWMssOS:: No Linux domain exists, trying to generate FSBL 
LOG::2024-12-07.14:57:55::SCWSystem::Completed Processing the domain standalone_microblaze_0
LOG::2024-12-07.14:57:55::SCWSystem::Completed Processing the sysconfig p5a2
LOG::2024-12-07.14:57:55::SCWPlatform::Completed generating the artifacts for system configuration p5a2
TRACE::2024-12-07.14:57:55::SCWPlatform::Started preparing the platform 
TRACE::2024-12-07.14:57:55::SCWSystem::Writing the bif file for system config p5a2
TRACE::2024-12-07.14:57:55::SCWSystem::dir created 
TRACE::2024-12-07.14:57:55::SCWSystem::Writing the bif 
TRACE::2024-12-07.14:57:55::SCWPlatform::Started writing the spfm file 
TRACE::2024-12-07.14:57:55::SCWPlatform::Started writing the xpfm file 
TRACE::2024-12-07.14:57:55::SCWPlatform::Completed generating the platform
TRACE::2024-12-07.14:57:55::SCWMssOS::Saving the mss changes C:/Users/azmal/Desktop/USB_Backup/SE/Vitis/practica_cinco_a/p5a2/microblaze_0/standalone_microblaze_0/bsp/system.mss
TRACE::2024-12-07.14:57:55::SCWMssOS::Found a swdesign opened with the mssfile.
TRACE::2024-12-07.14:57:55::SCWMssOS::Completed writemss as part of save.
TRACE::2024-12-07.14:57:55::SCWMssOS::Commit changes completed.
TRACE::2024-12-07.14:57:55::SCWPlatform::Trying to open the hw design at C:/Users/azmal/Desktop/USB_Backup/SE/Vitis/practica_cinco_a/p5a2/hw/p5a2.xsa
TRACE::2024-12-07.14:57:55::SCWPlatform::DSA given C:/Users/azmal/Desktop/USB_Backup/SE/Vitis/practica_cinco_a/p5a2/hw/p5a2.xsa
TRACE::2024-12-07.14:57:55::SCWPlatform::DSA absoulate path C:/Users/azmal/Desktop/USB_Backup/SE/Vitis/practica_cinco_a/p5a2/hw/p5a2.xsa
TRACE::2024-12-07.14:57:55::SCWPlatform::DSA directory C:/Users/azmal/Desktop/USB_Backup/SE/Vitis/practica_cinco_a/p5a2/hw
TRACE::2024-12-07.14:57:55::SCWPlatform:: Platform Path C:/Users/azmal/Desktop/USB_Backup/SE/Vitis/practica_cinco_a/p5a2/hw/p5a2.xsa
TRACE::2024-12-07.14:57:55::SCWPlatform:: Unique name xilinx:basys3::0.0
TRACE::2024-12-07.14:57:55::SCWPlatform::Trying to set the existing hwdb with name design_1_wrapper_0
TRACE::2024-12-07.14:57:55::SCWPlatform::Opened existing hwdb design_1_wrapper_0
TRACE::2024-12-07.14:57:55::SCWPlatform::Found the Hw Db part of the input DSA
TRACE::2024-12-07.14:57:55::SCWMssOS::Checking the sw design at  C:/Users/azmal/Desktop/USB_Backup/SE/Vitis/practica_cinco_a/p5a2/microblaze_0/standalone_microblaze_0/bsp/system.mss
TRACE::2024-12-07.14:57:55::SCWMssOS::DEBUG:  swdes dump  C:/Users/azmal/Desktop/USB_Backup/SE/Vitis/practica_cinco_a/p5a2/microblaze_0/standalone_microblaze_0/bsp/system.mss|system||

TRACE::2024-12-07.14:57:55::SCWMssOS::Sw design exists and opened at  C:/Users/azmal/Desktop/USB_Backup/SE/Vitis/practica_cinco_a/p5a2/microblaze_0/standalone_microblaze_0/bsp/system.mss
TRACE::2024-12-07.14:57:55::SCWPlatform::Trying to open the hw design at C:/Users/azmal/Desktop/USB_Backup/SE/Vitis/practica_cinco_a/p5a2/hw/p5a2.xsa
TRACE::2024-12-07.14:57:55::SCWPlatform::DSA given C:/Users/azmal/Desktop/USB_Backup/SE/Vitis/practica_cinco_a/p5a2/hw/p5a2.xsa
TRACE::2024-12-07.14:57:55::SCWPlatform::DSA absoulate path C:/Users/azmal/Desktop/USB_Backup/SE/Vitis/practica_cinco_a/p5a2/hw/p5a2.xsa
TRACE::2024-12-07.14:57:55::SCWPlatform::DSA directory C:/Users/azmal/Desktop/USB_Backup/SE/Vitis/practica_cinco_a/p5a2/hw
TRACE::2024-12-07.14:57:55::SCWPlatform:: Platform Path C:/Users/azmal/Desktop/USB_Backup/SE/Vitis/practica_cinco_a/p5a2/hw/p5a2.xsa
TRACE::2024-12-07.14:57:55::SCWPlatform:: Unique name xilinx:basys3::0.0
TRACE::2024-12-07.14:57:55::SCWPlatform::Trying to set the existing hwdb with name design_1_wrapper_0
TRACE::2024-12-07.14:57:55::SCWPlatform::Opened existing hwdb design_1_wrapper_0
TRACE::2024-12-07.14:57:55::SCWPlatform::Found the Hw Db part of the input DSA
TRACE::2024-12-07.14:57:55::SCWMssOS::Checking the sw design at  C:/Users/azmal/Desktop/USB_Backup/SE/Vitis/practica_cinco_a/p5a2/microblaze_0/standalone_microblaze_0/bsp/system.mss
TRACE::2024-12-07.14:57:55::SCWMssOS::DEBUG:  swdes dump  C:/Users/azmal/Desktop/USB_Backup/SE/Vitis/practica_cinco_a/p5a2/microblaze_0/standalone_microblaze_0/bsp/system.mss|system||

TRACE::2024-12-07.14:57:55::SCWMssOS::Sw design exists and opened at  C:/Users/azmal/Desktop/USB_Backup/SE/Vitis/practica_cinco_a/p5a2/microblaze_0/standalone_microblaze_0/bsp/system.mss
TRACE::2024-12-07.14:57:55::SCWPlatform::Trying to open the hw design at C:/Users/azmal/Desktop/USB_Backup/SE/Vitis/practica_cinco_a/p5a2/hw/p5a2.xsa
TRACE::2024-12-07.14:57:55::SCWPlatform::DSA given C:/Users/azmal/Desktop/USB_Backup/SE/Vitis/practica_cinco_a/p5a2/hw/p5a2.xsa
TRACE::2024-12-07.14:57:55::SCWPlatform::DSA absoulate path C:/Users/azmal/Desktop/USB_Backup/SE/Vitis/practica_cinco_a/p5a2/hw/p5a2.xsa
TRACE::2024-12-07.14:57:55::SCWPlatform::DSA directory C:/Users/azmal/Desktop/USB_Backup/SE/Vitis/practica_cinco_a/p5a2/hw
TRACE::2024-12-07.14:57:55::SCWPlatform:: Platform Path C:/Users/azmal/Desktop/USB_Backup/SE/Vitis/practica_cinco_a/p5a2/hw/p5a2.xsa
TRACE::2024-12-07.14:57:55::SCWPlatform:: Unique name xilinx:basys3::0.0
TRACE::2024-12-07.14:57:55::SCWPlatform::Trying to set the existing hwdb with name design_1_wrapper_0
TRACE::2024-12-07.14:57:55::SCWPlatform::Opened existing hwdb design_1_wrapper_0
TRACE::2024-12-07.14:57:55::SCWPlatform::Found the Hw Db part of the input DSA
TRACE::2024-12-07.14:57:55::SCWMssOS::Checking the sw design at  C:/Users/azmal/Desktop/USB_Backup/SE/Vitis/practica_cinco_a/p5a2/microblaze_0/standalone_microblaze_0/bsp/system.mss
TRACE::2024-12-07.14:57:55::SCWMssOS::DEBUG:  swdes dump  C:/Users/azmal/Desktop/USB_Backup/SE/Vitis/practica_cinco_a/p5a2/microblaze_0/standalone_microblaze_0/bsp/system.mss|system||

TRACE::2024-12-07.14:57:55::SCWMssOS::Sw design exists and opened at  C:/Users/azmal/Desktop/USB_Backup/SE/Vitis/practica_cinco_a/p5a2/microblaze_0/standalone_microblaze_0/bsp/system.mss
TRACE::2024-12-07.14:57:55::SCWWriter::formatted JSON is {
	"platformName":	"p5a2",
	"sprVersion":	"2.0",
	"mode":	"gui",
	"dsaType":	"Fixed",
	"platformDesc":	"p5a2",
	"platHandOff":	"C:/Users/azmal/Desktop/USB_Backup/SE/Vivado/practica5/p5a2.xsa",
	"platIntHandOff":	"<platformDir>/hw/p5a2.xsa",
	"deviceType":	"FPGA",
	"platIsPrebuiltAutogen":	"false",
	"platIsNoBootBsp":	"false",
	"hasFsblMakeHasChanges":	"false",
	"hasPmufwMakeHasChanges":	"false",
	"platPreBuiltFlag":	false,
	"platformSamplesDir":	"",
	"platActiveSys":	"p5a2",
	"systems":	[{
			"systemName":	"p5a2",
			"systemDesc":	"p5a2",
			"sysIsBootAutoGen":	"true",
			"systemDispName":	"p5a2",
			"sysActiveDom":	"standalone_microblaze_0",
			"sysDefaultDom":	"standalone_microblaze_0",
			"domains":	[{
					"domainName":	"standalone_microblaze_0",
					"domainDispName":	"standalone_microblaze_0",
					"domainDesc":	"standalone_microblaze_0",
					"processors":	"microblaze_0",
					"os":	"standalone",
					"sdxOs":	"standalone",
					"debugEnable":	"False",
					"domRuntimes":	["cpp"],
					"swRepo":	"",
					"mssOsVer":	"8.1",
					"mssFile":	"",
					"md5Digest":	"acb99d183dccc3e81d91fab15828b3a0",
					"compatibleApp":	"peripheral_tests",
					"domType":	"mssDomain",
					"arch":	"32-bit",
					"appSettings":	{
						"appCompilerFlags":	"",
						"appLinkerFlags":	""
					},
					"addedLibs":	[],
					"libOptions":	{
						"libsContainingOptions":	[]
					},
					"prebuiltLibs":	{
						"prebuiltIncPath":	[],
						"prebuiltLibPath":	[]
					},
					"isolation":	{
					}
				}]
		}]
}
KEYINFO::2024-12-07.14:57:55::SCWPlatform::updated the xpfm file.
LOG::2024-12-07.14:58:21::SCWPlatform::Started generating the artifacts platform p5a2
TRACE::2024-12-07.14:58:21::SCWPlatform::Sanity checking of platform is completed
LOG::2024-12-07.14:58:21::SCWPlatform::Started generating the artifacts for system configuration p5a2
LOG::2024-12-07.14:58:21::SCWSystem::Checking the domain standalone_microblaze_0
LOG::2024-12-07.14:58:21::SCWSystem::Not a boot domain 
LOG::2024-12-07.14:58:21::SCWSystem::Started Processing the domain standalone_microblaze_0
TRACE::2024-12-07.14:58:21::SCWDomain::Generating domain artifcats
TRACE::2024-12-07.14:58:21::SCWMssOS::Generating standalone artifcats
TRACE::2024-12-07.14:58:21::SCWMssOS:: Copying the user libraries. 
TRACE::2024-12-07.14:58:21::SCWPlatform::Trying to open the hw design at C:/Users/azmal/Desktop/USB_Backup/SE/Vitis/practica_cinco_a/p5a2/hw/p5a2.xsa
TRACE::2024-12-07.14:58:21::SCWPlatform::DSA given C:/Users/azmal/Desktop/USB_Backup/SE/Vitis/practica_cinco_a/p5a2/hw/p5a2.xsa
TRACE::2024-12-07.14:58:21::SCWPlatform::DSA absoulate path C:/Users/azmal/Desktop/USB_Backup/SE/Vitis/practica_cinco_a/p5a2/hw/p5a2.xsa
TRACE::2024-12-07.14:58:21::SCWPlatform::DSA directory C:/Users/azmal/Desktop/USB_Backup/SE/Vitis/practica_cinco_a/p5a2/hw
TRACE::2024-12-07.14:58:21::SCWPlatform:: Platform Path C:/Users/azmal/Desktop/USB_Backup/SE/Vitis/practica_cinco_a/p5a2/hw/p5a2.xsa
TRACE::2024-12-07.14:58:21::SCWPlatform:: Unique name xilinx:basys3::0.0
TRACE::2024-12-07.14:58:21::SCWPlatform::Trying to set the existing hwdb with name design_1_wrapper_0
TRACE::2024-12-07.14:58:21::SCWPlatform::Opened existing hwdb design_1_wrapper_0
TRACE::2024-12-07.14:58:21::SCWPlatform::Found the Hw Db part of the input DSA
TRACE::2024-12-07.14:58:21::SCWMssOS::Checking the sw design at  C:/Users/azmal/Desktop/USB_Backup/SE/Vitis/practica_cinco_a/p5a2/microblaze_0/standalone_microblaze_0/bsp/system.mss
TRACE::2024-12-07.14:58:21::SCWMssOS::DEBUG:  swdes dump  C:/Users/azmal/Desktop/USB_Backup/SE/Vitis/practica_cinco_a/p5a2/microblaze_0/standalone_microblaze_0/bsp/system.mss|system||

TRACE::2024-12-07.14:58:21::SCWMssOS::Sw design exists and opened at  C:/Users/azmal/Desktop/USB_Backup/SE/Vitis/practica_cinco_a/p5a2/microblaze_0/standalone_microblaze_0/bsp/system.mss
TRACE::2024-12-07.14:58:21::SCWMssOS::Completed writing the mss file at C:/Users/azmal/Desktop/USB_Backup/SE/Vitis/practica_cinco_a/p5a2/microblaze_0/standalone_microblaze_0/bsp
TRACE::2024-12-07.14:58:21::SCWMssOS::Mss edits present, copying mssfile into export location C:/Users/azmal/Desktop/USB_Backup/SE/Vitis/practica_cinco_a/p5a2/microblaze_0/standalone_microblaze_0/bsp/system.mss
TRACE::2024-12-07.14:58:21::SCWMssOS::bsp generated is upto date with the mss file. Skipping bsp generation.
TRACE::2024-12-07.14:58:21::SCWMssOS::BSP is already built. skipping the bsp build ... 
TRACE::2024-12-07.14:58:21::SCWDomain::Building the domain as part of full build :  standalone_microblaze_0
TRACE::2024-12-07.14:58:21::SCWMssOS::doing bsp build ... 
TRACE::2024-12-07.14:58:21::SCWMssOS::System Command Ran  C: & cd  C:/Users/azmal/Desktop/USB_Backup/SE/Vitis/practica_cinco_a/p5a2/microblaze_0/standalone_microblaze_0/bsp & make 
TRACE::2024-12-07.14:58:21::SCWMssOS::make --no-print-directory seq_libs

TRACE::2024-12-07.14:58:21::SCWMssOS::'Finished building libraries sequentially.'

TRACE::2024-12-07.14:58:21::SCWMssOS::make -j 6 --no-print-directory par_libs

TRACE::2024-12-07.14:58:21::SCWMssOS::"Running Make include in microblaze_0/libsrc/bram_v4_8/src"

TRACE::2024-12-07.14:58:21::SCWMssOS::make -C microblaze_0/libsrc/bram_v4_8/src -s include  "SHELL=CMD" "COMPILER=mb-gcc" "ASSEMBLER=mb-as" "ARCHIVER=mb-ar" "COMPILE
TRACE::2024-12-07.14:58:21::SCWMssOS::R_FLAGS=  -O2 -c -mcpu=v11.0 -mlittle-endian -mxl-soft-mul" "EXTRA_COMPILER_FLAGS=-g -ffunction-sections -fdata-sections -Wall 
TRACE::2024-12-07.14:58:21::SCWMssOS::-Wextra -fno-tree-loop-distribute-patterns"

TRACE::2024-12-07.14:58:21::SCWMssOS::"Running Make include in microblaze_0/libsrc/cpu_v2_17/src"

TRACE::2024-12-07.14:58:21::SCWMssOS::make -C microblaze_0/libsrc/cpu_v2_17/src -s include  "SHELL=CMD" "COMPILER=mb-gcc" "ASSEMBLER=mb-as" "ARCHIVER=mb-ar" "COMPILE
TRACE::2024-12-07.14:58:21::SCWMssOS::R_FLAGS=  -O2 -c -mcpu=v11.0 -mlittle-endian -mxl-soft-mul" "EXTRA_COMPILER_FLAGS=-g -ffunction-sections -fdata-sections -Wall 
TRACE::2024-12-07.14:58:21::SCWMssOS::-Wextra -fno-tree-loop-distribute-patterns"

TRACE::2024-12-07.14:58:21::SCWMssOS::"Running Make include in microblaze_0/libsrc/gpio_v4_9/src"

TRACE::2024-12-07.14:58:21::SCWMssOS::make -C microblaze_0/libsrc/gpio_v4_9/src -s include  "SHELL=CMD" "COMPILER=mb-gcc" "ASSEMBLER=mb-as" "ARCHIVER=mb-ar" "COMPILE
TRACE::2024-12-07.14:58:21::SCWMssOS::R_FLAGS=  -O2 -c -mcpu=v11.0 -mlittle-endian -mxl-soft-mul" "EXTRA_COMPILER_FLAGS=-g -ffunction-sections -fdata-sections -Wall 
TRACE::2024-12-07.14:58:21::SCWMssOS::-Wextra -fno-tree-loop-distribute-patterns"

TRACE::2024-12-07.14:58:22::SCWMssOS::"Running Make include in microblaze_0/libsrc/standalone_v8_1/src"

TRACE::2024-12-07.14:58:22::SCWMssOS::make -C microblaze_0/libsrc/standalone_v8_1/src -s include  "SHELL=CMD" "COMPILER=mb-gcc" "ASSEMBLER=mb-as" "ARCHIVER=mb-ar" "C
TRACE::2024-12-07.14:58:22::SCWMssOS::OMPILER_FLAGS=  -O2 -c -mcpu=v11.0 -mlittle-endian -mxl-soft-mul" "EXTRA_COMPILER_FLAGS=-g -ffunction-sections -fdata-sections 
TRACE::2024-12-07.14:58:22::SCWMssOS::-Wall -Wextra -fno-tree-loop-distribute-patterns"

TRACE::2024-12-07.14:58:22::SCWMssOS::"Running Make include in microblaze_0/libsrc/uartlite_v3_8/src"

TRACE::2024-12-07.14:58:22::SCWMssOS::make -C microblaze_0/libsrc/uartlite_v3_8/src -s include  "SHELL=CMD" "COMPILER=mb-gcc" "ASSEMBLER=mb-as" "ARCHIVER=mb-ar" "COM
TRACE::2024-12-07.14:58:22::SCWMssOS::PILER_FLAGS=  -O2 -c -mcpu=v11.0 -mlittle-endian -mxl-soft-mul" "EXTRA_COMPILER_FLAGS=-g -ffunction-sections -fdata-sections -W
TRACE::2024-12-07.14:58:22::SCWMssOS::all -Wextra -fno-tree-loop-distribute-patterns"

TRACE::2024-12-07.14:58:22::SCWMssOS::"Running Make libs in microblaze_0/libsrc/bram_v4_8/src"

TRACE::2024-12-07.14:58:22::SCWMssOS::make -C microblaze_0/libsrc/bram_v4_8/src -s libs  "SHELL=CMD" "COMPILER=mb-gcc" "ASSEMBLER=mb-as" "ARCHIVER=mb-ar" "COMPILER_F
TRACE::2024-12-07.14:58:22::SCWMssOS::LAGS=  -O2 -c -mcpu=v11.0 -mlittle-endian -mxl-soft-mul" "EXTRA_COMPILER_FLAGS=-g -ffunction-sections -fdata-sections -Wall -We
TRACE::2024-12-07.14:58:22::SCWMssOS::xtra -fno-tree-loop-distribute-patterns"

TRACE::2024-12-07.14:58:22::SCWMssOS::"Running Make libs in microblaze_0/libsrc/cpu_v2_17/src"

TRACE::2024-12-07.14:58:22::SCWMssOS::"Running Make libs in microblaze_0/libsrc/gpio_v4_9/src"

TRACE::2024-12-07.14:58:22::SCWMssOS::make -C microblaze_0/libsrc/cpu_v2_17/src -s libs  "SHELL=CMD" "COMPILER=mb-gcc" "ASSEMBLER=mb-as" "ARCHIVER=mb-ar" "COMPILER_F
TRACE::2024-12-07.14:58:22::SCWMssOS::LAGS=  -O2 -c -mcpu=v11.0 -mlittle-endian -mxl-soft-mul" "EXTRA_COMPILER_FLAGS=-g -ffunction-sections -fdata-sections -Wall -We
TRACE::2024-12-07.14:58:22::SCWMssOS::xtra -fno-tree-loop-distribute-patterns"

TRACE::2024-12-07.14:58:22::SCWMssOS::make -C microblaze_0/libsrc/gpio_v4_9/src -s libs  "SHELL=CMD" "COMPILER=mb-gcc" "ASSEMBLER=mb-as" "ARCHIVER=mb-ar" "COMPILER_F
TRACE::2024-12-07.14:58:22::SCWMssOS::LAGS=  -O2 -c -mcpu=v11.0 -mlittle-endian -mxl-soft-mul" "EXTRA_COMPILER_FLAGS=-g -ffunction-sections -fdata-sections -Wall -We
TRACE::2024-12-07.14:58:22::SCWMssOS::xtra -fno-tree-loop-distribute-patterns"

TRACE::2024-12-07.14:58:22::SCWMssOS::"Running Make libs in microblaze_0/libsrc/standalone_v8_1/src"

TRACE::2024-12-07.14:58:23::SCWMssOS::make -C microblaze_0/libsrc/standalone_v8_1/src -s libs  "SHELL=CMD" "COMPILER=mb-gcc" "ASSEMBLER=mb-as" "ARCHIVER=mb-ar" "COMP
TRACE::2024-12-07.14:58:23::SCWMssOS::ILER_FLAGS=  -O2 -c -mcpu=v11.0 -mlittle-endian -mxl-soft-mul" "EXTRA_COMPILER_FLAGS=-g -ffunction-sections -fdata-sections -Wa
TRACE::2024-12-07.14:58:23::SCWMssOS::ll -Wextra -fno-tree-loop-distribute-patterns"

TRACE::2024-12-07.14:58:23::SCWMssOS::"Running Make libs in microblaze_0/libsrc/uartlite_v3_8/src"

TRACE::2024-12-07.14:58:23::SCWMssOS::make -C microblaze_0/libsrc/uartlite_v3_8/src -s libs  "SHELL=CMD" "COMPILER=mb-gcc" "ASSEMBLER=mb-as" "ARCHIVER=mb-ar" "COMPIL
TRACE::2024-12-07.14:58:23::SCWMssOS::ER_FLAGS=  -O2 -c -mcpu=v11.0 -mlittle-endian -mxl-soft-mul" "EXTRA_COMPILER_FLAGS=-g -ffunction-sections -fdata-sections -Wall
TRACE::2024-12-07.14:58:23::SCWMssOS:: -Wextra -fno-tree-loop-distribute-patterns"

TRACE::2024-12-07.14:58:28::SCWMssOS::"DEBUG NON_LTO_OBJECTS is ../../../lib/microblaze_interrupt_handler.o"

TRACE::2024-12-07.14:58:28::SCWMssOS::'Finished building libraries parallelly.'

TRACE::2024-12-07.14:58:28::SCWMssOS::make --no-print-directory archive

TRACE::2024-12-07.14:58:28::SCWMssOS::mb-ar -r  microblaze_0/lib/libxil.a microblaze_0/lib/_exit.o microblaze_0/lib/errno.o microblaze_0/lib/fcntl.o microblaze_0/lib
TRACE::2024-12-07.14:58:28::SCWMssOS::/hw_exception_handler.o microblaze_0/lib/inbyte.o microblaze_0/lib/microblaze_disable_dcache.o microblaze_0/lib/microblaze_disa
TRACE::2024-12-07.14:58:28::SCWMssOS::ble_exceptions.o microblaze_0/lib/microblaze_disable_icache.o microblaze_0/lib/microblaze_disable_interrupts.o microblaze_0/lib
TRACE::2024-12-07.14:58:28::SCWMssOS::/microblaze_enable_dcache.o microblaze_0/lib/microblaze_enable_exceptions.o microblaze_0/lib/microblaze_enable_icache.o microbl
TRACE::2024-12-07.14:58:28::SCWMssOS::aze_0/lib/microblaze_enable_interrupts.o microblaze_0/lib/microblaze_exception_handler.o microblaze_0/lib/microblaze_flush_cach
TRACE::2024-12-07.14:58:28::SCWMssOS::e_ext.o microblaze_0/lib/microblaze_flush_cache_ext_range.o microblaze_0/lib/microblaze_flush_dcache.o microblaze_0/lib/microbl
TRACE::2024-12-07.14:58:28::SCWMssOS::aze_flush_dcache_range.o microblaze_0/lib/microblaze_init_dcache_range.o microblaze_0/lib/microblaze_init_icache_range.o microb
TRACE::2024-12-07.14:58:28::SCWMssOS::laze_0/lib/microblaze_interrupt_handler.o microblaze_0/lib/microblaze_interrupts_g.o microblaze_0/lib/microblaze_invalidate_cac
TRACE::2024-12-07.14:58:28::SCWMssOS::he_ext.o microblaze_0/lib/microblaze_invalidate_cache_ext_range.o microblaze_0/lib/microblaze_invalidate_dcache.o microblaze_0/
TRACE::2024-12-07.14:58:28::SCWMssOS::lib/microblaze_invalidate_dcache_range.o microblaze_0/lib/microblaze_invalidate_icache.o microblaze_0/lib/microblaze_invalidate
TRACE::2024-12-07.14:58:28::SCWMssOS::_icache_range.o microblaze_0/lib/microblaze_scrub.o microblaze_0/lib/microblaze_selftest.o microblaze_0/lib/microblaze_sleep.o 
TRACE::2024-12-07.14:58:28::SCWMssOS::microblaze_0/lib/microblaze_update_dcache.o microblaze_0/lib/microblaze_update_icache.o microblaze_0/lib/outbyte.o microblaze_0
TRACE::2024-12-07.14:58:28::SCWMssOS::/lib/print.o microblaze_0/lib/pvr.o microblaze_0/lib/xbram.o microblaze_0/lib/xbram_g.o microblaze_0/lib/xbram_intr.o microblaz
TRACE::2024-12-07.14:58:28::SCWMssOS::e_0/lib/xbram_selftest.o microblaze_0/lib/xbram_sinit.o microblaze_0/lib/xgpio.o microblaze_0/lib/xgpio_extra.o microblaze_0/li
TRACE::2024-12-07.14:58:28::SCWMssOS::b/xgpio_g.o microblaze_0/lib/xgpio_intr.o microblaze_0/lib/xgpio_selftest.o microblaze_0/lib/xgpio_sinit.o microblaze_0/lib/xil
TRACE::2024-12-07.14:58:28::SCWMssOS::_assert.o microblaze_0/lib/xil_cache.o microblaze_0/lib/xil_clocking.o microblaze_0/lib/xil_exception.o microblaze_0/lib/xil_me
TRACE::2024-12-07.14:58:28::SCWMssOS::m.o microblaze_0/lib/xil_misc_psreset_api.o microblaze_0/lib/xil_printf.o microblaze_0/lib/xil_sleepcommon.o microblaze_0/lib/x
TRACE::2024-12-07.14:58:28::SCWMssOS::il_testcache.o microblaze_0/lib/xil_testio.o microblaze_0/lib/xil_testmem.o microblaze_0/lib/xil_util.o microblaze_0/lib/xinter
TRACE::2024-12-07.14:58:28::SCWMssOS::rupt_wrap.o microblaze_0/lib/xio.o microblaze_0/lib/xplatform_info.o microblaze_0/lib/xuartlite.o microblaze_0/lib/xuartlite_g.
TRACE::2024-12-07.14:58:28::SCWMssOS::o microblaze_0/lib/xuartlite_intr.o microblaze_0/lib/xuartlite_l.o microblaze_0/lib/xuartlite_selftest.o microblaze_0/lib/xuart
TRACE::2024-12-07.14:58:28::SCWMssOS::lite_sinit.o microblaze_0/lib/xuartlite_stats.o

TRACE::2024-12-07.14:58:28::SCWMssOS::'Finished building libraries'

TRACE::2024-12-07.14:58:29::SCWMssOS::Copying to export directory.
TRACE::2024-12-07.14:58:29::SCWMssOS:: Checking if to create the Supporting Applications
TRACE::2024-12-07.14:58:29::SCWMssOS:: No Linux domain exists, trying to generate FSBL 
LOG::2024-12-07.14:58:29::SCWSystem::Completed Processing the domain standalone_microblaze_0
LOG::2024-12-07.14:58:29::SCWSystem::Completed Processing the sysconfig p5a2
LOG::2024-12-07.14:58:29::SCWPlatform::Completed generating the artifacts for system configuration p5a2
TRACE::2024-12-07.14:58:29::SCWPlatform::Started preparing the platform 
TRACE::2024-12-07.14:58:29::SCWSystem::Writing the bif file for system config p5a2
TRACE::2024-12-07.14:58:29::SCWSystem::dir created 
TRACE::2024-12-07.14:58:29::SCWSystem::Writing the bif 
TRACE::2024-12-07.14:58:29::SCWPlatform::Started writing the spfm file 
TRACE::2024-12-07.14:58:29::SCWPlatform::Started writing the xpfm file 
TRACE::2024-12-07.14:58:29::SCWPlatform::Completed generating the platform
TRACE::2024-12-07.14:58:29::SCWMssOS::Saving the mss changes C:/Users/azmal/Desktop/USB_Backup/SE/Vitis/practica_cinco_a/p5a2/microblaze_0/standalone_microblaze_0/bsp/system.mss
TRACE::2024-12-07.14:58:29::SCWMssOS::Found a swdesign opened with the mssfile.
TRACE::2024-12-07.14:58:29::SCWMssOS::Completed writemss as part of save.
TRACE::2024-12-07.14:58:29::SCWMssOS::Commit changes completed.
TRACE::2024-12-07.14:58:29::SCWPlatform::Trying to open the hw design at C:/Users/azmal/Desktop/USB_Backup/SE/Vitis/practica_cinco_a/p5a2/hw/p5a2.xsa
TRACE::2024-12-07.14:58:29::SCWPlatform::DSA given C:/Users/azmal/Desktop/USB_Backup/SE/Vitis/practica_cinco_a/p5a2/hw/p5a2.xsa
TRACE::2024-12-07.14:58:29::SCWPlatform::DSA absoulate path C:/Users/azmal/Desktop/USB_Backup/SE/Vitis/practica_cinco_a/p5a2/hw/p5a2.xsa
TRACE::2024-12-07.14:58:29::SCWPlatform::DSA directory C:/Users/azmal/Desktop/USB_Backup/SE/Vitis/practica_cinco_a/p5a2/hw
TRACE::2024-12-07.14:58:29::SCWPlatform:: Platform Path C:/Users/azmal/Desktop/USB_Backup/SE/Vitis/practica_cinco_a/p5a2/hw/p5a2.xsa
TRACE::2024-12-07.14:58:29::SCWPlatform:: Unique name xilinx:basys3::0.0
TRACE::2024-12-07.14:58:29::SCWPlatform::Trying to set the existing hwdb with name design_1_wrapper_0
TRACE::2024-12-07.14:58:29::SCWPlatform::Opened existing hwdb design_1_wrapper_0
TRACE::2024-12-07.14:58:29::SCWPlatform::Found the Hw Db part of the input DSA
TRACE::2024-12-07.14:58:29::SCWMssOS::Checking the sw design at  C:/Users/azmal/Desktop/USB_Backup/SE/Vitis/practica_cinco_a/p5a2/microblaze_0/standalone_microblaze_0/bsp/system.mss
TRACE::2024-12-07.14:58:29::SCWMssOS::DEBUG:  swdes dump  C:/Users/azmal/Desktop/USB_Backup/SE/Vitis/practica_cinco_a/p5a2/microblaze_0/standalone_microblaze_0/bsp/system.mss|system||

TRACE::2024-12-07.14:58:29::SCWMssOS::Sw design exists and opened at  C:/Users/azmal/Desktop/USB_Backup/SE/Vitis/practica_cinco_a/p5a2/microblaze_0/standalone_microblaze_0/bsp/system.mss
TRACE::2024-12-07.14:58:29::SCWPlatform::Trying to open the hw design at C:/Users/azmal/Desktop/USB_Backup/SE/Vitis/practica_cinco_a/p5a2/hw/p5a2.xsa
TRACE::2024-12-07.14:58:29::SCWPlatform::DSA given C:/Users/azmal/Desktop/USB_Backup/SE/Vitis/practica_cinco_a/p5a2/hw/p5a2.xsa
TRACE::2024-12-07.14:58:29::SCWPlatform::DSA absoulate path C:/Users/azmal/Desktop/USB_Backup/SE/Vitis/practica_cinco_a/p5a2/hw/p5a2.xsa
TRACE::2024-12-07.14:58:29::SCWPlatform::DSA directory C:/Users/azmal/Desktop/USB_Backup/SE/Vitis/practica_cinco_a/p5a2/hw
TRACE::2024-12-07.14:58:29::SCWPlatform:: Platform Path C:/Users/azmal/Desktop/USB_Backup/SE/Vitis/practica_cinco_a/p5a2/hw/p5a2.xsa
TRACE::2024-12-07.14:58:29::SCWPlatform:: Unique name xilinx:basys3::0.0
TRACE::2024-12-07.14:58:29::SCWPlatform::Trying to set the existing hwdb with name design_1_wrapper_0
TRACE::2024-12-07.14:58:29::SCWPlatform::Opened existing hwdb design_1_wrapper_0
TRACE::2024-12-07.14:58:29::SCWPlatform::Found the Hw Db part of the input DSA
TRACE::2024-12-07.14:58:29::SCWMssOS::Checking the sw design at  C:/Users/azmal/Desktop/USB_Backup/SE/Vitis/practica_cinco_a/p5a2/microblaze_0/standalone_microblaze_0/bsp/system.mss
TRACE::2024-12-07.14:58:29::SCWMssOS::DEBUG:  swdes dump  C:/Users/azmal/Desktop/USB_Backup/SE/Vitis/practica_cinco_a/p5a2/microblaze_0/standalone_microblaze_0/bsp/system.mss|system||

TRACE::2024-12-07.14:58:29::SCWMssOS::Sw design exists and opened at  C:/Users/azmal/Desktop/USB_Backup/SE/Vitis/practica_cinco_a/p5a2/microblaze_0/standalone_microblaze_0/bsp/system.mss
TRACE::2024-12-07.14:58:29::SCWPlatform::Trying to open the hw design at C:/Users/azmal/Desktop/USB_Backup/SE/Vitis/practica_cinco_a/p5a2/hw/p5a2.xsa
TRACE::2024-12-07.14:58:29::SCWPlatform::DSA given C:/Users/azmal/Desktop/USB_Backup/SE/Vitis/practica_cinco_a/p5a2/hw/p5a2.xsa
TRACE::2024-12-07.14:58:29::SCWPlatform::DSA absoulate path C:/Users/azmal/Desktop/USB_Backup/SE/Vitis/practica_cinco_a/p5a2/hw/p5a2.xsa
TRACE::2024-12-07.14:58:29::SCWPlatform::DSA directory C:/Users/azmal/Desktop/USB_Backup/SE/Vitis/practica_cinco_a/p5a2/hw
TRACE::2024-12-07.14:58:29::SCWPlatform:: Platform Path C:/Users/azmal/Desktop/USB_Backup/SE/Vitis/practica_cinco_a/p5a2/hw/p5a2.xsa
TRACE::2024-12-07.14:58:29::SCWPlatform:: Unique name xilinx:basys3::0.0
TRACE::2024-12-07.14:58:29::SCWPlatform::Trying to set the existing hwdb with name design_1_wrapper_0
TRACE::2024-12-07.14:58:29::SCWPlatform::Opened existing hwdb design_1_wrapper_0
TRACE::2024-12-07.14:58:29::SCWPlatform::Found the Hw Db part of the input DSA
TRACE::2024-12-07.14:58:29::SCWMssOS::Checking the sw design at  C:/Users/azmal/Desktop/USB_Backup/SE/Vitis/practica_cinco_a/p5a2/microblaze_0/standalone_microblaze_0/bsp/system.mss
TRACE::2024-12-07.14:58:29::SCWMssOS::DEBUG:  swdes dump  C:/Users/azmal/Desktop/USB_Backup/SE/Vitis/practica_cinco_a/p5a2/microblaze_0/standalone_microblaze_0/bsp/system.mss|system||

TRACE::2024-12-07.14:58:29::SCWMssOS::Sw design exists and opened at  C:/Users/azmal/Desktop/USB_Backup/SE/Vitis/practica_cinco_a/p5a2/microblaze_0/standalone_microblaze_0/bsp/system.mss
TRACE::2024-12-07.14:58:29::SCWWriter::formatted JSON is {
	"platformName":	"p5a2",
	"sprVersion":	"2.0",
	"mode":	"gui",
	"dsaType":	"Fixed",
	"platformDesc":	"p5a2",
	"platHandOff":	"C:/Users/azmal/Desktop/USB_Backup/SE/Vivado/practica5/p5a2.xsa",
	"platIntHandOff":	"<platformDir>/hw/p5a2.xsa",
	"deviceType":	"FPGA",
	"platIsPrebuiltAutogen":	"false",
	"platIsNoBootBsp":	"false",
	"hasFsblMakeHasChanges":	"false",
	"hasPmufwMakeHasChanges":	"false",
	"platPreBuiltFlag":	false,
	"platformSamplesDir":	"",
	"platActiveSys":	"p5a2",
	"systems":	[{
			"systemName":	"p5a2",
			"systemDesc":	"p5a2",
			"sysIsBootAutoGen":	"true",
			"systemDispName":	"p5a2",
			"sysActiveDom":	"standalone_microblaze_0",
			"sysDefaultDom":	"standalone_microblaze_0",
			"domains":	[{
					"domainName":	"standalone_microblaze_0",
					"domainDispName":	"standalone_microblaze_0",
					"domainDesc":	"standalone_microblaze_0",
					"processors":	"microblaze_0",
					"os":	"standalone",
					"sdxOs":	"standalone",
					"debugEnable":	"False",
					"domRuntimes":	["cpp"],
					"swRepo":	"",
					"mssOsVer":	"8.1",
					"mssFile":	"",
					"md5Digest":	"acb99d183dccc3e81d91fab15828b3a0",
					"compatibleApp":	"peripheral_tests",
					"domType":	"mssDomain",
					"arch":	"32-bit",
					"appSettings":	{
						"appCompilerFlags":	"",
						"appLinkerFlags":	""
					},
					"addedLibs":	[],
					"libOptions":	{
						"libsContainingOptions":	[]
					},
					"prebuiltLibs":	{
						"prebuiltIncPath":	[],
						"prebuiltLibPath":	[]
					},
					"isolation":	{
					}
				}]
		}]
}
KEYINFO::2024-12-07.14:58:29::SCWPlatform::updated the xpfm file.
TRACE::2024-12-07.14:58:29::SCWPlatform::Trying to open the hw design at C:/Users/azmal/Desktop/USB_Backup/SE/Vitis/practica_cinco_a/p5a2/hw/p5a2.xsa
TRACE::2024-12-07.14:58:29::SCWPlatform::DSA given C:/Users/azmal/Desktop/USB_Backup/SE/Vitis/practica_cinco_a/p5a2/hw/p5a2.xsa
TRACE::2024-12-07.14:58:29::SCWPlatform::DSA absoulate path C:/Users/azmal/Desktop/USB_Backup/SE/Vitis/practica_cinco_a/p5a2/hw/p5a2.xsa
TRACE::2024-12-07.14:58:29::SCWPlatform::DSA directory C:/Users/azmal/Desktop/USB_Backup/SE/Vitis/practica_cinco_a/p5a2/hw
TRACE::2024-12-07.14:58:29::SCWPlatform:: Platform Path C:/Users/azmal/Desktop/USB_Backup/SE/Vitis/practica_cinco_a/p5a2/hw/p5a2.xsa
TRACE::2024-12-07.14:58:29::SCWPlatform:: Unique name xilinx:basys3::0.0
TRACE::2024-12-07.14:58:29::SCWPlatform::Trying to set the existing hwdb with name design_1_wrapper_0
TRACE::2024-12-07.14:58:29::SCWPlatform::Opened existing hwdb design_1_wrapper_0
TRACE::2024-12-07.14:58:29::SCWPlatform::Found the Hw Db part of the input DSA
TRACE::2024-12-07.14:58:29::SCWMssOS::Checking the sw design at  C:/Users/azmal/Desktop/USB_Backup/SE/Vitis/practica_cinco_a/p5a2/microblaze_0/standalone_microblaze_0/bsp/system.mss
TRACE::2024-12-07.14:58:29::SCWMssOS::DEBUG:  swdes dump  C:/Users/azmal/Desktop/USB_Backup/SE/Vitis/practica_cinco_a/p5a2/microblaze_0/standalone_microblaze_0/bsp/system.mss|system||

TRACE::2024-12-07.14:58:29::SCWMssOS::Sw design exists and opened at  C:/Users/azmal/Desktop/USB_Backup/SE/Vitis/practica_cinco_a/p5a2/microblaze_0/standalone_microblaze_0/bsp/system.mss
