TRACE::2024-11-27.16:52:46::SCWPlatform::Trying to open the hw design at D:/SE/Vitis/practicatres_pruebatres/practica_tres_prueba_tres/hw/practica_tres_prueba_tres.xsa
TRACE::2024-11-27.16:52:46::SCWPlatform::DSA given D:/SE/Vitis/practicatres_pruebatres/practica_tres_prueba_tres/hw/practica_tres_prueba_tres.xsa
TRACE::2024-11-27.16:52:46::SCWPlatform::DSA absoulate path D:/SE/Vitis/practicatres_pruebatres/practica_tres_prueba_tres/hw/practica_tres_prueba_tres.xsa
TRACE::2024-11-27.16:52:46::SCWPlatform::DSA directory D:/SE/Vitis/practicatres_pruebatres/practica_tres_prueba_tres/hw
TRACE::2024-11-27.16:52:46::SCWPlatform:: Platform Path D:/SE/Vitis/practicatres_pruebatres/practica_tres_prueba_tres/hw/practica_tres_prueba_tres.xsa
TRACE::2024-11-27.16:52:46::SCWPlatform:: Unique name xilinx:basys3::0.0
TRACE::2024-11-27.16:52:46::SCWPlatform::Do not have an existing db opened. 
TRACE::2024-11-27.16:52:48::SCWPlatform::Opened new HwDB with name design_1_wrapper_0
TRACE::2024-11-27.16:52:48::SCWWriter::formatted JSON is {
	"platformName":	"practica_tres_prueba_tres",
	"sprVersion":	"2.0",
	"mode":	"gui",
	"dsaType":	"Fixed",
	"platformDesc":	"practica_tres_prueba_tres",
	"platHandOff":	"D:/SE/Vivado/practica3/practica_tres_prueba_tres.xsa",
	"platIntHandOff":	"<platformDir>/hw/practica_tres_prueba_tres.xsa",
	"deviceType":	"FPGA",
	"platIsPrebuiltAutogen":	"false",
	"platIsNoBootBsp":	"false",
	"hasFsblMakeHasChanges":	"false",
	"hasPmufwMakeHasChanges":	"false",
	"platPreBuiltFlag":	false,
	"platformSamplesDir":	""
}
TRACE::2024-11-27.16:52:48::SCWWriter::formatted JSON is {
	"platformName":	"practica_tres_prueba_tres",
	"sprVersion":	"2.0",
	"mode":	"gui",
	"dsaType":	"Fixed",
	"platformDesc":	"practica_tres_prueba_tres",
	"platHandOff":	"D:/SE/Vivado/practica3/practica_tres_prueba_tres.xsa",
	"platIntHandOff":	"<platformDir>/hw/practica_tres_prueba_tres.xsa",
	"deviceType":	"FPGA",
	"platIsPrebuiltAutogen":	"false",
	"platIsNoBootBsp":	"false",
	"hasFsblMakeHasChanges":	"false",
	"hasPmufwMakeHasChanges":	"false",
	"platPreBuiltFlag":	false,
	"platformSamplesDir":	"",
	"platActiveSys":	"practica_tres_prueba_tres",
	"systems":	[{
			"systemName":	"practica_tres_prueba_tres",
			"systemDesc":	"practica_tres_prueba_tres",
			"sysIsBootAutoGen":	"true",
			"systemDispName":	"practica_tres_prueba_tres"
		}]
}
TRACE::2024-11-27.16:52:48::SCWPlatform::Boot application domains not present, creating them
TRACE::2024-11-27.16:52:48::SCWPlatform::Pure FPGA device, no boot application will be created.
TRACE::2024-11-27.16:52:48::SCWWriter::formatted JSON is {
	"platformName":	"practica_tres_prueba_tres",
	"sprVersion":	"2.0",
	"mode":	"gui",
	"dsaType":	"Fixed",
	"platformDesc":	"practica_tres_prueba_tres",
	"platHandOff":	"D:/SE/Vivado/practica3/practica_tres_prueba_tres.xsa",
	"platIntHandOff":	"<platformDir>/hw/practica_tres_prueba_tres.xsa",
	"deviceType":	"FPGA",
	"platIsPrebuiltAutogen":	"false",
	"platIsNoBootBsp":	"false",
	"hasFsblMakeHasChanges":	"false",
	"hasPmufwMakeHasChanges":	"false",
	"platPreBuiltFlag":	false,
	"platformSamplesDir":	"",
	"platActiveSys":	"practica_tres_prueba_tres",
	"systems":	[{
			"systemName":	"practica_tres_prueba_tres",
			"systemDesc":	"practica_tres_prueba_tres",
			"sysIsBootAutoGen":	"true",
			"systemDispName":	"practica_tres_prueba_tres"
		}]
}
TRACE::2024-11-27.16:52:49::SCWWriter::formatted JSON is {
	"platformName":	"practica_tres_prueba_tres",
	"sprVersion":	"2.0",
	"mode":	"gui",
	"dsaType":	"Fixed",
	"platformDesc":	"practica_tres_prueba_tres",
	"platHandOff":	"D:/SE/Vivado/practica3/practica_tres_prueba_tres.xsa",
	"platIntHandOff":	"<platformDir>/hw/practica_tres_prueba_tres.xsa",
	"deviceType":	"FPGA",
	"platIsPrebuiltAutogen":	"false",
	"platIsNoBootBsp":	"false",
	"hasFsblMakeHasChanges":	"false",
	"hasPmufwMakeHasChanges":	"false",
	"platPreBuiltFlag":	false,
	"platformSamplesDir":	"",
	"platActiveSys":	"practica_tres_prueba_tres",
	"systems":	[{
			"systemName":	"practica_tres_prueba_tres",
			"systemDesc":	"practica_tres_prueba_tres",
			"sysIsBootAutoGen":	"true",
			"systemDispName":	"practica_tres_prueba_tres"
		}]
}
TRACE::2024-11-27.16:52:49::SCWPlatform::Trying to open the hw design at D:/SE/Vitis/practicatres_pruebatres/practica_tres_prueba_tres/hw/practica_tres_prueba_tres.xsa
TRACE::2024-11-27.16:52:49::SCWPlatform::DSA given D:/SE/Vitis/practicatres_pruebatres/practica_tres_prueba_tres/hw/practica_tres_prueba_tres.xsa
TRACE::2024-11-27.16:52:49::SCWPlatform::DSA absoulate path D:/SE/Vitis/practicatres_pruebatres/practica_tres_prueba_tres/hw/practica_tres_prueba_tres.xsa
TRACE::2024-11-27.16:52:49::SCWPlatform::DSA directory D:/SE/Vitis/practicatres_pruebatres/practica_tres_prueba_tres/hw
TRACE::2024-11-27.16:52:49::SCWPlatform:: Platform Path D:/SE/Vitis/practicatres_pruebatres/practica_tres_prueba_tres/hw/practica_tres_prueba_tres.xsa
TRACE::2024-11-27.16:52:49::SCWPlatform:: Unique name xilinx:basys3::0.0
TRACE::2024-11-27.16:52:49::SCWPlatform::Trying to set the existing hwdb with name design_1_wrapper_0
TRACE::2024-11-27.16:52:49::SCWPlatform::Opened existing hwdb design_1_wrapper_0
TRACE::2024-11-27.16:52:49::SCWPlatform::Found the Hw Db part of the input DSA
TRACE::2024-11-27.16:52:49::SCWPlatform::Trying to open the hw design at D:/SE/Vitis/practicatres_pruebatres/practica_tres_prueba_tres/hw/practica_tres_prueba_tres.xsa
TRACE::2024-11-27.16:52:49::SCWPlatform::DSA given D:/SE/Vitis/practicatres_pruebatres/practica_tres_prueba_tres/hw/practica_tres_prueba_tres.xsa
TRACE::2024-11-27.16:52:49::SCWPlatform::DSA absoulate path D:/SE/Vitis/practicatres_pruebatres/practica_tres_prueba_tres/hw/practica_tres_prueba_tres.xsa
TRACE::2024-11-27.16:52:49::SCWPlatform::DSA directory D:/SE/Vitis/practicatres_pruebatres/practica_tres_prueba_tres/hw
TRACE::2024-11-27.16:52:49::SCWPlatform:: Platform Path D:/SE/Vitis/practicatres_pruebatres/practica_tres_prueba_tres/hw/practica_tres_prueba_tres.xsa
TRACE::2024-11-27.16:52:49::SCWPlatform:: Unique name xilinx:basys3::0.0
TRACE::2024-11-27.16:52:49::SCWPlatform::Trying to set the existing hwdb with name design_1_wrapper_0
TRACE::2024-11-27.16:52:49::SCWPlatform::Opened existing hwdb design_1_wrapper_0
TRACE::2024-11-27.16:52:49::SCWPlatform::Found the Hw Db part of the input DSA
TRACE::2024-11-27.16:52:49::SCWDomain::checking for install qemu data   : 
TRACE::2024-11-27.16:52:49::SCWPlatform::Trying to open the hw design at D:/SE/Vitis/practicatres_pruebatres/practica_tres_prueba_tres/hw/practica_tres_prueba_tres.xsa
TRACE::2024-11-27.16:52:49::SCWPlatform::DSA given D:/SE/Vitis/practicatres_pruebatres/practica_tres_prueba_tres/hw/practica_tres_prueba_tres.xsa
TRACE::2024-11-27.16:52:49::SCWPlatform::DSA absoulate path D:/SE/Vitis/practicatres_pruebatres/practica_tres_prueba_tres/hw/practica_tres_prueba_tres.xsa
TRACE::2024-11-27.16:52:49::SCWPlatform::DSA directory D:/SE/Vitis/practicatres_pruebatres/practica_tres_prueba_tres/hw
TRACE::2024-11-27.16:52:49::SCWPlatform:: Platform Path D:/SE/Vitis/practicatres_pruebatres/practica_tres_prueba_tres/hw/practica_tres_prueba_tres.xsa
TRACE::2024-11-27.16:52:49::SCWPlatform:: Unique name xilinx:basys3::0.0
TRACE::2024-11-27.16:52:49::SCWPlatform::Trying to set the existing hwdb with name design_1_wrapper_0
TRACE::2024-11-27.16:52:49::SCWPlatform::Opened existing hwdb design_1_wrapper_0
TRACE::2024-11-27.16:52:49::SCWPlatform::Found the Hw Db part of the input DSA
TRACE::2024-11-27.16:52:49::SCWPlatform::Trying to open the hw design at D:/SE/Vitis/practicatres_pruebatres/practica_tres_prueba_tres/hw/practica_tres_prueba_tres.xsa
TRACE::2024-11-27.16:52:49::SCWPlatform::DSA given D:/SE/Vitis/practicatres_pruebatres/practica_tres_prueba_tres/hw/practica_tres_prueba_tres.xsa
TRACE::2024-11-27.16:52:49::SCWPlatform::DSA absoulate path D:/SE/Vitis/practicatres_pruebatres/practica_tres_prueba_tres/hw/practica_tres_prueba_tres.xsa
TRACE::2024-11-27.16:52:49::SCWPlatform::DSA directory D:/SE/Vitis/practicatres_pruebatres/practica_tres_prueba_tres/hw
TRACE::2024-11-27.16:52:49::SCWPlatform:: Platform Path D:/SE/Vitis/practicatres_pruebatres/practica_tres_prueba_tres/hw/practica_tres_prueba_tres.xsa
TRACE::2024-11-27.16:52:49::SCWPlatform:: Unique name xilinx:basys3::0.0
TRACE::2024-11-27.16:52:49::SCWPlatform::Trying to set the existing hwdb with name design_1_wrapper_0
TRACE::2024-11-27.16:52:49::SCWPlatform::Opened existing hwdb design_1_wrapper_0
TRACE::2024-11-27.16:52:49::SCWPlatform::Found the Hw Db part of the input DSA
TRACE::2024-11-27.16:52:49::SCWPlatform::Trying to open the hw design at D:/SE/Vitis/practicatres_pruebatres/practica_tres_prueba_tres/hw/practica_tres_prueba_tres.xsa
TRACE::2024-11-27.16:52:49::SCWPlatform::DSA given D:/SE/Vitis/practicatres_pruebatres/practica_tres_prueba_tres/hw/practica_tres_prueba_tres.xsa
TRACE::2024-11-27.16:52:49::SCWPlatform::DSA absoulate path D:/SE/Vitis/practicatres_pruebatres/practica_tres_prueba_tres/hw/practica_tres_prueba_tres.xsa
TRACE::2024-11-27.16:52:49::SCWPlatform::DSA directory D:/SE/Vitis/practicatres_pruebatres/practica_tres_prueba_tres/hw
TRACE::2024-11-27.16:52:49::SCWPlatform:: Platform Path D:/SE/Vitis/practicatres_pruebatres/practica_tres_prueba_tres/hw/practica_tres_prueba_tres.xsa
TRACE::2024-11-27.16:52:49::SCWPlatform:: Unique name xilinx:basys3::0.0
TRACE::2024-11-27.16:52:49::SCWPlatform::Trying to set the existing hwdb with name design_1_wrapper_0
TRACE::2024-11-27.16:52:50::SCWPlatform::Opened existing hwdb design_1_wrapper_0
TRACE::2024-11-27.16:52:50::SCWPlatform::Found the Hw Db part of the input DSA
TRACE::2024-11-27.16:52:50::SCWMssOS::Checking the sw design at  D:/SE/Vitis/practicatres_pruebatres/practica_tres_prueba_tres/microblaze_0/standalone_microblaze_0/bsp/system.mss
TRACE::2024-11-27.16:52:50::SCWMssOS::DEBUG:  swdes dump  
TRACE::2024-11-27.16:52:50::SCWMssOS::No sw design opened at  D:/SE/Vitis/practicatres_pruebatres/practica_tres_prueba_tres/microblaze_0/standalone_microblaze_0/bsp/system.mss
TRACE::2024-11-27.16:52:50::SCWMssOS::mss does not exists at D:/SE/Vitis/practicatres_pruebatres/practica_tres_prueba_tres/microblaze_0/standalone_microblaze_0/bsp/system.mss
TRACE::2024-11-27.16:52:50::SCWMssOS::Creating sw design at  D:/SE/Vitis/practicatres_pruebatres/practica_tres_prueba_tres/microblaze_0/standalone_microblaze_0/bsp/system.mss
TRACE::2024-11-27.16:52:50::SCWMssOS::Adding the swdes entry, created swdb D:/SE/Vitis/practicatres_pruebatres/practica_tres_prueba_tres/microblaze_0/standalone_microblaze_0/bsp/system.mss with des name D:/SE/Vitis/practicatres_pruebatres/practica_tres_prueba_tres/microblaze_0/standalone_microblaze_0/bsp/system.mss
TRACE::2024-11-27.16:52:50::SCWMssOS::updating the scw layer changes to swdes at   D:/SE/Vitis/practicatres_pruebatres/practica_tres_prueba_tres/microblaze_0/standalone_microblaze_0/bsp/system.mss
TRACE::2024-11-27.16:52:50::SCWMssOS::Writing mss at D:/SE/Vitis/practicatres_pruebatres/practica_tres_prueba_tres/microblaze_0/standalone_microblaze_0/bsp/system.mss
TRACE::2024-11-27.16:52:50::SCWMssOS::Completed writing the mss file at D:/SE/Vitis/practicatres_pruebatres/practica_tres_prueba_tres/microblaze_0/standalone_microblaze_0/bsp
TRACE::2024-11-27.16:52:50::SCWMssOS::Picking up changes from newly written mss file into SCW Layer. 
TRACE::2024-11-27.16:52:50::SCWMssOS::Updated the changes from newly written mss file into SCW Layer. 
TRACE::2024-11-27.16:52:50::SCWMssOS::Completed writing the mss file at D:/SE/Vitis/practicatres_pruebatres/practica_tres_prueba_tres/microblaze_0/standalone_microblaze_0/bsp
TRACE::2024-11-27.16:52:50::SCWMssOS::Forcing BSP Sources regeneration.
TRACE::2024-11-27.16:53:05::SCWMssOS::Saving the mss changes D:/SE/Vitis/practicatres_pruebatres/practica_tres_prueba_tres/microblaze_0/standalone_microblaze_0/bsp/system.mss
TRACE::2024-11-27.16:53:05::SCWMssOS::Adding the swdes entry, mss present, able to open swdb D:/SE/Vitis/practicatres_pruebatres/practica_tres_prueba_tres/microblaze_0/standalone_microblaze_0/bsp/system.mss with des name system
TRACE::2024-11-27.16:53:05::SCWMssOS::Writing the mss file completed D:/SE/Vitis/practicatres_pruebatres/practica_tres_prueba_tres/microblaze_0/standalone_microblaze_0/bsp/system.mss
TRACE::2024-11-27.16:53:05::SCWMssOS::Commit changes completed.
TRACE::2024-11-27.16:53:05::SCWPlatform::Trying to open the hw design at D:/SE/Vitis/practicatres_pruebatres/practica_tres_prueba_tres/hw/practica_tres_prueba_tres.xsa
TRACE::2024-11-27.16:53:05::SCWPlatform::DSA given D:/SE/Vitis/practicatres_pruebatres/practica_tres_prueba_tres/hw/practica_tres_prueba_tres.xsa
TRACE::2024-11-27.16:53:05::SCWPlatform::DSA absoulate path D:/SE/Vitis/practicatres_pruebatres/practica_tres_prueba_tres/hw/practica_tres_prueba_tres.xsa
TRACE::2024-11-27.16:53:05::SCWPlatform::DSA directory D:/SE/Vitis/practicatres_pruebatres/practica_tres_prueba_tres/hw
TRACE::2024-11-27.16:53:05::SCWPlatform:: Platform Path D:/SE/Vitis/practicatres_pruebatres/practica_tres_prueba_tres/hw/practica_tres_prueba_tres.xsa
TRACE::2024-11-27.16:53:05::SCWPlatform:: Unique name xilinx:basys3::0.0
TRACE::2024-11-27.16:53:05::SCWPlatform::Trying to set the existing hwdb with name design_1_wrapper_0
TRACE::2024-11-27.16:53:05::SCWPlatform::Opened existing hwdb design_1_wrapper_0
TRACE::2024-11-27.16:53:05::SCWPlatform::Found the Hw Db part of the input DSA
TRACE::2024-11-27.16:53:05::SCWMssOS::Checking the sw design at  D:/SE/Vitis/practicatres_pruebatres/practica_tres_prueba_tres/microblaze_0/standalone_microblaze_0/bsp/system.mss
TRACE::2024-11-27.16:53:05::SCWMssOS::DEBUG:  swdes dump  D:/SE/Vitis/practicatres_pruebatres/practica_tres_prueba_tres/microblaze_0/standalone_microblaze_0/bsp/system.mss|system||

TRACE::2024-11-27.16:53:05::SCWMssOS::Sw design exists and opened at  D:/SE/Vitis/practicatres_pruebatres/practica_tres_prueba_tres/microblaze_0/standalone_microblaze_0/bsp/system.mss
TRACE::2024-11-27.16:53:05::SCWPlatform::Trying to open the hw design at D:/SE/Vitis/practicatres_pruebatres/practica_tres_prueba_tres/hw/practica_tres_prueba_tres.xsa
TRACE::2024-11-27.16:53:05::SCWPlatform::DSA given D:/SE/Vitis/practicatres_pruebatres/practica_tres_prueba_tres/hw/practica_tres_prueba_tres.xsa
TRACE::2024-11-27.16:53:05::SCWPlatform::DSA absoulate path D:/SE/Vitis/practicatres_pruebatres/practica_tres_prueba_tres/hw/practica_tres_prueba_tres.xsa
TRACE::2024-11-27.16:53:06::SCWPlatform::DSA directory D:/SE/Vitis/practicatres_pruebatres/practica_tres_prueba_tres/hw
TRACE::2024-11-27.16:53:06::SCWPlatform:: Platform Path D:/SE/Vitis/practicatres_pruebatres/practica_tres_prueba_tres/hw/practica_tres_prueba_tres.xsa
TRACE::2024-11-27.16:53:06::SCWPlatform:: Unique name xilinx:basys3::0.0
TRACE::2024-11-27.16:53:06::SCWPlatform::Trying to set the existing hwdb with name design_1_wrapper_0
TRACE::2024-11-27.16:53:06::SCWPlatform::Opened existing hwdb design_1_wrapper_0
TRACE::2024-11-27.16:53:06::SCWPlatform::Found the Hw Db part of the input DSA
TRACE::2024-11-27.16:53:06::SCWMssOS::Checking the sw design at  D:/SE/Vitis/practicatres_pruebatres/practica_tres_prueba_tres/microblaze_0/standalone_microblaze_0/bsp/system.mss
TRACE::2024-11-27.16:53:06::SCWMssOS::DEBUG:  swdes dump  D:/SE/Vitis/practicatres_pruebatres/practica_tres_prueba_tres/microblaze_0/standalone_microblaze_0/bsp/system.mss|system||

TRACE::2024-11-27.16:53:06::SCWMssOS::Sw design exists and opened at  D:/SE/Vitis/practicatres_pruebatres/practica_tres_prueba_tres/microblaze_0/standalone_microblaze_0/bsp/system.mss
TRACE::2024-11-27.16:53:06::SCWPlatform::Trying to open the hw design at D:/SE/Vitis/practicatres_pruebatres/practica_tres_prueba_tres/hw/practica_tres_prueba_tres.xsa
TRACE::2024-11-27.16:53:06::SCWPlatform::DSA given D:/SE/Vitis/practicatres_pruebatres/practica_tres_prueba_tres/hw/practica_tres_prueba_tres.xsa
TRACE::2024-11-27.16:53:06::SCWPlatform::DSA absoulate path D:/SE/Vitis/practicatres_pruebatres/practica_tres_prueba_tres/hw/practica_tres_prueba_tres.xsa
TRACE::2024-11-27.16:53:06::SCWPlatform::DSA directory D:/SE/Vitis/practicatres_pruebatres/practica_tres_prueba_tres/hw
TRACE::2024-11-27.16:53:06::SCWPlatform:: Platform Path D:/SE/Vitis/practicatres_pruebatres/practica_tres_prueba_tres/hw/practica_tres_prueba_tres.xsa
TRACE::2024-11-27.16:53:06::SCWPlatform:: Unique name xilinx:basys3::0.0
TRACE::2024-11-27.16:53:06::SCWPlatform::Trying to set the existing hwdb with name design_1_wrapper_0
TRACE::2024-11-27.16:53:06::SCWPlatform::Opened existing hwdb design_1_wrapper_0
TRACE::2024-11-27.16:53:06::SCWPlatform::Found the Hw Db part of the input DSA
TRACE::2024-11-27.16:53:06::SCWMssOS::Checking the sw design at  D:/SE/Vitis/practicatres_pruebatres/practica_tres_prueba_tres/microblaze_0/standalone_microblaze_0/bsp/system.mss
TRACE::2024-11-27.16:53:06::SCWMssOS::DEBUG:  swdes dump  D:/SE/Vitis/practicatres_pruebatres/practica_tres_prueba_tres/microblaze_0/standalone_microblaze_0/bsp/system.mss|system||

TRACE::2024-11-27.16:53:06::SCWMssOS::Sw design exists and opened at  D:/SE/Vitis/practicatres_pruebatres/practica_tres_prueba_tres/microblaze_0/standalone_microblaze_0/bsp/system.mss
TRACE::2024-11-27.16:53:06::SCWWriter::formatted JSON is {
	"platformName":	"practica_tres_prueba_tres",
	"sprVersion":	"2.0",
	"mode":	"gui",
	"dsaType":	"Fixed",
	"platformDesc":	"practica_tres_prueba_tres",
	"platHandOff":	"D:/SE/Vivado/practica3/practica_tres_prueba_tres.xsa",
	"platIntHandOff":	"<platformDir>/hw/practica_tres_prueba_tres.xsa",
	"deviceType":	"FPGA",
	"platIsPrebuiltAutogen":	"false",
	"platIsNoBootBsp":	"false",
	"hasFsblMakeHasChanges":	"false",
	"hasPmufwMakeHasChanges":	"false",
	"platPreBuiltFlag":	false,
	"platformSamplesDir":	"",
	"platActiveSys":	"practica_tres_prueba_tres",
	"systems":	[{
			"systemName":	"practica_tres_prueba_tres",
			"systemDesc":	"practica_tres_prueba_tres",
			"sysIsBootAutoGen":	"true",
			"systemDispName":	"practica_tres_prueba_tres",
			"sysActiveDom":	"standalone_microblaze_0",
			"sysDefaultDom":	"standalone_microblaze_0",
			"domains":	[{
					"domainName":	"standalone_microblaze_0",
					"domainDispName":	"standalone_microblaze_0",
					"domainDesc":	"standalone_microblaze_0",
					"processors":	"microblaze_0",
					"os":	"standalone",
					"sdxOs":	"standalone",
					"debugEnable":	"False",
					"domRuntimes":	["cpp"],
					"swRepo":	"",
					"mssOsVer":	"8.1",
					"mssFile":	"",
					"md5Digest":	"a7f2529904e3e5e50bc71282f385754d",
					"compatibleApp":	"peripheral_tests",
					"domType":	"mssDomain",
					"arch":	"32-bit",
					"appSettings":	{
						"appCompilerFlags":	"",
						"appLinkerFlags":	""
					},
					"addedLibs":	[],
					"libOptions":	{
						"libsContainingOptions":	[]
					},
					"prebuiltLibs":	{
						"prebuiltIncPath":	[],
						"prebuiltLibPath":	[]
					},
					"isolation":	{
					}
				}]
		}]
}
LOG::2024-11-27.16:53:06::SCWPlatform::Started generating the artifacts platform practica_tres_prueba_tres
TRACE::2024-11-27.16:53:06::SCWPlatform::Sanity checking of platform is completed
LOG::2024-11-27.16:53:06::SCWPlatform::Started generating the artifacts for system configuration practica_tres_prueba_tres
LOG::2024-11-27.16:53:06::SCWSystem::Checking the domain standalone_microblaze_0
LOG::2024-11-27.16:53:06::SCWSystem::Not a boot domain 
LOG::2024-11-27.16:53:06::SCWSystem::Started Processing the domain standalone_microblaze_0
TRACE::2024-11-27.16:53:06::SCWDomain::Generating domain artifcats
TRACE::2024-11-27.16:53:06::SCWMssOS::Generating standalone artifcats
TRACE::2024-11-27.16:53:06::SCWMssOS:: Copying the user libraries. 
TRACE::2024-11-27.16:53:06::SCWPlatform::Trying to open the hw design at D:/SE/Vitis/practicatres_pruebatres/practica_tres_prueba_tres/hw/practica_tres_prueba_tres.xsa
TRACE::2024-11-27.16:53:06::SCWPlatform::DSA given D:/SE/Vitis/practicatres_pruebatres/practica_tres_prueba_tres/hw/practica_tres_prueba_tres.xsa
TRACE::2024-11-27.16:53:06::SCWPlatform::DSA absoulate path D:/SE/Vitis/practicatres_pruebatres/practica_tres_prueba_tres/hw/practica_tres_prueba_tres.xsa
TRACE::2024-11-27.16:53:06::SCWPlatform::DSA directory D:/SE/Vitis/practicatres_pruebatres/practica_tres_prueba_tres/hw
TRACE::2024-11-27.16:53:06::SCWPlatform:: Platform Path D:/SE/Vitis/practicatres_pruebatres/practica_tres_prueba_tres/hw/practica_tres_prueba_tres.xsa
TRACE::2024-11-27.16:53:06::SCWPlatform:: Unique name xilinx:basys3::0.0
TRACE::2024-11-27.16:53:06::SCWPlatform::Trying to set the existing hwdb with name design_1_wrapper_0
TRACE::2024-11-27.16:53:06::SCWPlatform::Opened existing hwdb design_1_wrapper_0
TRACE::2024-11-27.16:53:06::SCWPlatform::Found the Hw Db part of the input DSA
TRACE::2024-11-27.16:53:06::SCWMssOS::Checking the sw design at  D:/SE/Vitis/practicatres_pruebatres/practica_tres_prueba_tres/microblaze_0/standalone_microblaze_0/bsp/system.mss
TRACE::2024-11-27.16:53:06::SCWMssOS::DEBUG:  swdes dump  D:/SE/Vitis/practicatres_pruebatres/practica_tres_prueba_tres/microblaze_0/standalone_microblaze_0/bsp/system.mss|system||

TRACE::2024-11-27.16:53:06::SCWMssOS::Sw design exists and opened at  D:/SE/Vitis/practicatres_pruebatres/practica_tres_prueba_tres/microblaze_0/standalone_microblaze_0/bsp/system.mss
TRACE::2024-11-27.16:53:06::SCWMssOS::Completed writing the mss file at D:/SE/Vitis/practicatres_pruebatres/practica_tres_prueba_tres/microblaze_0/standalone_microblaze_0/bsp
TRACE::2024-11-27.16:53:06::SCWMssOS::Mss edits present, copying mssfile into export location D:/SE/Vitis/practicatres_pruebatres/practica_tres_prueba_tres/microblaze_0/standalone_microblaze_0/bsp/system.mss
TRACE::2024-11-27.16:53:06::SCWMssOS::bsp generated is upto date with the mss file. Skipping bsp generation.
TRACE::2024-11-27.16:53:06::SCWMssOS::BSP is already built. skipping the bsp build ... 
TRACE::2024-11-27.16:53:06::SCWDomain::Skipping the build for domain :  standalone_microblaze_0
TRACE::2024-11-27.16:53:06::SCWMssOS::skipping the bsp build ... 
TRACE::2024-11-27.16:53:06::SCWMssOS::Copying to export directory.
TRACE::2024-11-27.16:53:07::SCWMssOS:: Checking if to create the Supporting Applications
TRACE::2024-11-27.16:53:07::SCWMssOS:: No Linux domain exists, trying to generate FSBL 
LOG::2024-11-27.16:53:07::SCWSystem::Completed Processing the domain standalone_microblaze_0
LOG::2024-11-27.16:53:07::SCWSystem::Completed Processing the sysconfig practica_tres_prueba_tres
LOG::2024-11-27.16:53:07::SCWPlatform::Completed generating the artifacts for system configuration practica_tres_prueba_tres
TRACE::2024-11-27.16:53:07::SCWPlatform::Started preparing the platform 
TRACE::2024-11-27.16:53:07::SCWSystem::Writing the bif file for system config practica_tres_prueba_tres
TRACE::2024-11-27.16:53:07::SCWSystem::dir created 
TRACE::2024-11-27.16:53:07::SCWSystem::Writing the bif 
TRACE::2024-11-27.16:53:07::SCWPlatform::Started writing the spfm file 
TRACE::2024-11-27.16:53:07::SCWPlatform::Started writing the xpfm file 
TRACE::2024-11-27.16:53:07::SCWPlatform::Completed generating the platform
TRACE::2024-11-27.16:53:07::SCWMssOS::Saving the mss changes D:/SE/Vitis/practicatres_pruebatres/practica_tres_prueba_tres/microblaze_0/standalone_microblaze_0/bsp/system.mss
TRACE::2024-11-27.16:53:07::SCWMssOS::Found a swdesign opened with the mssfile.
TRACE::2024-11-27.16:53:07::SCWMssOS::Completed writemss as part of save.
TRACE::2024-11-27.16:53:07::SCWMssOS::Commit changes completed.
TRACE::2024-11-27.16:53:07::SCWPlatform::Trying to open the hw design at D:/SE/Vitis/practicatres_pruebatres/practica_tres_prueba_tres/hw/practica_tres_prueba_tres.xsa
TRACE::2024-11-27.16:53:07::SCWPlatform::DSA given D:/SE/Vitis/practicatres_pruebatres/practica_tres_prueba_tres/hw/practica_tres_prueba_tres.xsa
TRACE::2024-11-27.16:53:07::SCWPlatform::DSA absoulate path D:/SE/Vitis/practicatres_pruebatres/practica_tres_prueba_tres/hw/practica_tres_prueba_tres.xsa
TRACE::2024-11-27.16:53:07::SCWPlatform::DSA directory D:/SE/Vitis/practicatres_pruebatres/practica_tres_prueba_tres/hw
TRACE::2024-11-27.16:53:07::SCWPlatform:: Platform Path D:/SE/Vitis/practicatres_pruebatres/practica_tres_prueba_tres/hw/practica_tres_prueba_tres.xsa
TRACE::2024-11-27.16:53:07::SCWPlatform:: Unique name xilinx:basys3::0.0
TRACE::2024-11-27.16:53:07::SCWPlatform::Trying to set the existing hwdb with name design_1_wrapper_0
TRACE::2024-11-27.16:53:07::SCWPlatform::Opened existing hwdb design_1_wrapper_0
TRACE::2024-11-27.16:53:07::SCWPlatform::Found the Hw Db part of the input DSA
TRACE::2024-11-27.16:53:07::SCWMssOS::Checking the sw design at  D:/SE/Vitis/practicatres_pruebatres/practica_tres_prueba_tres/microblaze_0/standalone_microblaze_0/bsp/system.mss
TRACE::2024-11-27.16:53:07::SCWMssOS::DEBUG:  swdes dump  D:/SE/Vitis/practicatres_pruebatres/practica_tres_prueba_tres/microblaze_0/standalone_microblaze_0/bsp/system.mss|system||

TRACE::2024-11-27.16:53:07::SCWMssOS::Sw design exists and opened at  D:/SE/Vitis/practicatres_pruebatres/practica_tres_prueba_tres/microblaze_0/standalone_microblaze_0/bsp/system.mss
TRACE::2024-11-27.16:53:07::SCWPlatform::Trying to open the hw design at D:/SE/Vitis/practicatres_pruebatres/practica_tres_prueba_tres/hw/practica_tres_prueba_tres.xsa
TRACE::2024-11-27.16:53:07::SCWPlatform::DSA given D:/SE/Vitis/practicatres_pruebatres/practica_tres_prueba_tres/hw/practica_tres_prueba_tres.xsa
TRACE::2024-11-27.16:53:07::SCWPlatform::DSA absoulate path D:/SE/Vitis/practicatres_pruebatres/practica_tres_prueba_tres/hw/practica_tres_prueba_tres.xsa
TRACE::2024-11-27.16:53:07::SCWPlatform::DSA directory D:/SE/Vitis/practicatres_pruebatres/practica_tres_prueba_tres/hw
TRACE::2024-11-27.16:53:07::SCWPlatform:: Platform Path D:/SE/Vitis/practicatres_pruebatres/practica_tres_prueba_tres/hw/practica_tres_prueba_tres.xsa
TRACE::2024-11-27.16:53:07::SCWPlatform:: Unique name xilinx:basys3::0.0
TRACE::2024-11-27.16:53:07::SCWPlatform::Trying to set the existing hwdb with name design_1_wrapper_0
TRACE::2024-11-27.16:53:07::SCWPlatform::Opened existing hwdb design_1_wrapper_0
TRACE::2024-11-27.16:53:07::SCWPlatform::Found the Hw Db part of the input DSA
TRACE::2024-11-27.16:53:07::SCWMssOS::Checking the sw design at  D:/SE/Vitis/practicatres_pruebatres/practica_tres_prueba_tres/microblaze_0/standalone_microblaze_0/bsp/system.mss
TRACE::2024-11-27.16:53:07::SCWMssOS::DEBUG:  swdes dump  D:/SE/Vitis/practicatres_pruebatres/practica_tres_prueba_tres/microblaze_0/standalone_microblaze_0/bsp/system.mss|system||

TRACE::2024-11-27.16:53:07::SCWMssOS::Sw design exists and opened at  D:/SE/Vitis/practicatres_pruebatres/practica_tres_prueba_tres/microblaze_0/standalone_microblaze_0/bsp/system.mss
TRACE::2024-11-27.16:53:07::SCWPlatform::Trying to open the hw design at D:/SE/Vitis/practicatres_pruebatres/practica_tres_prueba_tres/hw/practica_tres_prueba_tres.xsa
TRACE::2024-11-27.16:53:07::SCWPlatform::DSA given D:/SE/Vitis/practicatres_pruebatres/practica_tres_prueba_tres/hw/practica_tres_prueba_tres.xsa
TRACE::2024-11-27.16:53:07::SCWPlatform::DSA absoulate path D:/SE/Vitis/practicatres_pruebatres/practica_tres_prueba_tres/hw/practica_tres_prueba_tres.xsa
TRACE::2024-11-27.16:53:07::SCWPlatform::DSA directory D:/SE/Vitis/practicatres_pruebatres/practica_tres_prueba_tres/hw
TRACE::2024-11-27.16:53:07::SCWPlatform:: Platform Path D:/SE/Vitis/practicatres_pruebatres/practica_tres_prueba_tres/hw/practica_tres_prueba_tres.xsa
TRACE::2024-11-27.16:53:07::SCWPlatform:: Unique name xilinx:basys3::0.0
TRACE::2024-11-27.16:53:07::SCWPlatform::Trying to set the existing hwdb with name design_1_wrapper_0
TRACE::2024-11-27.16:53:07::SCWPlatform::Opened existing hwdb design_1_wrapper_0
TRACE::2024-11-27.16:53:07::SCWPlatform::Found the Hw Db part of the input DSA
TRACE::2024-11-27.16:53:07::SCWMssOS::Checking the sw design at  D:/SE/Vitis/practicatres_pruebatres/practica_tres_prueba_tres/microblaze_0/standalone_microblaze_0/bsp/system.mss
TRACE::2024-11-27.16:53:07::SCWMssOS::DEBUG:  swdes dump  D:/SE/Vitis/practicatres_pruebatres/practica_tres_prueba_tres/microblaze_0/standalone_microblaze_0/bsp/system.mss|system||

TRACE::2024-11-27.16:53:08::SCWMssOS::Sw design exists and opened at  D:/SE/Vitis/practicatres_pruebatres/practica_tres_prueba_tres/microblaze_0/standalone_microblaze_0/bsp/system.mss
TRACE::2024-11-27.16:53:08::SCWWriter::formatted JSON is {
	"platformName":	"practica_tres_prueba_tres",
	"sprVersion":	"2.0",
	"mode":	"gui",
	"dsaType":	"Fixed",
	"platformDesc":	"practica_tres_prueba_tres",
	"platHandOff":	"D:/SE/Vivado/practica3/practica_tres_prueba_tres.xsa",
	"platIntHandOff":	"<platformDir>/hw/practica_tres_prueba_tres.xsa",
	"deviceType":	"FPGA",
	"platIsPrebuiltAutogen":	"false",
	"platIsNoBootBsp":	"false",
	"hasFsblMakeHasChanges":	"false",
	"hasPmufwMakeHasChanges":	"false",
	"platPreBuiltFlag":	false,
	"platformSamplesDir":	"",
	"platActiveSys":	"practica_tres_prueba_tres",
	"systems":	[{
			"systemName":	"practica_tres_prueba_tres",
			"systemDesc":	"practica_tres_prueba_tres",
			"sysIsBootAutoGen":	"true",
			"systemDispName":	"practica_tres_prueba_tres",
			"sysActiveDom":	"standalone_microblaze_0",
			"sysDefaultDom":	"standalone_microblaze_0",
			"domains":	[{
					"domainName":	"standalone_microblaze_0",
					"domainDispName":	"standalone_microblaze_0",
					"domainDesc":	"standalone_microblaze_0",
					"processors":	"microblaze_0",
					"os":	"standalone",
					"sdxOs":	"standalone",
					"debugEnable":	"False",
					"domRuntimes":	["cpp"],
					"swRepo":	"",
					"mssOsVer":	"8.1",
					"mssFile":	"",
					"md5Digest":	"a7f2529904e3e5e50bc71282f385754d",
					"compatibleApp":	"peripheral_tests",
					"domType":	"mssDomain",
					"arch":	"32-bit",
					"appSettings":	{
						"appCompilerFlags":	"",
						"appLinkerFlags":	""
					},
					"addedLibs":	[],
					"libOptions":	{
						"libsContainingOptions":	[]
					},
					"prebuiltLibs":	{
						"prebuiltIncPath":	[],
						"prebuiltLibPath":	[]
					},
					"isolation":	{
					}
				}]
		}]
}
KEYINFO::2024-11-27.16:53:08::SCWPlatform::updated the xpfm file.
TRACE::2024-11-27.16:53:08::SCWPlatform::Trying to open the hw design at D:/SE/Vitis/practicatres_pruebatres/practica_tres_prueba_tres/hw/practica_tres_prueba_tres.xsa
TRACE::2024-11-27.16:53:08::SCWPlatform::DSA given D:/SE/Vitis/practicatres_pruebatres/practica_tres_prueba_tres/hw/practica_tres_prueba_tres.xsa
TRACE::2024-11-27.16:53:08::SCWPlatform::DSA absoulate path D:/SE/Vitis/practicatres_pruebatres/practica_tres_prueba_tres/hw/practica_tres_prueba_tres.xsa
TRACE::2024-11-27.16:53:08::SCWPlatform::DSA directory D:/SE/Vitis/practicatres_pruebatres/practica_tres_prueba_tres/hw
TRACE::2024-11-27.16:53:08::SCWPlatform:: Platform Path D:/SE/Vitis/practicatres_pruebatres/practica_tres_prueba_tres/hw/practica_tres_prueba_tres.xsa
TRACE::2024-11-27.16:53:08::SCWPlatform:: Unique name xilinx:basys3::0.0
TRACE::2024-11-27.16:53:08::SCWPlatform::Trying to set the existing hwdb with name design_1_wrapper_0
TRACE::2024-11-27.16:53:08::SCWPlatform::Opened existing hwdb design_1_wrapper_0
TRACE::2024-11-27.16:53:08::SCWPlatform::Found the Hw Db part of the input DSA
TRACE::2024-11-27.16:53:08::SCWMssOS::Checking the sw design at  D:/SE/Vitis/practicatres_pruebatres/practica_tres_prueba_tres/microblaze_0/standalone_microblaze_0/bsp/system.mss
TRACE::2024-11-27.16:53:08::SCWMssOS::DEBUG:  swdes dump  D:/SE/Vitis/practicatres_pruebatres/practica_tres_prueba_tres/microblaze_0/standalone_microblaze_0/bsp/system.mss|system||

TRACE::2024-11-27.16:53:08::SCWMssOS::Sw design exists and opened at  D:/SE/Vitis/practicatres_pruebatres/practica_tres_prueba_tres/microblaze_0/standalone_microblaze_0/bsp/system.mss
TRACE::2024-11-27.16:53:08::SCWMssOS::Saving the mss changes D:/SE/Vitis/practicatres_pruebatres/practica_tres_prueba_tres/microblaze_0/standalone_microblaze_0/bsp/system.mss
TRACE::2024-11-27.16:53:08::SCWMssOS::Found a swdesign opened with the mssfile.
TRACE::2024-11-27.16:53:08::SCWMssOS::Completed writemss as part of save.
TRACE::2024-11-27.16:53:08::SCWMssOS::Commit changes completed.
TRACE::2024-11-27.16:53:08::SCWPlatform::Trying to open the hw design at D:/SE/Vitis/practicatres_pruebatres/practica_tres_prueba_tres/hw/practica_tres_prueba_tres.xsa
TRACE::2024-11-27.16:53:08::SCWPlatform::DSA given D:/SE/Vitis/practicatres_pruebatres/practica_tres_prueba_tres/hw/practica_tres_prueba_tres.xsa
TRACE::2024-11-27.16:53:08::SCWPlatform::DSA absoulate path D:/SE/Vitis/practicatres_pruebatres/practica_tres_prueba_tres/hw/practica_tres_prueba_tres.xsa
TRACE::2024-11-27.16:53:08::SCWPlatform::DSA directory D:/SE/Vitis/practicatres_pruebatres/practica_tres_prueba_tres/hw
TRACE::2024-11-27.16:53:08::SCWPlatform:: Platform Path D:/SE/Vitis/practicatres_pruebatres/practica_tres_prueba_tres/hw/practica_tres_prueba_tres.xsa
TRACE::2024-11-27.16:53:08::SCWPlatform:: Unique name xilinx:basys3::0.0
TRACE::2024-11-27.16:53:08::SCWPlatform::Trying to set the existing hwdb with name design_1_wrapper_0
TRACE::2024-11-27.16:53:08::SCWPlatform::Opened existing hwdb design_1_wrapper_0
TRACE::2024-11-27.16:53:08::SCWPlatform::Found the Hw Db part of the input DSA
TRACE::2024-11-27.16:53:08::SCWMssOS::Checking the sw design at  D:/SE/Vitis/practicatres_pruebatres/practica_tres_prueba_tres/microblaze_0/standalone_microblaze_0/bsp/system.mss
TRACE::2024-11-27.16:53:08::SCWMssOS::DEBUG:  swdes dump  D:/SE/Vitis/practicatres_pruebatres/practica_tres_prueba_tres/microblaze_0/standalone_microblaze_0/bsp/system.mss|system||

TRACE::2024-11-27.16:53:08::SCWMssOS::Sw design exists and opened at  D:/SE/Vitis/practicatres_pruebatres/practica_tres_prueba_tres/microblaze_0/standalone_microblaze_0/bsp/system.mss
TRACE::2024-11-27.16:53:08::SCWPlatform::Trying to open the hw design at D:/SE/Vitis/practicatres_pruebatres/practica_tres_prueba_tres/hw/practica_tres_prueba_tres.xsa
TRACE::2024-11-27.16:53:08::SCWPlatform::DSA given D:/SE/Vitis/practicatres_pruebatres/practica_tres_prueba_tres/hw/practica_tres_prueba_tres.xsa
TRACE::2024-11-27.16:53:08::SCWPlatform::DSA absoulate path D:/SE/Vitis/practicatres_pruebatres/practica_tres_prueba_tres/hw/practica_tres_prueba_tres.xsa
TRACE::2024-11-27.16:53:08::SCWPlatform::DSA directory D:/SE/Vitis/practicatres_pruebatres/practica_tres_prueba_tres/hw
TRACE::2024-11-27.16:53:08::SCWPlatform:: Platform Path D:/SE/Vitis/practicatres_pruebatres/practica_tres_prueba_tres/hw/practica_tres_prueba_tres.xsa
TRACE::2024-11-27.16:53:08::SCWPlatform:: Unique name xilinx:basys3::0.0
TRACE::2024-11-27.16:53:08::SCWPlatform::Trying to set the existing hwdb with name design_1_wrapper_0
TRACE::2024-11-27.16:53:08::SCWPlatform::Opened existing hwdb design_1_wrapper_0
TRACE::2024-11-27.16:53:08::SCWPlatform::Found the Hw Db part of the input DSA
TRACE::2024-11-27.16:53:08::SCWMssOS::Checking the sw design at  D:/SE/Vitis/practicatres_pruebatres/practica_tres_prueba_tres/microblaze_0/standalone_microblaze_0/bsp/system.mss
TRACE::2024-11-27.16:53:08::SCWMssOS::DEBUG:  swdes dump  D:/SE/Vitis/practicatres_pruebatres/practica_tres_prueba_tres/microblaze_0/standalone_microblaze_0/bsp/system.mss|system||

TRACE::2024-11-27.16:53:08::SCWMssOS::Sw design exists and opened at  D:/SE/Vitis/practicatres_pruebatres/practica_tres_prueba_tres/microblaze_0/standalone_microblaze_0/bsp/system.mss
TRACE::2024-11-27.16:53:08::SCWPlatform::Trying to open the hw design at D:/SE/Vitis/practicatres_pruebatres/practica_tres_prueba_tres/hw/practica_tres_prueba_tres.xsa
TRACE::2024-11-27.16:53:08::SCWPlatform::DSA given D:/SE/Vitis/practicatres_pruebatres/practica_tres_prueba_tres/hw/practica_tres_prueba_tres.xsa
TRACE::2024-11-27.16:53:08::SCWPlatform::DSA absoulate path D:/SE/Vitis/practicatres_pruebatres/practica_tres_prueba_tres/hw/practica_tres_prueba_tres.xsa
TRACE::2024-11-27.16:53:08::SCWPlatform::DSA directory D:/SE/Vitis/practicatres_pruebatres/practica_tres_prueba_tres/hw
TRACE::2024-11-27.16:53:08::SCWPlatform:: Platform Path D:/SE/Vitis/practicatres_pruebatres/practica_tres_prueba_tres/hw/practica_tres_prueba_tres.xsa
TRACE::2024-11-27.16:53:08::SCWPlatform:: Unique name xilinx:basys3::0.0
TRACE::2024-11-27.16:53:08::SCWPlatform::Trying to set the existing hwdb with name design_1_wrapper_0
TRACE::2024-11-27.16:53:08::SCWPlatform::Opened existing hwdb design_1_wrapper_0
TRACE::2024-11-27.16:53:08::SCWPlatform::Found the Hw Db part of the input DSA
TRACE::2024-11-27.16:53:08::SCWMssOS::Checking the sw design at  D:/SE/Vitis/practicatres_pruebatres/practica_tres_prueba_tres/microblaze_0/standalone_microblaze_0/bsp/system.mss
TRACE::2024-11-27.16:53:08::SCWMssOS::DEBUG:  swdes dump  D:/SE/Vitis/practicatres_pruebatres/practica_tres_prueba_tres/microblaze_0/standalone_microblaze_0/bsp/system.mss|system||

TRACE::2024-11-27.16:53:08::SCWMssOS::Sw design exists and opened at  D:/SE/Vitis/practicatres_pruebatres/practica_tres_prueba_tres/microblaze_0/standalone_microblaze_0/bsp/system.mss
TRACE::2024-11-27.16:53:08::SCWWriter::formatted JSON is {
	"platformName":	"practica_tres_prueba_tres",
	"sprVersion":	"2.0",
	"mode":	"gui",
	"dsaType":	"Fixed",
	"platformDesc":	"practica_tres_prueba_tres",
	"platHandOff":	"D:/SE/Vivado/practica3/practica_tres_prueba_tres.xsa",
	"platIntHandOff":	"<platformDir>/hw/practica_tres_prueba_tres.xsa",
	"deviceType":	"FPGA",
	"platIsPrebuiltAutogen":	"false",
	"platIsNoBootBsp":	"false",
	"hasFsblMakeHasChanges":	"false",
	"hasPmufwMakeHasChanges":	"false",
	"platPreBuiltFlag":	false,
	"platformSamplesDir":	"",
	"platActiveSys":	"practica_tres_prueba_tres",
	"systems":	[{
			"systemName":	"practica_tres_prueba_tres",
			"systemDesc":	"practica_tres_prueba_tres",
			"sysIsBootAutoGen":	"true",
			"systemDispName":	"practica_tres_prueba_tres",
			"sysActiveDom":	"standalone_microblaze_0",
			"sysDefaultDom":	"standalone_microblaze_0",
			"domains":	[{
					"domainName":	"standalone_microblaze_0",
					"domainDispName":	"standalone_microblaze_0",
					"domainDesc":	"standalone_microblaze_0",
					"processors":	"microblaze_0",
					"os":	"standalone",
					"sdxOs":	"standalone",
					"debugEnable":	"False",
					"domRuntimes":	["cpp"],
					"swRepo":	"",
					"mssOsVer":	"8.1",
					"mssFile":	"",
					"md5Digest":	"a7f2529904e3e5e50bc71282f385754d",
					"compatibleApp":	"peripheral_tests",
					"domType":	"mssDomain",
					"arch":	"32-bit",
					"appSettings":	{
						"appCompilerFlags":	"",
						"appLinkerFlags":	""
					},
					"addedLibs":	[],
					"libOptions":	{
						"libsContainingOptions":	[]
					},
					"prebuiltLibs":	{
						"prebuiltIncPath":	[],
						"prebuiltLibPath":	[]
					},
					"isolation":	{
					}
				}]
		}]
}
TRACE::2024-11-27.16:53:08::SCWPlatform::Trying to open the hw design at D:/SE/Vitis/practicatres_pruebatres/practica_tres_prueba_tres/hw/practica_tres_prueba_tres.xsa
TRACE::2024-11-27.16:53:08::SCWPlatform::DSA given D:/SE/Vitis/practicatres_pruebatres/practica_tres_prueba_tres/hw/practica_tres_prueba_tres.xsa
TRACE::2024-11-27.16:53:08::SCWPlatform::DSA absoulate path D:/SE/Vitis/practicatres_pruebatres/practica_tres_prueba_tres/hw/practica_tres_prueba_tres.xsa
TRACE::2024-11-27.16:53:08::SCWPlatform::DSA directory D:/SE/Vitis/practicatres_pruebatres/practica_tres_prueba_tres/hw
TRACE::2024-11-27.16:53:08::SCWPlatform:: Platform Path D:/SE/Vitis/practicatres_pruebatres/practica_tres_prueba_tres/hw/practica_tres_prueba_tres.xsa
TRACE::2024-11-27.16:53:08::SCWPlatform:: Unique name xilinx:basys3::0.0
TRACE::2024-11-27.16:53:08::SCWPlatform::Trying to set the existing hwdb with name design_1_wrapper_0
TRACE::2024-11-27.16:53:08::SCWPlatform::Opened existing hwdb design_1_wrapper_0
TRACE::2024-11-27.16:53:09::SCWPlatform::Found the Hw Db part of the input DSA
TRACE::2024-11-27.16:53:09::SCWMssOS::Checking the sw design at  D:/SE/Vitis/practicatres_pruebatres/practica_tres_prueba_tres/microblaze_0/standalone_microblaze_0/bsp/system.mss
TRACE::2024-11-27.16:53:09::SCWMssOS::DEBUG:  swdes dump  D:/SE/Vitis/practicatres_pruebatres/practica_tres_prueba_tres/microblaze_0/standalone_microblaze_0/bsp/system.mss|system||

TRACE::2024-11-27.16:53:09::SCWMssOS::Sw design exists and opened at  D:/SE/Vitis/practicatres_pruebatres/practica_tres_prueba_tres/microblaze_0/standalone_microblaze_0/bsp/system.mss
TRACE::2024-11-27.16:53:09::SCWPlatform::Trying to open the hw design at D:/SE/Vitis/practicatres_pruebatres/practica_tres_prueba_tres/hw/practica_tres_prueba_tres.xsa
TRACE::2024-11-27.16:53:09::SCWPlatform::DSA given D:/SE/Vitis/practicatres_pruebatres/practica_tres_prueba_tres/hw/practica_tres_prueba_tres.xsa
TRACE::2024-11-27.16:53:09::SCWPlatform::DSA absoulate path D:/SE/Vitis/practicatres_pruebatres/practica_tres_prueba_tres/hw/practica_tres_prueba_tres.xsa
TRACE::2024-11-27.16:53:09::SCWPlatform::DSA directory D:/SE/Vitis/practicatres_pruebatres/practica_tres_prueba_tres/hw
TRACE::2024-11-27.16:53:09::SCWPlatform:: Platform Path D:/SE/Vitis/practicatres_pruebatres/practica_tres_prueba_tres/hw/practica_tres_prueba_tres.xsa
TRACE::2024-11-27.16:53:09::SCWPlatform:: Unique name xilinx:basys3::0.0
TRACE::2024-11-27.16:53:09::SCWPlatform::Trying to set the existing hwdb with name design_1_wrapper_0
TRACE::2024-11-27.16:53:09::SCWPlatform::Opened existing hwdb design_1_wrapper_0
TRACE::2024-11-27.16:53:09::SCWPlatform::Found the Hw Db part of the input DSA
TRACE::2024-11-27.16:53:09::SCWMssOS::Checking the sw design at  D:/SE/Vitis/practicatres_pruebatres/practica_tres_prueba_tres/microblaze_0/standalone_microblaze_0/bsp/system.mss
TRACE::2024-11-27.16:53:09::SCWMssOS::DEBUG:  swdes dump  D:/SE/Vitis/practicatres_pruebatres/practica_tres_prueba_tres/microblaze_0/standalone_microblaze_0/bsp/system.mss|system||

TRACE::2024-11-27.16:53:09::SCWMssOS::Sw design exists and opened at  D:/SE/Vitis/practicatres_pruebatres/practica_tres_prueba_tres/microblaze_0/standalone_microblaze_0/bsp/system.mss
TRACE::2024-11-27.16:53:09::SCWMssOS::Saving the mss changes D:/SE/Vitis/practicatres_pruebatres/practica_tres_prueba_tres/microblaze_0/standalone_microblaze_0/bsp/system.mss
TRACE::2024-11-27.16:53:09::SCWMssOS::Found a swdesign opened with the mssfile.
TRACE::2024-11-27.16:53:09::SCWMssOS::Completed writemss as part of save.
TRACE::2024-11-27.16:53:09::SCWMssOS::Commit changes completed.
TRACE::2024-11-27.16:53:09::SCWPlatform::Trying to open the hw design at D:/SE/Vitis/practicatres_pruebatres/practica_tres_prueba_tres/hw/practica_tres_prueba_tres.xsa
TRACE::2024-11-27.16:53:09::SCWPlatform::DSA given D:/SE/Vitis/practicatres_pruebatres/practica_tres_prueba_tres/hw/practica_tres_prueba_tres.xsa
TRACE::2024-11-27.16:53:09::SCWPlatform::DSA absoulate path D:/SE/Vitis/practicatres_pruebatres/practica_tres_prueba_tres/hw/practica_tres_prueba_tres.xsa
TRACE::2024-11-27.16:53:09::SCWPlatform::DSA directory D:/SE/Vitis/practicatres_pruebatres/practica_tres_prueba_tres/hw
TRACE::2024-11-27.16:53:09::SCWPlatform:: Platform Path D:/SE/Vitis/practicatres_pruebatres/practica_tres_prueba_tres/hw/practica_tres_prueba_tres.xsa
TRACE::2024-11-27.16:53:09::SCWPlatform:: Unique name xilinx:basys3::0.0
TRACE::2024-11-27.16:53:09::SCWPlatform::Trying to set the existing hwdb with name design_1_wrapper_0
TRACE::2024-11-27.16:53:09::SCWPlatform::Opened existing hwdb design_1_wrapper_0
TRACE::2024-11-27.16:53:09::SCWPlatform::Found the Hw Db part of the input DSA
TRACE::2024-11-27.16:53:09::SCWMssOS::Checking the sw design at  D:/SE/Vitis/practicatres_pruebatres/practica_tres_prueba_tres/microblaze_0/standalone_microblaze_0/bsp/system.mss
TRACE::2024-11-27.16:53:09::SCWMssOS::DEBUG:  swdes dump  D:/SE/Vitis/practicatres_pruebatres/practica_tres_prueba_tres/microblaze_0/standalone_microblaze_0/bsp/system.mss|system||

TRACE::2024-11-27.16:53:09::SCWMssOS::Sw design exists and opened at  D:/SE/Vitis/practicatres_pruebatres/practica_tres_prueba_tres/microblaze_0/standalone_microblaze_0/bsp/system.mss
TRACE::2024-11-27.16:53:09::SCWPlatform::Trying to open the hw design at D:/SE/Vitis/practicatres_pruebatres/practica_tres_prueba_tres/hw/practica_tres_prueba_tres.xsa
TRACE::2024-11-27.16:53:09::SCWPlatform::DSA given D:/SE/Vitis/practicatres_pruebatres/practica_tres_prueba_tres/hw/practica_tres_prueba_tres.xsa
TRACE::2024-11-27.16:53:09::SCWPlatform::DSA absoulate path D:/SE/Vitis/practicatres_pruebatres/practica_tres_prueba_tres/hw/practica_tres_prueba_tres.xsa
TRACE::2024-11-27.16:53:09::SCWPlatform::DSA directory D:/SE/Vitis/practicatres_pruebatres/practica_tres_prueba_tres/hw
TRACE::2024-11-27.16:53:09::SCWPlatform:: Platform Path D:/SE/Vitis/practicatres_pruebatres/practica_tres_prueba_tres/hw/practica_tres_prueba_tres.xsa
TRACE::2024-11-27.16:53:09::SCWPlatform:: Unique name xilinx:basys3::0.0
TRACE::2024-11-27.16:53:09::SCWPlatform::Trying to set the existing hwdb with name design_1_wrapper_0
TRACE::2024-11-27.16:53:09::SCWPlatform::Opened existing hwdb design_1_wrapper_0
TRACE::2024-11-27.16:53:09::SCWPlatform::Found the Hw Db part of the input DSA
TRACE::2024-11-27.16:53:09::SCWMssOS::Checking the sw design at  D:/SE/Vitis/practicatres_pruebatres/practica_tres_prueba_tres/microblaze_0/standalone_microblaze_0/bsp/system.mss
TRACE::2024-11-27.16:53:09::SCWMssOS::DEBUG:  swdes dump  D:/SE/Vitis/practicatres_pruebatres/practica_tres_prueba_tres/microblaze_0/standalone_microblaze_0/bsp/system.mss|system||

TRACE::2024-11-27.16:53:09::SCWMssOS::Sw design exists and opened at  D:/SE/Vitis/practicatres_pruebatres/practica_tres_prueba_tres/microblaze_0/standalone_microblaze_0/bsp/system.mss
TRACE::2024-11-27.16:53:09::SCWPlatform::Trying to open the hw design at D:/SE/Vitis/practicatres_pruebatres/practica_tres_prueba_tres/hw/practica_tres_prueba_tres.xsa
TRACE::2024-11-27.16:53:09::SCWPlatform::DSA given D:/SE/Vitis/practicatres_pruebatres/practica_tres_prueba_tres/hw/practica_tres_prueba_tres.xsa
TRACE::2024-11-27.16:53:09::SCWPlatform::DSA absoulate path D:/SE/Vitis/practicatres_pruebatres/practica_tres_prueba_tres/hw/practica_tres_prueba_tres.xsa
TRACE::2024-11-27.16:53:09::SCWPlatform::DSA directory D:/SE/Vitis/practicatres_pruebatres/practica_tres_prueba_tres/hw
TRACE::2024-11-27.16:53:09::SCWPlatform:: Platform Path D:/SE/Vitis/practicatres_pruebatres/practica_tres_prueba_tres/hw/practica_tres_prueba_tres.xsa
TRACE::2024-11-27.16:53:09::SCWPlatform:: Unique name xilinx:basys3::0.0
TRACE::2024-11-27.16:53:09::SCWPlatform::Trying to set the existing hwdb with name design_1_wrapper_0
TRACE::2024-11-27.16:53:09::SCWPlatform::Opened existing hwdb design_1_wrapper_0
TRACE::2024-11-27.16:53:09::SCWPlatform::Found the Hw Db part of the input DSA
TRACE::2024-11-27.16:53:09::SCWMssOS::Checking the sw design at  D:/SE/Vitis/practicatres_pruebatres/practica_tres_prueba_tres/microblaze_0/standalone_microblaze_0/bsp/system.mss
TRACE::2024-11-27.16:53:09::SCWMssOS::DEBUG:  swdes dump  D:/SE/Vitis/practicatres_pruebatres/practica_tres_prueba_tres/microblaze_0/standalone_microblaze_0/bsp/system.mss|system||

TRACE::2024-11-27.16:53:09::SCWMssOS::Sw design exists and opened at  D:/SE/Vitis/practicatres_pruebatres/practica_tres_prueba_tres/microblaze_0/standalone_microblaze_0/bsp/system.mss
TRACE::2024-11-27.16:53:09::SCWWriter::formatted JSON is {
	"platformName":	"practica_tres_prueba_tres",
	"sprVersion":	"2.0",
	"mode":	"gui",
	"dsaType":	"Fixed",
	"platformDesc":	"practica_tres_prueba_tres",
	"platHandOff":	"D:/SE/Vivado/practica3/practica_tres_prueba_tres.xsa",
	"platIntHandOff":	"<platformDir>/hw/practica_tres_prueba_tres.xsa",
	"deviceType":	"FPGA",
	"platIsPrebuiltAutogen":	"false",
	"platIsNoBootBsp":	"false",
	"hasFsblMakeHasChanges":	"false",
	"hasPmufwMakeHasChanges":	"false",
	"platPreBuiltFlag":	false,
	"platformSamplesDir":	"",
	"platActiveSys":	"practica_tres_prueba_tres",
	"systems":	[{
			"systemName":	"practica_tres_prueba_tres",
			"systemDesc":	"practica_tres_prueba_tres",
			"sysIsBootAutoGen":	"true",
			"systemDispName":	"practica_tres_prueba_tres",
			"sysActiveDom":	"standalone_microblaze_0",
			"sysDefaultDom":	"standalone_microblaze_0",
			"domains":	[{
					"domainName":	"standalone_microblaze_0",
					"domainDispName":	"standalone_microblaze_0",
					"domainDesc":	"standalone_microblaze_0",
					"processors":	"microblaze_0",
					"os":	"standalone",
					"sdxOs":	"standalone",
					"debugEnable":	"False",
					"domRuntimes":	["cpp"],
					"swRepo":	"",
					"mssOsVer":	"8.1",
					"mssFile":	"",
					"md5Digest":	"a7f2529904e3e5e50bc71282f385754d",
					"compatibleApp":	"peripheral_tests",
					"domType":	"mssDomain",
					"arch":	"32-bit",
					"appSettings":	{
						"appCompilerFlags":	"",
						"appLinkerFlags":	""
					},
					"addedLibs":	[],
					"libOptions":	{
						"libsContainingOptions":	[]
					},
					"prebuiltLibs":	{
						"prebuiltIncPath":	[],
						"prebuiltLibPath":	[]
					},
					"isolation":	{
					}
				}]
		}]
}
LOG::2024-11-27.16:53:09::SCWPlatform::Started generating the artifacts platform practica_tres_prueba_tres
TRACE::2024-11-27.16:53:09::SCWPlatform::Sanity checking of platform is completed
LOG::2024-11-27.16:53:10::SCWPlatform::Started generating the artifacts for system configuration practica_tres_prueba_tres
LOG::2024-11-27.16:53:10::SCWSystem::Started Processing the domain standalone_microblaze_0
TRACE::2024-11-27.16:53:10::SCWDomain::Generating domain artifcats
TRACE::2024-11-27.16:53:10::SCWMssOS::Generating standalone artifcats
TRACE::2024-11-27.16:53:10::SCWMssOS:: Copying the user libraries. 
TRACE::2024-11-27.16:53:10::SCWPlatform::Trying to open the hw design at D:/SE/Vitis/practicatres_pruebatres/practica_tres_prueba_tres/hw/practica_tres_prueba_tres.xsa
TRACE::2024-11-27.16:53:10::SCWPlatform::DSA given D:/SE/Vitis/practicatres_pruebatres/practica_tres_prueba_tres/hw/practica_tres_prueba_tres.xsa
TRACE::2024-11-27.16:53:10::SCWPlatform::DSA absoulate path D:/SE/Vitis/practicatres_pruebatres/practica_tres_prueba_tres/hw/practica_tres_prueba_tres.xsa
TRACE::2024-11-27.16:53:10::SCWPlatform::DSA directory D:/SE/Vitis/practicatres_pruebatres/practica_tres_prueba_tres/hw
TRACE::2024-11-27.16:53:10::SCWPlatform:: Platform Path D:/SE/Vitis/practicatres_pruebatres/practica_tres_prueba_tres/hw/practica_tres_prueba_tres.xsa
TRACE::2024-11-27.16:53:10::SCWPlatform:: Unique name xilinx:basys3::0.0
TRACE::2024-11-27.16:53:10::SCWPlatform::Trying to set the existing hwdb with name design_1_wrapper_0
TRACE::2024-11-27.16:53:10::SCWPlatform::Opened existing hwdb design_1_wrapper_0
TRACE::2024-11-27.16:53:10::SCWPlatform::Found the Hw Db part of the input DSA
TRACE::2024-11-27.16:53:10::SCWMssOS::Checking the sw design at  D:/SE/Vitis/practicatres_pruebatres/practica_tres_prueba_tres/microblaze_0/standalone_microblaze_0/bsp/system.mss
TRACE::2024-11-27.16:53:10::SCWMssOS::DEBUG:  swdes dump  D:/SE/Vitis/practicatres_pruebatres/practica_tres_prueba_tres/microblaze_0/standalone_microblaze_0/bsp/system.mss|system||

TRACE::2024-11-27.16:53:10::SCWMssOS::Sw design exists and opened at  D:/SE/Vitis/practicatres_pruebatres/practica_tres_prueba_tres/microblaze_0/standalone_microblaze_0/bsp/system.mss
TRACE::2024-11-27.16:53:10::SCWMssOS::Completed writing the mss file at D:/SE/Vitis/practicatres_pruebatres/practica_tres_prueba_tres/microblaze_0/standalone_microblaze_0/bsp
TRACE::2024-11-27.16:53:10::SCWMssOS::Mss edits present, copying mssfile into export location D:/SE/Vitis/practicatres_pruebatres/practica_tres_prueba_tres/microblaze_0/standalone_microblaze_0/bsp/system.mss
TRACE::2024-11-27.16:53:10::SCWMssOS::bsp generated is upto date with the mss file. Skipping bsp generation.
TRACE::2024-11-27.16:53:10::SCWMssOS::BSP is already built. skipping the bsp build ... 
TRACE::2024-11-27.16:53:10::SCWDomain::Building the domain as part of full build :  standalone_microblaze_0
TRACE::2024-11-27.16:53:10::SCWMssOS::skipping the bsp build ... 
TRACE::2024-11-27.16:53:10::SCWMssOS::Copying to export directory.
TRACE::2024-11-27.16:53:10::SCWMssOS:: Checking if to create the Supporting Applications
TRACE::2024-11-27.16:53:10::SCWMssOS:: No Linux domain exists, trying to generate FSBL 
LOG::2024-11-27.16:53:10::SCWSystem::Completed Processing the domain standalone_microblaze_0
LOG::2024-11-27.16:53:10::SCWSystem::Completed Processing the sysconfig practica_tres_prueba_tres
LOG::2024-11-27.16:53:10::SCWPlatform::Completed generating the artifacts for system configuration practica_tres_prueba_tres
TRACE::2024-11-27.16:53:10::SCWPlatform::Started preparing the platform 
TRACE::2024-11-27.16:53:10::SCWSystem::Writing the bif file for system config practica_tres_prueba_tres
TRACE::2024-11-27.16:53:10::SCWSystem::dir created 
TRACE::2024-11-27.16:53:11::SCWSystem::Writing the bif 
TRACE::2024-11-27.16:53:11::SCWPlatform::Started writing the spfm file 
TRACE::2024-11-27.16:53:11::SCWPlatform::Started writing the xpfm file 
TRACE::2024-11-27.16:53:11::SCWPlatform::Completed generating the platform
TRACE::2024-11-27.16:53:11::SCWMssOS::Saving the mss changes D:/SE/Vitis/practicatres_pruebatres/practica_tres_prueba_tres/microblaze_0/standalone_microblaze_0/bsp/system.mss
TRACE::2024-11-27.16:53:11::SCWMssOS::Found a swdesign opened with the mssfile.
TRACE::2024-11-27.16:53:11::SCWMssOS::Completed writemss as part of save.
TRACE::2024-11-27.16:53:11::SCWMssOS::Commit changes completed.
TRACE::2024-11-27.16:53:11::SCWPlatform::Trying to open the hw design at D:/SE/Vitis/practicatres_pruebatres/practica_tres_prueba_tres/hw/practica_tres_prueba_tres.xsa
TRACE::2024-11-27.16:53:11::SCWPlatform::DSA given D:/SE/Vitis/practicatres_pruebatres/practica_tres_prueba_tres/hw/practica_tres_prueba_tres.xsa
TRACE::2024-11-27.16:53:11::SCWPlatform::DSA absoulate path D:/SE/Vitis/practicatres_pruebatres/practica_tres_prueba_tres/hw/practica_tres_prueba_tres.xsa
TRACE::2024-11-27.16:53:11::SCWPlatform::DSA directory D:/SE/Vitis/practicatres_pruebatres/practica_tres_prueba_tres/hw
TRACE::2024-11-27.16:53:11::SCWPlatform:: Platform Path D:/SE/Vitis/practicatres_pruebatres/practica_tres_prueba_tres/hw/practica_tres_prueba_tres.xsa
TRACE::2024-11-27.16:53:11::SCWPlatform:: Unique name xilinx:basys3::0.0
TRACE::2024-11-27.16:53:11::SCWPlatform::Trying to set the existing hwdb with name design_1_wrapper_0
TRACE::2024-11-27.16:53:11::SCWPlatform::Opened existing hwdb design_1_wrapper_0
TRACE::2024-11-27.16:53:11::SCWPlatform::Found the Hw Db part of the input DSA
TRACE::2024-11-27.16:53:11::SCWMssOS::Checking the sw design at  D:/SE/Vitis/practicatres_pruebatres/practica_tres_prueba_tres/microblaze_0/standalone_microblaze_0/bsp/system.mss
TRACE::2024-11-27.16:53:11::SCWMssOS::DEBUG:  swdes dump  D:/SE/Vitis/practicatres_pruebatres/practica_tres_prueba_tres/microblaze_0/standalone_microblaze_0/bsp/system.mss|system||

TRACE::2024-11-27.16:53:11::SCWMssOS::Sw design exists and opened at  D:/SE/Vitis/practicatres_pruebatres/practica_tres_prueba_tres/microblaze_0/standalone_microblaze_0/bsp/system.mss
TRACE::2024-11-27.16:53:11::SCWPlatform::Trying to open the hw design at D:/SE/Vitis/practicatres_pruebatres/practica_tres_prueba_tres/hw/practica_tres_prueba_tres.xsa
TRACE::2024-11-27.16:53:11::SCWPlatform::DSA given D:/SE/Vitis/practicatres_pruebatres/practica_tres_prueba_tres/hw/practica_tres_prueba_tres.xsa
TRACE::2024-11-27.16:53:11::SCWPlatform::DSA absoulate path D:/SE/Vitis/practicatres_pruebatres/practica_tres_prueba_tres/hw/practica_tres_prueba_tres.xsa
TRACE::2024-11-27.16:53:11::SCWPlatform::DSA directory D:/SE/Vitis/practicatres_pruebatres/practica_tres_prueba_tres/hw
TRACE::2024-11-27.16:53:11::SCWPlatform:: Platform Path D:/SE/Vitis/practicatres_pruebatres/practica_tres_prueba_tres/hw/practica_tres_prueba_tres.xsa
TRACE::2024-11-27.16:53:11::SCWPlatform:: Unique name xilinx:basys3::0.0
TRACE::2024-11-27.16:53:11::SCWPlatform::Trying to set the existing hwdb with name design_1_wrapper_0
TRACE::2024-11-27.16:53:11::SCWPlatform::Opened existing hwdb design_1_wrapper_0
TRACE::2024-11-27.16:53:11::SCWPlatform::Found the Hw Db part of the input DSA
TRACE::2024-11-27.16:53:11::SCWMssOS::Checking the sw design at  D:/SE/Vitis/practicatres_pruebatres/practica_tres_prueba_tres/microblaze_0/standalone_microblaze_0/bsp/system.mss
TRACE::2024-11-27.16:53:11::SCWMssOS::DEBUG:  swdes dump  D:/SE/Vitis/practicatres_pruebatres/practica_tres_prueba_tres/microblaze_0/standalone_microblaze_0/bsp/system.mss|system||

TRACE::2024-11-27.16:53:11::SCWMssOS::Sw design exists and opened at  D:/SE/Vitis/practicatres_pruebatres/practica_tres_prueba_tres/microblaze_0/standalone_microblaze_0/bsp/system.mss
TRACE::2024-11-27.16:53:11::SCWPlatform::Trying to open the hw design at D:/SE/Vitis/practicatres_pruebatres/practica_tres_prueba_tres/hw/practica_tres_prueba_tres.xsa
TRACE::2024-11-27.16:53:11::SCWPlatform::DSA given D:/SE/Vitis/practicatres_pruebatres/practica_tres_prueba_tres/hw/practica_tres_prueba_tres.xsa
TRACE::2024-11-27.16:53:11::SCWPlatform::DSA absoulate path D:/SE/Vitis/practicatres_pruebatres/practica_tres_prueba_tres/hw/practica_tres_prueba_tres.xsa
TRACE::2024-11-27.16:53:11::SCWPlatform::DSA directory D:/SE/Vitis/practicatres_pruebatres/practica_tres_prueba_tres/hw
TRACE::2024-11-27.16:53:11::SCWPlatform:: Platform Path D:/SE/Vitis/practicatres_pruebatres/practica_tres_prueba_tres/hw/practica_tres_prueba_tres.xsa
TRACE::2024-11-27.16:53:11::SCWPlatform:: Unique name xilinx:basys3::0.0
TRACE::2024-11-27.16:53:11::SCWPlatform::Trying to set the existing hwdb with name design_1_wrapper_0
TRACE::2024-11-27.16:53:11::SCWPlatform::Opened existing hwdb design_1_wrapper_0
TRACE::2024-11-27.16:53:11::SCWPlatform::Found the Hw Db part of the input DSA
TRACE::2024-11-27.16:53:11::SCWMssOS::Checking the sw design at  D:/SE/Vitis/practicatres_pruebatres/practica_tres_prueba_tres/microblaze_0/standalone_microblaze_0/bsp/system.mss
TRACE::2024-11-27.16:53:11::SCWMssOS::DEBUG:  swdes dump  D:/SE/Vitis/practicatres_pruebatres/practica_tres_prueba_tres/microblaze_0/standalone_microblaze_0/bsp/system.mss|system||

TRACE::2024-11-27.16:53:11::SCWMssOS::Sw design exists and opened at  D:/SE/Vitis/practicatres_pruebatres/practica_tres_prueba_tres/microblaze_0/standalone_microblaze_0/bsp/system.mss
TRACE::2024-11-27.16:53:11::SCWWriter::formatted JSON is {
	"platformName":	"practica_tres_prueba_tres",
	"sprVersion":	"2.0",
	"mode":	"gui",
	"dsaType":	"Fixed",
	"platformDesc":	"practica_tres_prueba_tres",
	"platHandOff":	"D:/SE/Vivado/practica3/practica_tres_prueba_tres.xsa",
	"platIntHandOff":	"<platformDir>/hw/practica_tres_prueba_tres.xsa",
	"deviceType":	"FPGA",
	"platIsPrebuiltAutogen":	"false",
	"platIsNoBootBsp":	"false",
	"hasFsblMakeHasChanges":	"false",
	"hasPmufwMakeHasChanges":	"false",
	"platPreBuiltFlag":	false,
	"platformSamplesDir":	"",
	"platActiveSys":	"practica_tres_prueba_tres",
	"systems":	[{
			"systemName":	"practica_tres_prueba_tres",
			"systemDesc":	"practica_tres_prueba_tres",
			"sysIsBootAutoGen":	"true",
			"systemDispName":	"practica_tres_prueba_tres",
			"sysActiveDom":	"standalone_microblaze_0",
			"sysDefaultDom":	"standalone_microblaze_0",
			"domains":	[{
					"domainName":	"standalone_microblaze_0",
					"domainDispName":	"standalone_microblaze_0",
					"domainDesc":	"standalone_microblaze_0",
					"processors":	"microblaze_0",
					"os":	"standalone",
					"sdxOs":	"standalone",
					"debugEnable":	"False",
					"domRuntimes":	["cpp"],
					"swRepo":	"",
					"mssOsVer":	"8.1",
					"mssFile":	"",
					"md5Digest":	"a7f2529904e3e5e50bc71282f385754d",
					"compatibleApp":	"peripheral_tests",
					"domType":	"mssDomain",
					"arch":	"32-bit",
					"appSettings":	{
						"appCompilerFlags":	"",
						"appLinkerFlags":	""
					},
					"addedLibs":	[],
					"libOptions":	{
						"libsContainingOptions":	[]
					},
					"prebuiltLibs":	{
						"prebuiltIncPath":	[],
						"prebuiltLibPath":	[]
					},
					"isolation":	{
					}
				}]
		}]
}
KEYINFO::2024-11-27.16:53:11::SCWPlatform::updated the xpfm file.
LOG::2024-11-27.16:56:01::SCWPlatform::Started generating the artifacts platform practica_tres_prueba_tres
TRACE::2024-11-27.16:56:01::SCWPlatform::Sanity checking of platform is completed
LOG::2024-11-27.16:56:02::SCWPlatform::Started generating the artifacts for system configuration practica_tres_prueba_tres
LOG::2024-11-27.16:56:02::SCWSystem::Checking the domain standalone_microblaze_0
LOG::2024-11-27.16:56:02::SCWSystem::Not a boot domain 
LOG::2024-11-27.16:56:02::SCWSystem::Started Processing the domain standalone_microblaze_0
TRACE::2024-11-27.16:56:02::SCWDomain::Generating domain artifcats
TRACE::2024-11-27.16:56:02::SCWMssOS::Generating standalone artifcats
TRACE::2024-11-27.16:56:02::SCWMssOS:: Copying the user libraries. 
TRACE::2024-11-27.16:56:02::SCWPlatform::Trying to open the hw design at D:/SE/Vitis/practicatres_pruebatres/practica_tres_prueba_tres/hw/practica_tres_prueba_tres.xsa
TRACE::2024-11-27.16:56:02::SCWPlatform::DSA given D:/SE/Vitis/practicatres_pruebatres/practica_tres_prueba_tres/hw/practica_tres_prueba_tres.xsa
TRACE::2024-11-27.16:56:02::SCWPlatform::DSA absoulate path D:/SE/Vitis/practicatres_pruebatres/practica_tres_prueba_tres/hw/practica_tres_prueba_tres.xsa
TRACE::2024-11-27.16:56:02::SCWPlatform::DSA directory D:/SE/Vitis/practicatres_pruebatres/practica_tres_prueba_tres/hw
TRACE::2024-11-27.16:56:02::SCWPlatform:: Platform Path D:/SE/Vitis/practicatres_pruebatres/practica_tres_prueba_tres/hw/practica_tres_prueba_tres.xsa
TRACE::2024-11-27.16:56:02::SCWPlatform:: Unique name xilinx:basys3::0.0
TRACE::2024-11-27.16:56:02::SCWPlatform::Trying to set the existing hwdb with name design_1_wrapper_0
TRACE::2024-11-27.16:56:02::SCWPlatform::Opened existing hwdb design_1_wrapper_0
TRACE::2024-11-27.16:56:02::SCWPlatform::Found the Hw Db part of the input DSA
TRACE::2024-11-27.16:56:02::SCWMssOS::Checking the sw design at  D:/SE/Vitis/practicatres_pruebatres/practica_tres_prueba_tres/microblaze_0/standalone_microblaze_0/bsp/system.mss
TRACE::2024-11-27.16:56:02::SCWMssOS::DEBUG:  swdes dump  D:/SE/Vitis/practicatres_pruebatres/practica_tres_prueba_tres/microblaze_0/standalone_microblaze_0/bsp/system.mss|system||

TRACE::2024-11-27.16:56:02::SCWMssOS::Sw design exists and opened at  D:/SE/Vitis/practicatres_pruebatres/practica_tres_prueba_tres/microblaze_0/standalone_microblaze_0/bsp/system.mss
TRACE::2024-11-27.16:56:02::SCWMssOS::Completed writing the mss file at D:/SE/Vitis/practicatres_pruebatres/practica_tres_prueba_tres/microblaze_0/standalone_microblaze_0/bsp
TRACE::2024-11-27.16:56:02::SCWMssOS::Mss edits present, copying mssfile into export location D:/SE/Vitis/practicatres_pruebatres/practica_tres_prueba_tres/microblaze_0/standalone_microblaze_0/bsp/system.mss
TRACE::2024-11-27.16:56:02::SCWMssOS::bsp generated is upto date with the mss file. Skipping bsp generation.
TRACE::2024-11-27.16:56:02::SCWMssOS::BSP is already built. skipping the bsp build ... 
TRACE::2024-11-27.16:56:02::SCWDomain::Building the domain as part of full build :  standalone_microblaze_0
TRACE::2024-11-27.16:56:02::SCWMssOS::doing bsp build ... 
TRACE::2024-11-27.16:56:02::SCWMssOS::System Command Ran  D: & cd  D:/SE/Vitis/practicatres_pruebatres/practica_tres_prueba_tres/microblaze_0/standalone_microblaze_0/bsp & make 
TRACE::2024-11-27.16:56:03::SCWMssOS::make --no-print-directory seq_libs

TRACE::2024-11-27.16:56:03::SCWMssOS::"Running Make include in microblaze_0/libsrc/cpu_v2_17/src"

TRACE::2024-11-27.16:56:03::SCWMssOS::make -C microblaze_0/libsrc/cpu_v2_17/src -s include  "SHELL=CMD" "COMPILER=mb-gcc" "ASSEMBLER=mb-as" "ARCHIVER=mb-ar" "COMPILE
TRACE::2024-11-27.16:56:03::SCWMssOS::R_FLAGS=  -O2 -c -mcpu=v11.0 -mlittle-endian -mxl-soft-mul" "EXTRA_COMPILER_FLAGS=-g -ffunction-sections -fdata-sections -Wall 
TRACE::2024-11-27.16:56:03::SCWMssOS::-Wextra -fno-tree-loop-distribute-patterns"

TRACE::2024-11-27.16:56:03::SCWMssOS::"Running Make include in microblaze_0/libsrc/standalone_v8_1/src"

TRACE::2024-11-27.16:56:03::SCWMssOS::make -C microblaze_0/libsrc/standalone_v8_1/src -s include  "SHELL=CMD" "COMPILER=mb-gcc" "ASSEMBLER=mb-as" "ARCHIVER=mb-ar" "C
TRACE::2024-11-27.16:56:03::SCWMssOS::OMPILER_FLAGS=  -O2 -c -mcpu=v11.0 -mlittle-endian -mxl-soft-mul" "EXTRA_COMPILER_FLAGS=-g -ffunction-sections -fdata-sections 
TRACE::2024-11-27.16:56:03::SCWMssOS::-Wall -Wextra -fno-tree-loop-distribute-patterns"

TRACE::2024-11-27.16:56:05::SCWMssOS::"Running Make include in microblaze_0/libsrc/bram_v4_8/src"

TRACE::2024-11-27.16:56:05::SCWMssOS::make -C microblaze_0/libsrc/bram_v4_8/src -s include  "SHELL=CMD" "COMPILER=mb-gcc" "ASSEMBLER=mb-as" "ARCHIVER=mb-ar" "COMPILE
TRACE::2024-11-27.16:56:05::SCWMssOS::R_FLAGS=  -O2 -c -mcpu=v11.0 -mlittle-endian -mxl-soft-mul" "EXTRA_COMPILER_FLAGS=-g -ffunction-sections -fdata-sections -Wall 
TRACE::2024-11-27.16:56:05::SCWMssOS::-Wextra -fno-tree-loop-distribute-patterns"

TRACE::2024-11-27.16:56:05::SCWMssOS::"Running Make include in microblaze_0/libsrc/gpio_v4_9/src"

TRACE::2024-11-27.16:56:05::SCWMssOS::make -C microblaze_0/libsrc/gpio_v4_9/src -s include  "SHELL=CMD" "COMPILER=mb-gcc" "ASSEMBLER=mb-as" "ARCHIVER=mb-ar" "COMPILE
TRACE::2024-11-27.16:56:05::SCWMssOS::R_FLAGS=  -O2 -c -mcpu=v11.0 -mlittle-endian -mxl-soft-mul" "EXTRA_COMPILER_FLAGS=-g -ffunction-sections -fdata-sections -Wall 
TRACE::2024-11-27.16:56:05::SCWMssOS::-Wextra -fno-tree-loop-distribute-patterns"

TRACE::2024-11-27.16:56:05::SCWMssOS::"Running Make include in microblaze_0/libsrc/rgb_leds_v1_0/src"

TRACE::2024-11-27.16:56:05::SCWMssOS::make -C microblaze_0/libsrc/rgb_leds_v1_0/src -s include  "SHELL=CMD" "COMPILER=mb-gcc" "ASSEMBLER=mb-as" "ARCHIVER=mb-ar" "COM
TRACE::2024-11-27.16:56:05::SCWMssOS::PILER_FLAGS=  -O2 -c -mcpu=v11.0 -mlittle-endian -mxl-soft-mul" "EXTRA_COMPILER_FLAGS=-g -ffunction-sections -fdata-sections -W
TRACE::2024-11-27.16:56:05::SCWMssOS::all -Wextra -fno-tree-loop-distribute-patterns"

TRACE::2024-11-27.16:56:05::SCWMssOS::"Running Make include in microblaze_0/libsrc/teclado_v1_0/src"

TRACE::2024-11-27.16:56:05::SCWMssOS::make -C microblaze_0/libsrc/teclado_v1_0/src -s include  "SHELL=CMD" "COMPILER=mb-gcc" "ASSEMBLER=mb-as" "ARCHIVER=mb-ar" "COMP
TRACE::2024-11-27.16:56:05::SCWMssOS::ILER_FLAGS=  -O2 -c -mcpu=v11.0 -mlittle-endian -mxl-soft-mul" "EXTRA_COMPILER_FLAGS=-g -ffunction-sections -fdata-sections -Wa
TRACE::2024-11-27.16:56:05::SCWMssOS::ll -Wextra -fno-tree-loop-distribute-patterns"

TRACE::2024-11-27.16:56:05::SCWMssOS::"Running Make include in microblaze_0/libsrc/uartlite_v3_8/src"

TRACE::2024-11-27.16:56:05::SCWMssOS::make -C microblaze_0/libsrc/uartlite_v3_8/src -s include  "SHELL=CMD" "COMPILER=mb-gcc" "ASSEMBLER=mb-as" "ARCHIVER=mb-ar" "COM
TRACE::2024-11-27.16:56:05::SCWMssOS::PILER_FLAGS=  -O2 -c -mcpu=v11.0 -mlittle-endian -mxl-soft-mul" "EXTRA_COMPILER_FLAGS=-g -ffunction-sections -fdata-sections -W
TRACE::2024-11-27.16:56:05::SCWMssOS::all -Wextra -fno-tree-loop-distribute-patterns"

TRACE::2024-11-27.16:56:05::SCWMssOS::"Running Make libs in microblaze_0/libsrc/rgb_leds_v1_0/src"

TRACE::2024-11-27.16:56:05::SCWMssOS::make -C microblaze_0/libsrc/rgb_leds_v1_0/src -s libs  "SHELL=CMD" "COMPILER=mb-gcc" "ASSEMBLER=mb-as" "ARCHIVER=mb-ar" "COMPIL
TRACE::2024-11-27.16:56:05::SCWMssOS::ER_FLAGS=  -O2 -c -mcpu=v11.0 -mlittle-endian -mxl-soft-mul" "EXTRA_COMPILER_FLAGS=-g -ffunction-sections -fdata-sections -Wall
TRACE::2024-11-27.16:56:05::SCWMssOS:: -Wextra -fno-tree-loop-distribute-patterns"

TRACE::2024-11-27.16:56:05::SCWMssOS::"Compiling rgb_leds..."

TRACE::2024-11-27.16:56:06::SCWMssOS::"Running Make libs in microblaze_0/libsrc/teclado_v1_0/src"

TRACE::2024-11-27.16:56:06::SCWMssOS::make -C microblaze_0/libsrc/teclado_v1_0/src -s libs  "SHELL=CMD" "COMPILER=mb-gcc" "ASSEMBLER=mb-as" "ARCHIVER=mb-ar" "COMPILE
TRACE::2024-11-27.16:56:06::SCWMssOS::R_FLAGS=  -O2 -c -mcpu=v11.0 -mlittle-endian -mxl-soft-mul" "EXTRA_COMPILER_FLAGS=-g -ffunction-sections -fdata-sections -Wall 
TRACE::2024-11-27.16:56:06::SCWMssOS::-Wextra -fno-tree-loop-distribute-patterns"

TRACE::2024-11-27.16:56:06::SCWMssOS::"Compiling teclado..."

TRACE::2024-11-27.16:56:06::SCWMssOS::'Finished building libraries sequentially.'

TRACE::2024-11-27.16:56:06::SCWMssOS::make -j 6 --no-print-directory par_libs

TRACE::2024-11-27.16:56:07::SCWMssOS::"Running Make include in microblaze_0/libsrc/cpu_v2_17/src"

TRACE::2024-11-27.16:56:07::SCWMssOS::make -C microblaze_0/libsrc/cpu_v2_17/src -s include  "SHELL=CMD" "COMPILER=mb-gcc" "ASSEMBLER=mb-as" "ARCHIVER=mb-ar" "COMPILE
TRACE::2024-11-27.16:56:07::SCWMssOS::R_FLAGS=  -O2 -c -mcpu=v11.0 -mlittle-endian -mxl-soft-mul" "EXTRA_COMPILER_FLAGS=-g -ffunction-sections -fdata-sections -Wall 
TRACE::2024-11-27.16:56:07::SCWMssOS::-Wextra -fno-tree-loop-distribute-patterns"

TRACE::2024-11-27.16:56:07::SCWMssOS::"Running Make include in microblaze_0/libsrc/standalone_v8_1/src"

TRACE::2024-11-27.16:56:07::SCWMssOS::make -C microblaze_0/libsrc/standalone_v8_1/src -s include  "SHELL=CMD" "COMPILER=mb-gcc" "ASSEMBLER=mb-as" "ARCHIVER=mb-ar" "C
TRACE::2024-11-27.16:56:07::SCWMssOS::OMPILER_FLAGS=  -O2 -c -mcpu=v11.0 -mlittle-endian -mxl-soft-mul" "EXTRA_COMPILER_FLAGS=-g -ffunction-sections -fdata-sections 
TRACE::2024-11-27.16:56:07::SCWMssOS::-Wall -Wextra -fno-tree-loop-distribute-patterns"

TRACE::2024-11-27.16:56:07::SCWMssOS::"Running Make include in microblaze_0/libsrc/bram_v4_8/src"

TRACE::2024-11-27.16:56:07::SCWMssOS::make -C microblaze_0/libsrc/bram_v4_8/src -s include  "SHELL=CMD" "COMPILER=mb-gcc" "ASSEMBLER=mb-as" "ARCHIVER=mb-ar" "COMPILE
TRACE::2024-11-27.16:56:07::SCWMssOS::R_FLAGS=  -O2 -c -mcpu=v11.0 -mlittle-endian -mxl-soft-mul" "EXTRA_COMPILER_FLAGS=-g -ffunction-sections -fdata-sections -Wall 
TRACE::2024-11-27.16:56:07::SCWMssOS::-Wextra -fno-tree-loop-distribute-patterns"

TRACE::2024-11-27.16:56:07::SCWMssOS::"Running Make include in microblaze_0/libsrc/gpio_v4_9/src"

TRACE::2024-11-27.16:56:07::SCWMssOS::make -C microblaze_0/libsrc/gpio_v4_9/src -s include  "SHELL=CMD" "COMPILER=mb-gcc" "ASSEMBLER=mb-as" "ARCHIVER=mb-ar" "COMPILE
TRACE::2024-11-27.16:56:07::SCWMssOS::R_FLAGS=  -O2 -c -mcpu=v11.0 -mlittle-endian -mxl-soft-mul" "EXTRA_COMPILER_FLAGS=-g -ffunction-sections -fdata-sections -Wall 
TRACE::2024-11-27.16:56:07::SCWMssOS::-Wextra -fno-tree-loop-distribute-patterns"

TRACE::2024-11-27.16:56:07::SCWMssOS::"Running Make include in microblaze_0/libsrc/rgb_leds_v1_0/src"

TRACE::2024-11-27.16:56:07::SCWMssOS::make -C microblaze_0/libsrc/rgb_leds_v1_0/src -s include  "SHELL=CMD" "COMPILER=mb-gcc" "ASSEMBLER=mb-as" "ARCHIVER=mb-ar" "COM
TRACE::2024-11-27.16:56:07::SCWMssOS::PILER_FLAGS=  -O2 -c -mcpu=v11.0 -mlittle-endian -mxl-soft-mul" "EXTRA_COMPILER_FLAGS=-g -ffunction-sections -fdata-sections -W
TRACE::2024-11-27.16:56:07::SCWMssOS::all -Wextra -fno-tree-loop-distribute-patterns"

TRACE::2024-11-27.16:56:07::SCWMssOS::"Running Make include in microblaze_0/libsrc/teclado_v1_0/src"

TRACE::2024-11-27.16:56:07::SCWMssOS::make -C microblaze_0/libsrc/teclado_v1_0/src -s include  "SHELL=CMD" "COMPILER=mb-gcc" "ASSEMBLER=mb-as" "ARCHIVER=mb-ar" "COMP
TRACE::2024-11-27.16:56:07::SCWMssOS::ILER_FLAGS=  -O2 -c -mcpu=v11.0 -mlittle-endian -mxl-soft-mul" "EXTRA_COMPILER_FLAGS=-g -ffunction-sections -fdata-sections -Wa
TRACE::2024-11-27.16:56:07::SCWMssOS::ll -Wextra -fno-tree-loop-distribute-patterns"

TRACE::2024-11-27.16:56:07::SCWMssOS::"Running Make include in microblaze_0/libsrc/uartlite_v3_8/src"

TRACE::2024-11-27.16:56:07::SCWMssOS::make -C microblaze_0/libsrc/uartlite_v3_8/src -s include  "SHELL=CMD" "COMPILER=mb-gcc" "ASSEMBLER=mb-as" "ARCHIVER=mb-ar" "COM
TRACE::2024-11-27.16:56:07::SCWMssOS::PILER_FLAGS=  -O2 -c -mcpu=v11.0 -mlittle-endian -mxl-soft-mul" "EXTRA_COMPILER_FLAGS=-g -ffunction-sections -fdata-sections -W
TRACE::2024-11-27.16:56:07::SCWMssOS::all -Wextra -fno-tree-loop-distribute-patterns"

TRACE::2024-11-27.16:56:07::SCWMssOS::"Running Make libs in microblaze_0/libsrc/cpu_v2_17/src"

TRACE::2024-11-27.16:56:07::SCWMssOS::make -C microblaze_0/libsrc/cpu_v2_17/src -s libs  "SHELL=CMD" "COMPILER=mb-gcc" "ASSEMBLER=mb-as" "ARCHIVER=mb-ar" "COMPILER_F
TRACE::2024-11-27.16:56:07::SCWMssOS::LAGS=  -O2 -c -mcpu=v11.0 -mlittle-endian -mxl-soft-mul" "EXTRA_COMPILER_FLAGS=-g -ffunction-sections -fdata-sections -Wall -We
TRACE::2024-11-27.16:56:07::SCWMssOS::xtra -fno-tree-loop-distribute-patterns"

TRACE::2024-11-27.16:56:07::SCWMssOS::"Running Make libs in microblaze_0/libsrc/standalone_v8_1/src"

TRACE::2024-11-27.16:56:07::SCWMssOS::make -C microblaze_0/libsrc/standalone_v8_1/src -s libs  "SHELL=CMD" "COMPILER=mb-gcc" "ASSEMBLER=mb-as" "ARCHIVER=mb-ar" "COMP
TRACE::2024-11-27.16:56:07::SCWMssOS::ILER_FLAGS=  -O2 -c -mcpu=v11.0 -mlittle-endian -mxl-soft-mul" "EXTRA_COMPILER_FLAGS=-g -ffunction-sections -fdata-sections -Wa
TRACE::2024-11-27.16:56:07::SCWMssOS::ll -Wextra -fno-tree-loop-distribute-patterns"

TRACE::2024-11-27.16:56:07::SCWMssOS::"Running Make libs in microblaze_0/libsrc/bram_v4_8/src"

TRACE::2024-11-27.16:56:07::SCWMssOS::make -C microblaze_0/libsrc/bram_v4_8/src -s libs  "SHELL=CMD" "COMPILER=mb-gcc" "ASSEMBLER=mb-as" "ARCHIVER=mb-ar" "COMPILER_F
TRACE::2024-11-27.16:56:07::SCWMssOS::LAGS=  -O2 -c -mcpu=v11.0 -mlittle-endian -mxl-soft-mul" "EXTRA_COMPILER_FLAGS=-g -ffunction-sections -fdata-sections -Wall -We
TRACE::2024-11-27.16:56:08::SCWMssOS::xtra -fno-tree-loop-distribute-patterns"

TRACE::2024-11-27.16:56:08::SCWMssOS::"Running Make libs in microblaze_0/libsrc/gpio_v4_9/src"

TRACE::2024-11-27.16:56:08::SCWMssOS::make -C microblaze_0/libsrc/gpio_v4_9/src -s libs  "SHELL=CMD" "COMPILER=mb-gcc" "ASSEMBLER=mb-as" "ARCHIVER=mb-ar" "COMPILER_F
TRACE::2024-11-27.16:56:08::SCWMssOS::LAGS=  -O2 -c -mcpu=v11.0 -mlittle-endian -mxl-soft-mul" "EXTRA_COMPILER_FLAGS=-g -ffunction-sections -fdata-sections -Wall -We
TRACE::2024-11-27.16:56:08::SCWMssOS::xtra -fno-tree-loop-distribute-patterns"

TRACE::2024-11-27.16:56:08::SCWMssOS::"Running Make libs in microblaze_0/libsrc/uartlite_v3_8/src"

TRACE::2024-11-27.16:56:08::SCWMssOS::make -C microblaze_0/libsrc/uartlite_v3_8/src -s libs  "SHELL=CMD" "COMPILER=mb-gcc" "ASSEMBLER=mb-as" "ARCHIVER=mb-ar" "COMPIL
TRACE::2024-11-27.16:56:08::SCWMssOS::ER_FLAGS=  -O2 -c -mcpu=v11.0 -mlittle-endian -mxl-soft-mul" "EXTRA_COMPILER_FLAGS=-g -ffunction-sections -fdata-sections -Wall
TRACE::2024-11-27.16:56:08::SCWMssOS:: -Wextra -fno-tree-loop-distribute-patterns"

TRACE::2024-11-27.16:56:10::SCWMssOS::"DEBUG NON_LTO_OBJECTS is ../../../lib/microblaze_interrupt_handler.o"

TRACE::2024-11-27.16:56:11::SCWMssOS::'Finished building libraries parallelly.'

TRACE::2024-11-27.16:56:11::SCWMssOS::make --no-print-directory archive

TRACE::2024-11-27.16:56:11::SCWMssOS::mb-ar -r  microblaze_0/lib/libxil.a microblaze_0/lib/_exit.o microblaze_0/lib/errno.o microblaze_0/lib/fcntl.o microblaze_0/lib
TRACE::2024-11-27.16:56:11::SCWMssOS::/hw_exception_handler.o microblaze_0/lib/inbyte.o microblaze_0/lib/microblaze_disable_dcache.o microblaze_0/lib/microblaze_disa
TRACE::2024-11-27.16:56:11::SCWMssOS::ble_exceptions.o microblaze_0/lib/microblaze_disable_icache.o microblaze_0/lib/microblaze_disable_interrupts.o microblaze_0/lib
TRACE::2024-11-27.16:56:11::SCWMssOS::/microblaze_enable_dcache.o microblaze_0/lib/microblaze_enable_exceptions.o microblaze_0/lib/microblaze_enable_icache.o microbl
TRACE::2024-11-27.16:56:11::SCWMssOS::aze_0/lib/microblaze_enable_interrupts.o microblaze_0/lib/microblaze_exception_handler.o microblaze_0/lib/microblaze_flush_cach
TRACE::2024-11-27.16:56:11::SCWMssOS::e_ext.o microblaze_0/lib/microblaze_flush_cache_ext_range.o microblaze_0/lib/microblaze_flush_dcache.o microblaze_0/lib/microbl
TRACE::2024-11-27.16:56:11::SCWMssOS::aze_flush_dcache_range.o microblaze_0/lib/microblaze_init_dcache_range.o microblaze_0/lib/microblaze_init_icache_range.o microb
TRACE::2024-11-27.16:56:11::SCWMssOS::laze_0/lib/microblaze_interrupt_handler.o microblaze_0/lib/microblaze_interrupts_g.o microblaze_0/lib/microblaze_invalidate_cac
TRACE::2024-11-27.16:56:11::SCWMssOS::he_ext.o microblaze_0/lib/microblaze_invalidate_cache_ext_range.o microblaze_0/lib/microblaze_invalidate_dcache.o microblaze_0/
TRACE::2024-11-27.16:56:11::SCWMssOS::lib/microblaze_invalidate_dcache_range.o microblaze_0/lib/microblaze_invalidate_icache.o microblaze_0/lib/microblaze_invalidate
TRACE::2024-11-27.16:56:11::SCWMssOS::_icache_range.o microblaze_0/lib/microblaze_scrub.o microblaze_0/lib/microblaze_selftest.o microblaze_0/lib/microblaze_sleep.o 
TRACE::2024-11-27.16:56:11::SCWMssOS::microblaze_0/lib/microblaze_update_dcache.o microblaze_0/lib/microblaze_update_icache.o microblaze_0/lib/outbyte.o microblaze_0
TRACE::2024-11-27.16:56:11::SCWMssOS::/lib/print.o microblaze_0/lib/pvr.o microblaze_0/lib/xbram.o microblaze_0/lib/xbram_g.o microblaze_0/lib/xbram_intr.o microblaz
TRACE::2024-11-27.16:56:11::SCWMssOS::e_0/lib/xbram_selftest.o microblaze_0/lib/xbram_sinit.o microblaze_0/lib/xgpio.o microblaze_0/lib/xgpio_extra.o microblaze_0/li
TRACE::2024-11-27.16:56:11::SCWMssOS::b/xgpio_g.o microblaze_0/lib/xgpio_intr.o microblaze_0/lib/xgpio_selftest.o microblaze_0/lib/xgpio_sinit.o microblaze_0/lib/xil
TRACE::2024-11-27.16:56:11::SCWMssOS::_assert.o microblaze_0/lib/xil_cache.o microblaze_0/lib/xil_clocking.o microblaze_0/lib/xil_exception.o microblaze_0/lib/xil_me
TRACE::2024-11-27.16:56:11::SCWMssOS::m.o microblaze_0/lib/xil_misc_psreset_api.o microblaze_0/lib/xil_printf.o microblaze_0/lib/xil_sleepcommon.o microblaze_0/lib/x
TRACE::2024-11-27.16:56:11::SCWMssOS::il_testcache.o microblaze_0/lib/xil_testio.o microblaze_0/lib/xil_testmem.o microblaze_0/lib/xil_util.o microblaze_0/lib/xinter
TRACE::2024-11-27.16:56:11::SCWMssOS::rupt_wrap.o microblaze_0/lib/xio.o microblaze_0/lib/xplatform_info.o microblaze_0/lib/xuartlite.o microblaze_0/lib/xuartlite_g.
TRACE::2024-11-27.16:56:11::SCWMssOS::o microblaze_0/lib/xuartlite_intr.o microblaze_0/lib/xuartlite_l.o microblaze_0/lib/xuartlite_selftest.o microblaze_0/lib/xuart
TRACE::2024-11-27.16:56:11::SCWMssOS::lite_sinit.o microblaze_0/lib/xuartlite_stats.o

TRACE::2024-11-27.16:56:11::SCWMssOS::'Finished building libraries'

TRACE::2024-11-27.16:56:18::SCWMssOS::Copying to export directory.
TRACE::2024-11-27.16:56:24::SCWMssOS:: Checking if to create the Supporting Applications
TRACE::2024-11-27.16:56:24::SCWMssOS:: No Linux domain exists, trying to generate FSBL 
LOG::2024-11-27.16:56:24::SCWSystem::Completed Processing the domain standalone_microblaze_0
LOG::2024-11-27.16:56:24::SCWSystem::Completed Processing the sysconfig practica_tres_prueba_tres
LOG::2024-11-27.16:56:24::SCWPlatform::Completed generating the artifacts for system configuration practica_tres_prueba_tres
TRACE::2024-11-27.16:56:24::SCWPlatform::Started preparing the platform 
TRACE::2024-11-27.16:56:24::SCWSystem::Writing the bif file for system config practica_tres_prueba_tres
TRACE::2024-11-27.16:56:24::SCWSystem::dir created 
TRACE::2024-11-27.16:56:24::SCWSystem::Writing the bif 
TRACE::2024-11-27.16:56:24::SCWPlatform::Started writing the spfm file 
TRACE::2024-11-27.16:56:24::SCWPlatform::Started writing the xpfm file 
TRACE::2024-11-27.16:56:24::SCWPlatform::Completed generating the platform
TRACE::2024-11-27.16:56:24::SCWMssOS::Saving the mss changes D:/SE/Vitis/practicatres_pruebatres/practica_tres_prueba_tres/microblaze_0/standalone_microblaze_0/bsp/system.mss
TRACE::2024-11-27.16:56:24::SCWMssOS::Found a swdesign opened with the mssfile.
TRACE::2024-11-27.16:56:24::SCWMssOS::Completed writemss as part of save.
TRACE::2024-11-27.16:56:25::SCWMssOS::Commit changes completed.
TRACE::2024-11-27.16:56:25::SCWPlatform::Trying to open the hw design at D:/SE/Vitis/practicatres_pruebatres/practica_tres_prueba_tres/hw/practica_tres_prueba_tres.xsa
TRACE::2024-11-27.16:56:25::SCWPlatform::DSA given D:/SE/Vitis/practicatres_pruebatres/practica_tres_prueba_tres/hw/practica_tres_prueba_tres.xsa
TRACE::2024-11-27.16:56:25::SCWPlatform::DSA absoulate path D:/SE/Vitis/practicatres_pruebatres/practica_tres_prueba_tres/hw/practica_tres_prueba_tres.xsa
TRACE::2024-11-27.16:56:25::SCWPlatform::DSA directory D:/SE/Vitis/practicatres_pruebatres/practica_tres_prueba_tres/hw
TRACE::2024-11-27.16:56:25::SCWPlatform:: Platform Path D:/SE/Vitis/practicatres_pruebatres/practica_tres_prueba_tres/hw/practica_tres_prueba_tres.xsa
TRACE::2024-11-27.16:56:25::SCWPlatform:: Unique name xilinx:basys3::0.0
TRACE::2024-11-27.16:56:25::SCWPlatform::Trying to set the existing hwdb with name design_1_wrapper_0
TRACE::2024-11-27.16:56:25::SCWPlatform::Opened existing hwdb design_1_wrapper_0
TRACE::2024-11-27.16:56:25::SCWPlatform::Found the Hw Db part of the input DSA
TRACE::2024-11-27.16:56:25::SCWMssOS::Checking the sw design at  D:/SE/Vitis/practicatres_pruebatres/practica_tres_prueba_tres/microblaze_0/standalone_microblaze_0/bsp/system.mss
TRACE::2024-11-27.16:56:25::SCWMssOS::DEBUG:  swdes dump  D:/SE/Vitis/practicatres_pruebatres/practica_tres_prueba_tres/microblaze_0/standalone_microblaze_0/bsp/system.mss|system||

TRACE::2024-11-27.16:56:25::SCWMssOS::Sw design exists and opened at  D:/SE/Vitis/practicatres_pruebatres/practica_tres_prueba_tres/microblaze_0/standalone_microblaze_0/bsp/system.mss
TRACE::2024-11-27.16:56:25::SCWPlatform::Trying to open the hw design at D:/SE/Vitis/practicatres_pruebatres/practica_tres_prueba_tres/hw/practica_tres_prueba_tres.xsa
TRACE::2024-11-27.16:56:25::SCWPlatform::DSA given D:/SE/Vitis/practicatres_pruebatres/practica_tres_prueba_tres/hw/practica_tres_prueba_tres.xsa
TRACE::2024-11-27.16:56:25::SCWPlatform::DSA absoulate path D:/SE/Vitis/practicatres_pruebatres/practica_tres_prueba_tres/hw/practica_tres_prueba_tres.xsa
TRACE::2024-11-27.16:56:25::SCWPlatform::DSA directory D:/SE/Vitis/practicatres_pruebatres/practica_tres_prueba_tres/hw
TRACE::2024-11-27.16:56:25::SCWPlatform:: Platform Path D:/SE/Vitis/practicatres_pruebatres/practica_tres_prueba_tres/hw/practica_tres_prueba_tres.xsa
TRACE::2024-11-27.16:56:25::SCWPlatform:: Unique name xilinx:basys3::0.0
TRACE::2024-11-27.16:56:25::SCWPlatform::Trying to set the existing hwdb with name design_1_wrapper_0
TRACE::2024-11-27.16:56:25::SCWPlatform::Opened existing hwdb design_1_wrapper_0
TRACE::2024-11-27.16:56:25::SCWPlatform::Found the Hw Db part of the input DSA
TRACE::2024-11-27.16:56:25::SCWMssOS::Checking the sw design at  D:/SE/Vitis/practicatres_pruebatres/practica_tres_prueba_tres/microblaze_0/standalone_microblaze_0/bsp/system.mss
TRACE::2024-11-27.16:56:25::SCWMssOS::DEBUG:  swdes dump  D:/SE/Vitis/practicatres_pruebatres/practica_tres_prueba_tres/microblaze_0/standalone_microblaze_0/bsp/system.mss|system||

TRACE::2024-11-27.16:56:25::SCWMssOS::Sw design exists and opened at  D:/SE/Vitis/practicatres_pruebatres/practica_tres_prueba_tres/microblaze_0/standalone_microblaze_0/bsp/system.mss
TRACE::2024-11-27.16:56:25::SCWPlatform::Trying to open the hw design at D:/SE/Vitis/practicatres_pruebatres/practica_tres_prueba_tres/hw/practica_tres_prueba_tres.xsa
TRACE::2024-11-27.16:56:25::SCWPlatform::DSA given D:/SE/Vitis/practicatres_pruebatres/practica_tres_prueba_tres/hw/practica_tres_prueba_tres.xsa
TRACE::2024-11-27.16:56:25::SCWPlatform::DSA absoulate path D:/SE/Vitis/practicatres_pruebatres/practica_tres_prueba_tres/hw/practica_tres_prueba_tres.xsa
TRACE::2024-11-27.16:56:25::SCWPlatform::DSA directory D:/SE/Vitis/practicatres_pruebatres/practica_tres_prueba_tres/hw
TRACE::2024-11-27.16:56:25::SCWPlatform:: Platform Path D:/SE/Vitis/practicatres_pruebatres/practica_tres_prueba_tres/hw/practica_tres_prueba_tres.xsa
TRACE::2024-11-27.16:56:25::SCWPlatform:: Unique name xilinx:basys3::0.0
TRACE::2024-11-27.16:56:25::SCWPlatform::Trying to set the existing hwdb with name design_1_wrapper_0
TRACE::2024-11-27.16:56:25::SCWPlatform::Opened existing hwdb design_1_wrapper_0
TRACE::2024-11-27.16:56:25::SCWPlatform::Found the Hw Db part of the input DSA
TRACE::2024-11-27.16:56:25::SCWMssOS::Checking the sw design at  D:/SE/Vitis/practicatres_pruebatres/practica_tres_prueba_tres/microblaze_0/standalone_microblaze_0/bsp/system.mss
TRACE::2024-11-27.16:56:25::SCWMssOS::DEBUG:  swdes dump  D:/SE/Vitis/practicatres_pruebatres/practica_tres_prueba_tres/microblaze_0/standalone_microblaze_0/bsp/system.mss|system||

TRACE::2024-11-27.16:56:25::SCWMssOS::Sw design exists and opened at  D:/SE/Vitis/practicatres_pruebatres/practica_tres_prueba_tres/microblaze_0/standalone_microblaze_0/bsp/system.mss
TRACE::2024-11-27.16:56:25::SCWWriter::formatted JSON is {
	"platformName":	"practica_tres_prueba_tres",
	"sprVersion":	"2.0",
	"mode":	"gui",
	"dsaType":	"Fixed",
	"platformDesc":	"practica_tres_prueba_tres",
	"platHandOff":	"D:/SE/Vivado/practica3/practica_tres_prueba_tres.xsa",
	"platIntHandOff":	"<platformDir>/hw/practica_tres_prueba_tres.xsa",
	"deviceType":	"FPGA",
	"platIsPrebuiltAutogen":	"false",
	"platIsNoBootBsp":	"false",
	"hasFsblMakeHasChanges":	"false",
	"hasPmufwMakeHasChanges":	"false",
	"platPreBuiltFlag":	false,
	"platformSamplesDir":	"",
	"platActiveSys":	"practica_tres_prueba_tres",
	"systems":	[{
			"systemName":	"practica_tres_prueba_tres",
			"systemDesc":	"practica_tres_prueba_tres",
			"sysIsBootAutoGen":	"true",
			"systemDispName":	"practica_tres_prueba_tres",
			"sysActiveDom":	"standalone_microblaze_0",
			"sysDefaultDom":	"standalone_microblaze_0",
			"domains":	[{
					"domainName":	"standalone_microblaze_0",
					"domainDispName":	"standalone_microblaze_0",
					"domainDesc":	"standalone_microblaze_0",
					"processors":	"microblaze_0",
					"os":	"standalone",
					"sdxOs":	"standalone",
					"debugEnable":	"False",
					"domRuntimes":	["cpp"],
					"swRepo":	"",
					"mssOsVer":	"8.1",
					"mssFile":	"",
					"md5Digest":	"a7f2529904e3e5e50bc71282f385754d",
					"compatibleApp":	"peripheral_tests",
					"domType":	"mssDomain",
					"arch":	"32-bit",
					"appSettings":	{
						"appCompilerFlags":	"",
						"appLinkerFlags":	""
					},
					"addedLibs":	[],
					"libOptions":	{
						"libsContainingOptions":	[]
					},
					"prebuiltLibs":	{
						"prebuiltIncPath":	[],
						"prebuiltLibPath":	[]
					},
					"isolation":	{
					}
				}]
		}]
}
KEYINFO::2024-11-27.16:56:25::SCWPlatform::updated the xpfm file.
TRACE::2024-11-27.16:56:25::SCWPlatform::Trying to open the hw design at D:/SE/Vitis/practicatres_pruebatres/practica_tres_prueba_tres/hw/practica_tres_prueba_tres.xsa
TRACE::2024-11-27.16:56:25::SCWPlatform::DSA given D:/SE/Vitis/practicatres_pruebatres/practica_tres_prueba_tres/hw/practica_tres_prueba_tres.xsa
TRACE::2024-11-27.16:56:25::SCWPlatform::DSA absoulate path D:/SE/Vitis/practicatres_pruebatres/practica_tres_prueba_tres/hw/practica_tres_prueba_tres.xsa
TRACE::2024-11-27.16:56:25::SCWPlatform::DSA directory D:/SE/Vitis/practicatres_pruebatres/practica_tres_prueba_tres/hw
TRACE::2024-11-27.16:56:25::SCWPlatform:: Platform Path D:/SE/Vitis/practicatres_pruebatres/practica_tres_prueba_tres/hw/practica_tres_prueba_tres.xsa
TRACE::2024-11-27.16:56:25::SCWPlatform:: Unique name xilinx:basys3::0.0
TRACE::2024-11-27.16:56:25::SCWPlatform::Trying to set the existing hwdb with name design_1_wrapper_0
TRACE::2024-11-27.16:56:25::SCWPlatform::Opened existing hwdb design_1_wrapper_0
TRACE::2024-11-27.16:56:25::SCWPlatform::Found the Hw Db part of the input DSA
TRACE::2024-11-27.16:56:25::SCWMssOS::Checking the sw design at  D:/SE/Vitis/practicatres_pruebatres/practica_tres_prueba_tres/microblaze_0/standalone_microblaze_0/bsp/system.mss
TRACE::2024-11-27.16:56:25::SCWMssOS::DEBUG:  swdes dump  D:/SE/Vitis/practicatres_pruebatres/practica_tres_prueba_tres/microblaze_0/standalone_microblaze_0/bsp/system.mss|system||

TRACE::2024-11-27.16:56:25::SCWMssOS::Sw design exists and opened at  D:/SE/Vitis/practicatres_pruebatres/practica_tres_prueba_tres/microblaze_0/standalone_microblaze_0/bsp/system.mss
