08:37:40 DEBUG : Logs will be stored at 'D:/SE/Vitis/practica_uno/workspace/IDE.log'.
08:37:43 INFO  : Registering command handlers for Vitis TCF services
08:37:44 INFO  : Launching XSCT server: xsct.bat -n  -interactive D:\SE\Vitis\practica_uno\workspace\temp_xsdb_launch_script.tcl
08:37:45 INFO  : Platform repository initialization has completed.
08:37:46 INFO  : XSCT server has started successfully.
08:37:46 INFO  : plnx-install-location is set to ''
08:37:46 INFO  : Successfully done setting XSCT server connection channel  
08:37:46 INFO  : Successfully done query RDI_DATADIR 
08:37:46 INFO  : Successfully done setting workspace for the tool. 
08:38:41 INFO  : Result from executing command 'getProjects': practica1
08:38:41 INFO  : Result from executing command 'getPlatforms': xilinx_vck190_base_202310_1|C:/software/electronica/xilinx/Vitis/2023.1/base_platforms/xilinx_vck190_base_202310_1/xilinx_vck190_base_202310_1.xpfm;xilinx_vck190_base_dfx_202310_1|C:/software/electronica/xilinx/Vitis/2023.1/base_platforms/xilinx_vck190_base_dfx_202310_1/xilinx_vck190_base_dfx_202310_1.xpfm;xilinx_vek280_es1_base_202310_1|C:/software/electronica/xilinx/Vitis/2023.1/base_platforms/xilinx_vek280_es1_base_202310_1/xilinx_vek280_es1_base_202310_1.xpfm;xilinx_vmk180_base_202310_1|C:/software/electronica/xilinx/Vitis/2023.1/base_platforms/xilinx_vmk180_base_202310_1/xilinx_vmk180_base_202310_1.xpfm;xilinx_zcu102_base_202310_1|C:/software/electronica/xilinx/Vitis/2023.1/base_platforms/xilinx_zcu102_base_202310_1/xilinx_zcu102_base_202310_1.xpfm;xilinx_zcu102_base_dfx_202310_1|C:/software/electronica/xilinx/Vitis/2023.1/base_platforms/xilinx_zcu102_base_dfx_202310_1/xilinx_zcu102_base_dfx_202310_1.xpfm;xilinx_zcu104_base_202310_1|C:/software/electronica/xilinx/Vitis/2023.1/base_platforms/xilinx_zcu104_base_202310_1/xilinx_zcu104_base_202310_1.xpfm
08:38:43 WARN  : An unexpected exception occurred in the module 'platform project logging'
08:38:48 INFO  : Platform 'practica1' is added to custom repositories.
08:38:50 ERROR : 
org.eclipse.core.runtime.CoreException: CDT Project already configured
	at org.eclipse.cdt.internal.core.settings.model.ExceptionFactory.createCoreException(ExceptionFactory.java:26) ~[org.eclipse.cdt.core_6.4.0.201802261533.jar:?]
	at org.eclipse.cdt.core.CCorePlugin.mapCProjectOwner(CCorePlugin.java:890) ~[org.eclipse.cdt.core_6.4.0.201802261533.jar:?]
	at org.eclipse.cdt.core.CCorePlugin$1.run(CCorePlugin.java:945) ~[org.eclipse.cdt.core_6.4.0.201802261533.jar:?]
	at org.eclipse.core.internal.resources.Workspace.run(Workspace.java:2292) ~[org.eclipse.core.resources_3.13.700.v20200209-1624.jar:?]
	at org.eclipse.cdt.core.CCorePlugin.createCProject(CCorePlugin.java:930) ~[org.eclipse.cdt.core_6.4.0.201802261533.jar:?]
	at com.xilinx.sdx.sdk.core.gen.AppCreationHandler.createCProject(AppCreationHandler.java:92) ~[?:?]
	at com.xilinx.sdx.sdk.core.gen.StandaloneProjectHandler.createCoreApp(StandaloneProjectHandler.java:67) ~[?:?]
	at com.xilinx.sdx.sdk.core.gen.AppCreationHandler.createApplication(AppCreationHandler.java:79) ~[?:?]
	at com.xilinx.sdx.sdk.core.gen.AppCreationHandler.execute(AppCreationHandler.java:69) ~[?:?]
	at com.xilinx.sdx.sdk.core.SdkAppCreationHandler.executeInternal(SdkAppCreationHandler.java:75) ~[?:?]
	at com.xilinx.sdx.sdk.core.SdkAppCreationHandler.lambda$1(SdkAppCreationHandler.java:67) ~[?:?]
	at org.eclipse.core.internal.resources.Workspace.run(Workspace.java:2292) ~[org.eclipse.core.resources_3.13.700.v20200209-1624.jar:?]
	at org.eclipse.core.internal.resources.Workspace.run(Workspace.java:2312) ~[org.eclipse.core.resources_3.13.700.v20200209-1624.jar:?]
	at com.xilinx.sdx.sdk.core.SdkAppCreationHandler.execute(SdkAppCreationHandler.java:66) ~[?:?]
	at com.xilinx.sdx.npw.NewProjectCreationHandler.createApplicationProject(NewProjectCreationHandler.java:237) ~[?:?]
	at com.xilinx.sdx.npw.NewProjectCreationHandler.internalExecute(NewProjectCreationHandler.java:385) ~[?:?]
	at com.xilinx.sdx.npw.NewProjectCreationHandler$1.execute(NewProjectCreationHandler.java:100) ~[?:?]
	at org.eclipse.ui.actions.WorkspaceModifyOperation.lambda$0(WorkspaceModifyOperation.java:110) ~[?:?]
	at org.eclipse.core.internal.resources.Workspace.run(Workspace.java:2292) [org.eclipse.core.resources_3.13.700.v20200209-1624.jar:?]
	at org.eclipse.core.internal.resources.Workspace.run(Workspace.java:2317) [org.eclipse.core.resources_3.13.700.v20200209-1624.jar:?]
	at org.eclipse.ui.actions.WorkspaceModifyOperation.run(WorkspaceModifyOperation.java:131) [org.eclipse.ui.ide_3.17.0.v20200217-1511.jar:?]
	at org.eclipse.jface.operation.ModalContext$ModalContextThread.run(ModalContext.java:122) [org.eclipse.jface_3.19.0.v20200218-1607.jar:?]
Caused by: org.eclipse.core.runtime.CoreException: CDT Project already configured
	at org.eclipse.cdt.internal.core.CConfigBasedDescriptorManager.configure(CConfigBasedDescriptorManager.java:160) ~[org.eclipse.cdt.core_6.4.0.201802261533.jar:?]
	at org.eclipse.cdt.core.CCorePlugin.mapCProjectOwner(CCorePlugin.java:885) ~[org.eclipse.cdt.core_6.4.0.201802261533.jar:?]
	... 20 more
08:38:55 ERROR : Failed to create application project
org.eclipse.core.runtime.CoreException: CDT Project already configured
	at com.xilinx.sdx.sdk.core.gen.StandaloneProjectHandler.createCoreApp(StandaloneProjectHandler.java:150) ~[?:?]
	at com.xilinx.sdx.sdk.core.gen.AppCreationHandler.createApplication(AppCreationHandler.java:79) ~[?:?]
	at com.xilinx.sdx.sdk.core.gen.AppCreationHandler.execute(AppCreationHandler.java:69) ~[?:?]
	at com.xilinx.sdx.sdk.core.SdkAppCreationHandler.executeInternal(SdkAppCreationHandler.java:75) ~[?:?]
	at com.xilinx.sdx.sdk.core.SdkAppCreationHandler.lambda$1(SdkAppCreationHandler.java:67) ~[?:?]
	at org.eclipse.core.internal.resources.Workspace.run(Workspace.java:2292) ~[org.eclipse.core.resources_3.13.700.v20200209-1624.jar:?]
	at org.eclipse.core.internal.resources.Workspace.run(Workspace.java:2312) ~[org.eclipse.core.resources_3.13.700.v20200209-1624.jar:?]
	at com.xilinx.sdx.sdk.core.SdkAppCreationHandler.execute(SdkAppCreationHandler.java:66) ~[?:?]
	at com.xilinx.sdx.npw.NewProjectCreationHandler.createApplicationProject(NewProjectCreationHandler.java:237) ~[?:?]
	at com.xilinx.sdx.npw.NewProjectCreationHandler.internalExecute(NewProjectCreationHandler.java:385) ~[?:?]
	at com.xilinx.sdx.npw.NewProjectCreationHandler$1.execute(NewProjectCreationHandler.java:100) ~[?:?]
	at org.eclipse.ui.actions.WorkspaceModifyOperation.lambda$0(WorkspaceModifyOperation.java:110) ~[?:?]
	at org.eclipse.core.internal.resources.Workspace.run(Workspace.java:2292) [org.eclipse.core.resources_3.13.700.v20200209-1624.jar:?]
	at org.eclipse.core.internal.resources.Workspace.run(Workspace.java:2317) [org.eclipse.core.resources_3.13.700.v20200209-1624.jar:?]
	at org.eclipse.ui.actions.WorkspaceModifyOperation.run(WorkspaceModifyOperation.java:131) [org.eclipse.ui.ide_3.17.0.v20200217-1511.jar:?]
	at org.eclipse.jface.operation.ModalContext$ModalContextThread.run(ModalContext.java:122) [org.eclipse.jface_3.19.0.v20200218-1607.jar:?]
08:40:53 DEBUG : Logs will be stored at 'D:/SE/Vitis/practica_uno/workspace/IDE.log'.
08:40:58 INFO  : Launching XSCT server: xsct.bat -n  -interactive D:\SE\Vitis\practica_uno\workspace\temp_xsdb_launch_script.tcl
08:40:59 INFO  : Registering command handlers for Vitis TCF services
08:41:00 INFO  : Platform repository initialization has completed.
08:41:01 INFO  : XSCT server has started successfully.
08:41:01 INFO  : Successfully done setting XSCT server connection channel  
08:41:01 INFO  : plnx-install-location is set to ''
08:41:01 INFO  : Successfully done setting workspace for the tool. 
08:41:01 INFO  : Successfully done query RDI_DATADIR 
08:42:32 INFO  : Result from executing command 'getProjects': practica1
08:42:32 INFO  : Result from executing command 'getPlatforms': xilinx_vck190_base_202310_1|C:/software/electronica/xilinx/Vitis/2023.1/base_platforms/xilinx_vck190_base_202310_1/xilinx_vck190_base_202310_1.xpfm;xilinx_vck190_base_dfx_202310_1|C:/software/electronica/xilinx/Vitis/2023.1/base_platforms/xilinx_vck190_base_dfx_202310_1/xilinx_vck190_base_dfx_202310_1.xpfm;xilinx_vek280_es1_base_202310_1|C:/software/electronica/xilinx/Vitis/2023.1/base_platforms/xilinx_vek280_es1_base_202310_1/xilinx_vek280_es1_base_202310_1.xpfm;xilinx_vmk180_base_202310_1|C:/software/electronica/xilinx/Vitis/2023.1/base_platforms/xilinx_vmk180_base_202310_1/xilinx_vmk180_base_202310_1.xpfm;xilinx_zcu102_base_202310_1|C:/software/electronica/xilinx/Vitis/2023.1/base_platforms/xilinx_zcu102_base_202310_1/xilinx_zcu102_base_202310_1.xpfm;xilinx_zcu102_base_dfx_202310_1|C:/software/electronica/xilinx/Vitis/2023.1/base_platforms/xilinx_zcu102_base_dfx_202310_1/xilinx_zcu102_base_dfx_202310_1.xpfm;xilinx_zcu104_base_202310_1|C:/software/electronica/xilinx/Vitis/2023.1/base_platforms/xilinx_zcu104_base_202310_1/xilinx_zcu104_base_202310_1.xpfm
08:42:34 WARN  : An unexpected exception occurred in the module 'platform project logging'
08:42:37 INFO  : Platform 'practica1' is added to custom repositories.
08:42:44 INFO  : Platform 'practica1' is added to custom repositories.
08:48:06 INFO  : Result from executing command 'getProjects': practica1
08:48:06 INFO  : Result from executing command 'getPlatforms': practica1|D:/SE/Vitis/practica_uno/workspace/practica1/export/practica1/practica1.xpfm;xilinx_vck190_base_202310_1|C:/software/electronica/xilinx/Vitis/2023.1/base_platforms/xilinx_vck190_base_202310_1/xilinx_vck190_base_202310_1.xpfm;xilinx_vck190_base_dfx_202310_1|C:/software/electronica/xilinx/Vitis/2023.1/base_platforms/xilinx_vck190_base_dfx_202310_1/xilinx_vck190_base_dfx_202310_1.xpfm;xilinx_vek280_es1_base_202310_1|C:/software/electronica/xilinx/Vitis/2023.1/base_platforms/xilinx_vek280_es1_base_202310_1/xilinx_vek280_es1_base_202310_1.xpfm;xilinx_vmk180_base_202310_1|C:/software/electronica/xilinx/Vitis/2023.1/base_platforms/xilinx_vmk180_base_202310_1/xilinx_vmk180_base_202310_1.xpfm;xilinx_zcu102_base_202310_1|C:/software/electronica/xilinx/Vitis/2023.1/base_platforms/xilinx_zcu102_base_202310_1/xilinx_zcu102_base_202310_1.xpfm;xilinx_zcu102_base_dfx_202310_1|C:/software/electronica/xilinx/Vitis/2023.1/base_platforms/xilinx_zcu102_base_dfx_202310_1/xilinx_zcu102_base_dfx_202310_1.xpfm;xilinx_zcu104_base_202310_1|C:/software/electronica/xilinx/Vitis/2023.1/base_platforms/xilinx_zcu104_base_202310_1/xilinx_zcu104_base_202310_1.xpfm
08:48:07 INFO  : Checking for BSP changes to sync application flags for project 'practica_uno'...
04:29:49 DEBUG : Logs will be stored at 'D:/SE/Vitis/practica_uno/workspace/IDE.log'.
04:29:50 INFO  : Launching XSCT server: xsct.bat -n  -interactive D:\SE\Vitis\practica_uno\workspace\temp_xsdb_launch_script.tcl
04:29:53 INFO  : XSCT server has started successfully.
04:29:53 INFO  : plnx-install-location is set to ''
04:29:53 INFO  : Successfully done setting XSCT server connection channel  
04:29:53 INFO  : Successfully done setting workspace for the tool. 
04:29:55 INFO  : Registering command handlers for Vitis TCF services
04:29:55 INFO  : Platform repository initialization has completed.
04:29:55 INFO  : Successfully done query RDI_DATADIR 
07:18:31 DEBUG : Logs will be stored at 'D:/SE/Vitis/practica_uno/workspace/IDE.log'.
07:18:32 INFO  : Launching XSCT server: xsct.bat -n  -interactive D:\SE\Vitis\practica_uno\workspace\temp_xsdb_launch_script.tcl
07:18:39 INFO  : XSCT server has started successfully.
07:18:39 INFO  : plnx-install-location is set to ''
07:18:39 INFO  : Successfully done setting XSCT server connection channel  
07:18:39 INFO  : Successfully done setting workspace for the tool. 
07:18:40 INFO  : Registering command handlers for Vitis TCF services
07:18:40 INFO  : Platform repository initialization has completed.
07:18:47 INFO  : Successfully done query RDI_DATADIR 
14:09:25 INFO  : Result from executing command 'getProjects': practica1
14:09:26 INFO  : Result from executing command 'getPlatforms': practica1|D:/SE/Vitis/practica_uno/workspace/practica1/export/practica1/practica1.xpfm
14:09:26 INFO  : Checking for BSP changes to sync application flags for project 'practica_uno'...
14:10:34 INFO  : Bit file 'D:/SE/Vitis/practica_uno/workspace/practica_uno/_ide/bitstream/download.bit' is generated.
14:10:37 INFO  : Connected to target on host '127.0.0.1' and port '3121'.
14:10:42 INFO  : 'targets -set -filter {jtag_cable_name =~ "Digilent Basys3 210183ACA6ACA" && level==0 && jtag_device_ctx=="jsn-Basys3-210183ACA6ACA-0362d093-0"}' command is executed.
14:10:43 INFO  : Device configured successfully with "D:/SE/Vitis/practica_uno/workspace/practica_uno/_ide/bitstream/download.bit"
14:15:25 INFO  : Checking for BSP changes to sync application flags for project 'practica_uno'...
14:15:56 INFO  : Bit file 'D:/SE/Vitis/practica_uno/workspace/practica_uno/_ide/bitstream/download.bit' is generated.
14:15:56 INFO  : Connected to target on host '127.0.0.1' and port '3121'.
14:15:56 INFO  : 'targets -set -filter {jtag_cable_name =~ "Digilent Basys3 210183ACA6ACA" && level==0 && jtag_device_ctx=="jsn-Basys3-210183ACA6ACA-0362d093-0"}' command is executed.
14:15:58 INFO  : Device configured successfully with "D:/SE/Vitis/practica_uno/workspace/practica_uno/_ide/bitstream/download.bit"
14:16:53 INFO  : Bit file 'D:/SE/Vitis/practica_uno/workspace/practica_uno/_ide/bitstream/download.bit' is generated.
14:16:53 INFO  : Connected to target on host '127.0.0.1' and port '3121'.
14:16:54 INFO  : 'targets -set -filter {jtag_cable_name =~ "Digilent Basys3 210183ACA6ACA" && level==0 && jtag_device_ctx=="jsn-Basys3-210183ACA6ACA-0362d093-0"}' command is executed.
14:16:55 INFO  : Device configured successfully with "D:/SE/Vitis/practica_uno/workspace/practica_uno/_ide/bitstream/download.bit"
14:17:43 INFO  : Bit file 'D:/SE/Vitis/practica_uno/workspace/practica_uno/_ide/bitstream/download.bit' is generated.
14:17:43 INFO  : Connected to target on host '127.0.0.1' and port '3121'.
14:17:43 INFO  : 'targets -set -filter {jtag_cable_name =~ "Digilent Basys3 210183ACA6ACA" && level==0 && jtag_device_ctx=="jsn-Basys3-210183ACA6ACA-0362d093-0"}' command is executed.
14:17:45 INFO  : Device configured successfully with "D:/SE/Vitis/practica_uno/workspace/practica_uno/_ide/bitstream/download.bit"
16:41:01 DEBUG : Logs will be stored at 'D:/SE/Vitis/practica_uno/workspace/IDE.log'.
16:41:02 INFO  : Launching XSCT server: xsct.bat -n  -interactive D:\SE\Vitis\practica_uno\workspace\temp_xsdb_launch_script.tcl
16:41:05 INFO  : XSCT server has started successfully.
16:41:05 INFO  : Successfully done setting XSCT server connection channel  
16:41:05 INFO  : plnx-install-location is set to ''
16:41:05 INFO  : Successfully done setting workspace for the tool. 
16:41:07 INFO  : Platform repository initialization has completed.
16:41:07 INFO  : Registering command handlers for Vitis TCF services
16:41:07 INFO  : Successfully done query RDI_DATADIR 
13:36:59 DEBUG : Logs will be stored at 'D:/SE/Vitis/practica_uno/workspace/IDE.log'.
13:36:59 INFO  : Launching XSCT server: xsct.bat -n  -interactive D:\SE\Vitis\practica_uno\workspace\temp_xsdb_launch_script.tcl
13:37:02 INFO  : XSCT server has started successfully.
13:37:02 INFO  : plnx-install-location is set to ''
13:37:02 INFO  : Successfully done setting XSCT server connection channel  
13:37:03 INFO  : Successfully done setting workspace for the tool. 
13:37:03 INFO  : Platform repository initialization has completed.
13:37:04 INFO  : Registering command handlers for Vitis TCF services
13:37:04 INFO  : Successfully done query RDI_DATADIR 
