TRACE::2024-11-25.16:26:02::SCWPlatform::Trying to open the hw design at D:/SE/Vitis/practica_tres_prueba_dos/practica3prueba2/hw/practica3prueba2.xsa
TRACE::2024-11-25.16:26:02::SCWPlatform::DSA given D:/SE/Vitis/practica_tres_prueba_dos/practica3prueba2/hw/practica3prueba2.xsa
TRACE::2024-11-25.16:26:02::SCWPlatform::DSA absoulate path D:/SE/Vitis/practica_tres_prueba_dos/practica3prueba2/hw/practica3prueba2.xsa
TRACE::2024-11-25.16:26:02::SCWPlatform::DSA directory D:/SE/Vitis/practica_tres_prueba_dos/practica3prueba2/hw
TRACE::2024-11-25.16:26:02::SCWPlatform:: Platform Path D:/SE/Vitis/practica_tres_prueba_dos/practica3prueba2/hw/practica3prueba2.xsa
TRACE::2024-11-25.16:26:02::SCWPlatform:: Unique name xilinx:basys3::0.0
TRACE::2024-11-25.16:26:03::SCWPlatform::Do not have an existing db opened. 
TRACE::2024-11-25.16:26:10::SCWPlatform::Opened new HwDB with name design_1_wrapper_0
TRACE::2024-11-25.16:26:10::SCWWriter::formatted JSON is {
	"platformName":	"practica3prueba2",
	"sprVersion":	"2.0",
	"mode":	"gui",
	"dsaType":	"Fixed",
	"platformDesc":	"practica3prueba2",
	"platHandOff":	"D:/SE/Vivado/practica3/practica3prueba2.xsa",
	"platIntHandOff":	"<platformDir>/hw/practica3prueba2.xsa",
	"deviceType":	"FPGA",
	"platIsPrebuiltAutogen":	"false",
	"platIsNoBootBsp":	"false",
	"hasFsblMakeHasChanges":	"false",
	"hasPmufwMakeHasChanges":	"false",
	"platPreBuiltFlag":	false,
	"platformSamplesDir":	""
}
TRACE::2024-11-25.16:26:10::SCWWriter::formatted JSON is {
	"platformName":	"practica3prueba2",
	"sprVersion":	"2.0",
	"mode":	"gui",
	"dsaType":	"Fixed",
	"platformDesc":	"practica3prueba2",
	"platHandOff":	"D:/SE/Vivado/practica3/practica3prueba2.xsa",
	"platIntHandOff":	"<platformDir>/hw/practica3prueba2.xsa",
	"deviceType":	"FPGA",
	"platIsPrebuiltAutogen":	"false",
	"platIsNoBootBsp":	"false",
	"hasFsblMakeHasChanges":	"false",
	"hasPmufwMakeHasChanges":	"false",
	"platPreBuiltFlag":	false,
	"platformSamplesDir":	"",
	"platActiveSys":	"practica3prueba2",
	"systems":	[{
			"systemName":	"practica3prueba2",
			"systemDesc":	"practica3prueba2",
			"sysIsBootAutoGen":	"true",
			"systemDispName":	"practica3prueba2"
		}]
}
TRACE::2024-11-25.16:26:10::SCWPlatform::Boot application domains not present, creating them
TRACE::2024-11-25.16:26:10::SCWPlatform::Pure FPGA device, no boot application will be created.
TRACE::2024-11-25.16:26:10::SCWWriter::formatted JSON is {
	"platformName":	"practica3prueba2",
	"sprVersion":	"2.0",
	"mode":	"gui",
	"dsaType":	"Fixed",
	"platformDesc":	"practica3prueba2",
	"platHandOff":	"D:/SE/Vivado/practica3/practica3prueba2.xsa",
	"platIntHandOff":	"<platformDir>/hw/practica3prueba2.xsa",
	"deviceType":	"FPGA",
	"platIsPrebuiltAutogen":	"false",
	"platIsNoBootBsp":	"false",
	"hasFsblMakeHasChanges":	"false",
	"hasPmufwMakeHasChanges":	"false",
	"platPreBuiltFlag":	false,
	"platformSamplesDir":	"",
	"platActiveSys":	"practica3prueba2",
	"systems":	[{
			"systemName":	"practica3prueba2",
			"systemDesc":	"practica3prueba2",
			"sysIsBootAutoGen":	"true",
			"systemDispName":	"practica3prueba2"
		}]
}
TRACE::2024-11-25.16:26:11::SCWWriter::formatted JSON is {
	"platformName":	"practica3prueba2",
	"sprVersion":	"2.0",
	"mode":	"gui",
	"dsaType":	"Fixed",
	"platformDesc":	"practica3prueba2",
	"platHandOff":	"D:/SE/Vivado/practica3/practica3prueba2.xsa",
	"platIntHandOff":	"<platformDir>/hw/practica3prueba2.xsa",
	"deviceType":	"FPGA",
	"platIsPrebuiltAutogen":	"false",
	"platIsNoBootBsp":	"false",
	"hasFsblMakeHasChanges":	"false",
	"hasPmufwMakeHasChanges":	"false",
	"platPreBuiltFlag":	false,
	"platformSamplesDir":	"",
	"platActiveSys":	"practica3prueba2",
	"systems":	[{
			"systemName":	"practica3prueba2",
			"systemDesc":	"practica3prueba2",
			"sysIsBootAutoGen":	"true",
			"systemDispName":	"practica3prueba2"
		}]
}
TRACE::2024-11-25.16:26:11::SCWPlatform::Trying to open the hw design at D:/SE/Vitis/practica_tres_prueba_dos/practica3prueba2/hw/practica3prueba2.xsa
TRACE::2024-11-25.16:26:11::SCWPlatform::DSA given D:/SE/Vitis/practica_tres_prueba_dos/practica3prueba2/hw/practica3prueba2.xsa
TRACE::2024-11-25.16:26:11::SCWPlatform::DSA absoulate path D:/SE/Vitis/practica_tres_prueba_dos/practica3prueba2/hw/practica3prueba2.xsa
TRACE::2024-11-25.16:26:11::SCWPlatform::DSA directory D:/SE/Vitis/practica_tres_prueba_dos/practica3prueba2/hw
TRACE::2024-11-25.16:26:11::SCWPlatform:: Platform Path D:/SE/Vitis/practica_tres_prueba_dos/practica3prueba2/hw/practica3prueba2.xsa
TRACE::2024-11-25.16:26:11::SCWPlatform:: Unique name xilinx:basys3::0.0
TRACE::2024-11-25.16:26:11::SCWPlatform::Trying to set the existing hwdb with name design_1_wrapper_0
TRACE::2024-11-25.16:26:11::SCWPlatform::Opened existing hwdb design_1_wrapper_0
TRACE::2024-11-25.16:26:11::SCWPlatform::Found the Hw Db part of the input DSA
TRACE::2024-11-25.16:26:11::SCWPlatform::Trying to open the hw design at D:/SE/Vitis/practica_tres_prueba_dos/practica3prueba2/hw/practica3prueba2.xsa
TRACE::2024-11-25.16:26:11::SCWPlatform::DSA given D:/SE/Vitis/practica_tres_prueba_dos/practica3prueba2/hw/practica3prueba2.xsa
TRACE::2024-11-25.16:26:11::SCWPlatform::DSA absoulate path D:/SE/Vitis/practica_tres_prueba_dos/practica3prueba2/hw/practica3prueba2.xsa
TRACE::2024-11-25.16:26:11::SCWPlatform::DSA directory D:/SE/Vitis/practica_tres_prueba_dos/practica3prueba2/hw
TRACE::2024-11-25.16:26:11::SCWPlatform:: Platform Path D:/SE/Vitis/practica_tres_prueba_dos/practica3prueba2/hw/practica3prueba2.xsa
TRACE::2024-11-25.16:26:11::SCWPlatform:: Unique name xilinx:basys3::0.0
TRACE::2024-11-25.16:26:11::SCWPlatform::Trying to set the existing hwdb with name design_1_wrapper_0
TRACE::2024-11-25.16:26:11::SCWPlatform::Opened existing hwdb design_1_wrapper_0
TRACE::2024-11-25.16:26:11::SCWPlatform::Found the Hw Db part of the input DSA
TRACE::2024-11-25.16:26:11::SCWDomain::checking for install qemu data   : 
TRACE::2024-11-25.16:26:11::SCWPlatform::Trying to open the hw design at D:/SE/Vitis/practica_tres_prueba_dos/practica3prueba2/hw/practica3prueba2.xsa
TRACE::2024-11-25.16:26:11::SCWPlatform::DSA given D:/SE/Vitis/practica_tres_prueba_dos/practica3prueba2/hw/practica3prueba2.xsa
TRACE::2024-11-25.16:26:11::SCWPlatform::DSA absoulate path D:/SE/Vitis/practica_tres_prueba_dos/practica3prueba2/hw/practica3prueba2.xsa
TRACE::2024-11-25.16:26:11::SCWPlatform::DSA directory D:/SE/Vitis/practica_tres_prueba_dos/practica3prueba2/hw
TRACE::2024-11-25.16:26:11::SCWPlatform:: Platform Path D:/SE/Vitis/practica_tres_prueba_dos/practica3prueba2/hw/practica3prueba2.xsa
TRACE::2024-11-25.16:26:11::SCWPlatform:: Unique name xilinx:basys3::0.0
TRACE::2024-11-25.16:26:11::SCWPlatform::Trying to set the existing hwdb with name design_1_wrapper_0
TRACE::2024-11-25.16:26:11::SCWPlatform::Opened existing hwdb design_1_wrapper_0
TRACE::2024-11-25.16:26:11::SCWPlatform::Found the Hw Db part of the input DSA
TRACE::2024-11-25.16:26:11::SCWPlatform::Trying to open the hw design at D:/SE/Vitis/practica_tres_prueba_dos/practica3prueba2/hw/practica3prueba2.xsa
TRACE::2024-11-25.16:26:11::SCWPlatform::DSA given D:/SE/Vitis/practica_tres_prueba_dos/practica3prueba2/hw/practica3prueba2.xsa
TRACE::2024-11-25.16:26:11::SCWPlatform::DSA absoulate path D:/SE/Vitis/practica_tres_prueba_dos/practica3prueba2/hw/practica3prueba2.xsa
TRACE::2024-11-25.16:26:11::SCWPlatform::DSA directory D:/SE/Vitis/practica_tres_prueba_dos/practica3prueba2/hw
TRACE::2024-11-25.16:26:11::SCWPlatform:: Platform Path D:/SE/Vitis/practica_tres_prueba_dos/practica3prueba2/hw/practica3prueba2.xsa
TRACE::2024-11-25.16:26:11::SCWPlatform:: Unique name xilinx:basys3::0.0
TRACE::2024-11-25.16:26:11::SCWPlatform::Trying to set the existing hwdb with name design_1_wrapper_0
TRACE::2024-11-25.16:26:11::SCWPlatform::Opened existing hwdb design_1_wrapper_0
TRACE::2024-11-25.16:26:11::SCWPlatform::Found the Hw Db part of the input DSA
TRACE::2024-11-25.16:26:11::SCWPlatform::Trying to open the hw design at D:/SE/Vitis/practica_tres_prueba_dos/practica3prueba2/hw/practica3prueba2.xsa
TRACE::2024-11-25.16:26:11::SCWPlatform::DSA given D:/SE/Vitis/practica_tres_prueba_dos/practica3prueba2/hw/practica3prueba2.xsa
TRACE::2024-11-25.16:26:11::SCWPlatform::DSA absoulate path D:/SE/Vitis/practica_tres_prueba_dos/practica3prueba2/hw/practica3prueba2.xsa
TRACE::2024-11-25.16:26:11::SCWPlatform::DSA directory D:/SE/Vitis/practica_tres_prueba_dos/practica3prueba2/hw
TRACE::2024-11-25.16:26:11::SCWPlatform:: Platform Path D:/SE/Vitis/practica_tres_prueba_dos/practica3prueba2/hw/practica3prueba2.xsa
TRACE::2024-11-25.16:26:11::SCWPlatform:: Unique name xilinx:basys3::0.0
TRACE::2024-11-25.16:26:11::SCWPlatform::Trying to set the existing hwdb with name design_1_wrapper_0
TRACE::2024-11-25.16:26:11::SCWPlatform::Opened existing hwdb design_1_wrapper_0
TRACE::2024-11-25.16:26:11::SCWPlatform::Found the Hw Db part of the input DSA
TRACE::2024-11-25.16:26:12::SCWMssOS::Checking the sw design at  D:/SE/Vitis/practica_tres_prueba_dos/practica3prueba2/microblaze_0/standalone_microblaze_0/bsp/system.mss
TRACE::2024-11-25.16:26:12::SCWMssOS::DEBUG:  swdes dump  
TRACE::2024-11-25.16:26:12::SCWMssOS::No sw design opened at  D:/SE/Vitis/practica_tres_prueba_dos/practica3prueba2/microblaze_0/standalone_microblaze_0/bsp/system.mss
TRACE::2024-11-25.16:26:12::SCWMssOS::mss does not exists at D:/SE/Vitis/practica_tres_prueba_dos/practica3prueba2/microblaze_0/standalone_microblaze_0/bsp/system.mss
TRACE::2024-11-25.16:26:12::SCWMssOS::Creating sw design at  D:/SE/Vitis/practica_tres_prueba_dos/practica3prueba2/microblaze_0/standalone_microblaze_0/bsp/system.mss
TRACE::2024-11-25.16:26:12::SCWMssOS::Adding the swdes entry, created swdb D:/SE/Vitis/practica_tres_prueba_dos/practica3prueba2/microblaze_0/standalone_microblaze_0/bsp/system.mss with des name D:/SE/Vitis/practica_tres_prueba_dos/practica3prueba2/microblaze_0/standalone_microblaze_0/bsp/system.mss
TRACE::2024-11-25.16:26:12::SCWMssOS::updating the scw layer changes to swdes at   D:/SE/Vitis/practica_tres_prueba_dos/practica3prueba2/microblaze_0/standalone_microblaze_0/bsp/system.mss
TRACE::2024-11-25.16:26:12::SCWMssOS::Writing mss at D:/SE/Vitis/practica_tres_prueba_dos/practica3prueba2/microblaze_0/standalone_microblaze_0/bsp/system.mss
TRACE::2024-11-25.16:26:12::SCWMssOS::Completed writing the mss file at D:/SE/Vitis/practica_tres_prueba_dos/practica3prueba2/microblaze_0/standalone_microblaze_0/bsp
TRACE::2024-11-25.16:26:12::SCWMssOS::Picking up changes from newly written mss file into SCW Layer. 
TRACE::2024-11-25.16:26:12::SCWMssOS::Updated the changes from newly written mss file into SCW Layer. 
TRACE::2024-11-25.16:26:12::SCWMssOS::Completed writing the mss file at D:/SE/Vitis/practica_tres_prueba_dos/practica3prueba2/microblaze_0/standalone_microblaze_0/bsp
TRACE::2024-11-25.16:26:12::SCWMssOS::Forcing BSP Sources regeneration.
TRACE::2024-11-25.16:26:27::SCWMssOS::Saving the mss changes D:/SE/Vitis/practica_tres_prueba_dos/practica3prueba2/microblaze_0/standalone_microblaze_0/bsp/system.mss
TRACE::2024-11-25.16:26:27::SCWMssOS::Adding the swdes entry, mss present, able to open swdb D:/SE/Vitis/practica_tres_prueba_dos/practica3prueba2/microblaze_0/standalone_microblaze_0/bsp/system.mss with des name system
TRACE::2024-11-25.16:26:27::SCWMssOS::Writing the mss file completed D:/SE/Vitis/practica_tres_prueba_dos/practica3prueba2/microblaze_0/standalone_microblaze_0/bsp/system.mss
TRACE::2024-11-25.16:26:27::SCWMssOS::Commit changes completed.
TRACE::2024-11-25.16:26:27::SCWPlatform::Trying to open the hw design at D:/SE/Vitis/practica_tres_prueba_dos/practica3prueba2/hw/practica3prueba2.xsa
TRACE::2024-11-25.16:26:27::SCWPlatform::DSA given D:/SE/Vitis/practica_tres_prueba_dos/practica3prueba2/hw/practica3prueba2.xsa
TRACE::2024-11-25.16:26:27::SCWPlatform::DSA absoulate path D:/SE/Vitis/practica_tres_prueba_dos/practica3prueba2/hw/practica3prueba2.xsa
TRACE::2024-11-25.16:26:27::SCWPlatform::DSA directory D:/SE/Vitis/practica_tres_prueba_dos/practica3prueba2/hw
TRACE::2024-11-25.16:26:27::SCWPlatform:: Platform Path D:/SE/Vitis/practica_tres_prueba_dos/practica3prueba2/hw/practica3prueba2.xsa
TRACE::2024-11-25.16:26:27::SCWPlatform:: Unique name xilinx:basys3::0.0
TRACE::2024-11-25.16:26:27::SCWPlatform::Trying to set the existing hwdb with name design_1_wrapper_0
TRACE::2024-11-25.16:26:27::SCWPlatform::Opened existing hwdb design_1_wrapper_0
TRACE::2024-11-25.16:26:27::SCWPlatform::Found the Hw Db part of the input DSA
TRACE::2024-11-25.16:26:27::SCWMssOS::Checking the sw design at  D:/SE/Vitis/practica_tres_prueba_dos/practica3prueba2/microblaze_0/standalone_microblaze_0/bsp/system.mss
TRACE::2024-11-25.16:26:27::SCWMssOS::DEBUG:  swdes dump  D:/SE/Vitis/practica_tres_prueba_dos/practica3prueba2/microblaze_0/standalone_microblaze_0/bsp/system.mss|system||

TRACE::2024-11-25.16:26:27::SCWMssOS::Sw design exists and opened at  D:/SE/Vitis/practica_tres_prueba_dos/practica3prueba2/microblaze_0/standalone_microblaze_0/bsp/system.mss
TRACE::2024-11-25.16:26:27::SCWPlatform::Trying to open the hw design at D:/SE/Vitis/practica_tres_prueba_dos/practica3prueba2/hw/practica3prueba2.xsa
TRACE::2024-11-25.16:26:27::SCWPlatform::DSA given D:/SE/Vitis/practica_tres_prueba_dos/practica3prueba2/hw/practica3prueba2.xsa
TRACE::2024-11-25.16:26:27::SCWPlatform::DSA absoulate path D:/SE/Vitis/practica_tres_prueba_dos/practica3prueba2/hw/practica3prueba2.xsa
TRACE::2024-11-25.16:26:27::SCWPlatform::DSA directory D:/SE/Vitis/practica_tres_prueba_dos/practica3prueba2/hw
TRACE::2024-11-25.16:26:27::SCWPlatform:: Platform Path D:/SE/Vitis/practica_tres_prueba_dos/practica3prueba2/hw/practica3prueba2.xsa
TRACE::2024-11-25.16:26:27::SCWPlatform:: Unique name xilinx:basys3::0.0
TRACE::2024-11-25.16:26:27::SCWPlatform::Trying to set the existing hwdb with name design_1_wrapper_0
TRACE::2024-11-25.16:26:27::SCWPlatform::Opened existing hwdb design_1_wrapper_0
TRACE::2024-11-25.16:26:27::SCWPlatform::Found the Hw Db part of the input DSA
TRACE::2024-11-25.16:26:27::SCWMssOS::Checking the sw design at  D:/SE/Vitis/practica_tres_prueba_dos/practica3prueba2/microblaze_0/standalone_microblaze_0/bsp/system.mss
TRACE::2024-11-25.16:26:27::SCWMssOS::DEBUG:  swdes dump  D:/SE/Vitis/practica_tres_prueba_dos/practica3prueba2/microblaze_0/standalone_microblaze_0/bsp/system.mss|system||

TRACE::2024-11-25.16:26:27::SCWMssOS::Sw design exists and opened at  D:/SE/Vitis/practica_tres_prueba_dos/practica3prueba2/microblaze_0/standalone_microblaze_0/bsp/system.mss
TRACE::2024-11-25.16:26:27::SCWPlatform::Trying to open the hw design at D:/SE/Vitis/practica_tres_prueba_dos/practica3prueba2/hw/practica3prueba2.xsa
TRACE::2024-11-25.16:26:27::SCWPlatform::DSA given D:/SE/Vitis/practica_tres_prueba_dos/practica3prueba2/hw/practica3prueba2.xsa
TRACE::2024-11-25.16:26:27::SCWPlatform::DSA absoulate path D:/SE/Vitis/practica_tres_prueba_dos/practica3prueba2/hw/practica3prueba2.xsa
TRACE::2024-11-25.16:26:27::SCWPlatform::DSA directory D:/SE/Vitis/practica_tres_prueba_dos/practica3prueba2/hw
TRACE::2024-11-25.16:26:27::SCWPlatform:: Platform Path D:/SE/Vitis/practica_tres_prueba_dos/practica3prueba2/hw/practica3prueba2.xsa
TRACE::2024-11-25.16:26:27::SCWPlatform:: Unique name xilinx:basys3::0.0
TRACE::2024-11-25.16:26:27::SCWPlatform::Trying to set the existing hwdb with name design_1_wrapper_0
TRACE::2024-11-25.16:26:27::SCWPlatform::Opened existing hwdb design_1_wrapper_0
TRACE::2024-11-25.16:26:27::SCWPlatform::Found the Hw Db part of the input DSA
TRACE::2024-11-25.16:26:27::SCWMssOS::Checking the sw design at  D:/SE/Vitis/practica_tres_prueba_dos/practica3prueba2/microblaze_0/standalone_microblaze_0/bsp/system.mss
TRACE::2024-11-25.16:26:27::SCWMssOS::DEBUG:  swdes dump  D:/SE/Vitis/practica_tres_prueba_dos/practica3prueba2/microblaze_0/standalone_microblaze_0/bsp/system.mss|system||

TRACE::2024-11-25.16:26:27::SCWMssOS::Sw design exists and opened at  D:/SE/Vitis/practica_tres_prueba_dos/practica3prueba2/microblaze_0/standalone_microblaze_0/bsp/system.mss
TRACE::2024-11-25.16:26:27::SCWWriter::formatted JSON is {
	"platformName":	"practica3prueba2",
	"sprVersion":	"2.0",
	"mode":	"gui",
	"dsaType":	"Fixed",
	"platformDesc":	"practica3prueba2",
	"platHandOff":	"D:/SE/Vivado/practica3/practica3prueba2.xsa",
	"platIntHandOff":	"<platformDir>/hw/practica3prueba2.xsa",
	"deviceType":	"FPGA",
	"platIsPrebuiltAutogen":	"false",
	"platIsNoBootBsp":	"false",
	"hasFsblMakeHasChanges":	"false",
	"hasPmufwMakeHasChanges":	"false",
	"platPreBuiltFlag":	false,
	"platformSamplesDir":	"",
	"platActiveSys":	"practica3prueba2",
	"systems":	[{
			"systemName":	"practica3prueba2",
			"systemDesc":	"practica3prueba2",
			"sysIsBootAutoGen":	"true",
			"systemDispName":	"practica3prueba2",
			"sysActiveDom":	"standalone_microblaze_0",
			"sysDefaultDom":	"standalone_microblaze_0",
			"domains":	[{
					"domainName":	"standalone_microblaze_0",
					"domainDispName":	"standalone_microblaze_0",
					"domainDesc":	"standalone_microblaze_0",
					"processors":	"microblaze_0",
					"os":	"standalone",
					"sdxOs":	"standalone",
					"debugEnable":	"False",
					"domRuntimes":	["cpp"],
					"swRepo":	"",
					"mssOsVer":	"8.1",
					"mssFile":	"",
					"md5Digest":	"11de16e754819d4bdb68d0f3d7f7af54",
					"compatibleApp":	"peripheral_tests",
					"domType":	"mssDomain",
					"arch":	"32-bit",
					"appSettings":	{
						"appCompilerFlags":	"",
						"appLinkerFlags":	""
					},
					"addedLibs":	[],
					"libOptions":	{
						"libsContainingOptions":	[]
					},
					"prebuiltLibs":	{
						"prebuiltIncPath":	[],
						"prebuiltLibPath":	[]
					},
					"isolation":	{
					}
				}]
		}]
}
LOG::2024-11-25.16:26:27::SCWPlatform::Started generating the artifacts platform practica3prueba2
TRACE::2024-11-25.16:26:27::SCWPlatform::Sanity checking of platform is completed
LOG::2024-11-25.16:26:27::SCWPlatform::Started generating the artifacts for system configuration practica3prueba2
LOG::2024-11-25.16:26:27::SCWSystem::Checking the domain standalone_microblaze_0
LOG::2024-11-25.16:26:27::SCWSystem::Not a boot domain 
LOG::2024-11-25.16:26:28::SCWSystem::Started Processing the domain standalone_microblaze_0
TRACE::2024-11-25.16:26:28::SCWDomain::Generating domain artifcats
TRACE::2024-11-25.16:26:28::SCWMssOS::Generating standalone artifcats
TRACE::2024-11-25.16:26:28::SCWMssOS:: Copying the user libraries. 
TRACE::2024-11-25.16:26:28::SCWPlatform::Trying to open the hw design at D:/SE/Vitis/practica_tres_prueba_dos/practica3prueba2/hw/practica3prueba2.xsa
TRACE::2024-11-25.16:26:28::SCWPlatform::DSA given D:/SE/Vitis/practica_tres_prueba_dos/practica3prueba2/hw/practica3prueba2.xsa
TRACE::2024-11-25.16:26:28::SCWPlatform::DSA absoulate path D:/SE/Vitis/practica_tres_prueba_dos/practica3prueba2/hw/practica3prueba2.xsa
TRACE::2024-11-25.16:26:28::SCWPlatform::DSA directory D:/SE/Vitis/practica_tres_prueba_dos/practica3prueba2/hw
TRACE::2024-11-25.16:26:28::SCWPlatform:: Platform Path D:/SE/Vitis/practica_tres_prueba_dos/practica3prueba2/hw/practica3prueba2.xsa
TRACE::2024-11-25.16:26:28::SCWPlatform:: Unique name xilinx:basys3::0.0
TRACE::2024-11-25.16:26:28::SCWPlatform::Trying to set the existing hwdb with name design_1_wrapper_0
TRACE::2024-11-25.16:26:28::SCWPlatform::Opened existing hwdb design_1_wrapper_0
TRACE::2024-11-25.16:26:28::SCWPlatform::Found the Hw Db part of the input DSA
TRACE::2024-11-25.16:26:28::SCWMssOS::Checking the sw design at  D:/SE/Vitis/practica_tres_prueba_dos/practica3prueba2/microblaze_0/standalone_microblaze_0/bsp/system.mss
TRACE::2024-11-25.16:26:28::SCWMssOS::DEBUG:  swdes dump  D:/SE/Vitis/practica_tres_prueba_dos/practica3prueba2/microblaze_0/standalone_microblaze_0/bsp/system.mss|system||

TRACE::2024-11-25.16:26:28::SCWMssOS::Sw design exists and opened at  D:/SE/Vitis/practica_tres_prueba_dos/practica3prueba2/microblaze_0/standalone_microblaze_0/bsp/system.mss
TRACE::2024-11-25.16:26:28::SCWMssOS::Completed writing the mss file at D:/SE/Vitis/practica_tres_prueba_dos/practica3prueba2/microblaze_0/standalone_microblaze_0/bsp
TRACE::2024-11-25.16:26:28::SCWMssOS::Mss edits present, copying mssfile into export location D:/SE/Vitis/practica_tres_prueba_dos/practica3prueba2/microblaze_0/standalone_microblaze_0/bsp/system.mss
TRACE::2024-11-25.16:26:28::SCWMssOS::bsp generated is upto date with the mss file. Skipping bsp generation.
TRACE::2024-11-25.16:26:28::SCWMssOS::BSP is already built. skipping the bsp build ... 
TRACE::2024-11-25.16:26:28::SCWDomain::Skipping the build for domain :  standalone_microblaze_0
TRACE::2024-11-25.16:26:28::SCWMssOS::skipping the bsp build ... 
TRACE::2024-11-25.16:26:28::SCWMssOS::Copying to export directory.
TRACE::2024-11-25.16:26:29::SCWMssOS:: Checking if to create the Supporting Applications
TRACE::2024-11-25.16:26:29::SCWMssOS:: No Linux domain exists, trying to generate FSBL 
LOG::2024-11-25.16:26:29::SCWSystem::Completed Processing the domain standalone_microblaze_0
LOG::2024-11-25.16:26:29::SCWSystem::Completed Processing the sysconfig practica3prueba2
LOG::2024-11-25.16:26:29::SCWPlatform::Completed generating the artifacts for system configuration practica3prueba2
TRACE::2024-11-25.16:26:29::SCWPlatform::Started preparing the platform 
TRACE::2024-11-25.16:26:29::SCWSystem::Writing the bif file for system config practica3prueba2
TRACE::2024-11-25.16:26:29::SCWSystem::dir created 
TRACE::2024-11-25.16:26:29::SCWSystem::Writing the bif 
TRACE::2024-11-25.16:26:30::SCWPlatform::Started writing the spfm file 
TRACE::2024-11-25.16:26:30::SCWPlatform::Started writing the xpfm file 
TRACE::2024-11-25.16:26:30::SCWPlatform::Completed generating the platform
TRACE::2024-11-25.16:26:30::SCWMssOS::Saving the mss changes D:/SE/Vitis/practica_tres_prueba_dos/practica3prueba2/microblaze_0/standalone_microblaze_0/bsp/system.mss
TRACE::2024-11-25.16:26:30::SCWMssOS::Found a swdesign opened with the mssfile.
TRACE::2024-11-25.16:26:30::SCWMssOS::Completed writemss as part of save.
TRACE::2024-11-25.16:26:30::SCWMssOS::Commit changes completed.
TRACE::2024-11-25.16:26:31::SCWPlatform::Trying to open the hw design at D:/SE/Vitis/practica_tres_prueba_dos/practica3prueba2/hw/practica3prueba2.xsa
TRACE::2024-11-25.16:26:31::SCWPlatform::DSA given D:/SE/Vitis/practica_tres_prueba_dos/practica3prueba2/hw/practica3prueba2.xsa
TRACE::2024-11-25.16:26:31::SCWPlatform::DSA absoulate path D:/SE/Vitis/practica_tres_prueba_dos/practica3prueba2/hw/practica3prueba2.xsa
TRACE::2024-11-25.16:26:31::SCWPlatform::DSA directory D:/SE/Vitis/practica_tres_prueba_dos/practica3prueba2/hw
TRACE::2024-11-25.16:26:31::SCWPlatform:: Platform Path D:/SE/Vitis/practica_tres_prueba_dos/practica3prueba2/hw/practica3prueba2.xsa
TRACE::2024-11-25.16:26:31::SCWPlatform:: Unique name xilinx:basys3::0.0
TRACE::2024-11-25.16:26:31::SCWPlatform::Trying to set the existing hwdb with name design_1_wrapper_0
TRACE::2024-11-25.16:26:31::SCWPlatform::Opened existing hwdb design_1_wrapper_0
TRACE::2024-11-25.16:26:31::SCWPlatform::Found the Hw Db part of the input DSA
TRACE::2024-11-25.16:26:31::SCWMssOS::Checking the sw design at  D:/SE/Vitis/practica_tres_prueba_dos/practica3prueba2/microblaze_0/standalone_microblaze_0/bsp/system.mss
TRACE::2024-11-25.16:26:31::SCWMssOS::DEBUG:  swdes dump  D:/SE/Vitis/practica_tres_prueba_dos/practica3prueba2/microblaze_0/standalone_microblaze_0/bsp/system.mss|system||

TRACE::2024-11-25.16:26:31::SCWMssOS::Sw design exists and opened at  D:/SE/Vitis/practica_tres_prueba_dos/practica3prueba2/microblaze_0/standalone_microblaze_0/bsp/system.mss
TRACE::2024-11-25.16:26:31::SCWPlatform::Trying to open the hw design at D:/SE/Vitis/practica_tres_prueba_dos/practica3prueba2/hw/practica3prueba2.xsa
TRACE::2024-11-25.16:26:31::SCWPlatform::DSA given D:/SE/Vitis/practica_tres_prueba_dos/practica3prueba2/hw/practica3prueba2.xsa
TRACE::2024-11-25.16:26:31::SCWPlatform::DSA absoulate path D:/SE/Vitis/practica_tres_prueba_dos/practica3prueba2/hw/practica3prueba2.xsa
TRACE::2024-11-25.16:26:31::SCWPlatform::DSA directory D:/SE/Vitis/practica_tres_prueba_dos/practica3prueba2/hw
TRACE::2024-11-25.16:26:31::SCWPlatform:: Platform Path D:/SE/Vitis/practica_tres_prueba_dos/practica3prueba2/hw/practica3prueba2.xsa
TRACE::2024-11-25.16:26:32::SCWPlatform:: Unique name xilinx:basys3::0.0
TRACE::2024-11-25.16:26:32::SCWPlatform::Trying to set the existing hwdb with name design_1_wrapper_0
TRACE::2024-11-25.16:26:32::SCWPlatform::Opened existing hwdb design_1_wrapper_0
TRACE::2024-11-25.16:26:32::SCWPlatform::Found the Hw Db part of the input DSA
TRACE::2024-11-25.16:26:32::SCWMssOS::Checking the sw design at  D:/SE/Vitis/practica_tres_prueba_dos/practica3prueba2/microblaze_0/standalone_microblaze_0/bsp/system.mss
TRACE::2024-11-25.16:26:32::SCWMssOS::DEBUG:  swdes dump  D:/SE/Vitis/practica_tres_prueba_dos/practica3prueba2/microblaze_0/standalone_microblaze_0/bsp/system.mss|system||

TRACE::2024-11-25.16:26:32::SCWMssOS::Sw design exists and opened at  D:/SE/Vitis/practica_tres_prueba_dos/practica3prueba2/microblaze_0/standalone_microblaze_0/bsp/system.mss
TRACE::2024-11-25.16:26:32::SCWPlatform::Trying to open the hw design at D:/SE/Vitis/practica_tres_prueba_dos/practica3prueba2/hw/practica3prueba2.xsa
TRACE::2024-11-25.16:26:32::SCWPlatform::DSA given D:/SE/Vitis/practica_tres_prueba_dos/practica3prueba2/hw/practica3prueba2.xsa
TRACE::2024-11-25.16:26:32::SCWPlatform::DSA absoulate path D:/SE/Vitis/practica_tres_prueba_dos/practica3prueba2/hw/practica3prueba2.xsa
TRACE::2024-11-25.16:26:32::SCWPlatform::DSA directory D:/SE/Vitis/practica_tres_prueba_dos/practica3prueba2/hw
TRACE::2024-11-25.16:26:32::SCWPlatform:: Platform Path D:/SE/Vitis/practica_tres_prueba_dos/practica3prueba2/hw/practica3prueba2.xsa
TRACE::2024-11-25.16:26:32::SCWPlatform:: Unique name xilinx:basys3::0.0
TRACE::2024-11-25.16:26:32::SCWPlatform::Trying to set the existing hwdb with name design_1_wrapper_0
TRACE::2024-11-25.16:26:32::SCWPlatform::Opened existing hwdb design_1_wrapper_0
TRACE::2024-11-25.16:26:32::SCWPlatform::Found the Hw Db part of the input DSA
TRACE::2024-11-25.16:26:32::SCWMssOS::Checking the sw design at  D:/SE/Vitis/practica_tres_prueba_dos/practica3prueba2/microblaze_0/standalone_microblaze_0/bsp/system.mss
TRACE::2024-11-25.16:26:33::SCWMssOS::DEBUG:  swdes dump  D:/SE/Vitis/practica_tres_prueba_dos/practica3prueba2/microblaze_0/standalone_microblaze_0/bsp/system.mss|system||

TRACE::2024-11-25.16:26:33::SCWMssOS::Sw design exists and opened at  D:/SE/Vitis/practica_tres_prueba_dos/practica3prueba2/microblaze_0/standalone_microblaze_0/bsp/system.mss
TRACE::2024-11-25.16:26:33::SCWWriter::formatted JSON is {
	"platformName":	"practica3prueba2",
	"sprVersion":	"2.0",
	"mode":	"gui",
	"dsaType":	"Fixed",
	"platformDesc":	"practica3prueba2",
	"platHandOff":	"D:/SE/Vivado/practica3/practica3prueba2.xsa",
	"platIntHandOff":	"<platformDir>/hw/practica3prueba2.xsa",
	"deviceType":	"FPGA",
	"platIsPrebuiltAutogen":	"false",
	"platIsNoBootBsp":	"false",
	"hasFsblMakeHasChanges":	"false",
	"hasPmufwMakeHasChanges":	"false",
	"platPreBuiltFlag":	false,
	"platformSamplesDir":	"",
	"platActiveSys":	"practica3prueba2",
	"systems":	[{
			"systemName":	"practica3prueba2",
			"systemDesc":	"practica3prueba2",
			"sysIsBootAutoGen":	"true",
			"systemDispName":	"practica3prueba2",
			"sysActiveDom":	"standalone_microblaze_0",
			"sysDefaultDom":	"standalone_microblaze_0",
			"domains":	[{
					"domainName":	"standalone_microblaze_0",
					"domainDispName":	"standalone_microblaze_0",
					"domainDesc":	"standalone_microblaze_0",
					"processors":	"microblaze_0",
					"os":	"standalone",
					"sdxOs":	"standalone",
					"debugEnable":	"False",
					"domRuntimes":	["cpp"],
					"swRepo":	"",
					"mssOsVer":	"8.1",
					"mssFile":	"",
					"md5Digest":	"11de16e754819d4bdb68d0f3d7f7af54",
					"compatibleApp":	"peripheral_tests",
					"domType":	"mssDomain",
					"arch":	"32-bit",
					"appSettings":	{
						"appCompilerFlags":	"",
						"appLinkerFlags":	""
					},
					"addedLibs":	[],
					"libOptions":	{
						"libsContainingOptions":	[]
					},
					"prebuiltLibs":	{
						"prebuiltIncPath":	[],
						"prebuiltLibPath":	[]
					},
					"isolation":	{
					}
				}]
		}]
}
KEYINFO::2024-11-25.16:26:33::SCWPlatform::updated the xpfm file.
TRACE::2024-11-25.16:26:33::SCWPlatform::Trying to open the hw design at D:/SE/Vitis/practica_tres_prueba_dos/practica3prueba2/hw/practica3prueba2.xsa
TRACE::2024-11-25.16:26:33::SCWPlatform::DSA given D:/SE/Vitis/practica_tres_prueba_dos/practica3prueba2/hw/practica3prueba2.xsa
TRACE::2024-11-25.16:26:34::SCWPlatform::DSA absoulate path D:/SE/Vitis/practica_tres_prueba_dos/practica3prueba2/hw/practica3prueba2.xsa
TRACE::2024-11-25.16:26:34::SCWPlatform::DSA directory D:/SE/Vitis/practica_tres_prueba_dos/practica3prueba2/hw
TRACE::2024-11-25.16:26:34::SCWPlatform:: Platform Path D:/SE/Vitis/practica_tres_prueba_dos/practica3prueba2/hw/practica3prueba2.xsa
TRACE::2024-11-25.16:26:34::SCWPlatform:: Unique name xilinx:basys3::0.0
TRACE::2024-11-25.16:26:34::SCWPlatform::Trying to set the existing hwdb with name design_1_wrapper_0
TRACE::2024-11-25.16:26:34::SCWPlatform::Opened existing hwdb design_1_wrapper_0
TRACE::2024-11-25.16:26:34::SCWPlatform::Found the Hw Db part of the input DSA
TRACE::2024-11-25.16:26:34::SCWMssOS::Checking the sw design at  D:/SE/Vitis/practica_tres_prueba_dos/practica3prueba2/microblaze_0/standalone_microblaze_0/bsp/system.mss
TRACE::2024-11-25.16:26:34::SCWMssOS::DEBUG:  swdes dump  D:/SE/Vitis/practica_tres_prueba_dos/practica3prueba2/microblaze_0/standalone_microblaze_0/bsp/system.mss|system||

TRACE::2024-11-25.16:26:34::SCWMssOS::Sw design exists and opened at  D:/SE/Vitis/practica_tres_prueba_dos/practica3prueba2/microblaze_0/standalone_microblaze_0/bsp/system.mss
TRACE::2024-11-25.16:26:34::SCWMssOS::Saving the mss changes D:/SE/Vitis/practica_tres_prueba_dos/practica3prueba2/microblaze_0/standalone_microblaze_0/bsp/system.mss
TRACE::2024-11-25.16:26:34::SCWMssOS::Found a swdesign opened with the mssfile.
TRACE::2024-11-25.16:26:34::SCWMssOS::Completed writemss as part of save.
TRACE::2024-11-25.16:26:34::SCWMssOS::Commit changes completed.
TRACE::2024-11-25.16:26:34::SCWPlatform::Trying to open the hw design at D:/SE/Vitis/practica_tres_prueba_dos/practica3prueba2/hw/practica3prueba2.xsa
TRACE::2024-11-25.16:26:35::SCWPlatform::DSA given D:/SE/Vitis/practica_tres_prueba_dos/practica3prueba2/hw/practica3prueba2.xsa
TRACE::2024-11-25.16:26:35::SCWPlatform::DSA absoulate path D:/SE/Vitis/practica_tres_prueba_dos/practica3prueba2/hw/practica3prueba2.xsa
TRACE::2024-11-25.16:26:35::SCWPlatform::DSA directory D:/SE/Vitis/practica_tres_prueba_dos/practica3prueba2/hw
TRACE::2024-11-25.16:26:35::SCWPlatform:: Platform Path D:/SE/Vitis/practica_tres_prueba_dos/practica3prueba2/hw/practica3prueba2.xsa
TRACE::2024-11-25.16:26:35::SCWPlatform:: Unique name xilinx:basys3::0.0
TRACE::2024-11-25.16:26:35::SCWPlatform::Trying to set the existing hwdb with name design_1_wrapper_0
TRACE::2024-11-25.16:26:35::SCWPlatform::Opened existing hwdb design_1_wrapper_0
TRACE::2024-11-25.16:26:35::SCWPlatform::Found the Hw Db part of the input DSA
TRACE::2024-11-25.16:26:35::SCWMssOS::Checking the sw design at  D:/SE/Vitis/practica_tres_prueba_dos/practica3prueba2/microblaze_0/standalone_microblaze_0/bsp/system.mss
TRACE::2024-11-25.16:26:35::SCWMssOS::DEBUG:  swdes dump  D:/SE/Vitis/practica_tres_prueba_dos/practica3prueba2/microblaze_0/standalone_microblaze_0/bsp/system.mss|system||

TRACE::2024-11-25.16:26:35::SCWMssOS::Sw design exists and opened at  D:/SE/Vitis/practica_tres_prueba_dos/practica3prueba2/microblaze_0/standalone_microblaze_0/bsp/system.mss
TRACE::2024-11-25.16:26:35::SCWPlatform::Trying to open the hw design at D:/SE/Vitis/practica_tres_prueba_dos/practica3prueba2/hw/practica3prueba2.xsa
TRACE::2024-11-25.16:26:35::SCWPlatform::DSA given D:/SE/Vitis/practica_tres_prueba_dos/practica3prueba2/hw/practica3prueba2.xsa
TRACE::2024-11-25.16:26:35::SCWPlatform::DSA absoulate path D:/SE/Vitis/practica_tres_prueba_dos/practica3prueba2/hw/practica3prueba2.xsa
TRACE::2024-11-25.16:26:35::SCWPlatform::DSA directory D:/SE/Vitis/practica_tres_prueba_dos/practica3prueba2/hw
TRACE::2024-11-25.16:26:35::SCWPlatform:: Platform Path D:/SE/Vitis/practica_tres_prueba_dos/practica3prueba2/hw/practica3prueba2.xsa
TRACE::2024-11-25.16:26:35::SCWPlatform:: Unique name xilinx:basys3::0.0
TRACE::2024-11-25.16:26:36::SCWPlatform::Trying to set the existing hwdb with name design_1_wrapper_0
TRACE::2024-11-25.16:26:36::SCWPlatform::Opened existing hwdb design_1_wrapper_0
TRACE::2024-11-25.16:26:36::SCWPlatform::Found the Hw Db part of the input DSA
TRACE::2024-11-25.16:26:36::SCWMssOS::Checking the sw design at  D:/SE/Vitis/practica_tres_prueba_dos/practica3prueba2/microblaze_0/standalone_microblaze_0/bsp/system.mss
TRACE::2024-11-25.16:26:36::SCWMssOS::DEBUG:  swdes dump  D:/SE/Vitis/practica_tres_prueba_dos/practica3prueba2/microblaze_0/standalone_microblaze_0/bsp/system.mss|system||

TRACE::2024-11-25.16:26:36::SCWMssOS::Sw design exists and opened at  D:/SE/Vitis/practica_tres_prueba_dos/practica3prueba2/microblaze_0/standalone_microblaze_0/bsp/system.mss
TRACE::2024-11-25.16:26:36::SCWPlatform::Trying to open the hw design at D:/SE/Vitis/practica_tres_prueba_dos/practica3prueba2/hw/practica3prueba2.xsa
TRACE::2024-11-25.16:26:36::SCWPlatform::DSA given D:/SE/Vitis/practica_tres_prueba_dos/practica3prueba2/hw/practica3prueba2.xsa
TRACE::2024-11-25.16:26:36::SCWPlatform::DSA absoulate path D:/SE/Vitis/practica_tres_prueba_dos/practica3prueba2/hw/practica3prueba2.xsa
TRACE::2024-11-25.16:26:36::SCWPlatform::DSA directory D:/SE/Vitis/practica_tres_prueba_dos/practica3prueba2/hw
TRACE::2024-11-25.16:26:36::SCWPlatform:: Platform Path D:/SE/Vitis/practica_tres_prueba_dos/practica3prueba2/hw/practica3prueba2.xsa
TRACE::2024-11-25.16:26:36::SCWPlatform:: Unique name xilinx:basys3::0.0
TRACE::2024-11-25.16:26:36::SCWPlatform::Trying to set the existing hwdb with name design_1_wrapper_0
TRACE::2024-11-25.16:26:36::SCWPlatform::Opened existing hwdb design_1_wrapper_0
TRACE::2024-11-25.16:26:36::SCWPlatform::Found the Hw Db part of the input DSA
TRACE::2024-11-25.16:26:36::SCWMssOS::Checking the sw design at  D:/SE/Vitis/practica_tres_prueba_dos/practica3prueba2/microblaze_0/standalone_microblaze_0/bsp/system.mss
TRACE::2024-11-25.16:26:36::SCWMssOS::DEBUG:  swdes dump  D:/SE/Vitis/practica_tres_prueba_dos/practica3prueba2/microblaze_0/standalone_microblaze_0/bsp/system.mss|system||

TRACE::2024-11-25.16:26:36::SCWMssOS::Sw design exists and opened at  D:/SE/Vitis/practica_tres_prueba_dos/practica3prueba2/microblaze_0/standalone_microblaze_0/bsp/system.mss
TRACE::2024-11-25.16:26:37::SCWWriter::formatted JSON is {
	"platformName":	"practica3prueba2",
	"sprVersion":	"2.0",
	"mode":	"gui",
	"dsaType":	"Fixed",
	"platformDesc":	"practica3prueba2",
	"platHandOff":	"D:/SE/Vivado/practica3/practica3prueba2.xsa",
	"platIntHandOff":	"<platformDir>/hw/practica3prueba2.xsa",
	"deviceType":	"FPGA",
	"platIsPrebuiltAutogen":	"false",
	"platIsNoBootBsp":	"false",
	"hasFsblMakeHasChanges":	"false",
	"hasPmufwMakeHasChanges":	"false",
	"platPreBuiltFlag":	false,
	"platformSamplesDir":	"",
	"platActiveSys":	"practica3prueba2",
	"systems":	[{
			"systemName":	"practica3prueba2",
			"systemDesc":	"practica3prueba2",
			"sysIsBootAutoGen":	"true",
			"systemDispName":	"practica3prueba2",
			"sysActiveDom":	"standalone_microblaze_0",
			"sysDefaultDom":	"standalone_microblaze_0",
			"domains":	[{
					"domainName":	"standalone_microblaze_0",
					"domainDispName":	"standalone_microblaze_0",
					"domainDesc":	"standalone_microblaze_0",
					"processors":	"microblaze_0",
					"os":	"standalone",
					"sdxOs":	"standalone",
					"debugEnable":	"False",
					"domRuntimes":	["cpp"],
					"swRepo":	"",
					"mssOsVer":	"8.1",
					"mssFile":	"",
					"md5Digest":	"11de16e754819d4bdb68d0f3d7f7af54",
					"compatibleApp":	"peripheral_tests",
					"domType":	"mssDomain",
					"arch":	"32-bit",
					"appSettings":	{
						"appCompilerFlags":	"",
						"appLinkerFlags":	""
					},
					"addedLibs":	[],
					"libOptions":	{
						"libsContainingOptions":	[]
					},
					"prebuiltLibs":	{
						"prebuiltIncPath":	[],
						"prebuiltLibPath":	[]
					},
					"isolation":	{
					}
				}]
		}]
}
TRACE::2024-11-25.16:26:37::SCWPlatform::Trying to open the hw design at D:/SE/Vitis/practica_tres_prueba_dos/practica3prueba2/hw/practica3prueba2.xsa
TRACE::2024-11-25.16:26:37::SCWPlatform::DSA given D:/SE/Vitis/practica_tres_prueba_dos/practica3prueba2/hw/practica3prueba2.xsa
TRACE::2024-11-25.16:26:37::SCWPlatform::DSA absoulate path D:/SE/Vitis/practica_tres_prueba_dos/practica3prueba2/hw/practica3prueba2.xsa
TRACE::2024-11-25.16:26:37::SCWPlatform::DSA directory D:/SE/Vitis/practica_tres_prueba_dos/practica3prueba2/hw
TRACE::2024-11-25.16:26:37::SCWPlatform:: Platform Path D:/SE/Vitis/practica_tres_prueba_dos/practica3prueba2/hw/practica3prueba2.xsa
TRACE::2024-11-25.16:26:37::SCWPlatform:: Unique name xilinx:basys3::0.0
TRACE::2024-11-25.16:26:37::SCWPlatform::Trying to set the existing hwdb with name design_1_wrapper_0
TRACE::2024-11-25.16:26:37::SCWPlatform::Opened existing hwdb design_1_wrapper_0
TRACE::2024-11-25.16:26:37::SCWPlatform::Found the Hw Db part of the input DSA
TRACE::2024-11-25.16:26:37::SCWMssOS::Checking the sw design at  D:/SE/Vitis/practica_tres_prueba_dos/practica3prueba2/microblaze_0/standalone_microblaze_0/bsp/system.mss
TRACE::2024-11-25.16:26:37::SCWMssOS::DEBUG:  swdes dump  D:/SE/Vitis/practica_tres_prueba_dos/practica3prueba2/microblaze_0/standalone_microblaze_0/bsp/system.mss|system||

TRACE::2024-11-25.16:26:37::SCWMssOS::Sw design exists and opened at  D:/SE/Vitis/practica_tres_prueba_dos/practica3prueba2/microblaze_0/standalone_microblaze_0/bsp/system.mss
TRACE::2024-11-25.16:26:37::SCWPlatform::Trying to open the hw design at D:/SE/Vitis/practica_tres_prueba_dos/practica3prueba2/hw/practica3prueba2.xsa
TRACE::2024-11-25.16:26:37::SCWPlatform::DSA given D:/SE/Vitis/practica_tres_prueba_dos/practica3prueba2/hw/practica3prueba2.xsa
TRACE::2024-11-25.16:26:38::SCWPlatform::DSA absoulate path D:/SE/Vitis/practica_tres_prueba_dos/practica3prueba2/hw/practica3prueba2.xsa
TRACE::2024-11-25.16:26:38::SCWPlatform::DSA directory D:/SE/Vitis/practica_tres_prueba_dos/practica3prueba2/hw
TRACE::2024-11-25.16:26:38::SCWPlatform:: Platform Path D:/SE/Vitis/practica_tres_prueba_dos/practica3prueba2/hw/practica3prueba2.xsa
TRACE::2024-11-25.16:26:38::SCWPlatform:: Unique name xilinx:basys3::0.0
TRACE::2024-11-25.16:26:38::SCWPlatform::Trying to set the existing hwdb with name design_1_wrapper_0
TRACE::2024-11-25.16:26:38::SCWPlatform::Opened existing hwdb design_1_wrapper_0
TRACE::2024-11-25.16:26:38::SCWPlatform::Found the Hw Db part of the input DSA
TRACE::2024-11-25.16:26:38::SCWMssOS::Checking the sw design at  D:/SE/Vitis/practica_tres_prueba_dos/practica3prueba2/microblaze_0/standalone_microblaze_0/bsp/system.mss
TRACE::2024-11-25.16:26:38::SCWMssOS::DEBUG:  swdes dump  D:/SE/Vitis/practica_tres_prueba_dos/practica3prueba2/microblaze_0/standalone_microblaze_0/bsp/system.mss|system||

TRACE::2024-11-25.16:26:38::SCWMssOS::Sw design exists and opened at  D:/SE/Vitis/practica_tres_prueba_dos/practica3prueba2/microblaze_0/standalone_microblaze_0/bsp/system.mss
TRACE::2024-11-25.16:26:38::SCWMssOS::Saving the mss changes D:/SE/Vitis/practica_tres_prueba_dos/practica3prueba2/microblaze_0/standalone_microblaze_0/bsp/system.mss
TRACE::2024-11-25.16:26:38::SCWMssOS::Found a swdesign opened with the mssfile.
TRACE::2024-11-25.16:26:38::SCWMssOS::Completed writemss as part of save.
TRACE::2024-11-25.16:26:39::SCWMssOS::Commit changes completed.
TRACE::2024-11-25.16:26:39::SCWPlatform::Trying to open the hw design at D:/SE/Vitis/practica_tres_prueba_dos/practica3prueba2/hw/practica3prueba2.xsa
TRACE::2024-11-25.16:26:39::SCWPlatform::DSA given D:/SE/Vitis/practica_tres_prueba_dos/practica3prueba2/hw/practica3prueba2.xsa
TRACE::2024-11-25.16:26:39::SCWPlatform::DSA absoulate path D:/SE/Vitis/practica_tres_prueba_dos/practica3prueba2/hw/practica3prueba2.xsa
TRACE::2024-11-25.16:26:39::SCWPlatform::DSA directory D:/SE/Vitis/practica_tres_prueba_dos/practica3prueba2/hw
TRACE::2024-11-25.16:26:39::SCWPlatform:: Platform Path D:/SE/Vitis/practica_tres_prueba_dos/practica3prueba2/hw/practica3prueba2.xsa
TRACE::2024-11-25.16:26:39::SCWPlatform:: Unique name xilinx:basys3::0.0
TRACE::2024-11-25.16:26:39::SCWPlatform::Trying to set the existing hwdb with name design_1_wrapper_0
TRACE::2024-11-25.16:26:39::SCWPlatform::Opened existing hwdb design_1_wrapper_0
TRACE::2024-11-25.16:26:39::SCWPlatform::Found the Hw Db part of the input DSA
TRACE::2024-11-25.16:26:39::SCWMssOS::Checking the sw design at  D:/SE/Vitis/practica_tres_prueba_dos/practica3prueba2/microblaze_0/standalone_microblaze_0/bsp/system.mss
TRACE::2024-11-25.16:26:39::SCWMssOS::DEBUG:  swdes dump  D:/SE/Vitis/practica_tres_prueba_dos/practica3prueba2/microblaze_0/standalone_microblaze_0/bsp/system.mss|system||

TRACE::2024-11-25.16:26:39::SCWMssOS::Sw design exists and opened at  D:/SE/Vitis/practica_tres_prueba_dos/practica3prueba2/microblaze_0/standalone_microblaze_0/bsp/system.mss
TRACE::2024-11-25.16:26:39::SCWPlatform::Trying to open the hw design at D:/SE/Vitis/practica_tres_prueba_dos/practica3prueba2/hw/practica3prueba2.xsa
TRACE::2024-11-25.16:26:39::SCWPlatform::DSA given D:/SE/Vitis/practica_tres_prueba_dos/practica3prueba2/hw/practica3prueba2.xsa
TRACE::2024-11-25.16:26:39::SCWPlatform::DSA absoulate path D:/SE/Vitis/practica_tres_prueba_dos/practica3prueba2/hw/practica3prueba2.xsa
TRACE::2024-11-25.16:26:40::SCWPlatform::DSA directory D:/SE/Vitis/practica_tres_prueba_dos/practica3prueba2/hw
TRACE::2024-11-25.16:26:40::SCWPlatform:: Platform Path D:/SE/Vitis/practica_tres_prueba_dos/practica3prueba2/hw/practica3prueba2.xsa
TRACE::2024-11-25.16:26:40::SCWPlatform:: Unique name xilinx:basys3::0.0
TRACE::2024-11-25.16:26:40::SCWPlatform::Trying to set the existing hwdb with name design_1_wrapper_0
TRACE::2024-11-25.16:26:40::SCWPlatform::Opened existing hwdb design_1_wrapper_0
TRACE::2024-11-25.16:26:40::SCWPlatform::Found the Hw Db part of the input DSA
TRACE::2024-11-25.16:26:40::SCWMssOS::Checking the sw design at  D:/SE/Vitis/practica_tres_prueba_dos/practica3prueba2/microblaze_0/standalone_microblaze_0/bsp/system.mss
TRACE::2024-11-25.16:26:40::SCWMssOS::DEBUG:  swdes dump  D:/SE/Vitis/practica_tres_prueba_dos/practica3prueba2/microblaze_0/standalone_microblaze_0/bsp/system.mss|system||

TRACE::2024-11-25.16:26:40::SCWMssOS::Sw design exists and opened at  D:/SE/Vitis/practica_tres_prueba_dos/practica3prueba2/microblaze_0/standalone_microblaze_0/bsp/system.mss
TRACE::2024-11-25.16:26:40::SCWPlatform::Trying to open the hw design at D:/SE/Vitis/practica_tres_prueba_dos/practica3prueba2/hw/practica3prueba2.xsa
TRACE::2024-11-25.16:26:40::SCWPlatform::DSA given D:/SE/Vitis/practica_tres_prueba_dos/practica3prueba2/hw/practica3prueba2.xsa
TRACE::2024-11-25.16:26:40::SCWPlatform::DSA absoulate path D:/SE/Vitis/practica_tres_prueba_dos/practica3prueba2/hw/practica3prueba2.xsa
TRACE::2024-11-25.16:26:40::SCWPlatform::DSA directory D:/SE/Vitis/practica_tres_prueba_dos/practica3prueba2/hw
TRACE::2024-11-25.16:26:40::SCWPlatform:: Platform Path D:/SE/Vitis/practica_tres_prueba_dos/practica3prueba2/hw/practica3prueba2.xsa
TRACE::2024-11-25.16:26:40::SCWPlatform:: Unique name xilinx:basys3::0.0
TRACE::2024-11-25.16:26:40::SCWPlatform::Trying to set the existing hwdb with name design_1_wrapper_0
TRACE::2024-11-25.16:26:40::SCWPlatform::Opened existing hwdb design_1_wrapper_0
TRACE::2024-11-25.16:26:41::SCWPlatform::Found the Hw Db part of the input DSA
TRACE::2024-11-25.16:26:41::SCWMssOS::Checking the sw design at  D:/SE/Vitis/practica_tres_prueba_dos/practica3prueba2/microblaze_0/standalone_microblaze_0/bsp/system.mss
TRACE::2024-11-25.16:26:41::SCWMssOS::DEBUG:  swdes dump  D:/SE/Vitis/practica_tres_prueba_dos/practica3prueba2/microblaze_0/standalone_microblaze_0/bsp/system.mss|system||

TRACE::2024-11-25.16:26:41::SCWMssOS::Sw design exists and opened at  D:/SE/Vitis/practica_tres_prueba_dos/practica3prueba2/microblaze_0/standalone_microblaze_0/bsp/system.mss
TRACE::2024-11-25.16:26:41::SCWWriter::formatted JSON is {
	"platformName":	"practica3prueba2",
	"sprVersion":	"2.0",
	"mode":	"gui",
	"dsaType":	"Fixed",
	"platformDesc":	"practica3prueba2",
	"platHandOff":	"D:/SE/Vivado/practica3/practica3prueba2.xsa",
	"platIntHandOff":	"<platformDir>/hw/practica3prueba2.xsa",
	"deviceType":	"FPGA",
	"platIsPrebuiltAutogen":	"false",
	"platIsNoBootBsp":	"false",
	"hasFsblMakeHasChanges":	"false",
	"hasPmufwMakeHasChanges":	"false",
	"platPreBuiltFlag":	false,
	"platformSamplesDir":	"",
	"platActiveSys":	"practica3prueba2",
	"systems":	[{
			"systemName":	"practica3prueba2",
			"systemDesc":	"practica3prueba2",
			"sysIsBootAutoGen":	"true",
			"systemDispName":	"practica3prueba2",
			"sysActiveDom":	"standalone_microblaze_0",
			"sysDefaultDom":	"standalone_microblaze_0",
			"domains":	[{
					"domainName":	"standalone_microblaze_0",
					"domainDispName":	"standalone_microblaze_0",
					"domainDesc":	"standalone_microblaze_0",
					"processors":	"microblaze_0",
					"os":	"standalone",
					"sdxOs":	"standalone",
					"debugEnable":	"False",
					"domRuntimes":	["cpp"],
					"swRepo":	"",
					"mssOsVer":	"8.1",
					"mssFile":	"",
					"md5Digest":	"11de16e754819d4bdb68d0f3d7f7af54",
					"compatibleApp":	"peripheral_tests",
					"domType":	"mssDomain",
					"arch":	"32-bit",
					"appSettings":	{
						"appCompilerFlags":	"",
						"appLinkerFlags":	""
					},
					"addedLibs":	[],
					"libOptions":	{
						"libsContainingOptions":	[]
					},
					"prebuiltLibs":	{
						"prebuiltIncPath":	[],
						"prebuiltLibPath":	[]
					},
					"isolation":	{
					}
				}]
		}]
}
LOG::2024-11-25.16:26:41::SCWPlatform::Started generating the artifacts platform practica3prueba2
TRACE::2024-11-25.16:26:41::SCWPlatform::Sanity checking of platform is completed
LOG::2024-11-25.16:26:42::SCWPlatform::Started generating the artifacts for system configuration practica3prueba2
LOG::2024-11-25.16:26:42::SCWSystem::Started Processing the domain standalone_microblaze_0
TRACE::2024-11-25.16:26:42::SCWDomain::Generating domain artifcats
TRACE::2024-11-25.16:26:42::SCWMssOS::Generating standalone artifcats
TRACE::2024-11-25.16:26:42::SCWMssOS:: Copying the user libraries. 
TRACE::2024-11-25.16:26:42::SCWPlatform::Trying to open the hw design at D:/SE/Vitis/practica_tres_prueba_dos/practica3prueba2/hw/practica3prueba2.xsa
TRACE::2024-11-25.16:26:42::SCWPlatform::DSA given D:/SE/Vitis/practica_tres_prueba_dos/practica3prueba2/hw/practica3prueba2.xsa
TRACE::2024-11-25.16:26:42::SCWPlatform::DSA absoulate path D:/SE/Vitis/practica_tres_prueba_dos/practica3prueba2/hw/practica3prueba2.xsa
TRACE::2024-11-25.16:26:42::SCWPlatform::DSA directory D:/SE/Vitis/practica_tres_prueba_dos/practica3prueba2/hw
TRACE::2024-11-25.16:26:42::SCWPlatform:: Platform Path D:/SE/Vitis/practica_tres_prueba_dos/practica3prueba2/hw/practica3prueba2.xsa
TRACE::2024-11-25.16:26:42::SCWPlatform:: Unique name xilinx:basys3::0.0
TRACE::2024-11-25.16:26:42::SCWPlatform::Trying to set the existing hwdb with name design_1_wrapper_0
TRACE::2024-11-25.16:26:42::SCWPlatform::Opened existing hwdb design_1_wrapper_0
TRACE::2024-11-25.16:26:42::SCWPlatform::Found the Hw Db part of the input DSA
TRACE::2024-11-25.16:26:42::SCWMssOS::Checking the sw design at  D:/SE/Vitis/practica_tres_prueba_dos/practica3prueba2/microblaze_0/standalone_microblaze_0/bsp/system.mss
TRACE::2024-11-25.16:26:42::SCWMssOS::DEBUG:  swdes dump  D:/SE/Vitis/practica_tres_prueba_dos/practica3prueba2/microblaze_0/standalone_microblaze_0/bsp/system.mss|system||

TRACE::2024-11-25.16:26:42::SCWMssOS::Sw design exists and opened at  D:/SE/Vitis/practica_tres_prueba_dos/practica3prueba2/microblaze_0/standalone_microblaze_0/bsp/system.mss
TRACE::2024-11-25.16:26:42::SCWMssOS::Completed writing the mss file at D:/SE/Vitis/practica_tres_prueba_dos/practica3prueba2/microblaze_0/standalone_microblaze_0/bsp
TRACE::2024-11-25.16:26:42::SCWMssOS::Mss edits present, copying mssfile into export location D:/SE/Vitis/practica_tres_prueba_dos/practica3prueba2/microblaze_0/standalone_microblaze_0/bsp/system.mss
TRACE::2024-11-25.16:26:42::SCWMssOS::bsp generated is upto date with the mss file. Skipping bsp generation.
TRACE::2024-11-25.16:26:42::SCWMssOS::BSP is already built. skipping the bsp build ... 
TRACE::2024-11-25.16:26:42::SCWDomain::Building the domain as part of full build :  standalone_microblaze_0
TRACE::2024-11-25.16:26:42::SCWMssOS::skipping the bsp build ... 
TRACE::2024-11-25.16:26:42::SCWMssOS::Copying to export directory.
TRACE::2024-11-25.16:26:42::SCWMssOS:: Checking if to create the Supporting Applications
TRACE::2024-11-25.16:26:42::SCWMssOS:: No Linux domain exists, trying to generate FSBL 
LOG::2024-11-25.16:26:42::SCWSystem::Completed Processing the domain standalone_microblaze_0
LOG::2024-11-25.16:26:42::SCWSystem::Completed Processing the sysconfig practica3prueba2
LOG::2024-11-25.16:26:42::SCWPlatform::Completed generating the artifacts for system configuration practica3prueba2
TRACE::2024-11-25.16:26:42::SCWPlatform::Started preparing the platform 
TRACE::2024-11-25.16:26:42::SCWSystem::Writing the bif file for system config practica3prueba2
TRACE::2024-11-25.16:26:42::SCWSystem::dir created 
TRACE::2024-11-25.16:26:42::SCWSystem::Writing the bif 
TRACE::2024-11-25.16:26:42::SCWPlatform::Started writing the spfm file 
TRACE::2024-11-25.16:26:42::SCWPlatform::Started writing the xpfm file 
TRACE::2024-11-25.16:26:42::SCWPlatform::Completed generating the platform
TRACE::2024-11-25.16:26:42::SCWMssOS::Saving the mss changes D:/SE/Vitis/practica_tres_prueba_dos/practica3prueba2/microblaze_0/standalone_microblaze_0/bsp/system.mss
TRACE::2024-11-25.16:26:42::SCWMssOS::Found a swdesign opened with the mssfile.
TRACE::2024-11-25.16:26:43::SCWMssOS::Completed writemss as part of save.
TRACE::2024-11-25.16:26:43::SCWMssOS::Commit changes completed.
TRACE::2024-11-25.16:26:43::SCWPlatform::Trying to open the hw design at D:/SE/Vitis/practica_tres_prueba_dos/practica3prueba2/hw/practica3prueba2.xsa
TRACE::2024-11-25.16:26:43::SCWPlatform::DSA given D:/SE/Vitis/practica_tres_prueba_dos/practica3prueba2/hw/practica3prueba2.xsa
TRACE::2024-11-25.16:26:43::SCWPlatform::DSA absoulate path D:/SE/Vitis/practica_tres_prueba_dos/practica3prueba2/hw/practica3prueba2.xsa
TRACE::2024-11-25.16:26:43::SCWPlatform::DSA directory D:/SE/Vitis/practica_tres_prueba_dos/practica3prueba2/hw
TRACE::2024-11-25.16:26:43::SCWPlatform:: Platform Path D:/SE/Vitis/practica_tres_prueba_dos/practica3prueba2/hw/practica3prueba2.xsa
TRACE::2024-11-25.16:26:43::SCWPlatform:: Unique name xilinx:basys3::0.0
TRACE::2024-11-25.16:26:43::SCWPlatform::Trying to set the existing hwdb with name design_1_wrapper_0
TRACE::2024-11-25.16:26:43::SCWPlatform::Opened existing hwdb design_1_wrapper_0
TRACE::2024-11-25.16:26:43::SCWPlatform::Found the Hw Db part of the input DSA
TRACE::2024-11-25.16:26:43::SCWMssOS::Checking the sw design at  D:/SE/Vitis/practica_tres_prueba_dos/practica3prueba2/microblaze_0/standalone_microblaze_0/bsp/system.mss
TRACE::2024-11-25.16:26:43::SCWMssOS::DEBUG:  swdes dump  D:/SE/Vitis/practica_tres_prueba_dos/practica3prueba2/microblaze_0/standalone_microblaze_0/bsp/system.mss|system||

TRACE::2024-11-25.16:26:43::SCWMssOS::Sw design exists and opened at  D:/SE/Vitis/practica_tres_prueba_dos/practica3prueba2/microblaze_0/standalone_microblaze_0/bsp/system.mss
TRACE::2024-11-25.16:26:43::SCWPlatform::Trying to open the hw design at D:/SE/Vitis/practica_tres_prueba_dos/practica3prueba2/hw/practica3prueba2.xsa
TRACE::2024-11-25.16:26:43::SCWPlatform::DSA given D:/SE/Vitis/practica_tres_prueba_dos/practica3prueba2/hw/practica3prueba2.xsa
TRACE::2024-11-25.16:26:43::SCWPlatform::DSA absoulate path D:/SE/Vitis/practica_tres_prueba_dos/practica3prueba2/hw/practica3prueba2.xsa
TRACE::2024-11-25.16:26:43::SCWPlatform::DSA directory D:/SE/Vitis/practica_tres_prueba_dos/practica3prueba2/hw
TRACE::2024-11-25.16:26:43::SCWPlatform:: Platform Path D:/SE/Vitis/practica_tres_prueba_dos/practica3prueba2/hw/practica3prueba2.xsa
TRACE::2024-11-25.16:26:43::SCWPlatform:: Unique name xilinx:basys3::0.0
TRACE::2024-11-25.16:26:43::SCWPlatform::Trying to set the existing hwdb with name design_1_wrapper_0
TRACE::2024-11-25.16:26:43::SCWPlatform::Opened existing hwdb design_1_wrapper_0
TRACE::2024-11-25.16:26:43::SCWPlatform::Found the Hw Db part of the input DSA
TRACE::2024-11-25.16:26:43::SCWMssOS::Checking the sw design at  D:/SE/Vitis/practica_tres_prueba_dos/practica3prueba2/microblaze_0/standalone_microblaze_0/bsp/system.mss
TRACE::2024-11-25.16:26:43::SCWMssOS::DEBUG:  swdes dump  D:/SE/Vitis/practica_tres_prueba_dos/practica3prueba2/microblaze_0/standalone_microblaze_0/bsp/system.mss|system||

TRACE::2024-11-25.16:26:43::SCWMssOS::Sw design exists and opened at  D:/SE/Vitis/practica_tres_prueba_dos/practica3prueba2/microblaze_0/standalone_microblaze_0/bsp/system.mss
TRACE::2024-11-25.16:26:43::SCWPlatform::Trying to open the hw design at D:/SE/Vitis/practica_tres_prueba_dos/practica3prueba2/hw/practica3prueba2.xsa
TRACE::2024-11-25.16:26:43::SCWPlatform::DSA given D:/SE/Vitis/practica_tres_prueba_dos/practica3prueba2/hw/practica3prueba2.xsa
TRACE::2024-11-25.16:26:43::SCWPlatform::DSA absoulate path D:/SE/Vitis/practica_tres_prueba_dos/practica3prueba2/hw/practica3prueba2.xsa
TRACE::2024-11-25.16:26:43::SCWPlatform::DSA directory D:/SE/Vitis/practica_tres_prueba_dos/practica3prueba2/hw
TRACE::2024-11-25.16:26:43::SCWPlatform:: Platform Path D:/SE/Vitis/practica_tres_prueba_dos/practica3prueba2/hw/practica3prueba2.xsa
TRACE::2024-11-25.16:26:43::SCWPlatform:: Unique name xilinx:basys3::0.0
TRACE::2024-11-25.16:26:43::SCWPlatform::Trying to set the existing hwdb with name design_1_wrapper_0
TRACE::2024-11-25.16:26:43::SCWPlatform::Opened existing hwdb design_1_wrapper_0
TRACE::2024-11-25.16:26:43::SCWPlatform::Found the Hw Db part of the input DSA
TRACE::2024-11-25.16:26:43::SCWMssOS::Checking the sw design at  D:/SE/Vitis/practica_tres_prueba_dos/practica3prueba2/microblaze_0/standalone_microblaze_0/bsp/system.mss
TRACE::2024-11-25.16:26:43::SCWMssOS::DEBUG:  swdes dump  D:/SE/Vitis/practica_tres_prueba_dos/practica3prueba2/microblaze_0/standalone_microblaze_0/bsp/system.mss|system||

TRACE::2024-11-25.16:26:43::SCWMssOS::Sw design exists and opened at  D:/SE/Vitis/practica_tres_prueba_dos/practica3prueba2/microblaze_0/standalone_microblaze_0/bsp/system.mss
TRACE::2024-11-25.16:26:43::SCWWriter::formatted JSON is {
	"platformName":	"practica3prueba2",
	"sprVersion":	"2.0",
	"mode":	"gui",
	"dsaType":	"Fixed",
	"platformDesc":	"practica3prueba2",
	"platHandOff":	"D:/SE/Vivado/practica3/practica3prueba2.xsa",
	"platIntHandOff":	"<platformDir>/hw/practica3prueba2.xsa",
	"deviceType":	"FPGA",
	"platIsPrebuiltAutogen":	"false",
	"platIsNoBootBsp":	"false",
	"hasFsblMakeHasChanges":	"false",
	"hasPmufwMakeHasChanges":	"false",
	"platPreBuiltFlag":	false,
	"platformSamplesDir":	"",
	"platActiveSys":	"practica3prueba2",
	"systems":	[{
			"systemName":	"practica3prueba2",
			"systemDesc":	"practica3prueba2",
			"sysIsBootAutoGen":	"true",
			"systemDispName":	"practica3prueba2",
			"sysActiveDom":	"standalone_microblaze_0",
			"sysDefaultDom":	"standalone_microblaze_0",
			"domains":	[{
					"domainName":	"standalone_microblaze_0",
					"domainDispName":	"standalone_microblaze_0",
					"domainDesc":	"standalone_microblaze_0",
					"processors":	"microblaze_0",
					"os":	"standalone",
					"sdxOs":	"standalone",
					"debugEnable":	"False",
					"domRuntimes":	["cpp"],
					"swRepo":	"",
					"mssOsVer":	"8.1",
					"mssFile":	"",
					"md5Digest":	"11de16e754819d4bdb68d0f3d7f7af54",
					"compatibleApp":	"peripheral_tests",
					"domType":	"mssDomain",
					"arch":	"32-bit",
					"appSettings":	{
						"appCompilerFlags":	"",
						"appLinkerFlags":	""
					},
					"addedLibs":	[],
					"libOptions":	{
						"libsContainingOptions":	[]
					},
					"prebuiltLibs":	{
						"prebuiltIncPath":	[],
						"prebuiltLibPath":	[]
					},
					"isolation":	{
					}
				}]
		}]
}
KEYINFO::2024-11-25.16:26:43::SCWPlatform::updated the xpfm file.
LOG::2024-11-25.16:31:50::SCWPlatform::Started generating the artifacts platform practica3prueba2
TRACE::2024-11-25.16:31:50::SCWPlatform::Sanity checking of platform is completed
LOG::2024-11-25.16:31:51::SCWPlatform::Started generating the artifacts for system configuration practica3prueba2
LOG::2024-11-25.16:31:51::SCWSystem::Checking the domain standalone_microblaze_0
LOG::2024-11-25.16:31:51::SCWSystem::Not a boot domain 
LOG::2024-11-25.16:31:51::SCWSystem::Started Processing the domain standalone_microblaze_0
TRACE::2024-11-25.16:31:51::SCWDomain::Generating domain artifcats
TRACE::2024-11-25.16:31:51::SCWMssOS::Generating standalone artifcats
TRACE::2024-11-25.16:31:51::SCWMssOS:: Copying the user libraries. 
TRACE::2024-11-25.16:31:51::SCWPlatform::Trying to open the hw design at D:/SE/Vitis/practica_tres_prueba_dos/practica3prueba2/hw/practica3prueba2.xsa
TRACE::2024-11-25.16:31:51::SCWPlatform::DSA given D:/SE/Vitis/practica_tres_prueba_dos/practica3prueba2/hw/practica3prueba2.xsa
TRACE::2024-11-25.16:31:51::SCWPlatform::DSA absoulate path D:/SE/Vitis/practica_tres_prueba_dos/practica3prueba2/hw/practica3prueba2.xsa
TRACE::2024-11-25.16:31:51::SCWPlatform::DSA directory D:/SE/Vitis/practica_tres_prueba_dos/practica3prueba2/hw
TRACE::2024-11-25.16:31:51::SCWPlatform:: Platform Path D:/SE/Vitis/practica_tres_prueba_dos/practica3prueba2/hw/practica3prueba2.xsa
TRACE::2024-11-25.16:31:51::SCWPlatform:: Unique name xilinx:basys3::0.0
TRACE::2024-11-25.16:31:51::SCWPlatform::Trying to set the existing hwdb with name design_1_wrapper_0
TRACE::2024-11-25.16:31:51::SCWPlatform::Opened existing hwdb design_1_wrapper_0
TRACE::2024-11-25.16:31:51::SCWPlatform::Found the Hw Db part of the input DSA
TRACE::2024-11-25.16:31:51::SCWMssOS::Checking the sw design at  D:/SE/Vitis/practica_tres_prueba_dos/practica3prueba2/microblaze_0/standalone_microblaze_0/bsp/system.mss
TRACE::2024-11-25.16:31:51::SCWMssOS::DEBUG:  swdes dump  D:/SE/Vitis/practica_tres_prueba_dos/practica3prueba2/microblaze_0/standalone_microblaze_0/bsp/system.mss|system||

TRACE::2024-11-25.16:31:51::SCWMssOS::Sw design exists and opened at  D:/SE/Vitis/practica_tres_prueba_dos/practica3prueba2/microblaze_0/standalone_microblaze_0/bsp/system.mss
TRACE::2024-11-25.16:31:51::SCWMssOS::Completed writing the mss file at D:/SE/Vitis/practica_tres_prueba_dos/practica3prueba2/microblaze_0/standalone_microblaze_0/bsp
TRACE::2024-11-25.16:31:51::SCWMssOS::Mss edits present, copying mssfile into export location D:/SE/Vitis/practica_tres_prueba_dos/practica3prueba2/microblaze_0/standalone_microblaze_0/bsp/system.mss
TRACE::2024-11-25.16:31:51::SCWMssOS::bsp generated is upto date with the mss file. Skipping bsp generation.
TRACE::2024-11-25.16:31:51::SCWMssOS::BSP is already built. skipping the bsp build ... 
TRACE::2024-11-25.16:31:51::SCWDomain::Building the domain as part of full build :  standalone_microblaze_0
TRACE::2024-11-25.16:31:51::SCWMssOS::doing bsp build ... 
TRACE::2024-11-25.16:31:51::SCWMssOS::System Command Ran  D: & cd  D:/SE/Vitis/practica_tres_prueba_dos/practica3prueba2/microblaze_0/standalone_microblaze_0/bsp & make 
TRACE::2024-11-25.16:31:51::SCWMssOS::make --no-print-directory seq_libs

TRACE::2024-11-25.16:31:51::SCWMssOS::"Running Make include in microblaze_0/libsrc/cpu_v2_17/src"

TRACE::2024-11-25.16:31:51::SCWMssOS::make -C microblaze_0/libsrc/cpu_v2_17/src -s include  "SHELL=CMD" "COMPILER=mb-gcc" "ASSEMBLER=mb-as" "ARCHIVER=mb-ar" "COMPILE
TRACE::2024-11-25.16:31:51::SCWMssOS::R_FLAGS=  -O2 -c -mcpu=v11.0 -mlittle-endian -mxl-soft-mul" "EXTRA_COMPILER_FLAGS=-g -ffunction-sections -fdata-sections -Wall 
TRACE::2024-11-25.16:31:51::SCWMssOS::-Wextra -fno-tree-loop-distribute-patterns"

TRACE::2024-11-25.16:31:51::SCWMssOS::"Running Make include in microblaze_0/libsrc/standalone_v8_1/src"

TRACE::2024-11-25.16:31:51::SCWMssOS::make -C microblaze_0/libsrc/standalone_v8_1/src -s include  "SHELL=CMD" "COMPILER=mb-gcc" "ASSEMBLER=mb-as" "ARCHIVER=mb-ar" "C
TRACE::2024-11-25.16:31:51::SCWMssOS::OMPILER_FLAGS=  -O2 -c -mcpu=v11.0 -mlittle-endian -mxl-soft-mul" "EXTRA_COMPILER_FLAGS=-g -ffunction-sections -fdata-sections 
TRACE::2024-11-25.16:31:51::SCWMssOS::-Wall -Wextra -fno-tree-loop-distribute-patterns"

TRACE::2024-11-25.16:31:53::SCWMssOS::"Running Make include in microblaze_0/libsrc/bram_v4_8/src"

TRACE::2024-11-25.16:31:53::SCWMssOS::make -C microblaze_0/libsrc/bram_v4_8/src -s include  "SHELL=CMD" "COMPILER=mb-gcc" "ASSEMBLER=mb-as" "ARCHIVER=mb-ar" "COMPILE
TRACE::2024-11-25.16:31:53::SCWMssOS::R_FLAGS=  -O2 -c -mcpu=v11.0 -mlittle-endian -mxl-soft-mul" "EXTRA_COMPILER_FLAGS=-g -ffunction-sections -fdata-sections -Wall 
TRACE::2024-11-25.16:31:53::SCWMssOS::-Wextra -fno-tree-loop-distribute-patterns"

TRACE::2024-11-25.16:31:53::SCWMssOS::"Running Make include in microblaze_0/libsrc/gpio_v4_9/src"

TRACE::2024-11-25.16:31:53::SCWMssOS::make -C microblaze_0/libsrc/gpio_v4_9/src -s include  "SHELL=CMD" "COMPILER=mb-gcc" "ASSEMBLER=mb-as" "ARCHIVER=mb-ar" "COMPILE
TRACE::2024-11-25.16:31:53::SCWMssOS::R_FLAGS=  -O2 -c -mcpu=v11.0 -mlittle-endian -mxl-soft-mul" "EXTRA_COMPILER_FLAGS=-g -ffunction-sections -fdata-sections -Wall 
TRACE::2024-11-25.16:31:53::SCWMssOS::-Wextra -fno-tree-loop-distribute-patterns"

TRACE::2024-11-25.16:31:53::SCWMssOS::"Running Make include in microblaze_0/libsrc/rgb_leds_v1_0/src"

TRACE::2024-11-25.16:31:53::SCWMssOS::make -C microblaze_0/libsrc/rgb_leds_v1_0/src -s include  "SHELL=CMD" "COMPILER=mb-gcc" "ASSEMBLER=mb-as" "ARCHIVER=mb-ar" "COM
TRACE::2024-11-25.16:31:53::SCWMssOS::PILER_FLAGS=  -O2 -c -mcpu=v11.0 -mlittle-endian -mxl-soft-mul" "EXTRA_COMPILER_FLAGS=-g -ffunction-sections -fdata-sections -W
TRACE::2024-11-25.16:31:53::SCWMssOS::all -Wextra -fno-tree-loop-distribute-patterns"

TRACE::2024-11-25.16:31:54::SCWMssOS::"Running Make include in microblaze_0/libsrc/teclado_v1_0/src"

TRACE::2024-11-25.16:31:54::SCWMssOS::make -C microblaze_0/libsrc/teclado_v1_0/src -s include  "SHELL=CMD" "COMPILER=mb-gcc" "ASSEMBLER=mb-as" "ARCHIVER=mb-ar" "COMP
TRACE::2024-11-25.16:31:54::SCWMssOS::ILER_FLAGS=  -O2 -c -mcpu=v11.0 -mlittle-endian -mxl-soft-mul" "EXTRA_COMPILER_FLAGS=-g -ffunction-sections -fdata-sections -Wa
TRACE::2024-11-25.16:31:54::SCWMssOS::ll -Wextra -fno-tree-loop-distribute-patterns"

TRACE::2024-11-25.16:31:54::SCWMssOS::"Running Make include in microblaze_0/libsrc/uartlite_v3_8/src"

TRACE::2024-11-25.16:31:54::SCWMssOS::make -C microblaze_0/libsrc/uartlite_v3_8/src -s include  "SHELL=CMD" "COMPILER=mb-gcc" "ASSEMBLER=mb-as" "ARCHIVER=mb-ar" "COM
TRACE::2024-11-25.16:31:54::SCWMssOS::PILER_FLAGS=  -O2 -c -mcpu=v11.0 -mlittle-endian -mxl-soft-mul" "EXTRA_COMPILER_FLAGS=-g -ffunction-sections -fdata-sections -W
TRACE::2024-11-25.16:31:54::SCWMssOS::all -Wextra -fno-tree-loop-distribute-patterns"

TRACE::2024-11-25.16:31:54::SCWMssOS::"Running Make libs in microblaze_0/libsrc/rgb_leds_v1_0/src"

TRACE::2024-11-25.16:31:54::SCWMssOS::make -C microblaze_0/libsrc/rgb_leds_v1_0/src -s libs  "SHELL=CMD" "COMPILER=mb-gcc" "ASSEMBLER=mb-as" "ARCHIVER=mb-ar" "COMPIL
TRACE::2024-11-25.16:31:54::SCWMssOS::ER_FLAGS=  -O2 -c -mcpu=v11.0 -mlittle-endian -mxl-soft-mul" "EXTRA_COMPILER_FLAGS=-g -ffunction-sections -fdata-sections -Wall
TRACE::2024-11-25.16:31:54::SCWMssOS:: -Wextra -fno-tree-loop-distribute-patterns"

TRACE::2024-11-25.16:31:54::SCWMssOS::"Compiling rgb_leds..."

TRACE::2024-11-25.16:31:54::SCWMssOS::"Running Make libs in microblaze_0/libsrc/teclado_v1_0/src"

TRACE::2024-11-25.16:31:54::SCWMssOS::make -C microblaze_0/libsrc/teclado_v1_0/src -s libs  "SHELL=CMD" "COMPILER=mb-gcc" "ASSEMBLER=mb-as" "ARCHIVER=mb-ar" "COMPILE
TRACE::2024-11-25.16:31:54::SCWMssOS::R_FLAGS=  -O2 -c -mcpu=v11.0 -mlittle-endian -mxl-soft-mul" "EXTRA_COMPILER_FLAGS=-g -ffunction-sections -fdata-sections -Wall 
TRACE::2024-11-25.16:31:54::SCWMssOS::-Wextra -fno-tree-loop-distribute-patterns"

TRACE::2024-11-25.16:31:54::SCWMssOS::"Compiling teclado..."

TRACE::2024-11-25.16:31:55::SCWMssOS::'Finished building libraries sequentially.'

TRACE::2024-11-25.16:31:55::SCWMssOS::make -j 6 --no-print-directory par_libs

TRACE::2024-11-25.16:31:55::SCWMssOS::"Running Make include in microblaze_0/libsrc/cpu_v2_17/src"

TRACE::2024-11-25.16:31:55::SCWMssOS::make -C microblaze_0/libsrc/cpu_v2_17/src -s include  "SHELL=CMD" "COMPILER=mb-gcc" "ASSEMBLER=mb-as" "ARCHIVER=mb-ar" "COMPILE
TRACE::2024-11-25.16:31:55::SCWMssOS::R_FLAGS=  -O2 -c -mcpu=v11.0 -mlittle-endian -mxl-soft-mul" "EXTRA_COMPILER_FLAGS=-g -ffunction-sections -fdata-sections -Wall 
TRACE::2024-11-25.16:31:55::SCWMssOS::-Wextra -fno-tree-loop-distribute-patterns"

TRACE::2024-11-25.16:31:55::SCWMssOS::"Running Make include in microblaze_0/libsrc/standalone_v8_1/src"

TRACE::2024-11-25.16:31:55::SCWMssOS::make -C microblaze_0/libsrc/standalone_v8_1/src -s include  "SHELL=CMD" "COMPILER=mb-gcc" "ASSEMBLER=mb-as" "ARCHIVER=mb-ar" "C
TRACE::2024-11-25.16:31:55::SCWMssOS::OMPILER_FLAGS=  -O2 -c -mcpu=v11.0 -mlittle-endian -mxl-soft-mul" "EXTRA_COMPILER_FLAGS=-g -ffunction-sections -fdata-sections 
TRACE::2024-11-25.16:31:55::SCWMssOS::-Wall -Wextra -fno-tree-loop-distribute-patterns"

TRACE::2024-11-25.16:31:55::SCWMssOS::"Running Make include in microblaze_0/libsrc/bram_v4_8/src"

TRACE::2024-11-25.16:31:55::SCWMssOS::make -C microblaze_0/libsrc/bram_v4_8/src -s include  "SHELL=CMD" "COMPILER=mb-gcc" "ASSEMBLER=mb-as" "ARCHIVER=mb-ar" "COMPILE
TRACE::2024-11-25.16:31:55::SCWMssOS::R_FLAGS=  -O2 -c -mcpu=v11.0 -mlittle-endian -mxl-soft-mul" "EXTRA_COMPILER_FLAGS=-g -ffunction-sections -fdata-sections -Wall 
TRACE::2024-11-25.16:31:55::SCWMssOS::-Wextra -fno-tree-loop-distribute-patterns"

TRACE::2024-11-25.16:31:55::SCWMssOS::"Running Make include in microblaze_0/libsrc/gpio_v4_9/src"

TRACE::2024-11-25.16:31:55::SCWMssOS::make -C microblaze_0/libsrc/gpio_v4_9/src -s include  "SHELL=CMD" "COMPILER=mb-gcc" "ASSEMBLER=mb-as" "ARCHIVER=mb-ar" "COMPILE
TRACE::2024-11-25.16:31:55::SCWMssOS::R_FLAGS=  -O2 -c -mcpu=v11.0 -mlittle-endian -mxl-soft-mul" "EXTRA_COMPILER_FLAGS=-g -ffunction-sections -fdata-sections -Wall 
TRACE::2024-11-25.16:31:55::SCWMssOS::-Wextra -fno-tree-loop-distribute-patterns"

TRACE::2024-11-25.16:31:55::SCWMssOS::"Running Make include in microblaze_0/libsrc/rgb_leds_v1_0/src"

TRACE::2024-11-25.16:31:55::SCWMssOS::make -C microblaze_0/libsrc/rgb_leds_v1_0/src -s include  "SHELL=CMD" "COMPILER=mb-gcc" "ASSEMBLER=mb-as" "ARCHIVER=mb-ar" "COM
TRACE::2024-11-25.16:31:55::SCWMssOS::PILER_FLAGS=  -O2 -c -mcpu=v11.0 -mlittle-endian -mxl-soft-mul" "EXTRA_COMPILER_FLAGS=-g -ffunction-sections -fdata-sections -W
TRACE::2024-11-25.16:31:55::SCWMssOS::all -Wextra -fno-tree-loop-distribute-patterns"

TRACE::2024-11-25.16:31:55::SCWMssOS::"Running Make include in microblaze_0/libsrc/teclado_v1_0/src"

TRACE::2024-11-25.16:31:55::SCWMssOS::make -C microblaze_0/libsrc/teclado_v1_0/src -s include  "SHELL=CMD" "COMPILER=mb-gcc" "ASSEMBLER=mb-as" "ARCHIVER=mb-ar" "COMP
TRACE::2024-11-25.16:31:55::SCWMssOS::ILER_FLAGS=  -O2 -c -mcpu=v11.0 -mlittle-endian -mxl-soft-mul" "EXTRA_COMPILER_FLAGS=-g -ffunction-sections -fdata-sections -Wa
TRACE::2024-11-25.16:31:55::SCWMssOS::ll -Wextra -fno-tree-loop-distribute-patterns"

TRACE::2024-11-25.16:31:55::SCWMssOS::"Running Make include in microblaze_0/libsrc/uartlite_v3_8/src"

TRACE::2024-11-25.16:31:55::SCWMssOS::make -C microblaze_0/libsrc/uartlite_v3_8/src -s include  "SHELL=CMD" "COMPILER=mb-gcc" "ASSEMBLER=mb-as" "ARCHIVER=mb-ar" "COM
TRACE::2024-11-25.16:31:55::SCWMssOS::PILER_FLAGS=  -O2 -c -mcpu=v11.0 -mlittle-endian -mxl-soft-mul" "EXTRA_COMPILER_FLAGS=-g -ffunction-sections -fdata-sections -W
TRACE::2024-11-25.16:31:55::SCWMssOS::all -Wextra -fno-tree-loop-distribute-patterns"

TRACE::2024-11-25.16:31:55::SCWMssOS::"Running Make libs in microblaze_0/libsrc/cpu_v2_17/src"

TRACE::2024-11-25.16:31:55::SCWMssOS::make -C microblaze_0/libsrc/cpu_v2_17/src -s libs  "SHELL=CMD" "COMPILER=mb-gcc" "ASSEMBLER=mb-as" "ARCHIVER=mb-ar" "COMPILER_F
TRACE::2024-11-25.16:31:55::SCWMssOS::LAGS=  -O2 -c -mcpu=v11.0 -mlittle-endian -mxl-soft-mul" "EXTRA_COMPILER_FLAGS=-g -ffunction-sections -fdata-sections -Wall -We
TRACE::2024-11-25.16:31:55::SCWMssOS::xtra -fno-tree-loop-distribute-patterns"

TRACE::2024-11-25.16:31:55::SCWMssOS::"Running Make libs in microblaze_0/libsrc/standalone_v8_1/src"

TRACE::2024-11-25.16:31:55::SCWMssOS::make -C microblaze_0/libsrc/standalone_v8_1/src -s libs  "SHELL=CMD" "COMPILER=mb-gcc" "ASSEMBLER=mb-as" "ARCHIVER=mb-ar" "COMP
TRACE::2024-11-25.16:31:56::SCWMssOS::ILER_FLAGS=  -O2 -c -mcpu=v11.0 -mlittle-endian -mxl-soft-mul" "EXTRA_COMPILER_FLAGS=-g -ffunction-sections -fdata-sections -Wa
TRACE::2024-11-25.16:31:56::SCWMssOS::ll -Wextra -fno-tree-loop-distribute-patterns"

TRACE::2024-11-25.16:31:56::SCWMssOS::"Running Make libs in microblaze_0/libsrc/bram_v4_8/src"

TRACE::2024-11-25.16:31:56::SCWMssOS::make -C microblaze_0/libsrc/bram_v4_8/src -s libs  "SHELL=CMD" "COMPILER=mb-gcc" "ASSEMBLER=mb-as" "ARCHIVER=mb-ar" "COMPILER_F
TRACE::2024-11-25.16:31:56::SCWMssOS::LAGS=  -O2 -c -mcpu=v11.0 -mlittle-endian -mxl-soft-mul" "EXTRA_COMPILER_FLAGS=-g -ffunction-sections -fdata-sections -Wall -We
TRACE::2024-11-25.16:31:56::SCWMssOS::xtra -fno-tree-loop-distribute-patterns"

TRACE::2024-11-25.16:31:56::SCWMssOS::"Running Make libs in microblaze_0/libsrc/gpio_v4_9/src"

TRACE::2024-11-25.16:31:56::SCWMssOS::make -C microblaze_0/libsrc/gpio_v4_9/src -s libs  "SHELL=CMD" "COMPILER=mb-gcc" "ASSEMBLER=mb-as" "ARCHIVER=mb-ar" "COMPILER_F
TRACE::2024-11-25.16:31:56::SCWMssOS::LAGS=  -O2 -c -mcpu=v11.0 -mlittle-endian -mxl-soft-mul" "EXTRA_COMPILER_FLAGS=-g -ffunction-sections -fdata-sections -Wall -We
TRACE::2024-11-25.16:31:56::SCWMssOS::xtra -fno-tree-loop-distribute-patterns"

TRACE::2024-11-25.16:31:56::SCWMssOS::"Running Make libs in microblaze_0/libsrc/uartlite_v3_8/src"

TRACE::2024-11-25.16:31:56::SCWMssOS::make -C microblaze_0/libsrc/uartlite_v3_8/src -s libs  "SHELL=CMD" "COMPILER=mb-gcc" "ASSEMBLER=mb-as" "ARCHIVER=mb-ar" "COMPIL
TRACE::2024-11-25.16:31:56::SCWMssOS::ER_FLAGS=  -O2 -c -mcpu=v11.0 -mlittle-endian -mxl-soft-mul" "EXTRA_COMPILER_FLAGS=-g -ffunction-sections -fdata-sections -Wall
TRACE::2024-11-25.16:31:56::SCWMssOS:: -Wextra -fno-tree-loop-distribute-patterns"

TRACE::2024-11-25.16:31:58::SCWMssOS::"DEBUG NON_LTO_OBJECTS is ../../../lib/microblaze_interrupt_handler.o"

TRACE::2024-11-25.16:31:59::SCWMssOS::'Finished building libraries parallelly.'

TRACE::2024-11-25.16:31:59::SCWMssOS::make --no-print-directory archive

TRACE::2024-11-25.16:31:59::SCWMssOS::mb-ar -r  microblaze_0/lib/libxil.a microblaze_0/lib/_exit.o microblaze_0/lib/errno.o microblaze_0/lib/fcntl.o microblaze_0/lib
TRACE::2024-11-25.16:31:59::SCWMssOS::/hw_exception_handler.o microblaze_0/lib/inbyte.o microblaze_0/lib/microblaze_disable_dcache.o microblaze_0/lib/microblaze_disa
TRACE::2024-11-25.16:31:59::SCWMssOS::ble_exceptions.o microblaze_0/lib/microblaze_disable_icache.o microblaze_0/lib/microblaze_disable_interrupts.o microblaze_0/lib
TRACE::2024-11-25.16:31:59::SCWMssOS::/microblaze_enable_dcache.o microblaze_0/lib/microblaze_enable_exceptions.o microblaze_0/lib/microblaze_enable_icache.o microbl
TRACE::2024-11-25.16:31:59::SCWMssOS::aze_0/lib/microblaze_enable_interrupts.o microblaze_0/lib/microblaze_exception_handler.o microblaze_0/lib/microblaze_flush_cach
TRACE::2024-11-25.16:31:59::SCWMssOS::e_ext.o microblaze_0/lib/microblaze_flush_cache_ext_range.o microblaze_0/lib/microblaze_flush_dcache.o microblaze_0/lib/microbl
TRACE::2024-11-25.16:31:59::SCWMssOS::aze_flush_dcache_range.o microblaze_0/lib/microblaze_init_dcache_range.o microblaze_0/lib/microblaze_init_icache_range.o microb
TRACE::2024-11-25.16:31:59::SCWMssOS::laze_0/lib/microblaze_interrupt_handler.o microblaze_0/lib/microblaze_interrupts_g.o microblaze_0/lib/microblaze_invalidate_cac
TRACE::2024-11-25.16:31:59::SCWMssOS::he_ext.o microblaze_0/lib/microblaze_invalidate_cache_ext_range.o microblaze_0/lib/microblaze_invalidate_dcache.o microblaze_0/
TRACE::2024-11-25.16:31:59::SCWMssOS::lib/microblaze_invalidate_dcache_range.o microblaze_0/lib/microblaze_invalidate_icache.o microblaze_0/lib/microblaze_invalidate
TRACE::2024-11-25.16:31:59::SCWMssOS::_icache_range.o microblaze_0/lib/microblaze_scrub.o microblaze_0/lib/microblaze_selftest.o microblaze_0/lib/microblaze_sleep.o 
TRACE::2024-11-25.16:31:59::SCWMssOS::microblaze_0/lib/microblaze_update_dcache.o microblaze_0/lib/microblaze_update_icache.o microblaze_0/lib/outbyte.o microblaze_0
TRACE::2024-11-25.16:31:59::SCWMssOS::/lib/print.o microblaze_0/lib/pvr.o microblaze_0/lib/xbram.o microblaze_0/lib/xbram_g.o microblaze_0/lib/xbram_intr.o microblaz
TRACE::2024-11-25.16:31:59::SCWMssOS::e_0/lib/xbram_selftest.o microblaze_0/lib/xbram_sinit.o microblaze_0/lib/xgpio.o microblaze_0/lib/xgpio_extra.o microblaze_0/li
TRACE::2024-11-25.16:31:59::SCWMssOS::b/xgpio_g.o microblaze_0/lib/xgpio_intr.o microblaze_0/lib/xgpio_selftest.o microblaze_0/lib/xgpio_sinit.o microblaze_0/lib/xil
TRACE::2024-11-25.16:31:59::SCWMssOS::_assert.o microblaze_0/lib/xil_cache.o microblaze_0/lib/xil_clocking.o microblaze_0/lib/xil_exception.o microblaze_0/lib/xil_me
TRACE::2024-11-25.16:31:59::SCWMssOS::m.o microblaze_0/lib/xil_misc_psreset_api.o microblaze_0/lib/xil_printf.o microblaze_0/lib/xil_sleepcommon.o microblaze_0/lib/x
TRACE::2024-11-25.16:31:59::SCWMssOS::il_testcache.o microblaze_0/lib/xil_testio.o microblaze_0/lib/xil_testmem.o microblaze_0/lib/xil_util.o microblaze_0/lib/xinter
TRACE::2024-11-25.16:31:59::SCWMssOS::rupt_wrap.o microblaze_0/lib/xio.o microblaze_0/lib/xplatform_info.o microblaze_0/lib/xuartlite.o microblaze_0/lib/xuartlite_g.
TRACE::2024-11-25.16:31:59::SCWMssOS::o microblaze_0/lib/xuartlite_intr.o microblaze_0/lib/xuartlite_l.o microblaze_0/lib/xuartlite_selftest.o microblaze_0/lib/xuart
TRACE::2024-11-25.16:31:59::SCWMssOS::lite_sinit.o microblaze_0/lib/xuartlite_stats.o

TRACE::2024-11-25.16:31:59::SCWMssOS::'Finished building libraries'

TRACE::2024-11-25.16:32:04::SCWMssOS::Copying to export directory.
TRACE::2024-11-25.16:32:10::SCWMssOS:: Checking if to create the Supporting Applications
TRACE::2024-11-25.16:32:10::SCWMssOS:: No Linux domain exists, trying to generate FSBL 
LOG::2024-11-25.16:32:10::SCWSystem::Completed Processing the domain standalone_microblaze_0
LOG::2024-11-25.16:32:10::SCWSystem::Completed Processing the sysconfig practica3prueba2
LOG::2024-11-25.16:32:10::SCWPlatform::Completed generating the artifacts for system configuration practica3prueba2
TRACE::2024-11-25.16:32:10::SCWPlatform::Started preparing the platform 
TRACE::2024-11-25.16:32:10::SCWSystem::Writing the bif file for system config practica3prueba2
TRACE::2024-11-25.16:32:10::SCWSystem::dir created 
TRACE::2024-11-25.16:32:10::SCWSystem::Writing the bif 
TRACE::2024-11-25.16:32:10::SCWPlatform::Started writing the spfm file 
TRACE::2024-11-25.16:32:10::SCWPlatform::Started writing the xpfm file 
TRACE::2024-11-25.16:32:10::SCWPlatform::Completed generating the platform
TRACE::2024-11-25.16:32:10::SCWMssOS::Saving the mss changes D:/SE/Vitis/practica_tres_prueba_dos/practica3prueba2/microblaze_0/standalone_microblaze_0/bsp/system.mss
TRACE::2024-11-25.16:32:10::SCWMssOS::Found a swdesign opened with the mssfile.
TRACE::2024-11-25.16:32:10::SCWMssOS::Completed writemss as part of save.
TRACE::2024-11-25.16:32:10::SCWMssOS::Commit changes completed.
TRACE::2024-11-25.16:32:10::SCWPlatform::Trying to open the hw design at D:/SE/Vitis/practica_tres_prueba_dos/practica3prueba2/hw/practica3prueba2.xsa
TRACE::2024-11-25.16:32:10::SCWPlatform::DSA given D:/SE/Vitis/practica_tres_prueba_dos/practica3prueba2/hw/practica3prueba2.xsa
TRACE::2024-11-25.16:32:10::SCWPlatform::DSA absoulate path D:/SE/Vitis/practica_tres_prueba_dos/practica3prueba2/hw/practica3prueba2.xsa
TRACE::2024-11-25.16:32:10::SCWPlatform::DSA directory D:/SE/Vitis/practica_tres_prueba_dos/practica3prueba2/hw
TRACE::2024-11-25.16:32:10::SCWPlatform:: Platform Path D:/SE/Vitis/practica_tres_prueba_dos/practica3prueba2/hw/practica3prueba2.xsa
TRACE::2024-11-25.16:32:10::SCWPlatform:: Unique name xilinx:basys3::0.0
TRACE::2024-11-25.16:32:10::SCWPlatform::Trying to set the existing hwdb with name design_1_wrapper_0
TRACE::2024-11-25.16:32:10::SCWPlatform::Opened existing hwdb design_1_wrapper_0
TRACE::2024-11-25.16:32:10::SCWPlatform::Found the Hw Db part of the input DSA
TRACE::2024-11-25.16:32:10::SCWMssOS::Checking the sw design at  D:/SE/Vitis/practica_tres_prueba_dos/practica3prueba2/microblaze_0/standalone_microblaze_0/bsp/system.mss
TRACE::2024-11-25.16:32:10::SCWMssOS::DEBUG:  swdes dump  D:/SE/Vitis/practica_tres_prueba_dos/practica3prueba2/microblaze_0/standalone_microblaze_0/bsp/system.mss|system||

TRACE::2024-11-25.16:32:10::SCWMssOS::Sw design exists and opened at  D:/SE/Vitis/practica_tres_prueba_dos/practica3prueba2/microblaze_0/standalone_microblaze_0/bsp/system.mss
TRACE::2024-11-25.16:32:10::SCWPlatform::Trying to open the hw design at D:/SE/Vitis/practica_tres_prueba_dos/practica3prueba2/hw/practica3prueba2.xsa
TRACE::2024-11-25.16:32:10::SCWPlatform::DSA given D:/SE/Vitis/practica_tres_prueba_dos/practica3prueba2/hw/practica3prueba2.xsa
TRACE::2024-11-25.16:32:10::SCWPlatform::DSA absoulate path D:/SE/Vitis/practica_tres_prueba_dos/practica3prueba2/hw/practica3prueba2.xsa
TRACE::2024-11-25.16:32:10::SCWPlatform::DSA directory D:/SE/Vitis/practica_tres_prueba_dos/practica3prueba2/hw
TRACE::2024-11-25.16:32:10::SCWPlatform:: Platform Path D:/SE/Vitis/practica_tres_prueba_dos/practica3prueba2/hw/practica3prueba2.xsa
TRACE::2024-11-25.16:32:10::SCWPlatform:: Unique name xilinx:basys3::0.0
TRACE::2024-11-25.16:32:10::SCWPlatform::Trying to set the existing hwdb with name design_1_wrapper_0
TRACE::2024-11-25.16:32:10::SCWPlatform::Opened existing hwdb design_1_wrapper_0
TRACE::2024-11-25.16:32:10::SCWPlatform::Found the Hw Db part of the input DSA
TRACE::2024-11-25.16:32:10::SCWMssOS::Checking the sw design at  D:/SE/Vitis/practica_tres_prueba_dos/practica3prueba2/microblaze_0/standalone_microblaze_0/bsp/system.mss
TRACE::2024-11-25.16:32:10::SCWMssOS::DEBUG:  swdes dump  D:/SE/Vitis/practica_tres_prueba_dos/practica3prueba2/microblaze_0/standalone_microblaze_0/bsp/system.mss|system||

TRACE::2024-11-25.16:32:10::SCWMssOS::Sw design exists and opened at  D:/SE/Vitis/practica_tres_prueba_dos/practica3prueba2/microblaze_0/standalone_microblaze_0/bsp/system.mss
TRACE::2024-11-25.16:32:10::SCWPlatform::Trying to open the hw design at D:/SE/Vitis/practica_tres_prueba_dos/practica3prueba2/hw/practica3prueba2.xsa
TRACE::2024-11-25.16:32:10::SCWPlatform::DSA given D:/SE/Vitis/practica_tres_prueba_dos/practica3prueba2/hw/practica3prueba2.xsa
TRACE::2024-11-25.16:32:11::SCWPlatform::DSA absoulate path D:/SE/Vitis/practica_tres_prueba_dos/practica3prueba2/hw/practica3prueba2.xsa
TRACE::2024-11-25.16:32:11::SCWPlatform::DSA directory D:/SE/Vitis/practica_tres_prueba_dos/practica3prueba2/hw
TRACE::2024-11-25.16:32:11::SCWPlatform:: Platform Path D:/SE/Vitis/practica_tres_prueba_dos/practica3prueba2/hw/practica3prueba2.xsa
TRACE::2024-11-25.16:32:11::SCWPlatform:: Unique name xilinx:basys3::0.0
TRACE::2024-11-25.16:32:11::SCWPlatform::Trying to set the existing hwdb with name design_1_wrapper_0
TRACE::2024-11-25.16:32:11::SCWPlatform::Opened existing hwdb design_1_wrapper_0
TRACE::2024-11-25.16:32:11::SCWPlatform::Found the Hw Db part of the input DSA
TRACE::2024-11-25.16:32:11::SCWMssOS::Checking the sw design at  D:/SE/Vitis/practica_tres_prueba_dos/practica3prueba2/microblaze_0/standalone_microblaze_0/bsp/system.mss
TRACE::2024-11-25.16:32:11::SCWMssOS::DEBUG:  swdes dump  D:/SE/Vitis/practica_tres_prueba_dos/practica3prueba2/microblaze_0/standalone_microblaze_0/bsp/system.mss|system||

TRACE::2024-11-25.16:32:11::SCWMssOS::Sw design exists and opened at  D:/SE/Vitis/practica_tres_prueba_dos/practica3prueba2/microblaze_0/standalone_microblaze_0/bsp/system.mss
TRACE::2024-11-25.16:32:11::SCWWriter::formatted JSON is {
	"platformName":	"practica3prueba2",
	"sprVersion":	"2.0",
	"mode":	"gui",
	"dsaType":	"Fixed",
	"platformDesc":	"practica3prueba2",
	"platHandOff":	"D:/SE/Vivado/practica3/practica3prueba2.xsa",
	"platIntHandOff":	"<platformDir>/hw/practica3prueba2.xsa",
	"deviceType":	"FPGA",
	"platIsPrebuiltAutogen":	"false",
	"platIsNoBootBsp":	"false",
	"hasFsblMakeHasChanges":	"false",
	"hasPmufwMakeHasChanges":	"false",
	"platPreBuiltFlag":	false,
	"platformSamplesDir":	"",
	"platActiveSys":	"practica3prueba2",
	"systems":	[{
			"systemName":	"practica3prueba2",
			"systemDesc":	"practica3prueba2",
			"sysIsBootAutoGen":	"true",
			"systemDispName":	"practica3prueba2",
			"sysActiveDom":	"standalone_microblaze_0",
			"sysDefaultDom":	"standalone_microblaze_0",
			"domains":	[{
					"domainName":	"standalone_microblaze_0",
					"domainDispName":	"standalone_microblaze_0",
					"domainDesc":	"standalone_microblaze_0",
					"processors":	"microblaze_0",
					"os":	"standalone",
					"sdxOs":	"standalone",
					"debugEnable":	"False",
					"domRuntimes":	["cpp"],
					"swRepo":	"",
					"mssOsVer":	"8.1",
					"mssFile":	"",
					"md5Digest":	"11de16e754819d4bdb68d0f3d7f7af54",
					"compatibleApp":	"peripheral_tests",
					"domType":	"mssDomain",
					"arch":	"32-bit",
					"appSettings":	{
						"appCompilerFlags":	"",
						"appLinkerFlags":	""
					},
					"addedLibs":	[],
					"libOptions":	{
						"libsContainingOptions":	[]
					},
					"prebuiltLibs":	{
						"prebuiltIncPath":	[],
						"prebuiltLibPath":	[]
					},
					"isolation":	{
					}
				}]
		}]
}
KEYINFO::2024-11-25.16:32:11::SCWPlatform::updated the xpfm file.
TRACE::2024-11-25.16:32:11::SCWPlatform::Trying to open the hw design at D:/SE/Vitis/practica_tres_prueba_dos/practica3prueba2/hw/practica3prueba2.xsa
TRACE::2024-11-25.16:32:11::SCWPlatform::DSA given D:/SE/Vitis/practica_tres_prueba_dos/practica3prueba2/hw/practica3prueba2.xsa
TRACE::2024-11-25.16:32:11::SCWPlatform::DSA absoulate path D:/SE/Vitis/practica_tres_prueba_dos/practica3prueba2/hw/practica3prueba2.xsa
TRACE::2024-11-25.16:32:11::SCWPlatform::DSA directory D:/SE/Vitis/practica_tres_prueba_dos/practica3prueba2/hw
TRACE::2024-11-25.16:32:11::SCWPlatform:: Platform Path D:/SE/Vitis/practica_tres_prueba_dos/practica3prueba2/hw/practica3prueba2.xsa
TRACE::2024-11-25.16:32:11::SCWPlatform:: Unique name xilinx:basys3::0.0
TRACE::2024-11-25.16:32:11::SCWPlatform::Trying to set the existing hwdb with name design_1_wrapper_0
TRACE::2024-11-25.16:32:11::SCWPlatform::Opened existing hwdb design_1_wrapper_0
TRACE::2024-11-25.16:32:11::SCWPlatform::Found the Hw Db part of the input DSA
TRACE::2024-11-25.16:32:11::SCWMssOS::Checking the sw design at  D:/SE/Vitis/practica_tres_prueba_dos/practica3prueba2/microblaze_0/standalone_microblaze_0/bsp/system.mss
TRACE::2024-11-25.16:32:11::SCWMssOS::DEBUG:  swdes dump  D:/SE/Vitis/practica_tres_prueba_dos/practica3prueba2/microblaze_0/standalone_microblaze_0/bsp/system.mss|system||

TRACE::2024-11-25.16:32:11::SCWMssOS::Sw design exists and opened at  D:/SE/Vitis/practica_tres_prueba_dos/practica3prueba2/microblaze_0/standalone_microblaze_0/bsp/system.mss
