TRACE::2025-06-24.18:20:33::SCWPlatform::Trying to open the hw design at F:/SE/Vitis/cajaFuerte/caja_fuerte/hw/caja_fuerte.xsa
TRACE::2025-06-24.18:20:33::SCWPlatform::DSA given F:/SE/Vitis/cajaFuerte/caja_fuerte/hw/caja_fuerte.xsa
TRACE::2025-06-24.18:20:33::SCWPlatform::DSA absoulate path F:/SE/Vitis/cajaFuerte/caja_fuerte/hw/caja_fuerte.xsa
TRACE::2025-06-24.18:20:33::SCWPlatform::DSA directory F:/SE/Vitis/cajaFuerte/caja_fuerte/hw
TRACE::2025-06-24.18:20:33::SCWPlatform:: Platform Path F:/SE/Vitis/cajaFuerte/caja_fuerte/hw/caja_fuerte.xsa
TRACE::2025-06-24.18:20:33::SCWPlatform:: Unique name xilinx:basys3::0.0
TRACE::2025-06-24.18:20:33::SCWPlatform::Do not have an existing db opened. 
TRACE::2025-06-24.18:20:34::SCWPlatform::Opened new HwDB with name design_1_wrapper_0
TRACE::2025-06-24.18:20:34::SCWWriter::formatted JSON is {
	"platformName":	"caja_fuerte",
	"sprVersion":	"2.0",
	"mode":	"gui",
	"dsaType":	"Fixed",
	"platformDesc":	"caja_fuerte",
	"platHandOff":	"F:/SE/Vivado/proyecto/caja_fuerte.xsa",
	"platIntHandOff":	"<platformDir>/hw/caja_fuerte.xsa",
	"deviceType":	"FPGA",
	"platIsPrebuiltAutogen":	"false",
	"platIsNoBootBsp":	"false",
	"hasFsblMakeHasChanges":	"false",
	"hasPmufwMakeHasChanges":	"false",
	"platPreBuiltFlag":	false,
	"platformSamplesDir":	""
}
TRACE::2025-06-24.18:20:34::SCWWriter::formatted JSON is {
	"platformName":	"caja_fuerte",
	"sprVersion":	"2.0",
	"mode":	"gui",
	"dsaType":	"Fixed",
	"platformDesc":	"caja_fuerte",
	"platHandOff":	"F:/SE/Vivado/proyecto/caja_fuerte.xsa",
	"platIntHandOff":	"<platformDir>/hw/caja_fuerte.xsa",
	"deviceType":	"FPGA",
	"platIsPrebuiltAutogen":	"false",
	"platIsNoBootBsp":	"false",
	"hasFsblMakeHasChanges":	"false",
	"hasPmufwMakeHasChanges":	"false",
	"platPreBuiltFlag":	false,
	"platformSamplesDir":	"",
	"platActiveSys":	"caja_fuerte",
	"systems":	[{
			"systemName":	"caja_fuerte",
			"systemDesc":	"caja_fuerte",
			"sysIsBootAutoGen":	"true",
			"systemDispName":	"caja_fuerte"
		}]
}
TRACE::2025-06-24.18:20:34::SCWPlatform::Boot application domains not present, creating them
TRACE::2025-06-24.18:20:34::SCWPlatform::Pure FPGA device, no boot application will be created.
TRACE::2025-06-24.18:20:34::SCWWriter::formatted JSON is {
	"platformName":	"caja_fuerte",
	"sprVersion":	"2.0",
	"mode":	"gui",
	"dsaType":	"Fixed",
	"platformDesc":	"caja_fuerte",
	"platHandOff":	"F:/SE/Vivado/proyecto/caja_fuerte.xsa",
	"platIntHandOff":	"<platformDir>/hw/caja_fuerte.xsa",
	"deviceType":	"FPGA",
	"platIsPrebuiltAutogen":	"false",
	"platIsNoBootBsp":	"false",
	"hasFsblMakeHasChanges":	"false",
	"hasPmufwMakeHasChanges":	"false",
	"platPreBuiltFlag":	false,
	"platformSamplesDir":	"",
	"platActiveSys":	"caja_fuerte",
	"systems":	[{
			"systemName":	"caja_fuerte",
			"systemDesc":	"caja_fuerte",
			"sysIsBootAutoGen":	"true",
			"systemDispName":	"caja_fuerte"
		}]
}
TRACE::2025-06-24.18:20:34::SCWWriter::formatted JSON is {
	"platformName":	"caja_fuerte",
	"sprVersion":	"2.0",
	"mode":	"gui",
	"dsaType":	"Fixed",
	"platformDesc":	"caja_fuerte",
	"platHandOff":	"F:/SE/Vivado/proyecto/caja_fuerte.xsa",
	"platIntHandOff":	"<platformDir>/hw/caja_fuerte.xsa",
	"deviceType":	"FPGA",
	"platIsPrebuiltAutogen":	"false",
	"platIsNoBootBsp":	"false",
	"hasFsblMakeHasChanges":	"false",
	"hasPmufwMakeHasChanges":	"false",
	"platPreBuiltFlag":	false,
	"platformSamplesDir":	"",
	"platActiveSys":	"caja_fuerte",
	"systems":	[{
			"systemName":	"caja_fuerte",
			"systemDesc":	"caja_fuerte",
			"sysIsBootAutoGen":	"true",
			"systemDispName":	"caja_fuerte"
		}]
}
TRACE::2025-06-24.18:20:34::SCWPlatform::Trying to open the hw design at F:/SE/Vitis/cajaFuerte/caja_fuerte/hw/caja_fuerte.xsa
TRACE::2025-06-24.18:20:34::SCWPlatform::DSA given F:/SE/Vitis/cajaFuerte/caja_fuerte/hw/caja_fuerte.xsa
TRACE::2025-06-24.18:20:34::SCWPlatform::DSA absoulate path F:/SE/Vitis/cajaFuerte/caja_fuerte/hw/caja_fuerte.xsa
TRACE::2025-06-24.18:20:35::SCWPlatform::DSA directory F:/SE/Vitis/cajaFuerte/caja_fuerte/hw
TRACE::2025-06-24.18:20:35::SCWPlatform:: Platform Path F:/SE/Vitis/cajaFuerte/caja_fuerte/hw/caja_fuerte.xsa
TRACE::2025-06-24.18:20:35::SCWPlatform:: Unique name xilinx:basys3::0.0
TRACE::2025-06-24.18:20:35::SCWPlatform::Trying to set the existing hwdb with name design_1_wrapper_0
TRACE::2025-06-24.18:20:35::SCWPlatform::Opened existing hwdb design_1_wrapper_0
TRACE::2025-06-24.18:20:35::SCWPlatform::Found the Hw Db part of the input DSA
TRACE::2025-06-24.18:20:35::SCWPlatform::Trying to open the hw design at F:/SE/Vitis/cajaFuerte/caja_fuerte/hw/caja_fuerte.xsa
TRACE::2025-06-24.18:20:35::SCWPlatform::DSA given F:/SE/Vitis/cajaFuerte/caja_fuerte/hw/caja_fuerte.xsa
TRACE::2025-06-24.18:20:35::SCWPlatform::DSA absoulate path F:/SE/Vitis/cajaFuerte/caja_fuerte/hw/caja_fuerte.xsa
TRACE::2025-06-24.18:20:35::SCWPlatform::DSA directory F:/SE/Vitis/cajaFuerte/caja_fuerte/hw
TRACE::2025-06-24.18:20:35::SCWPlatform:: Platform Path F:/SE/Vitis/cajaFuerte/caja_fuerte/hw/caja_fuerte.xsa
TRACE::2025-06-24.18:20:35::SCWPlatform:: Unique name xilinx:basys3::0.0
TRACE::2025-06-24.18:20:35::SCWPlatform::Trying to set the existing hwdb with name design_1_wrapper_0
TRACE::2025-06-24.18:20:35::SCWPlatform::Opened existing hwdb design_1_wrapper_0
TRACE::2025-06-24.18:20:35::SCWPlatform::Found the Hw Db part of the input DSA
TRACE::2025-06-24.18:20:35::SCWDomain::checking for install qemu data   : 
TRACE::2025-06-24.18:20:35::SCWPlatform::Trying to open the hw design at F:/SE/Vitis/cajaFuerte/caja_fuerte/hw/caja_fuerte.xsa
TRACE::2025-06-24.18:20:35::SCWPlatform::DSA given F:/SE/Vitis/cajaFuerte/caja_fuerte/hw/caja_fuerte.xsa
TRACE::2025-06-24.18:20:35::SCWPlatform::DSA absoulate path F:/SE/Vitis/cajaFuerte/caja_fuerte/hw/caja_fuerte.xsa
TRACE::2025-06-24.18:20:35::SCWPlatform::DSA directory F:/SE/Vitis/cajaFuerte/caja_fuerte/hw
TRACE::2025-06-24.18:20:35::SCWPlatform:: Platform Path F:/SE/Vitis/cajaFuerte/caja_fuerte/hw/caja_fuerte.xsa
TRACE::2025-06-24.18:20:35::SCWPlatform:: Unique name xilinx:basys3::0.0
TRACE::2025-06-24.18:20:35::SCWPlatform::Trying to set the existing hwdb with name design_1_wrapper_0
TRACE::2025-06-24.18:20:35::SCWPlatform::Opened existing hwdb design_1_wrapper_0
TRACE::2025-06-24.18:20:35::SCWPlatform::Found the Hw Db part of the input DSA
TRACE::2025-06-24.18:20:35::SCWPlatform::Trying to open the hw design at F:/SE/Vitis/cajaFuerte/caja_fuerte/hw/caja_fuerte.xsa
TRACE::2025-06-24.18:20:35::SCWPlatform::DSA given F:/SE/Vitis/cajaFuerte/caja_fuerte/hw/caja_fuerte.xsa
TRACE::2025-06-24.18:20:35::SCWPlatform::DSA absoulate path F:/SE/Vitis/cajaFuerte/caja_fuerte/hw/caja_fuerte.xsa
TRACE::2025-06-24.18:20:35::SCWPlatform::DSA directory F:/SE/Vitis/cajaFuerte/caja_fuerte/hw
TRACE::2025-06-24.18:20:35::SCWPlatform:: Platform Path F:/SE/Vitis/cajaFuerte/caja_fuerte/hw/caja_fuerte.xsa
TRACE::2025-06-24.18:20:35::SCWPlatform:: Unique name xilinx:basys3::0.0
TRACE::2025-06-24.18:20:35::SCWPlatform::Trying to set the existing hwdb with name design_1_wrapper_0
TRACE::2025-06-24.18:20:35::SCWPlatform::Opened existing hwdb design_1_wrapper_0
TRACE::2025-06-24.18:20:35::SCWPlatform::Found the Hw Db part of the input DSA
TRACE::2025-06-24.18:20:35::SCWPlatform::Trying to open the hw design at F:/SE/Vitis/cajaFuerte/caja_fuerte/hw/caja_fuerte.xsa
TRACE::2025-06-24.18:20:35::SCWPlatform::DSA given F:/SE/Vitis/cajaFuerte/caja_fuerte/hw/caja_fuerte.xsa
TRACE::2025-06-24.18:20:35::SCWPlatform::DSA absoulate path F:/SE/Vitis/cajaFuerte/caja_fuerte/hw/caja_fuerte.xsa
TRACE::2025-06-24.18:20:35::SCWPlatform::DSA directory F:/SE/Vitis/cajaFuerte/caja_fuerte/hw
TRACE::2025-06-24.18:20:35::SCWPlatform:: Platform Path F:/SE/Vitis/cajaFuerte/caja_fuerte/hw/caja_fuerte.xsa
TRACE::2025-06-24.18:20:35::SCWPlatform:: Unique name xilinx:basys3::0.0
TRACE::2025-06-24.18:20:35::SCWPlatform::Trying to set the existing hwdb with name design_1_wrapper_0
TRACE::2025-06-24.18:20:35::SCWPlatform::Opened existing hwdb design_1_wrapper_0
TRACE::2025-06-24.18:20:35::SCWPlatform::Found the Hw Db part of the input DSA
TRACE::2025-06-24.18:20:35::SCWMssOS::Checking the sw design at  F:/SE/Vitis/cajaFuerte/caja_fuerte/microblaze_0/standalone_microblaze_0/bsp/system.mss
TRACE::2025-06-24.18:20:35::SCWMssOS::DEBUG:  swdes dump  
TRACE::2025-06-24.18:20:35::SCWMssOS::No sw design opened at  F:/SE/Vitis/cajaFuerte/caja_fuerte/microblaze_0/standalone_microblaze_0/bsp/system.mss
TRACE::2025-06-24.18:20:35::SCWMssOS::mss does not exists at F:/SE/Vitis/cajaFuerte/caja_fuerte/microblaze_0/standalone_microblaze_0/bsp/system.mss
TRACE::2025-06-24.18:20:35::SCWMssOS::Creating sw design at  F:/SE/Vitis/cajaFuerte/caja_fuerte/microblaze_0/standalone_microblaze_0/bsp/system.mss
TRACE::2025-06-24.18:20:35::SCWMssOS::Adding the swdes entry, created swdb F:/SE/Vitis/cajaFuerte/caja_fuerte/microblaze_0/standalone_microblaze_0/bsp/system.mss with des name F:/SE/Vitis/cajaFuerte/caja_fuerte/microblaze_0/standalone_microblaze_0/bsp/system.mss
TRACE::2025-06-24.18:20:35::SCWMssOS::updating the scw layer changes to swdes at   F:/SE/Vitis/cajaFuerte/caja_fuerte/microblaze_0/standalone_microblaze_0/bsp/system.mss
TRACE::2025-06-24.18:20:35::SCWMssOS::Writing mss at F:/SE/Vitis/cajaFuerte/caja_fuerte/microblaze_0/standalone_microblaze_0/bsp/system.mss
TRACE::2025-06-24.18:20:35::SCWMssOS::Completed writing the mss file at F:/SE/Vitis/cajaFuerte/caja_fuerte/microblaze_0/standalone_microblaze_0/bsp
TRACE::2025-06-24.18:20:35::SCWMssOS::Picking up changes from newly written mss file into SCW Layer. 
TRACE::2025-06-24.18:20:35::SCWMssOS::Updated the changes from newly written mss file into SCW Layer. 
TRACE::2025-06-24.18:20:35::SCWMssOS::Completed writing the mss file at F:/SE/Vitis/cajaFuerte/caja_fuerte/microblaze_0/standalone_microblaze_0/bsp
TRACE::2025-06-24.18:20:35::SCWMssOS::Forcing BSP Sources regeneration.
TRACE::2025-06-24.18:20:50::SCWMssOS::Saving the mss changes F:/SE/Vitis/cajaFuerte/caja_fuerte/microblaze_0/standalone_microblaze_0/bsp/system.mss
TRACE::2025-06-24.18:20:50::SCWMssOS::Adding the swdes entry, mss present, able to open swdb F:/SE/Vitis/cajaFuerte/caja_fuerte/microblaze_0/standalone_microblaze_0/bsp/system.mss with des name system
TRACE::2025-06-24.18:20:50::SCWMssOS::Writing the mss file completed F:/SE/Vitis/cajaFuerte/caja_fuerte/microblaze_0/standalone_microblaze_0/bsp/system.mss
TRACE::2025-06-24.18:20:50::SCWMssOS::Commit changes completed.
TRACE::2025-06-24.18:20:50::SCWPlatform::Trying to open the hw design at F:/SE/Vitis/cajaFuerte/caja_fuerte/hw/caja_fuerte.xsa
TRACE::2025-06-24.18:20:50::SCWPlatform::DSA given F:/SE/Vitis/cajaFuerte/caja_fuerte/hw/caja_fuerte.xsa
TRACE::2025-06-24.18:20:50::SCWPlatform::DSA absoulate path F:/SE/Vitis/cajaFuerte/caja_fuerte/hw/caja_fuerte.xsa
TRACE::2025-06-24.18:20:50::SCWPlatform::DSA directory F:/SE/Vitis/cajaFuerte/caja_fuerte/hw
TRACE::2025-06-24.18:20:50::SCWPlatform:: Platform Path F:/SE/Vitis/cajaFuerte/caja_fuerte/hw/caja_fuerte.xsa
TRACE::2025-06-24.18:20:50::SCWPlatform:: Unique name xilinx:basys3::0.0
TRACE::2025-06-24.18:20:50::SCWPlatform::Trying to set the existing hwdb with name design_1_wrapper_0
TRACE::2025-06-24.18:20:50::SCWPlatform::Opened existing hwdb design_1_wrapper_0
TRACE::2025-06-24.18:20:50::SCWPlatform::Found the Hw Db part of the input DSA
TRACE::2025-06-24.18:20:50::SCWMssOS::Checking the sw design at  F:/SE/Vitis/cajaFuerte/caja_fuerte/microblaze_0/standalone_microblaze_0/bsp/system.mss
TRACE::2025-06-24.18:20:50::SCWMssOS::DEBUG:  swdes dump  F:/SE/Vitis/cajaFuerte/caja_fuerte/microblaze_0/standalone_microblaze_0/bsp/system.mss|system||

TRACE::2025-06-24.18:20:50::SCWMssOS::Sw design exists and opened at  F:/SE/Vitis/cajaFuerte/caja_fuerte/microblaze_0/standalone_microblaze_0/bsp/system.mss
TRACE::2025-06-24.18:20:50::SCWPlatform::Trying to open the hw design at F:/SE/Vitis/cajaFuerte/caja_fuerte/hw/caja_fuerte.xsa
TRACE::2025-06-24.18:20:50::SCWPlatform::DSA given F:/SE/Vitis/cajaFuerte/caja_fuerte/hw/caja_fuerte.xsa
TRACE::2025-06-24.18:20:50::SCWPlatform::DSA absoulate path F:/SE/Vitis/cajaFuerte/caja_fuerte/hw/caja_fuerte.xsa
TRACE::2025-06-24.18:20:50::SCWPlatform::DSA directory F:/SE/Vitis/cajaFuerte/caja_fuerte/hw
TRACE::2025-06-24.18:20:51::SCWPlatform:: Platform Path F:/SE/Vitis/cajaFuerte/caja_fuerte/hw/caja_fuerte.xsa
TRACE::2025-06-24.18:20:51::SCWPlatform:: Unique name xilinx:basys3::0.0
TRACE::2025-06-24.18:20:51::SCWPlatform::Trying to set the existing hwdb with name design_1_wrapper_0
TRACE::2025-06-24.18:20:51::SCWPlatform::Opened existing hwdb design_1_wrapper_0
TRACE::2025-06-24.18:20:51::SCWPlatform::Found the Hw Db part of the input DSA
TRACE::2025-06-24.18:20:51::SCWMssOS::Checking the sw design at  F:/SE/Vitis/cajaFuerte/caja_fuerte/microblaze_0/standalone_microblaze_0/bsp/system.mss
TRACE::2025-06-24.18:20:51::SCWMssOS::DEBUG:  swdes dump  F:/SE/Vitis/cajaFuerte/caja_fuerte/microblaze_0/standalone_microblaze_0/bsp/system.mss|system||

TRACE::2025-06-24.18:20:51::SCWMssOS::Sw design exists and opened at  F:/SE/Vitis/cajaFuerte/caja_fuerte/microblaze_0/standalone_microblaze_0/bsp/system.mss
TRACE::2025-06-24.18:20:51::SCWPlatform::Trying to open the hw design at F:/SE/Vitis/cajaFuerte/caja_fuerte/hw/caja_fuerte.xsa
TRACE::2025-06-24.18:20:51::SCWPlatform::DSA given F:/SE/Vitis/cajaFuerte/caja_fuerte/hw/caja_fuerte.xsa
TRACE::2025-06-24.18:20:51::SCWPlatform::DSA absoulate path F:/SE/Vitis/cajaFuerte/caja_fuerte/hw/caja_fuerte.xsa
TRACE::2025-06-24.18:20:51::SCWPlatform::DSA directory F:/SE/Vitis/cajaFuerte/caja_fuerte/hw
TRACE::2025-06-24.18:20:51::SCWPlatform:: Platform Path F:/SE/Vitis/cajaFuerte/caja_fuerte/hw/caja_fuerte.xsa
TRACE::2025-06-24.18:20:51::SCWPlatform:: Unique name xilinx:basys3::0.0
TRACE::2025-06-24.18:20:51::SCWPlatform::Trying to set the existing hwdb with name design_1_wrapper_0
TRACE::2025-06-24.18:20:51::SCWPlatform::Opened existing hwdb design_1_wrapper_0
TRACE::2025-06-24.18:20:51::SCWPlatform::Found the Hw Db part of the input DSA
TRACE::2025-06-24.18:20:51::SCWMssOS::Checking the sw design at  F:/SE/Vitis/cajaFuerte/caja_fuerte/microblaze_0/standalone_microblaze_0/bsp/system.mss
TRACE::2025-06-24.18:20:51::SCWMssOS::DEBUG:  swdes dump  F:/SE/Vitis/cajaFuerte/caja_fuerte/microblaze_0/standalone_microblaze_0/bsp/system.mss|system||

TRACE::2025-06-24.18:20:51::SCWMssOS::Sw design exists and opened at  F:/SE/Vitis/cajaFuerte/caja_fuerte/microblaze_0/standalone_microblaze_0/bsp/system.mss
TRACE::2025-06-24.18:20:51::SCWWriter::formatted JSON is {
	"platformName":	"caja_fuerte",
	"sprVersion":	"2.0",
	"mode":	"gui",
	"dsaType":	"Fixed",
	"platformDesc":	"caja_fuerte",
	"platHandOff":	"F:/SE/Vivado/proyecto/caja_fuerte.xsa",
	"platIntHandOff":	"<platformDir>/hw/caja_fuerte.xsa",
	"deviceType":	"FPGA",
	"platIsPrebuiltAutogen":	"false",
	"platIsNoBootBsp":	"false",
	"hasFsblMakeHasChanges":	"false",
	"hasPmufwMakeHasChanges":	"false",
	"platPreBuiltFlag":	false,
	"platformSamplesDir":	"",
	"platActiveSys":	"caja_fuerte",
	"systems":	[{
			"systemName":	"caja_fuerte",
			"systemDesc":	"caja_fuerte",
			"sysIsBootAutoGen":	"true",
			"systemDispName":	"caja_fuerte",
			"sysActiveDom":	"standalone_microblaze_0",
			"sysDefaultDom":	"standalone_microblaze_0",
			"domains":	[{
					"domainName":	"standalone_microblaze_0",
					"domainDispName":	"standalone_microblaze_0",
					"domainDesc":	"standalone_microblaze_0",
					"processors":	"microblaze_0",
					"os":	"standalone",
					"sdxOs":	"standalone",
					"debugEnable":	"False",
					"domRuntimes":	["cpp"],
					"swRepo":	"",
					"mssOsVer":	"8.1",
					"mssFile":	"",
					"md5Digest":	"5827985e2c85bab7f783a1a963ba5937",
					"compatibleApp":	"peripheral_tests",
					"domType":	"mssDomain",
					"arch":	"32-bit",
					"appSettings":	{
						"appCompilerFlags":	"",
						"appLinkerFlags":	""
					},
					"addedLibs":	[],
					"libOptions":	{
						"libsContainingOptions":	[]
					},
					"prebuiltLibs":	{
						"prebuiltIncPath":	[],
						"prebuiltLibPath":	[]
					},
					"isolation":	{
					}
				}]
		}]
}
LOG::2025-06-24.18:20:51::SCWPlatform::Started generating the artifacts platform caja_fuerte
TRACE::2025-06-24.18:20:51::SCWPlatform::Sanity checking of platform is completed
LOG::2025-06-24.18:20:51::SCWPlatform::Started generating the artifacts for system configuration caja_fuerte
LOG::2025-06-24.18:20:51::SCWSystem::Checking the domain standalone_microblaze_0
LOG::2025-06-24.18:20:51::SCWSystem::Not a boot domain 
LOG::2025-06-24.18:20:51::SCWSystem::Started Processing the domain standalone_microblaze_0
TRACE::2025-06-24.18:20:51::SCWDomain::Generating domain artifcats
TRACE::2025-06-24.18:20:51::SCWMssOS::Generating standalone artifcats
TRACE::2025-06-24.18:20:51::SCWMssOS:: Copying the user libraries. 
TRACE::2025-06-24.18:20:51::SCWPlatform::Trying to open the hw design at F:/SE/Vitis/cajaFuerte/caja_fuerte/hw/caja_fuerte.xsa
TRACE::2025-06-24.18:20:51::SCWPlatform::DSA given F:/SE/Vitis/cajaFuerte/caja_fuerte/hw/caja_fuerte.xsa
TRACE::2025-06-24.18:20:51::SCWPlatform::DSA absoulate path F:/SE/Vitis/cajaFuerte/caja_fuerte/hw/caja_fuerte.xsa
TRACE::2025-06-24.18:20:51::SCWPlatform::DSA directory F:/SE/Vitis/cajaFuerte/caja_fuerte/hw
TRACE::2025-06-24.18:20:51::SCWPlatform:: Platform Path F:/SE/Vitis/cajaFuerte/caja_fuerte/hw/caja_fuerte.xsa
TRACE::2025-06-24.18:20:51::SCWPlatform:: Unique name xilinx:basys3::0.0
TRACE::2025-06-24.18:20:51::SCWPlatform::Trying to set the existing hwdb with name design_1_wrapper_0
TRACE::2025-06-24.18:20:51::SCWPlatform::Opened existing hwdb design_1_wrapper_0
TRACE::2025-06-24.18:20:51::SCWPlatform::Found the Hw Db part of the input DSA
TRACE::2025-06-24.18:20:51::SCWMssOS::Checking the sw design at  F:/SE/Vitis/cajaFuerte/caja_fuerte/microblaze_0/standalone_microblaze_0/bsp/system.mss
TRACE::2025-06-24.18:20:51::SCWMssOS::DEBUG:  swdes dump  F:/SE/Vitis/cajaFuerte/caja_fuerte/microblaze_0/standalone_microblaze_0/bsp/system.mss|system||

TRACE::2025-06-24.18:20:51::SCWMssOS::Sw design exists and opened at  F:/SE/Vitis/cajaFuerte/caja_fuerte/microblaze_0/standalone_microblaze_0/bsp/system.mss
TRACE::2025-06-24.18:20:51::SCWMssOS::Completed writing the mss file at F:/SE/Vitis/cajaFuerte/caja_fuerte/microblaze_0/standalone_microblaze_0/bsp
TRACE::2025-06-24.18:20:51::SCWMssOS::Mss edits present, copying mssfile into export location F:/SE/Vitis/cajaFuerte/caja_fuerte/microblaze_0/standalone_microblaze_0/bsp/system.mss
TRACE::2025-06-24.18:20:51::SCWMssOS::bsp generated is upto date with the mss file. Skipping bsp generation.
TRACE::2025-06-24.18:20:51::SCWMssOS::BSP is already built. skipping the bsp build ... 
TRACE::2025-06-24.18:20:51::SCWDomain::Skipping the build for domain :  standalone_microblaze_0
TRACE::2025-06-24.18:20:51::SCWMssOS::skipping the bsp build ... 
TRACE::2025-06-24.18:20:51::SCWMssOS::Copying to export directory.
TRACE::2025-06-24.18:20:51::SCWMssOS:: Checking if to create the Supporting Applications
TRACE::2025-06-24.18:20:51::SCWMssOS:: No Linux domain exists, trying to generate FSBL 
LOG::2025-06-24.18:20:51::SCWSystem::Completed Processing the domain standalone_microblaze_0
LOG::2025-06-24.18:20:51::SCWSystem::Completed Processing the sysconfig caja_fuerte
LOG::2025-06-24.18:20:51::SCWPlatform::Completed generating the artifacts for system configuration caja_fuerte
TRACE::2025-06-24.18:20:51::SCWPlatform::Started preparing the platform 
TRACE::2025-06-24.18:20:51::SCWSystem::Writing the bif file for system config caja_fuerte
TRACE::2025-06-24.18:20:51::SCWSystem::dir created 
TRACE::2025-06-24.18:20:52::SCWSystem::Writing the bif 
TRACE::2025-06-24.18:20:52::SCWPlatform::Started writing the spfm file 
TRACE::2025-06-24.18:20:52::SCWPlatform::Started writing the xpfm file 
TRACE::2025-06-24.18:20:52::SCWPlatform::Completed generating the platform
TRACE::2025-06-24.18:20:52::SCWMssOS::Saving the mss changes F:/SE/Vitis/cajaFuerte/caja_fuerte/microblaze_0/standalone_microblaze_0/bsp/system.mss
TRACE::2025-06-24.18:20:52::SCWMssOS::Found a swdesign opened with the mssfile.
TRACE::2025-06-24.18:20:52::SCWMssOS::Completed writemss as part of save.
TRACE::2025-06-24.18:20:52::SCWMssOS::Commit changes completed.
TRACE::2025-06-24.18:20:52::SCWPlatform::Trying to open the hw design at F:/SE/Vitis/cajaFuerte/caja_fuerte/hw/caja_fuerte.xsa
TRACE::2025-06-24.18:20:52::SCWPlatform::DSA given F:/SE/Vitis/cajaFuerte/caja_fuerte/hw/caja_fuerte.xsa
TRACE::2025-06-24.18:20:52::SCWPlatform::DSA absoulate path F:/SE/Vitis/cajaFuerte/caja_fuerte/hw/caja_fuerte.xsa
TRACE::2025-06-24.18:20:52::SCWPlatform::DSA directory F:/SE/Vitis/cajaFuerte/caja_fuerte/hw
TRACE::2025-06-24.18:20:52::SCWPlatform:: Platform Path F:/SE/Vitis/cajaFuerte/caja_fuerte/hw/caja_fuerte.xsa
TRACE::2025-06-24.18:20:52::SCWPlatform:: Unique name xilinx:basys3::0.0
TRACE::2025-06-24.18:20:52::SCWPlatform::Trying to set the existing hwdb with name design_1_wrapper_0
TRACE::2025-06-24.18:20:52::SCWPlatform::Opened existing hwdb design_1_wrapper_0
TRACE::2025-06-24.18:20:52::SCWPlatform::Found the Hw Db part of the input DSA
TRACE::2025-06-24.18:20:52::SCWMssOS::Checking the sw design at  F:/SE/Vitis/cajaFuerte/caja_fuerte/microblaze_0/standalone_microblaze_0/bsp/system.mss
TRACE::2025-06-24.18:20:52::SCWMssOS::DEBUG:  swdes dump  F:/SE/Vitis/cajaFuerte/caja_fuerte/microblaze_0/standalone_microblaze_0/bsp/system.mss|system||

TRACE::2025-06-24.18:20:52::SCWMssOS::Sw design exists and opened at  F:/SE/Vitis/cajaFuerte/caja_fuerte/microblaze_0/standalone_microblaze_0/bsp/system.mss
TRACE::2025-06-24.18:20:52::SCWPlatform::Trying to open the hw design at F:/SE/Vitis/cajaFuerte/caja_fuerte/hw/caja_fuerte.xsa
TRACE::2025-06-24.18:20:52::SCWPlatform::DSA given F:/SE/Vitis/cajaFuerte/caja_fuerte/hw/caja_fuerte.xsa
TRACE::2025-06-24.18:20:52::SCWPlatform::DSA absoulate path F:/SE/Vitis/cajaFuerte/caja_fuerte/hw/caja_fuerte.xsa
TRACE::2025-06-24.18:20:52::SCWPlatform::DSA directory F:/SE/Vitis/cajaFuerte/caja_fuerte/hw
TRACE::2025-06-24.18:20:52::SCWPlatform:: Platform Path F:/SE/Vitis/cajaFuerte/caja_fuerte/hw/caja_fuerte.xsa
TRACE::2025-06-24.18:20:52::SCWPlatform:: Unique name xilinx:basys3::0.0
TRACE::2025-06-24.18:20:52::SCWPlatform::Trying to set the existing hwdb with name design_1_wrapper_0
TRACE::2025-06-24.18:20:52::SCWPlatform::Opened existing hwdb design_1_wrapper_0
TRACE::2025-06-24.18:20:52::SCWPlatform::Found the Hw Db part of the input DSA
TRACE::2025-06-24.18:20:52::SCWMssOS::Checking the sw design at  F:/SE/Vitis/cajaFuerte/caja_fuerte/microblaze_0/standalone_microblaze_0/bsp/system.mss
TRACE::2025-06-24.18:20:52::SCWMssOS::DEBUG:  swdes dump  F:/SE/Vitis/cajaFuerte/caja_fuerte/microblaze_0/standalone_microblaze_0/bsp/system.mss|system||

TRACE::2025-06-24.18:20:52::SCWMssOS::Sw design exists and opened at  F:/SE/Vitis/cajaFuerte/caja_fuerte/microblaze_0/standalone_microblaze_0/bsp/system.mss
TRACE::2025-06-24.18:20:52::SCWPlatform::Trying to open the hw design at F:/SE/Vitis/cajaFuerte/caja_fuerte/hw/caja_fuerte.xsa
TRACE::2025-06-24.18:20:52::SCWPlatform::DSA given F:/SE/Vitis/cajaFuerte/caja_fuerte/hw/caja_fuerte.xsa
TRACE::2025-06-24.18:20:52::SCWPlatform::DSA absoulate path F:/SE/Vitis/cajaFuerte/caja_fuerte/hw/caja_fuerte.xsa
TRACE::2025-06-24.18:20:52::SCWPlatform::DSA directory F:/SE/Vitis/cajaFuerte/caja_fuerte/hw
TRACE::2025-06-24.18:20:52::SCWPlatform:: Platform Path F:/SE/Vitis/cajaFuerte/caja_fuerte/hw/caja_fuerte.xsa
TRACE::2025-06-24.18:20:52::SCWPlatform:: Unique name xilinx:basys3::0.0
TRACE::2025-06-24.18:20:52::SCWPlatform::Trying to set the existing hwdb with name design_1_wrapper_0
TRACE::2025-06-24.18:20:52::SCWPlatform::Opened existing hwdb design_1_wrapper_0
TRACE::2025-06-24.18:20:52::SCWPlatform::Found the Hw Db part of the input DSA
TRACE::2025-06-24.18:20:52::SCWMssOS::Checking the sw design at  F:/SE/Vitis/cajaFuerte/caja_fuerte/microblaze_0/standalone_microblaze_0/bsp/system.mss
TRACE::2025-06-24.18:20:52::SCWMssOS::DEBUG:  swdes dump  F:/SE/Vitis/cajaFuerte/caja_fuerte/microblaze_0/standalone_microblaze_0/bsp/system.mss|system||

TRACE::2025-06-24.18:20:52::SCWMssOS::Sw design exists and opened at  F:/SE/Vitis/cajaFuerte/caja_fuerte/microblaze_0/standalone_microblaze_0/bsp/system.mss
TRACE::2025-06-24.18:20:52::SCWWriter::formatted JSON is {
	"platformName":	"caja_fuerte",
	"sprVersion":	"2.0",
	"mode":	"gui",
	"dsaType":	"Fixed",
	"platformDesc":	"caja_fuerte",
	"platHandOff":	"F:/SE/Vivado/proyecto/caja_fuerte.xsa",
	"platIntHandOff":	"<platformDir>/hw/caja_fuerte.xsa",
	"deviceType":	"FPGA",
	"platIsPrebuiltAutogen":	"false",
	"platIsNoBootBsp":	"false",
	"hasFsblMakeHasChanges":	"false",
	"hasPmufwMakeHasChanges":	"false",
	"platPreBuiltFlag":	false,
	"platformSamplesDir":	"",
	"platActiveSys":	"caja_fuerte",
	"systems":	[{
			"systemName":	"caja_fuerte",
			"systemDesc":	"caja_fuerte",
			"sysIsBootAutoGen":	"true",
			"systemDispName":	"caja_fuerte",
			"sysActiveDom":	"standalone_microblaze_0",
			"sysDefaultDom":	"standalone_microblaze_0",
			"domains":	[{
					"domainName":	"standalone_microblaze_0",
					"domainDispName":	"standalone_microblaze_0",
					"domainDesc":	"standalone_microblaze_0",
					"processors":	"microblaze_0",
					"os":	"standalone",
					"sdxOs":	"standalone",
					"debugEnable":	"False",
					"domRuntimes":	["cpp"],
					"swRepo":	"",
					"mssOsVer":	"8.1",
					"mssFile":	"",
					"md5Digest":	"5827985e2c85bab7f783a1a963ba5937",
					"compatibleApp":	"peripheral_tests",
					"domType":	"mssDomain",
					"arch":	"32-bit",
					"appSettings":	{
						"appCompilerFlags":	"",
						"appLinkerFlags":	""
					},
					"addedLibs":	[],
					"libOptions":	{
						"libsContainingOptions":	[]
					},
					"prebuiltLibs":	{
						"prebuiltIncPath":	[],
						"prebuiltLibPath":	[]
					},
					"isolation":	{
					}
				}]
		}]
}
KEYINFO::2025-06-24.18:20:52::SCWPlatform::updated the xpfm file.
TRACE::2025-06-24.18:20:52::SCWPlatform::Trying to open the hw design at F:/SE/Vitis/cajaFuerte/caja_fuerte/hw/caja_fuerte.xsa
TRACE::2025-06-24.18:20:52::SCWPlatform::DSA given F:/SE/Vitis/cajaFuerte/caja_fuerte/hw/caja_fuerte.xsa
TRACE::2025-06-24.18:20:52::SCWPlatform::DSA absoulate path F:/SE/Vitis/cajaFuerte/caja_fuerte/hw/caja_fuerte.xsa
TRACE::2025-06-24.18:20:52::SCWPlatform::DSA directory F:/SE/Vitis/cajaFuerte/caja_fuerte/hw
TRACE::2025-06-24.18:20:52::SCWPlatform:: Platform Path F:/SE/Vitis/cajaFuerte/caja_fuerte/hw/caja_fuerte.xsa
TRACE::2025-06-24.18:20:52::SCWPlatform:: Unique name xilinx:basys3::0.0
TRACE::2025-06-24.18:20:52::SCWPlatform::Trying to set the existing hwdb with name design_1_wrapper_0
TRACE::2025-06-24.18:20:52::SCWPlatform::Opened existing hwdb design_1_wrapper_0
TRACE::2025-06-24.18:20:52::SCWPlatform::Found the Hw Db part of the input DSA
TRACE::2025-06-24.18:20:52::SCWMssOS::Checking the sw design at  F:/SE/Vitis/cajaFuerte/caja_fuerte/microblaze_0/standalone_microblaze_0/bsp/system.mss
TRACE::2025-06-24.18:20:52::SCWMssOS::DEBUG:  swdes dump  F:/SE/Vitis/cajaFuerte/caja_fuerte/microblaze_0/standalone_microblaze_0/bsp/system.mss|system||

TRACE::2025-06-24.18:20:52::SCWMssOS::Sw design exists and opened at  F:/SE/Vitis/cajaFuerte/caja_fuerte/microblaze_0/standalone_microblaze_0/bsp/system.mss
TRACE::2025-06-24.18:20:52::SCWMssOS::Saving the mss changes F:/SE/Vitis/cajaFuerte/caja_fuerte/microblaze_0/standalone_microblaze_0/bsp/system.mss
TRACE::2025-06-24.18:20:52::SCWMssOS::Found a swdesign opened with the mssfile.
TRACE::2025-06-24.18:20:53::SCWMssOS::Completed writemss as part of save.
TRACE::2025-06-24.18:20:53::SCWMssOS::Commit changes completed.
TRACE::2025-06-24.18:20:53::SCWPlatform::Trying to open the hw design at F:/SE/Vitis/cajaFuerte/caja_fuerte/hw/caja_fuerte.xsa
TRACE::2025-06-24.18:20:53::SCWPlatform::DSA given F:/SE/Vitis/cajaFuerte/caja_fuerte/hw/caja_fuerte.xsa
TRACE::2025-06-24.18:20:53::SCWPlatform::DSA absoulate path F:/SE/Vitis/cajaFuerte/caja_fuerte/hw/caja_fuerte.xsa
TRACE::2025-06-24.18:20:53::SCWPlatform::DSA directory F:/SE/Vitis/cajaFuerte/caja_fuerte/hw
TRACE::2025-06-24.18:20:53::SCWPlatform:: Platform Path F:/SE/Vitis/cajaFuerte/caja_fuerte/hw/caja_fuerte.xsa
TRACE::2025-06-24.18:20:53::SCWPlatform:: Unique name xilinx:basys3::0.0
TRACE::2025-06-24.18:20:53::SCWPlatform::Trying to set the existing hwdb with name design_1_wrapper_0
TRACE::2025-06-24.18:20:53::SCWPlatform::Opened existing hwdb design_1_wrapper_0
TRACE::2025-06-24.18:20:53::SCWPlatform::Found the Hw Db part of the input DSA
TRACE::2025-06-24.18:20:53::SCWMssOS::Checking the sw design at  F:/SE/Vitis/cajaFuerte/caja_fuerte/microblaze_0/standalone_microblaze_0/bsp/system.mss
TRACE::2025-06-24.18:20:53::SCWMssOS::DEBUG:  swdes dump  F:/SE/Vitis/cajaFuerte/caja_fuerte/microblaze_0/standalone_microblaze_0/bsp/system.mss|system||

TRACE::2025-06-24.18:20:53::SCWMssOS::Sw design exists and opened at  F:/SE/Vitis/cajaFuerte/caja_fuerte/microblaze_0/standalone_microblaze_0/bsp/system.mss
TRACE::2025-06-24.18:20:53::SCWPlatform::Trying to open the hw design at F:/SE/Vitis/cajaFuerte/caja_fuerte/hw/caja_fuerte.xsa
TRACE::2025-06-24.18:20:53::SCWPlatform::DSA given F:/SE/Vitis/cajaFuerte/caja_fuerte/hw/caja_fuerte.xsa
TRACE::2025-06-24.18:20:53::SCWPlatform::DSA absoulate path F:/SE/Vitis/cajaFuerte/caja_fuerte/hw/caja_fuerte.xsa
TRACE::2025-06-24.18:20:53::SCWPlatform::DSA directory F:/SE/Vitis/cajaFuerte/caja_fuerte/hw
TRACE::2025-06-24.18:20:53::SCWPlatform:: Platform Path F:/SE/Vitis/cajaFuerte/caja_fuerte/hw/caja_fuerte.xsa
TRACE::2025-06-24.18:20:53::SCWPlatform:: Unique name xilinx:basys3::0.0
TRACE::2025-06-24.18:20:53::SCWPlatform::Trying to set the existing hwdb with name design_1_wrapper_0
TRACE::2025-06-24.18:20:53::SCWPlatform::Opened existing hwdb design_1_wrapper_0
TRACE::2025-06-24.18:20:53::SCWPlatform::Found the Hw Db part of the input DSA
TRACE::2025-06-24.18:20:53::SCWMssOS::Checking the sw design at  F:/SE/Vitis/cajaFuerte/caja_fuerte/microblaze_0/standalone_microblaze_0/bsp/system.mss
TRACE::2025-06-24.18:20:53::SCWMssOS::DEBUG:  swdes dump  F:/SE/Vitis/cajaFuerte/caja_fuerte/microblaze_0/standalone_microblaze_0/bsp/system.mss|system||

TRACE::2025-06-24.18:20:53::SCWMssOS::Sw design exists and opened at  F:/SE/Vitis/cajaFuerte/caja_fuerte/microblaze_0/standalone_microblaze_0/bsp/system.mss
TRACE::2025-06-24.18:20:53::SCWPlatform::Trying to open the hw design at F:/SE/Vitis/cajaFuerte/caja_fuerte/hw/caja_fuerte.xsa
TRACE::2025-06-24.18:20:53::SCWPlatform::DSA given F:/SE/Vitis/cajaFuerte/caja_fuerte/hw/caja_fuerte.xsa
TRACE::2025-06-24.18:20:53::SCWPlatform::DSA absoulate path F:/SE/Vitis/cajaFuerte/caja_fuerte/hw/caja_fuerte.xsa
TRACE::2025-06-24.18:20:53::SCWPlatform::DSA directory F:/SE/Vitis/cajaFuerte/caja_fuerte/hw
TRACE::2025-06-24.18:20:53::SCWPlatform:: Platform Path F:/SE/Vitis/cajaFuerte/caja_fuerte/hw/caja_fuerte.xsa
TRACE::2025-06-24.18:20:53::SCWPlatform:: Unique name xilinx:basys3::0.0
TRACE::2025-06-24.18:20:53::SCWPlatform::Trying to set the existing hwdb with name design_1_wrapper_0
TRACE::2025-06-24.18:20:53::SCWPlatform::Opened existing hwdb design_1_wrapper_0
TRACE::2025-06-24.18:20:53::SCWPlatform::Found the Hw Db part of the input DSA
TRACE::2025-06-24.18:20:53::SCWMssOS::Checking the sw design at  F:/SE/Vitis/cajaFuerte/caja_fuerte/microblaze_0/standalone_microblaze_0/bsp/system.mss
TRACE::2025-06-24.18:20:53::SCWMssOS::DEBUG:  swdes dump  F:/SE/Vitis/cajaFuerte/caja_fuerte/microblaze_0/standalone_microblaze_0/bsp/system.mss|system||

TRACE::2025-06-24.18:20:53::SCWMssOS::Sw design exists and opened at  F:/SE/Vitis/cajaFuerte/caja_fuerte/microblaze_0/standalone_microblaze_0/bsp/system.mss
TRACE::2025-06-24.18:20:53::SCWWriter::formatted JSON is {
	"platformName":	"caja_fuerte",
	"sprVersion":	"2.0",
	"mode":	"gui",
	"dsaType":	"Fixed",
	"platformDesc":	"caja_fuerte",
	"platHandOff":	"F:/SE/Vivado/proyecto/caja_fuerte.xsa",
	"platIntHandOff":	"<platformDir>/hw/caja_fuerte.xsa",
	"deviceType":	"FPGA",
	"platIsPrebuiltAutogen":	"false",
	"platIsNoBootBsp":	"false",
	"hasFsblMakeHasChanges":	"false",
	"hasPmufwMakeHasChanges":	"false",
	"platPreBuiltFlag":	false,
	"platformSamplesDir":	"",
	"platActiveSys":	"caja_fuerte",
	"systems":	[{
			"systemName":	"caja_fuerte",
			"systemDesc":	"caja_fuerte",
			"sysIsBootAutoGen":	"true",
			"systemDispName":	"caja_fuerte",
			"sysActiveDom":	"standalone_microblaze_0",
			"sysDefaultDom":	"standalone_microblaze_0",
			"domains":	[{
					"domainName":	"standalone_microblaze_0",
					"domainDispName":	"standalone_microblaze_0",
					"domainDesc":	"standalone_microblaze_0",
					"processors":	"microblaze_0",
					"os":	"standalone",
					"sdxOs":	"standalone",
					"debugEnable":	"False",
					"domRuntimes":	["cpp"],
					"swRepo":	"",
					"mssOsVer":	"8.1",
					"mssFile":	"",
					"md5Digest":	"5827985e2c85bab7f783a1a963ba5937",
					"compatibleApp":	"peripheral_tests",
					"domType":	"mssDomain",
					"arch":	"32-bit",
					"appSettings":	{
						"appCompilerFlags":	"",
						"appLinkerFlags":	""
					},
					"addedLibs":	[],
					"libOptions":	{
						"libsContainingOptions":	[]
					},
					"prebuiltLibs":	{
						"prebuiltIncPath":	[],
						"prebuiltLibPath":	[]
					},
					"isolation":	{
					}
				}]
		}]
}
TRACE::2025-06-24.18:20:53::SCWPlatform::Trying to open the hw design at F:/SE/Vitis/cajaFuerte/caja_fuerte/hw/caja_fuerte.xsa
TRACE::2025-06-24.18:20:53::SCWPlatform::DSA given F:/SE/Vitis/cajaFuerte/caja_fuerte/hw/caja_fuerte.xsa
TRACE::2025-06-24.18:20:53::SCWPlatform::DSA absoulate path F:/SE/Vitis/cajaFuerte/caja_fuerte/hw/caja_fuerte.xsa
TRACE::2025-06-24.18:20:53::SCWPlatform::DSA directory F:/SE/Vitis/cajaFuerte/caja_fuerte/hw
TRACE::2025-06-24.18:20:53::SCWPlatform:: Platform Path F:/SE/Vitis/cajaFuerte/caja_fuerte/hw/caja_fuerte.xsa
TRACE::2025-06-24.18:20:53::SCWPlatform:: Unique name xilinx:basys3::0.0
TRACE::2025-06-24.18:20:53::SCWPlatform::Trying to set the existing hwdb with name design_1_wrapper_0
TRACE::2025-06-24.18:20:53::SCWPlatform::Opened existing hwdb design_1_wrapper_0
TRACE::2025-06-24.18:20:53::SCWPlatform::Found the Hw Db part of the input DSA
TRACE::2025-06-24.18:20:53::SCWMssOS::Checking the sw design at  F:/SE/Vitis/cajaFuerte/caja_fuerte/microblaze_0/standalone_microblaze_0/bsp/system.mss
TRACE::2025-06-24.18:20:53::SCWMssOS::DEBUG:  swdes dump  F:/SE/Vitis/cajaFuerte/caja_fuerte/microblaze_0/standalone_microblaze_0/bsp/system.mss|system||

TRACE::2025-06-24.18:20:53::SCWMssOS::Sw design exists and opened at  F:/SE/Vitis/cajaFuerte/caja_fuerte/microblaze_0/standalone_microblaze_0/bsp/system.mss
TRACE::2025-06-24.18:20:53::SCWPlatform::Trying to open the hw design at F:/SE/Vitis/cajaFuerte/caja_fuerte/hw/caja_fuerte.xsa
TRACE::2025-06-24.18:20:53::SCWPlatform::DSA given F:/SE/Vitis/cajaFuerte/caja_fuerte/hw/caja_fuerte.xsa
TRACE::2025-06-24.18:20:54::SCWPlatform::DSA absoulate path F:/SE/Vitis/cajaFuerte/caja_fuerte/hw/caja_fuerte.xsa
TRACE::2025-06-24.18:20:54::SCWPlatform::DSA directory F:/SE/Vitis/cajaFuerte/caja_fuerte/hw
TRACE::2025-06-24.18:20:54::SCWPlatform:: Platform Path F:/SE/Vitis/cajaFuerte/caja_fuerte/hw/caja_fuerte.xsa
TRACE::2025-06-24.18:20:54::SCWPlatform:: Unique name xilinx:basys3::0.0
TRACE::2025-06-24.18:20:54::SCWPlatform::Trying to set the existing hwdb with name design_1_wrapper_0
TRACE::2025-06-24.18:20:54::SCWPlatform::Opened existing hwdb design_1_wrapper_0
TRACE::2025-06-24.18:20:54::SCWPlatform::Found the Hw Db part of the input DSA
TRACE::2025-06-24.18:20:54::SCWMssOS::Checking the sw design at  F:/SE/Vitis/cajaFuerte/caja_fuerte/microblaze_0/standalone_microblaze_0/bsp/system.mss
TRACE::2025-06-24.18:20:54::SCWMssOS::DEBUG:  swdes dump  F:/SE/Vitis/cajaFuerte/caja_fuerte/microblaze_0/standalone_microblaze_0/bsp/system.mss|system||

TRACE::2025-06-24.18:20:54::SCWMssOS::Sw design exists and opened at  F:/SE/Vitis/cajaFuerte/caja_fuerte/microblaze_0/standalone_microblaze_0/bsp/system.mss
TRACE::2025-06-24.18:20:54::SCWMssOS::Saving the mss changes F:/SE/Vitis/cajaFuerte/caja_fuerte/microblaze_0/standalone_microblaze_0/bsp/system.mss
TRACE::2025-06-24.18:20:54::SCWMssOS::Found a swdesign opened with the mssfile.
TRACE::2025-06-24.18:20:54::SCWMssOS::Completed writemss as part of save.
TRACE::2025-06-24.18:20:54::SCWMssOS::Commit changes completed.
TRACE::2025-06-24.18:20:54::SCWPlatform::Trying to open the hw design at F:/SE/Vitis/cajaFuerte/caja_fuerte/hw/caja_fuerte.xsa
TRACE::2025-06-24.18:20:54::SCWPlatform::DSA given F:/SE/Vitis/cajaFuerte/caja_fuerte/hw/caja_fuerte.xsa
TRACE::2025-06-24.18:20:54::SCWPlatform::DSA absoulate path F:/SE/Vitis/cajaFuerte/caja_fuerte/hw/caja_fuerte.xsa
TRACE::2025-06-24.18:20:54::SCWPlatform::DSA directory F:/SE/Vitis/cajaFuerte/caja_fuerte/hw
TRACE::2025-06-24.18:20:54::SCWPlatform:: Platform Path F:/SE/Vitis/cajaFuerte/caja_fuerte/hw/caja_fuerte.xsa
TRACE::2025-06-24.18:20:54::SCWPlatform:: Unique name xilinx:basys3::0.0
TRACE::2025-06-24.18:20:54::SCWPlatform::Trying to set the existing hwdb with name design_1_wrapper_0
TRACE::2025-06-24.18:20:54::SCWPlatform::Opened existing hwdb design_1_wrapper_0
TRACE::2025-06-24.18:20:54::SCWPlatform::Found the Hw Db part of the input DSA
TRACE::2025-06-24.18:20:54::SCWMssOS::Checking the sw design at  F:/SE/Vitis/cajaFuerte/caja_fuerte/microblaze_0/standalone_microblaze_0/bsp/system.mss
TRACE::2025-06-24.18:20:54::SCWMssOS::DEBUG:  swdes dump  F:/SE/Vitis/cajaFuerte/caja_fuerte/microblaze_0/standalone_microblaze_0/bsp/system.mss|system||

TRACE::2025-06-24.18:20:54::SCWMssOS::Sw design exists and opened at  F:/SE/Vitis/cajaFuerte/caja_fuerte/microblaze_0/standalone_microblaze_0/bsp/system.mss
TRACE::2025-06-24.18:20:54::SCWPlatform::Trying to open the hw design at F:/SE/Vitis/cajaFuerte/caja_fuerte/hw/caja_fuerte.xsa
TRACE::2025-06-24.18:20:54::SCWPlatform::DSA given F:/SE/Vitis/cajaFuerte/caja_fuerte/hw/caja_fuerte.xsa
TRACE::2025-06-24.18:20:54::SCWPlatform::DSA absoulate path F:/SE/Vitis/cajaFuerte/caja_fuerte/hw/caja_fuerte.xsa
TRACE::2025-06-24.18:20:54::SCWPlatform::DSA directory F:/SE/Vitis/cajaFuerte/caja_fuerte/hw
TRACE::2025-06-24.18:20:54::SCWPlatform:: Platform Path F:/SE/Vitis/cajaFuerte/caja_fuerte/hw/caja_fuerte.xsa
TRACE::2025-06-24.18:20:54::SCWPlatform:: Unique name xilinx:basys3::0.0
TRACE::2025-06-24.18:20:54::SCWPlatform::Trying to set the existing hwdb with name design_1_wrapper_0
TRACE::2025-06-24.18:20:54::SCWPlatform::Opened existing hwdb design_1_wrapper_0
TRACE::2025-06-24.18:20:54::SCWPlatform::Found the Hw Db part of the input DSA
TRACE::2025-06-24.18:20:54::SCWMssOS::Checking the sw design at  F:/SE/Vitis/cajaFuerte/caja_fuerte/microblaze_0/standalone_microblaze_0/bsp/system.mss
TRACE::2025-06-24.18:20:54::SCWMssOS::DEBUG:  swdes dump  F:/SE/Vitis/cajaFuerte/caja_fuerte/microblaze_0/standalone_microblaze_0/bsp/system.mss|system||

TRACE::2025-06-24.18:20:54::SCWMssOS::Sw design exists and opened at  F:/SE/Vitis/cajaFuerte/caja_fuerte/microblaze_0/standalone_microblaze_0/bsp/system.mss
TRACE::2025-06-24.18:20:54::SCWPlatform::Trying to open the hw design at F:/SE/Vitis/cajaFuerte/caja_fuerte/hw/caja_fuerte.xsa
TRACE::2025-06-24.18:20:54::SCWPlatform::DSA given F:/SE/Vitis/cajaFuerte/caja_fuerte/hw/caja_fuerte.xsa
TRACE::2025-06-24.18:20:54::SCWPlatform::DSA absoulate path F:/SE/Vitis/cajaFuerte/caja_fuerte/hw/caja_fuerte.xsa
TRACE::2025-06-24.18:20:54::SCWPlatform::DSA directory F:/SE/Vitis/cajaFuerte/caja_fuerte/hw
TRACE::2025-06-24.18:20:54::SCWPlatform:: Platform Path F:/SE/Vitis/cajaFuerte/caja_fuerte/hw/caja_fuerte.xsa
TRACE::2025-06-24.18:20:54::SCWPlatform:: Unique name xilinx:basys3::0.0
TRACE::2025-06-24.18:20:54::SCWPlatform::Trying to set the existing hwdb with name design_1_wrapper_0
TRACE::2025-06-24.18:20:54::SCWPlatform::Opened existing hwdb design_1_wrapper_0
TRACE::2025-06-24.18:20:54::SCWPlatform::Found the Hw Db part of the input DSA
TRACE::2025-06-24.18:20:54::SCWMssOS::Checking the sw design at  F:/SE/Vitis/cajaFuerte/caja_fuerte/microblaze_0/standalone_microblaze_0/bsp/system.mss
TRACE::2025-06-24.18:20:54::SCWMssOS::DEBUG:  swdes dump  F:/SE/Vitis/cajaFuerte/caja_fuerte/microblaze_0/standalone_microblaze_0/bsp/system.mss|system||

TRACE::2025-06-24.18:20:54::SCWMssOS::Sw design exists and opened at  F:/SE/Vitis/cajaFuerte/caja_fuerte/microblaze_0/standalone_microblaze_0/bsp/system.mss
TRACE::2025-06-24.18:20:54::SCWWriter::formatted JSON is {
	"platformName":	"caja_fuerte",
	"sprVersion":	"2.0",
	"mode":	"gui",
	"dsaType":	"Fixed",
	"platformDesc":	"caja_fuerte",
	"platHandOff":	"F:/SE/Vivado/proyecto/caja_fuerte.xsa",
	"platIntHandOff":	"<platformDir>/hw/caja_fuerte.xsa",
	"deviceType":	"FPGA",
	"platIsPrebuiltAutogen":	"false",
	"platIsNoBootBsp":	"false",
	"hasFsblMakeHasChanges":	"false",
	"hasPmufwMakeHasChanges":	"false",
	"platPreBuiltFlag":	false,
	"platformSamplesDir":	"",
	"platActiveSys":	"caja_fuerte",
	"systems":	[{
			"systemName":	"caja_fuerte",
			"systemDesc":	"caja_fuerte",
			"sysIsBootAutoGen":	"true",
			"systemDispName":	"caja_fuerte",
			"sysActiveDom":	"standalone_microblaze_0",
			"sysDefaultDom":	"standalone_microblaze_0",
			"domains":	[{
					"domainName":	"standalone_microblaze_0",
					"domainDispName":	"standalone_microblaze_0",
					"domainDesc":	"standalone_microblaze_0",
					"processors":	"microblaze_0",
					"os":	"standalone",
					"sdxOs":	"standalone",
					"debugEnable":	"False",
					"domRuntimes":	["cpp"],
					"swRepo":	"",
					"mssOsVer":	"8.1",
					"mssFile":	"",
					"md5Digest":	"5827985e2c85bab7f783a1a963ba5937",
					"compatibleApp":	"peripheral_tests",
					"domType":	"mssDomain",
					"arch":	"32-bit",
					"appSettings":	{
						"appCompilerFlags":	"",
						"appLinkerFlags":	""
					},
					"addedLibs":	[],
					"libOptions":	{
						"libsContainingOptions":	[]
					},
					"prebuiltLibs":	{
						"prebuiltIncPath":	[],
						"prebuiltLibPath":	[]
					},
					"isolation":	{
					}
				}]
		}]
}
LOG::2025-06-24.18:20:54::SCWPlatform::Started generating the artifacts platform caja_fuerte
TRACE::2025-06-24.18:20:54::SCWPlatform::Sanity checking of platform is completed
LOG::2025-06-24.18:20:55::SCWPlatform::Started generating the artifacts for system configuration caja_fuerte
LOG::2025-06-24.18:20:55::SCWSystem::Started Processing the domain standalone_microblaze_0
TRACE::2025-06-24.18:20:55::SCWDomain::Generating domain artifcats
TRACE::2025-06-24.18:20:55::SCWMssOS::Generating standalone artifcats
TRACE::2025-06-24.18:20:55::SCWMssOS:: Copying the user libraries. 
TRACE::2025-06-24.18:20:55::SCWPlatform::Trying to open the hw design at F:/SE/Vitis/cajaFuerte/caja_fuerte/hw/caja_fuerte.xsa
TRACE::2025-06-24.18:20:55::SCWPlatform::DSA given F:/SE/Vitis/cajaFuerte/caja_fuerte/hw/caja_fuerte.xsa
TRACE::2025-06-24.18:20:55::SCWPlatform::DSA absoulate path F:/SE/Vitis/cajaFuerte/caja_fuerte/hw/caja_fuerte.xsa
TRACE::2025-06-24.18:20:55::SCWPlatform::DSA directory F:/SE/Vitis/cajaFuerte/caja_fuerte/hw
TRACE::2025-06-24.18:20:55::SCWPlatform:: Platform Path F:/SE/Vitis/cajaFuerte/caja_fuerte/hw/caja_fuerte.xsa
TRACE::2025-06-24.18:20:55::SCWPlatform:: Unique name xilinx:basys3::0.0
TRACE::2025-06-24.18:20:55::SCWPlatform::Trying to set the existing hwdb with name design_1_wrapper_0
TRACE::2025-06-24.18:20:55::SCWPlatform::Opened existing hwdb design_1_wrapper_0
TRACE::2025-06-24.18:20:55::SCWPlatform::Found the Hw Db part of the input DSA
TRACE::2025-06-24.18:20:55::SCWMssOS::Checking the sw design at  F:/SE/Vitis/cajaFuerte/caja_fuerte/microblaze_0/standalone_microblaze_0/bsp/system.mss
TRACE::2025-06-24.18:20:55::SCWMssOS::DEBUG:  swdes dump  F:/SE/Vitis/cajaFuerte/caja_fuerte/microblaze_0/standalone_microblaze_0/bsp/system.mss|system||

TRACE::2025-06-24.18:20:55::SCWMssOS::Sw design exists and opened at  F:/SE/Vitis/cajaFuerte/caja_fuerte/microblaze_0/standalone_microblaze_0/bsp/system.mss
TRACE::2025-06-24.18:20:55::SCWMssOS::Completed writing the mss file at F:/SE/Vitis/cajaFuerte/caja_fuerte/microblaze_0/standalone_microblaze_0/bsp
TRACE::2025-06-24.18:20:55::SCWMssOS::Mss edits present, copying mssfile into export location F:/SE/Vitis/cajaFuerte/caja_fuerte/microblaze_0/standalone_microblaze_0/bsp/system.mss
TRACE::2025-06-24.18:20:55::SCWMssOS::bsp generated is upto date with the mss file. Skipping bsp generation.
TRACE::2025-06-24.18:20:55::SCWMssOS::BSP is already built. skipping the bsp build ... 
TRACE::2025-06-24.18:20:55::SCWDomain::Building the domain as part of full build :  standalone_microblaze_0
TRACE::2025-06-24.18:20:55::SCWMssOS::skipping the bsp build ... 
TRACE::2025-06-24.18:20:55::SCWMssOS::Copying to export directory.
TRACE::2025-06-24.18:20:55::SCWMssOS:: Checking if to create the Supporting Applications
TRACE::2025-06-24.18:20:55::SCWMssOS:: No Linux domain exists, trying to generate FSBL 
LOG::2025-06-24.18:20:55::SCWSystem::Completed Processing the domain standalone_microblaze_0
LOG::2025-06-24.18:20:55::SCWSystem::Completed Processing the sysconfig caja_fuerte
LOG::2025-06-24.18:20:55::SCWPlatform::Completed generating the artifacts for system configuration caja_fuerte
TRACE::2025-06-24.18:20:55::SCWPlatform::Started preparing the platform 
TRACE::2025-06-24.18:20:55::SCWSystem::Writing the bif file for system config caja_fuerte
TRACE::2025-06-24.18:20:55::SCWSystem::dir created 
TRACE::2025-06-24.18:20:55::SCWSystem::Writing the bif 
TRACE::2025-06-24.18:20:55::SCWPlatform::Started writing the spfm file 
TRACE::2025-06-24.18:20:55::SCWPlatform::Started writing the xpfm file 
TRACE::2025-06-24.18:20:55::SCWPlatform::Completed generating the platform
TRACE::2025-06-24.18:20:55::SCWMssOS::Saving the mss changes F:/SE/Vitis/cajaFuerte/caja_fuerte/microblaze_0/standalone_microblaze_0/bsp/system.mss
TRACE::2025-06-24.18:20:55::SCWMssOS::Found a swdesign opened with the mssfile.
TRACE::2025-06-24.18:20:55::SCWMssOS::Completed writemss as part of save.
TRACE::2025-06-24.18:20:55::SCWMssOS::Commit changes completed.
TRACE::2025-06-24.18:20:55::SCWPlatform::Trying to open the hw design at F:/SE/Vitis/cajaFuerte/caja_fuerte/hw/caja_fuerte.xsa
TRACE::2025-06-24.18:20:55::SCWPlatform::DSA given F:/SE/Vitis/cajaFuerte/caja_fuerte/hw/caja_fuerte.xsa
TRACE::2025-06-24.18:20:55::SCWPlatform::DSA absoulate path F:/SE/Vitis/cajaFuerte/caja_fuerte/hw/caja_fuerte.xsa
TRACE::2025-06-24.18:20:55::SCWPlatform::DSA directory F:/SE/Vitis/cajaFuerte/caja_fuerte/hw
TRACE::2025-06-24.18:20:55::SCWPlatform:: Platform Path F:/SE/Vitis/cajaFuerte/caja_fuerte/hw/caja_fuerte.xsa
TRACE::2025-06-24.18:20:55::SCWPlatform:: Unique name xilinx:basys3::0.0
TRACE::2025-06-24.18:20:55::SCWPlatform::Trying to set the existing hwdb with name design_1_wrapper_0
TRACE::2025-06-24.18:20:55::SCWPlatform::Opened existing hwdb design_1_wrapper_0
TRACE::2025-06-24.18:20:55::SCWPlatform::Found the Hw Db part of the input DSA
TRACE::2025-06-24.18:20:55::SCWMssOS::Checking the sw design at  F:/SE/Vitis/cajaFuerte/caja_fuerte/microblaze_0/standalone_microblaze_0/bsp/system.mss
TRACE::2025-06-24.18:20:55::SCWMssOS::DEBUG:  swdes dump  F:/SE/Vitis/cajaFuerte/caja_fuerte/microblaze_0/standalone_microblaze_0/bsp/system.mss|system||

TRACE::2025-06-24.18:20:55::SCWMssOS::Sw design exists and opened at  F:/SE/Vitis/cajaFuerte/caja_fuerte/microblaze_0/standalone_microblaze_0/bsp/system.mss
TRACE::2025-06-24.18:20:55::SCWPlatform::Trying to open the hw design at F:/SE/Vitis/cajaFuerte/caja_fuerte/hw/caja_fuerte.xsa
TRACE::2025-06-24.18:20:55::SCWPlatform::DSA given F:/SE/Vitis/cajaFuerte/caja_fuerte/hw/caja_fuerte.xsa
TRACE::2025-06-24.18:20:56::SCWPlatform::DSA absoulate path F:/SE/Vitis/cajaFuerte/caja_fuerte/hw/caja_fuerte.xsa
TRACE::2025-06-24.18:20:56::SCWPlatform::DSA directory F:/SE/Vitis/cajaFuerte/caja_fuerte/hw
TRACE::2025-06-24.18:20:56::SCWPlatform:: Platform Path F:/SE/Vitis/cajaFuerte/caja_fuerte/hw/caja_fuerte.xsa
TRACE::2025-06-24.18:20:56::SCWPlatform:: Unique name xilinx:basys3::0.0
TRACE::2025-06-24.18:20:56::SCWPlatform::Trying to set the existing hwdb with name design_1_wrapper_0
TRACE::2025-06-24.18:20:56::SCWPlatform::Opened existing hwdb design_1_wrapper_0
TRACE::2025-06-24.18:20:56::SCWPlatform::Found the Hw Db part of the input DSA
TRACE::2025-06-24.18:20:56::SCWMssOS::Checking the sw design at  F:/SE/Vitis/cajaFuerte/caja_fuerte/microblaze_0/standalone_microblaze_0/bsp/system.mss
TRACE::2025-06-24.18:20:56::SCWMssOS::DEBUG:  swdes dump  F:/SE/Vitis/cajaFuerte/caja_fuerte/microblaze_0/standalone_microblaze_0/bsp/system.mss|system||

TRACE::2025-06-24.18:20:56::SCWMssOS::Sw design exists and opened at  F:/SE/Vitis/cajaFuerte/caja_fuerte/microblaze_0/standalone_microblaze_0/bsp/system.mss
TRACE::2025-06-24.18:20:56::SCWPlatform::Trying to open the hw design at F:/SE/Vitis/cajaFuerte/caja_fuerte/hw/caja_fuerte.xsa
TRACE::2025-06-24.18:20:56::SCWPlatform::DSA given F:/SE/Vitis/cajaFuerte/caja_fuerte/hw/caja_fuerte.xsa
TRACE::2025-06-24.18:20:56::SCWPlatform::DSA absoulate path F:/SE/Vitis/cajaFuerte/caja_fuerte/hw/caja_fuerte.xsa
TRACE::2025-06-24.18:20:56::SCWPlatform::DSA directory F:/SE/Vitis/cajaFuerte/caja_fuerte/hw
TRACE::2025-06-24.18:20:56::SCWPlatform:: Platform Path F:/SE/Vitis/cajaFuerte/caja_fuerte/hw/caja_fuerte.xsa
TRACE::2025-06-24.18:20:56::SCWPlatform:: Unique name xilinx:basys3::0.0
TRACE::2025-06-24.18:20:56::SCWPlatform::Trying to set the existing hwdb with name design_1_wrapper_0
TRACE::2025-06-24.18:20:56::SCWPlatform::Opened existing hwdb design_1_wrapper_0
TRACE::2025-06-24.18:20:56::SCWPlatform::Found the Hw Db part of the input DSA
TRACE::2025-06-24.18:20:56::SCWMssOS::Checking the sw design at  F:/SE/Vitis/cajaFuerte/caja_fuerte/microblaze_0/standalone_microblaze_0/bsp/system.mss
TRACE::2025-06-24.18:20:56::SCWMssOS::DEBUG:  swdes dump  F:/SE/Vitis/cajaFuerte/caja_fuerte/microblaze_0/standalone_microblaze_0/bsp/system.mss|system||

TRACE::2025-06-24.18:20:56::SCWMssOS::Sw design exists and opened at  F:/SE/Vitis/cajaFuerte/caja_fuerte/microblaze_0/standalone_microblaze_0/bsp/system.mss
TRACE::2025-06-24.18:20:56::SCWWriter::formatted JSON is {
	"platformName":	"caja_fuerte",
	"sprVersion":	"2.0",
	"mode":	"gui",
	"dsaType":	"Fixed",
	"platformDesc":	"caja_fuerte",
	"platHandOff":	"F:/SE/Vivado/proyecto/caja_fuerte.xsa",
	"platIntHandOff":	"<platformDir>/hw/caja_fuerte.xsa",
	"deviceType":	"FPGA",
	"platIsPrebuiltAutogen":	"false",
	"platIsNoBootBsp":	"false",
	"hasFsblMakeHasChanges":	"false",
	"hasPmufwMakeHasChanges":	"false",
	"platPreBuiltFlag":	false,
	"platformSamplesDir":	"",
	"platActiveSys":	"caja_fuerte",
	"systems":	[{
			"systemName":	"caja_fuerte",
			"systemDesc":	"caja_fuerte",
			"sysIsBootAutoGen":	"true",
			"systemDispName":	"caja_fuerte",
			"sysActiveDom":	"standalone_microblaze_0",
			"sysDefaultDom":	"standalone_microblaze_0",
			"domains":	[{
					"domainName":	"standalone_microblaze_0",
					"domainDispName":	"standalone_microblaze_0",
					"domainDesc":	"standalone_microblaze_0",
					"processors":	"microblaze_0",
					"os":	"standalone",
					"sdxOs":	"standalone",
					"debugEnable":	"False",
					"domRuntimes":	["cpp"],
					"swRepo":	"",
					"mssOsVer":	"8.1",
					"mssFile":	"",
					"md5Digest":	"5827985e2c85bab7f783a1a963ba5937",
					"compatibleApp":	"peripheral_tests",
					"domType":	"mssDomain",
					"arch":	"32-bit",
					"appSettings":	{
						"appCompilerFlags":	"",
						"appLinkerFlags":	""
					},
					"addedLibs":	[],
					"libOptions":	{
						"libsContainingOptions":	[]
					},
					"prebuiltLibs":	{
						"prebuiltIncPath":	[],
						"prebuiltLibPath":	[]
					},
					"isolation":	{
					}
				}]
		}]
}
KEYINFO::2025-06-24.18:20:56::SCWPlatform::updated the xpfm file.
